
8 Jan 2023 11:18:47 -----------------------------------------------------------------------------------------------------------------------------------------------------------

Opening Chrome..

8 Jan 2023 11:18:49 -----------------------------------------------------------------------------------------------------------------------------------------------------------

Navigating to https://inblrghma3879ln/

8 Jan 2023 11:18:54 -----------------------------------------------------------------------------------------------------------------------------------------------------------

Username clinical.admin Entered

8 Jan 2023 11:18:54 -----------------------------------------------------------------------------------------------------------------------------------------------------------

Password ******* Entered

8 Jan 2023 11:18:54 -----------------------------------------------------------------------------------------------------------------------------------------------------------

Login Success to https://inblrghma3879ln/ as clinical.admin

8 Jan 2023 11:22:27 -----------------------------------------------------------------------------------------------------------------------------------------------------------

Build started

8 Jan 2023 11:22:27 -----------------------------------------------------------------------------------------------------------------------------------------------------------

Command run /c cd /d "D:\Repos\Compare\Apps.FE.LaunchPage"& ng build --prod  >> "D:\Projects\Deployment.Assistant\Deployment.Assistant\bin\Debug\Logs\Build-Deploy-8-Jan-2023-11-18-38.log" 2>&1
Your global Angular CLI version (14.2.7) is greater than your local version (10.1.3). The local Angular CLI version is used.

To disable this warning use "ng config -g cli.warnings.versionMismatch false".

chunk {} runtime.acf0dec4155e77772545.js (runtime) 1.45 kB [entry] [rendered]
chunk {1} main.c0e6e46dfb55a0dfd4f1.js (main) 781 kB [initial] [rendered]
chunk {2} polyfills.29c51e94830fd57b2d05.js (polyfills) 179 kB [initial] [rendered]
chunk {3} polyfills-es5.d6f801260341d3b50649.js (polyfills-es5) 262 kB [initial] [rendered]
chunk {4} styles.c53f982f07a44d56f956.css (styles) 153 kB [initial] [rendered]
chunk {scripts} scripts.62c4fd509cd4aa85352d.js (scripts) 2.41 MB [entry] [rendered]
Date: 2023-01-08T05:53:04.435Z - Hash: e1307c041d495fe15c94 - Time: 31057ms

WARNING in D:\Repos\Compare\Apps.FE.LaunchPage\source\app\app.module.ts depends on '@ids/common.ui.base-services.auth-handler'. CommonJS or AMD dependencies can cause optimization bailouts.
For more info see: https://angular.io/guide/build#configuring-commonjs-dependencies

WARNING in D:\Repos\Compare\Apps.FE.LaunchPage\node_modules\ngx-virtual-scroller\__ivy_ngcc__\fesm2015\ngx-virtual-scroller.js depends on '@tweenjs/tween.js'. CommonJS or AMD dependencies can cause optimization bailouts.
For more info see: https://angular.io/guide/build#configuring-commonjs-dependencies

8 Jan 2023 11:23:05 -----------------------------------------------------------------------------------------------------------------------------------------------------------

Build Success!

8 Jan 2023 11:23:05 -----------------------------------------------------------------------------------------------------------------------------------------------------------

Copying D:\Repos\Compare\Apps.FE.LaunchPage\nginx.conf to D:\Repos\Compare\Apps.FE.LaunchPage\dist\nginx.conf

8 Jan 2023 11:23:05 -----------------------------------------------------------------------------------------------------------------------------------------------------------

Successfully copied D:\Repos\Compare\Apps.FE.LaunchPage\nginx.conf to D:\Repos\Compare\Apps.FE.LaunchPage\dist\nginx.conf

8 Jan 2023 11:23:05 -----------------------------------------------------------------------------------------------------------------------------------------------------------

Copying D:\Repos\Compare\Apps.FE.LaunchPage\Dockerfile to D:\Repos\Compare\Apps.FE.LaunchPage\dist\Dockerfile

8 Jan 2023 11:23:05 -----------------------------------------------------------------------------------------------------------------------------------------------------------

Successfully copied D:\Repos\Compare\Apps.FE.LaunchPage\Dockerfile to D:\Repos\Compare\Apps.FE.LaunchPage\dist\Dockerfile

8 Jan 2023 11:23:05 -----------------------------------------------------------------------------------------------------------------------------------------------------------

Building Docker Image

8 Jan 2023 11:23:05 -----------------------------------------------------------------------------------------------------------------------------------------------------------

Command Run /c cd /d D:\Repos\Compare\Apps.FE.LaunchPage\dist & docker build . -t launchpage-z004n44u:latest >> "D:\Projects\Deployment.Assistant\Deployment.Assistant\bin\Debug\Logs\Build-Deploy-8-Jan-2023-11-18-38.log" 2>&1
#1 [internal] load build definition from Dockerfile
#1 sha256:831892aed7ee8727d531ceedf33e3f19c253cca5a200fe5bab25f6c0f847f3e0
#1 transferring dockerfile: 32B done
#1 DONE 0.0s

#2 [internal] load .dockerignore
#2 sha256:674ad545b25d1cd0890147ed85db58e729748825db4a36dbc6040b8a11ab5024
#2 transferring context: 2B done
#2 DONE 0.0s

#3 [internal] load metadata for docker.io/library/nginx:latest
#3 sha256:06c466a4eb6821b81bd3e48610e5f38dab858b1e9acb01d6e2f6b11c8fabe6bc
#3 DONE 4.7s

#4 [ 1/14] FROM docker.io/library/nginx:latest@sha256:0047b729188a15da49380d9506d65959cce6d40291ccfb4e039f5dc7efd33286
#4 sha256:e7bed6aad7b09384eb5e7b7d3e639dafd578232c7fddeff5c60a35fd9c7f8488
#4 DONE 0.0s

#6 [internal] load build context
#6 sha256:f6d88ae0e4cf43e597934c81407c562b5ad5c6b5f1ab3d3a3bcfbb2ff517d780
#6 transferring context: 5.11MB 0.5s done
#6 DONE 0.5s

#5 [ 2/14] WORKDIR /usr/share/nginx/html
#5 sha256:977fd11ad066f17453839ddaf396516d5ca43c79c768c95bdf95a39d38091104
#5 CACHED

#7 [ 3/14] COPY launch-page/ .
#7 sha256:9bd564eb502e8008cae50e0ef3931ce98155caeba3c98745b8c9258f9ea1cead
#7 DONE 0.1s

#8 [ 4/14] COPY nginx.conf /etc/nginx/nginx.conf
#8 sha256:3bf25fa47b1323097a18ecd61cd31f1e841218166f75105050fbfbfe0a524249
#8 DONE 0.1s

#9 [ 5/14] RUN groupadd --gid 1000 AIPCNonRootUser && useradd --uid 1000 --gid 1000 --home-dir /usr/share/AIPCNonRootUser --no-create-home AIPCNonRootUser
#9 sha256:90263099e67ee908847c3e7bf8af521e0c6017d2bd2f8621fee81420741449f2
#9 DONE 0.5s

#10 [ 6/14] RUN chown -R AIPCNonRootUser:AIPCNonRootUser /var/cache/nginx
#10 sha256:a7f9f1f5cd3e1e76698747b74c031387d956758dc00e0d2eaa575ef3da118a6e
#10 DONE 0.5s

#11 [ 7/14] RUN chmod 770 /var/cache/nginx
#11 sha256:942c72aaaff458c888320101467e94424cebdc5cbb736f67c67461432e45bef4
#11 DONE 0.6s

#12 [ 8/14] RUN touch /var/run/nginx.pid
#12 sha256:7ba24fb5d0a475ee7e90ef26a9c15064990ea57a2bca58a2ce1120fd8f32c757
#12 DONE 0.6s

#13 [ 9/14] RUN chown -R AIPCNonRootUser:AIPCNonRootUser /var/run/nginx.pid
#13 sha256:e97413751665abaac289f7d25318f9b11179b817208ff459c1080142394a2efb
#13 DONE 0.6s

#14 [10/14] RUN chmod 770 /var/run/nginx.pid
#14 sha256:2477ee7b33e9ce87e4aa7f3f015485ca2307530bc213952d8a7daafa8956cb98
#14 DONE 0.6s

#15 [11/14] RUN mkdir -p /usr/share/nginx/html/
#15 sha256:c62d158aa27b685dfc45f4532cfac1ab38098ca18478ad73f37c7ff3699be057
#15 DONE 0.5s

#16 [12/14] RUN chown AIPCNonRootUser /usr/share/nginx/html/
#16 sha256:b9b0825ced21ace2f06e49e04e3af023c7441b758ec349d0dbd450b3e70551a7
#16 DONE 0.6s

#17 [13/14] RUN chown -R AIPCNonRootUser:AIPCNonRootUser /etc/nginx
#17 sha256:a183c521dd2b758c9c79765100494ce826dfa45647dde2e05adc615b3470886f
#17 DONE 0.6s

#18 [14/14] RUN chmod 770 /etc/nginx
#18 sha256:a832612dd598d572f51fc2435b351c6e52da0309f9bb4be2ca59b82252597cf3
#18 DONE 0.7s

#19 exporting to image
#19 sha256:e8c613e07b0b7ff33893b694f7759a10d42e180f2b4dc349fb57dc6b71dcab00
#19 exporting layers
#19 exporting layers 0.4s done
#19 writing image sha256:742dcb2d66455999f29db3748c12924d38d66940045b9fb7f44182a47ad00335 done
#19 naming to docker.io/library/launchpage-z004n44u:latest done
#19 DONE 0.4s

Use 'docker scan' to run Snyk tests against images to find vulnerabilities and learn how to fix them

8 Jan 2023 11:23:18 -----------------------------------------------------------------------------------------------------------------------------------------------------------

Docker Build Successful for launchpage-z004n44u:latest

8 Jan 2023 11:23:18 -----------------------------------------------------------------------------------------------------------------------------------------------------------

Tagging Docker Image

8 Jan 2023 11:23:18 -----------------------------------------------------------------------------------------------------------------------------------------------------------

Command Run /c cd /d D:\Repos\Compare\Apps.FE.LaunchPage\dist & docker tag launchpage-z004n44u:latest gokarna.azurecr.io/launchpage-z004n44u:latest >> "D:\Projects\Deployment.Assistant\Deployment.Assistant\bin\Debug\Logs\Build-Deploy-8-Jan-2023-11-18-38.log" 2>&1

8 Jan 2023 11:23:18 -----------------------------------------------------------------------------------------------------------------------------------------------------------

Docker Tag Successful to gokarna.azurecr.io/launchpage-z004n44u:latest

8 Jan 2023 11:23:18 -----------------------------------------------------------------------------------------------------------------------------------------------------------

Pushing Docker Image

8 Jan 2023 11:23:18 -----------------------------------------------------------------------------------------------------------------------------------------------------------

Command Run /c cd /d D:\Repos\Compare\Apps.FE.LaunchPage\dist & docker push gokarna.azurecr.io/launchpage-z004n44u:latest >> "D:\Projects\Deployment.Assistant\Deployment.Assistant\bin\Debug\Logs\Build-Deploy-8-Jan-2023-11-18-38.log" 2>&1
The push refers to repository [gokarna.azurecr.io/launchpage-z004n44u]
efe0283b4da5: Preparing
ccf1e6ee86ef: Preparing
dba560528f73: Preparing
03324e4638f5: Preparing
4f1fbaace49e: Preparing
9b52f74d9beb: Preparing
4991a8d41fbb: Preparing
a01f16a78f60: Preparing
e044fa600bba: Preparing
a3ff0e7a7d6b: Preparing
47928f474b93: Preparing
2fb60b1ab3e7: Preparing
5f70bf18a086: Preparing
c72d75f45e5b: Preparing
9a0ef04f57f5: Preparing
d13aea24d2cb: Preparing
2b3eec357807: Preparing
2dadbc36c170: Preparing
8a70d251b653: Preparing
47928f474b93: Waiting
e044fa600bba: Waiting
a3ff0e7a7d6b: Waiting
4991a8d41fbb: Waiting
d13aea24d2cb: Waiting
2fb60b1ab3e7: Waiting
a01f16a78f60: Waiting
9a0ef04f57f5: Waiting
5f70bf18a086: Waiting
c72d75f45e5b: Waiting
9b52f74d9beb: Waiting
8a70d251b653: Waiting
2b3eec357807: Waiting
2dadbc36c170: Waiting
dba560528f73: Pushed
efe0283b4da5: Pushed
ccf1e6ee86ef: Pushed
4f1fbaace49e: Pushed
03324e4638f5: Pushed
a01f16a78f60: Pushed
9b52f74d9beb: Pushed
4991a8d41fbb: Pushed
e044fa600bba: Pushed
5f70bf18a086: Layer already exists
a3ff0e7a7d6b: Pushed
c72d75f45e5b: Layer already exists
2b3eec357807: Layer already exists
d13aea24d2cb: Layer already exists
9a0ef04f57f5: Layer already exists
2dadbc36c170: Layer already exists
8a70d251b653: Layer already exists
47928f474b93: Pushed
2fb60b1ab3e7: Pushed
latest: digest: sha256:612a3a139741c0ce1e0898470cb149aa107c513b404e486301e9e33f6d8baf41 size: 4266

8 Jan 2023 11:23:26 -----------------------------------------------------------------------------------------------------------------------------------------------------------

Docker Push Successful to gokarna.azurecr.io/launchpage-z004n44u:latest

8 Jan 2023 11:23:26 -----------------------------------------------------------------------------------------------------------------------------------------------------------

Connecting to inblrghma3879ln

8 Jan 2023 11:23:27 -----------------------------------------------------------------------------------------------------------------------------------------------------------

Successfully connected to inblrghma3879ln

8 Jan 2023 11:23:27 -----------------------------------------------------------------------------------------------------------------------------------------------------------

Command Run : kubectl get pods -n ai-pc-product

8 Jan 2023 11:23:28 -----------------------------------------------------------------------------------------------------------------------------------------------------------

NAME                                           READY   STATUS    RESTARTS   AGE
amp-manager-5b987cb97-76xxg                    1/1     Running   1          17d
auditlogservice-5f4d6fbb9d-4tswt               1/1     Running   0          17d
authservice-88f9fd758-vvp5w                    1/1     Running   0          17d
cad-fe-d4476f687-4vn9b                         1/1     Running   0          17d
cadbackendservice-7f7c5fd457-fvmjm             1/1     Running   0          41h
cadconcordanceservice-557d99d97f-mgffs         1/1     Running   0          17d
cadriskcalculatorservice-56d6946d7d-t7fj5      1/1     Running   0          17d
chest-pain-fe-5f5fd449df-cnpqm                 1/1     Running   0          4h10m
configurationservice-5459457fc6-qdmv8          1/1     Running   0          17d
csvreaderservice-5f694dc8db-kfhbs              1/1     Running   0          17d
dicommetadata-74fb96f86f-tf6nv                 1/1     Running   0          17d
doc-import-54bf99db6-gtbgs                     1/1     Running   0          17d
error-reporting-device-75c754b79f-k8px2        1/1     Running   0          17d
export-orchestrator-597cbcccf7-vsldx           1/1     Running   0          17d
fhir-78f89876d4-kxmmn                          1/1     Running   0          17d
fhir-document-parser-device-67755f977f-qkcvq   1/1     Running   0          17d
fhir-export-device-67b6fd978c-gpgqs            1/1     Running   0          17d
fhir-import-7767fc8db8-x8xf9                   1/1     Running   0          17d
filesystem-export-device-5bd7c9ccd-nllwd       1/1     Running   0          17d
imageaccessservice-775ddb6cfd-fkgt7            1/1     Running   0          17d
import-orchestrator-6b95cf8fdf-j74jr           1/1     Running   0          17d
launchpage-5cf87bbf4c-xk69m                    1/1     Running   0          48m
launchpageservice-6bd995c85c-9nz29             1/1     Running   0          15d
licenseservice-bdd94577b-dmzfh                 1/1     Running   0          17d
logger-5695b4657c-klh5x                        1/1     Running   0          17d
loginpage-5d8c7bcffb-9666d                     1/1     Running   0          17d
nlpaccessservice-5758cc4845-gr4jp              1/1     Running   0          17d
nlpfhirrenderer-77f4d48f96-xfpcv               1/1     Running   0          17d
pacs-connector-7dc5c6799c-26zsw                1/1     Running   0          17d
patientdeleteservice-559d74b5bf-tpj4d          1/1     Running   0          17d
postgres-c5cbf997f-5c2th                       1/1     Running   0          17d
rabbitmq-859b96c59d-pqfbg                      1/1     Running   0          17d
report-type-converter-7f6f784d75-ln8nn         1/1     Running   0          17d
reportconverter-5d8cf5647b-vc4jm               1/1     Running   0          17d
reportcreationservice-684fdd7b7d-726zw         1/1     Running   0          11h
reverse-proxy-69f5b4d855-88ncp                 1/1     Running   0          17d
ruleengineservice-5bbb6ddfd4-kkc65             1/1     Running   0          17d
settingsui-6849c4c946-nq9wk                    1/1     Running   0          17d
snomedqueryservice-5cf86455d9-xjhcd            1/1     Running   0          17d
tika-5776fb956-r4rmb                           1/1     Running   0          17d
unitconversionservice-68bb5f5c96-kkdd4         1/1     Running   0          17d


8 Jan 2023 11:23:28 -----------------------------------------------------------------------------------------------------------------------------------------------------------

Command Run : kubectl set image deployment/launchpage launchpage=gokarna.azurecr.io/launchpage-z004n44u:latest -n ai-pc-product

8 Jan 2023 11:23:28 -----------------------------------------------------------------------------------------------------------------------------------------------------------

Command Run : kubectl delete pod launchpage-5cf87bbf4c-xk69m -n ai-pc-product

8 Jan 2023 11:24:00 -----------------------------------------------------------------------------------------------------------------------------------------------------------

pod "launchpage-5cf87bbf4c-xk69m" deleted


8 Jan 2023 11:24:02 -----------------------------------------------------------------------------------------------------------------------------------------------------------

NAME                                           READY   STATUS    RESTARTS   AGE
amp-manager-5b987cb97-76xxg                    1/1     Running   1          17d
auditlogservice-5f4d6fbb9d-4tswt               1/1     Running   0          17d
authservice-88f9fd758-vvp5w                    1/1     Running   0          17d
cad-fe-d4476f687-4vn9b                         1/1     Running   0          17d
cadbackendservice-7f7c5fd457-fvmjm             1/1     Running   0          41h
cadconcordanceservice-557d99d97f-mgffs         1/1     Running   0          17d
cadriskcalculatorservice-56d6946d7d-t7fj5      1/1     Running   0          17d
chest-pain-fe-5f5fd449df-cnpqm                 1/1     Running   0          4h11m
configurationservice-5459457fc6-qdmv8          1/1     Running   0          17d
csvreaderservice-5f694dc8db-kfhbs              1/1     Running   0          17d
dicommetadata-74fb96f86f-tf6nv                 1/1     Running   0          17d
doc-import-54bf99db6-gtbgs                     1/1     Running   0          17d
error-reporting-device-75c754b79f-k8px2        1/1     Running   0          17d
export-orchestrator-597cbcccf7-vsldx           1/1     Running   0          17d
fhir-78f89876d4-kxmmn                          1/1     Running   0          17d
fhir-document-parser-device-67755f977f-qkcvq   1/1     Running   0          17d
fhir-export-device-67b6fd978c-gpgqs            1/1     Running   0          17d
fhir-import-7767fc8db8-x8xf9                   1/1     Running   0          17d
filesystem-export-device-5bd7c9ccd-nllwd       1/1     Running   0          17d
imageaccessservice-775ddb6cfd-fkgt7            1/1     Running   0          17d
import-orchestrator-6b95cf8fdf-j74jr           1/1     Running   0          17d
launchpage-5cf87bbf4c-tmvk7                    1/1     Running   0          33s
launchpageservice-6bd995c85c-9nz29             1/1     Running   0          15d
licenseservice-bdd94577b-dmzfh                 1/1     Running   0          17d
logger-5695b4657c-klh5x                        1/1     Running   0          17d
loginpage-5d8c7bcffb-9666d                     1/1     Running   0          17d
nlpaccessservice-5758cc4845-gr4jp              1/1     Running   0          17d
nlpfhirrenderer-77f4d48f96-xfpcv               1/1     Running   0          17d
pacs-connector-7dc5c6799c-26zsw                1/1     Running   0          17d
patientdeleteservice-559d74b5bf-tpj4d          1/1     Running   0          17d
postgres-c5cbf997f-5c2th                       1/1     Running   0          17d
rabbitmq-859b96c59d-pqfbg                      1/1     Running   0          17d
report-type-converter-7f6f784d75-ln8nn         1/1     Running   0          17d
reportconverter-5d8cf5647b-vc4jm               1/1     Running   0          17d
reportcreationservice-684fdd7b7d-726zw         1/1     Running   0          11h
reverse-proxy-69f5b4d855-88ncp                 1/1     Running   0          17d
ruleengineservice-5bbb6ddfd4-kkc65             1/1     Running   0          17d
settingsui-6849c4c946-nq9wk                    1/1     Running   0          17d
snomedqueryservice-5cf86455d9-xjhcd            1/1     Running   0          17d
tika-5776fb956-r4rmb                           1/1     Running   0          17d
unitconversionservice-68bb5f5c96-kkdd4         1/1     Running   0          17d


8 Jan 2023 11:24:02 -----------------------------------------------------------------------------------------------------------------------------------------------------------

Deployment Successful!

8 Jan 2023 11:25:42 -----------------------------------------------------------------------------------------------------------------------------------------------------------

Opening Chrome..

8 Jan 2023 11:25:44 -----------------------------------------------------------------------------------------------------------------------------------------------------------

Navigating to https://inblrghman079ln.rd001.onehc.net/

8 Jan 2023 11:25:46 -----------------------------------------------------------------------------------------------------------------------------------------------------------

Username clinical.admin Entered

8 Jan 2023 11:25:46 -----------------------------------------------------------------------------------------------------------------------------------------------------------

Password ******* Entered

8 Jan 2023 11:25:46 -----------------------------------------------------------------------------------------------------------------------------------------------------------

Login Success to https://inblrghman079ln.rd001.onehc.net/ as clinical.admin

8 Jan 2023 11:27:45 -----------------------------------------------------------------------------------------------------------------------------------------------------------

Opening Chrome..

8 Jan 2023 11:27:46 -----------------------------------------------------------------------------------------------------------------------------------------------------------

Navigating to https://inblrghman079ln.rd001.onehc.net/

8 Jan 2023 11:27:49 -----------------------------------------------------------------------------------------------------------------------------------------------------------

Username clinical.admin Entered

8 Jan 2023 11:27:49 -----------------------------------------------------------------------------------------------------------------------------------------------------------

Password ******* Entered

8 Jan 2023 11:27:49 -----------------------------------------------------------------------------------------------------------------------------------------------------------

Login Success to https://inblrghman079ln.rd001.onehc.net/ as clinical.admin
