
27 Dec 2022 17:12:52 -----------------------------------------------------------------------------------------------------------------------------------------------------------

Opening Chrome..

27 Dec 2022 17:12:56 -----------------------------------------------------------------------------------------------------------------------------------------------------------

Navigating to https://inblrghma3879ln/

27 Dec 2022 17:13:02 -----------------------------------------------------------------------------------------------------------------------------------------------------------

Username clinical.admin Entered

27 Dec 2022 17:13:02 -----------------------------------------------------------------------------------------------------------------------------------------------------------

Password ******* Entered

27 Dec 2022 17:13:02 -----------------------------------------------------------------------------------------------------------------------------------------------------------

Login Success to https://inblrghma3879ln/ as clinical.admin

27 Dec 2022 17:13:35 -----------------------------------------------------------------------------------------------------------------------------------------------------------

Build started

27 Dec 2022 17:13:35 -----------------------------------------------------------------------------------------------------------------------------------------------------------

Command run /c cd /d "D:\Repos\CDSS Collaboration\App.FE.ChestPain"& ng build --prod  >> "D:\Projects\Deployment.Assistant\Deployment.Assistant\bin\Debug\Logs\Build-Deploy-27-Dec-2022-17-12-28.log" 2>&1
Your global Angular CLI version (14.2.7) is greater than your local version (10.1.3). The local Angular CLI version is used.

To disable this warning use "ng config -g cli.warnings.versionMismatch false".
[33mWarning:[0m Entry point '@ids/common.ui.base-services.fhir' contains deep imports into 'D:/Repos/CDSS Collaboration/App.FE.ChestPain/node_modules/rxjs/internal/operators', 'D:/Repos/CDSS Collaboration/App.FE.ChestPain/node_modules/rxjs/internal/operators/take'. This is probably not a problem, but may cause the compilation of entry points to be out of order.
Generating ES5 bundles for differential loading...
ES5 bundle generation complete.

chunk {2} polyfills-es2015.7bf442c9581008ef4e7f.js (polyfills) 171 kB [initial] [rendered]
chunk {3} polyfills-es5.4453d2fafecf9cae155f.js (polyfills-es5) 264 kB [initial] [rendered]
chunk {0} runtime-es2015.66c79b9d36e7169e27b0.js (runtime) 1.45 kB [entry] [rendered]
chunk {0} runtime-es5.66c79b9d36e7169e27b0.js (runtime) 1.45 kB [entry] [rendered]
chunk {1} main-es2015.8d874c40ba0d05eb912c.js (main) 1.48 MB [initial] [rendered]
chunk {1} main-es5.8d874c40ba0d05eb912c.js (main) 1.58 MB [initial] [rendered]
chunk {4} styles.5081b2ecf63062d2a84f.css (styles) 147 kB [initial] [rendered]
chunk {scripts} scripts.402eee9195a7220d216a.js (scripts) 2.62 MB [entry] [rendered]
Date: 2022-12-27T11:45:55.847Z - Hash: 29e594aca2cce8625a1d - Time: 101356ms

WARNING in D:\Repos\CDSS Collaboration\App.FE.ChestPain\source\app\models\lab-test-model.ts is part of the TypeScript compilation but it's unused.
Add only entry points to the 'files' or 'include' properties in your tsconfig.

WARNING in D:\Repos\CDSS Collaboration\App.FE.ChestPain\source\app\models\patientnotification.model.ts is part of the TypeScript compilation but it's unused.
Add only entry points to the 'files' or 'include' properties in your tsconfig.

WARNING in D:\Repos\CDSS Collaboration\App.FE.ChestPain\source\app\models\procedure-row-item.ts is part of the TypeScript compilation but it's unused.
Add only entry points to the 'files' or 'include' properties in your tsconfig.

WARNING in D:\Repos\CDSS Collaboration\App.FE.ChestPain\source\app\models\report-viewer-model.ts is part of the TypeScript compilation but it's unused.
Add only entry points to the 'files' or 'include' properties in your tsconfig.

WARNING in D:\Repos\CDSS Collaboration\App.FE.ChestPain\source\app\services\app.config.service.ts is part of the TypeScript compilation but it's unused.
Add only entry points to the 'files' or 'include' properties in your tsconfig.

WARNING in D:\Repos\CDSS Collaboration\App.FE.ChestPain\source\app\services\interfaces\lab-tests.interface.ts is part of the TypeScript compilation but it's unused.
Add only entry points to the 'files' or 'include' properties in your tsconfig.

WARNING in D:\Repos\CDSS Collaboration\App.FE.ChestPain\source\app\shared\models\cad.interface.ts is part of the TypeScript compilation but it's unused.
Add only entry points to the 'files' or 'include' properties in your tsconfig.

WARNING in D:\Repos\CDSS Collaboration\App.FE.ChestPain\source\environments\environment.local.ts is part of the TypeScript compilation but it's unused.
Add only entry points to the 'files' or 'include' properties in your tsconfig.

WARNING in D:\Repos\CDSS Collaboration\App.FE.ChestPain\source\environments\environment.prod.ts is part of the TypeScript compilation but it's unused.
Add only entry points to the 'files' or 'include' properties in your tsconfig.

WARNING in D:\Repos\CDSS Collaboration\App.FE.ChestPain\source\translateExtenders\customTranslateHttpLoader.ts is part of the TypeScript compilation but it's unused.
Add only entry points to the 'files' or 'include' properties in your tsconfig.

WARNING in D:\Repos\CDSS Collaboration\App.FE.ChestPain\source\app\app.module.ts depends on '@ids/common.ui.base-services.auth-handler'. CommonJS or AMD dependencies can cause optimization bailouts.
For more info see: https://angular.io/guide/build#configuring-commonjs-dependencies

WARNING in D:\Repos\CDSS Collaboration\App.FE.ChestPain\source\app\risk-assessment\risk-assessment-detail\risk-assessment-detail.component.ts depends on 'chart.js'. CommonJS or AMD dependencies can cause optimization bailouts.
For more info see: https://angular.io/guide/build#configuring-commonjs-dependencies

27 Dec 2022 17:15:58 -----------------------------------------------------------------------------------------------------------------------------------------------------------

Build Success!

27 Dec 2022 17:15:58 -----------------------------------------------------------------------------------------------------------------------------------------------------------

Copying D:\Repos\CDSS Collaboration\App.FE.ChestPain\nginx.conf to D:\Repos\CDSS Collaboration\App.FE.ChestPain\dist\nginx.conf

27 Dec 2022 17:15:58 -----------------------------------------------------------------------------------------------------------------------------------------------------------

Successfully copied D:\Repos\CDSS Collaboration\App.FE.ChestPain\nginx.conf to D:\Repos\CDSS Collaboration\App.FE.ChestPain\dist\nginx.conf

27 Dec 2022 17:15:59 -----------------------------------------------------------------------------------------------------------------------------------------------------------

Copying D:\Repos\CDSS Collaboration\App.FE.ChestPain\Dockerfile to D:\Repos\CDSS Collaboration\App.FE.ChestPain\dist\Dockerfile

27 Dec 2022 17:15:59 -----------------------------------------------------------------------------------------------------------------------------------------------------------

Successfully copied D:\Repos\CDSS Collaboration\App.FE.ChestPain\Dockerfile to D:\Repos\CDSS Collaboration\App.FE.ChestPain\dist\Dockerfile

27 Dec 2022 17:15:59 -----------------------------------------------------------------------------------------------------------------------------------------------------------

Building Docker Image

27 Dec 2022 17:15:59 -----------------------------------------------------------------------------------------------------------------------------------------------------------

Command Run /c cd /d D:\Repos\CDSS Collaboration\App.FE.ChestPain\dist & docker build . -t chest-pain-fe-z004n44u:latest >> "D:\Projects\Deployment.Assistant\Deployment.Assistant\bin\Debug\Logs\Build-Deploy-27-Dec-2022-17-12-28.log" 2>&1
#1 [internal] load build definition from Dockerfile
#1 sha256:94d22af9a089f393333b5f09a65d793b0d779e1a6d3832084480562fa2291028
#1 transferring dockerfile: 32B done
#1 DONE 0.0s

#2 [internal] load .dockerignore
#2 sha256:86b1c8d76322a4b6249a1291b2b45b072de2007fc7a053ab9c1748c02e7f277a
#2 transferring context: 2B done
#2 DONE 0.0s

#3 [internal] load metadata for docker.io/library/nginx:alpine
#3 sha256:b001d263a254f0e4960d52c837d5764774ef80ad3878c61304052afb6e0e9af2
#3 DONE 4.6s

#8 [1/4] FROM docker.io/library/nginx:alpine@sha256:dd8a054d7ef030e94a6449783605d6c306c1f69c10c2fa06b66a030e0d1db793
#8 sha256:69bb3b0d124b71e42fa4e8f3891bd71b0a7ee3c87accab313a257c9b97a38a34
#8 DONE 0.0s

#5 [internal] load build context
#5 sha256:c31aad251e5f0376b2aaeb29b645947f32ac8a934b28781e0505c0d56ef3b021
#5 transferring context: 4.33MB 0.5s
#5 transferring context: 7.51MB 0.8s done
#5 DONE 0.8s

#4 [2/4] RUN rm -rf /usr/share/nginx/html/*
#4 sha256:6b5e129493dbc860ceff6e79c1e65572ba6ef739c546cd324b59fc99d4367303
#4 CACHED

#6 [3/4] COPY fechestPain/ /usr/share/nginx/html/
#6 sha256:10599b9c9ab8fcfee4c9af073c2fd9d964e9d81e980f4ef6b0317e3681796078
#6 DONE 0.3s

#7 [4/4] COPY nginx.conf /etc/nginx/nginx.conf
#7 sha256:5105671cdb952e99bea5c2034eeee20ed61de7082d4f13429da79404cf09b645
#7 DONE 0.1s

#9 exporting to image
#9 sha256:e8c613e07b0b7ff33893b694f7759a10d42e180f2b4dc349fb57dc6b71dcab00
#9 exporting layers
#9 exporting layers 0.2s done
#9 writing image sha256:ad53c38581856aff5dfc1710b6a33e2654829694771286b99958facd9584db28 done
#9 naming to docker.io/library/chest-pain-fe-z004n44u:latest done
#9 DONE 0.3s

Use 'docker scan' to run Snyk tests against images to find vulnerabilities and learn how to fix them

27 Dec 2022 17:16:10 -----------------------------------------------------------------------------------------------------------------------------------------------------------

Docker Build Successful for chest-pain-fe-z004n44u:latest

27 Dec 2022 17:16:10 -----------------------------------------------------------------------------------------------------------------------------------------------------------

Tagging Docker Image

27 Dec 2022 17:16:10 -----------------------------------------------------------------------------------------------------------------------------------------------------------

Command Run /c cd /d D:\Repos\CDSS Collaboration\App.FE.ChestPain\dist & docker tag chest-pain-fe-z004n44u:latest gokarna.azurecr.io/chest-pain-fe-z004n44u:latest >> "D:\Projects\Deployment.Assistant\Deployment.Assistant\bin\Debug\Logs\Build-Deploy-27-Dec-2022-17-12-28.log" 2>&1

27 Dec 2022 17:16:10 -----------------------------------------------------------------------------------------------------------------------------------------------------------

Docker Tag Successful to gokarna.azurecr.io/chest-pain-fe-z004n44u:latest

27 Dec 2022 17:16:10 -----------------------------------------------------------------------------------------------------------------------------------------------------------

Pushing Docker Image

27 Dec 2022 17:16:10 -----------------------------------------------------------------------------------------------------------------------------------------------------------

Command Run /c cd /d D:\Repos\CDSS Collaboration\App.FE.ChestPain\dist & docker push gokarna.azurecr.io/chest-pain-fe-z004n44u:latest >> "D:\Projects\Deployment.Assistant\Deployment.Assistant\bin\Debug\Logs\Build-Deploy-27-Dec-2022-17-12-28.log" 2>&1
The push refers to repository [gokarna.azurecr.io/chest-pain-fe-z004n44u]
71853957d689: Preparing
2ab335fb9ccb: Preparing
9364ab082f1c: Preparing
9e173cdce044: Preparing
f2d47996fdfa: Preparing
c23f26e962bd: Preparing
0511ab7e6edc: Preparing
ec7e4a91c33b: Preparing
1fee4bd55a85: Preparing
ded7a220bb05: Preparing
1fee4bd55a85: Waiting
ec7e4a91c33b: Waiting
c23f26e962bd: Waiting
0511ab7e6edc: Waiting
ded7a220bb05: Waiting
9364ab082f1c: Layer already exists
9e173cdce044: Layer already exists
f2d47996fdfa: Layer already exists
0511ab7e6edc: Layer already exists
ec7e4a91c33b: Layer already exists
c23f26e962bd: Layer already exists
1fee4bd55a85: Layer already exists
ded7a220bb05: Layer already exists
71853957d689: Pushed
2ab335fb9ccb: Pushed
latest: digest: sha256:6b890022442bd4488737c8b5c0912ee162738179fef396bc1e7ec569be37d69b size: 2407

27 Dec 2022 17:16:20 -----------------------------------------------------------------------------------------------------------------------------------------------------------

Docker Push Successful to gokarna.azurecr.io/chest-pain-fe-z004n44u:latest

27 Dec 2022 17:16:20 -----------------------------------------------------------------------------------------------------------------------------------------------------------

Connecting to inblrghma3879ln

27 Dec 2022 17:16:21 -----------------------------------------------------------------------------------------------------------------------------------------------------------

Successfully connected to inblrghma3879ln

27 Dec 2022 17:16:21 -----------------------------------------------------------------------------------------------------------------------------------------------------------

Command Run : kubectl get pods -n ai-pc-product

27 Dec 2022 17:16:21 -----------------------------------------------------------------------------------------------------------------------------------------------------------

NAME                                           READY   STATUS    RESTARTS   AGE
amp-manager-5b987cb97-76xxg                    1/1     Running   1          5d8h
auditlogservice-5f4d6fbb9d-4tswt               1/1     Running   0          5d8h
authservice-88f9fd758-vvp5w                    1/1     Running   0          5d8h
cad-fe-d4476f687-4vn9b                         1/1     Running   0          5d8h
cadbackendservice-89b9d499-jltcz               1/1     Running   0          4d3h
cadconcordanceservice-557d99d97f-mgffs         1/1     Running   0          5d8h
cadriskcalculatorservice-56d6946d7d-t7fj5      1/1     Running   0          5d8h
chest-pain-fe-89f997ff-62rtv                   1/1     Running   0          4d
configurationservice-5459457fc6-qdmv8          1/1     Running   0          5d8h
csvreaderservice-5f694dc8db-kfhbs              1/1     Running   0          5d8h
dicommetadata-74fb96f86f-tf6nv                 1/1     Running   0          5d8h
doc-import-54bf99db6-gtbgs                     1/1     Running   0          5d8h
error-reporting-device-75c754b79f-k8px2        1/1     Running   0          5d8h
export-orchestrator-597cbcccf7-vsldx           1/1     Running   0          5d8h
fhir-78f89876d4-kxmmn                          1/1     Running   0          5d8h
fhir-document-parser-device-67755f977f-qkcvq   1/1     Running   0          5d8h
fhir-export-device-67b6fd978c-gpgqs            1/1     Running   0          5d8h
fhir-import-7767fc8db8-x8xf9                   1/1     Running   0          5d8h
filesystem-export-device-5bd7c9ccd-nllwd       1/1     Running   0          5d8h
imageaccessservice-775ddb6cfd-fkgt7            1/1     Running   0          5d8h
import-orchestrator-6b95cf8fdf-j74jr           1/1     Running   0          5d8h
launchpage-5c4d794957-8n2sr                    1/1     Running   0          4d3h
launchpageservice-6bd995c85c-9nz29             1/1     Running   0          4d2h
licenseservice-bdd94577b-dmzfh                 1/1     Running   0          5d8h
logger-5695b4657c-klh5x                        1/1     Running   0          5d8h
loginpage-5d8c7bcffb-9666d                     1/1     Running   0          5d8h
nlpaccessservice-5758cc4845-gr4jp              1/1     Running   0          5d8h
nlpfhirrenderer-77f4d48f96-xfpcv               1/1     Running   0          5d8h
pacs-connector-7dc5c6799c-26zsw                1/1     Running   0          5d8h
patientdeleteservice-559d74b5bf-tpj4d          1/1     Running   0          5d8h
postgres-c5cbf997f-5c2th                       1/1     Running   0          5d8h
rabbitmq-859b96c59d-pqfbg                      1/1     Running   0          5d8h
report-type-converter-7f6f784d75-ln8nn         1/1     Running   0          5d8h
reportconverter-5d8cf5647b-vc4jm               1/1     Running   0          5d8h
reportcreationservice-5c48c6b4df-w5725         1/1     Running   0          5d8h
reverse-proxy-69f5b4d855-88ncp                 1/1     Running   0          5d8h
ruleengineservice-5bbb6ddfd4-kkc65             1/1     Running   0          5d8h
settingsui-6849c4c946-nq9wk                    1/1     Running   0          5d8h
snomedqueryservice-5cf86455d9-xjhcd            1/1     Running   0          5d8h
tika-5776fb956-r4rmb                           1/1     Running   0          5d8h
unitconversionservice-68bb5f5c96-kkdd4         1/1     Running   0          5d8h


27 Dec 2022 17:16:21 -----------------------------------------------------------------------------------------------------------------------------------------------------------

Command Run : kubectl set image deployment/chest-pain-fe chest-pain-fe=gokarna.azurecr.io/chest-pain-fe-z004n44u:latest -n ai-pc-product

27 Dec 2022 17:16:22 -----------------------------------------------------------------------------------------------------------------------------------------------------------

deployment.apps/chest-pain-fe image updated


27 Dec 2022 17:16:22 -----------------------------------------------------------------------------------------------------------------------------------------------------------

Command Run : kubectl delete pod chest-pain-fe-89f997ff-62rtv -n ai-pc-product

27 Dec 2022 17:16:30 -----------------------------------------------------------------------------------------------------------------------------------------------------------

pod "chest-pain-fe-89f997ff-62rtv" deleted


27 Dec 2022 17:16:30 -----------------------------------------------------------------------------------------------------------------------------------------------------------

NAME                                           READY   STATUS        RESTARTS   AGE
amp-manager-5b987cb97-76xxg                    1/1     Running       1          5d8h
auditlogservice-5f4d6fbb9d-4tswt               1/1     Running       0          5d8h
authservice-88f9fd758-vvp5w                    1/1     Running       0          5d8h
cad-fe-d4476f687-4vn9b                         1/1     Running       0          5d8h
cadbackendservice-89b9d499-jltcz               1/1     Running       0          4d3h
cadconcordanceservice-557d99d97f-mgffs         1/1     Running       0          5d8h
cadriskcalculatorservice-56d6946d7d-t7fj5      1/1     Running       0          5d8h
chest-pain-fe-5f5fd449df-t5kz2                 1/1     Running       0          9s
chest-pain-fe-89f997ff-6rnt6                   1/1     Terminating   0          9s
configurationservice-5459457fc6-qdmv8          1/1     Running       0          5d8h
csvreaderservice-5f694dc8db-kfhbs              1/1     Running       0          5d8h
dicommetadata-74fb96f86f-tf6nv                 1/1     Running       0          5d8h
doc-import-54bf99db6-gtbgs                     1/1     Running       0          5d8h
error-reporting-device-75c754b79f-k8px2        1/1     Running       0          5d8h
export-orchestrator-597cbcccf7-vsldx           1/1     Running       0          5d8h
fhir-78f89876d4-kxmmn                          1/1     Running       0          5d8h
fhir-document-parser-device-67755f977f-qkcvq   1/1     Running       0          5d8h
fhir-export-device-67b6fd978c-gpgqs            1/1     Running       0          5d8h
fhir-import-7767fc8db8-x8xf9                   1/1     Running       0          5d8h
filesystem-export-device-5bd7c9ccd-nllwd       1/1     Running       0          5d8h
imageaccessservice-775ddb6cfd-fkgt7            1/1     Running       0          5d8h
import-orchestrator-6b95cf8fdf-j74jr           1/1     Running       0          5d8h
launchpage-5c4d794957-8n2sr                    1/1     Running       0          4d3h
launchpageservice-6bd995c85c-9nz29             1/1     Running       0          4d2h
licenseservice-bdd94577b-dmzfh                 1/1     Running       0          5d8h
logger-5695b4657c-klh5x                        1/1     Running       0          5d8h
loginpage-5d8c7bcffb-9666d                     1/1     Running       0          5d8h
nlpaccessservice-5758cc4845-gr4jp              1/1     Running       0          5d8h
nlpfhirrenderer-77f4d48f96-xfpcv               1/1     Running       0          5d8h
pacs-connector-7dc5c6799c-26zsw                1/1     Running       0          5d8h
patientdeleteservice-559d74b5bf-tpj4d          1/1     Running       0          5d8h
postgres-c5cbf997f-5c2th                       1/1     Running       0          5d8h
rabbitmq-859b96c59d-pqfbg                      1/1     Running       0          5d8h
report-type-converter-7f6f784d75-ln8nn         1/1     Running       0          5d8h
reportconverter-5d8cf5647b-vc4jm               1/1     Running       0          5d8h
reportcreationservice-5c48c6b4df-w5725         1/1     Running       0          5d8h
reverse-proxy-69f5b4d855-88ncp                 1/1     Running       0          5d8h
ruleengineservice-5bbb6ddfd4-kkc65             1/1     Running       0          5d8h
settingsui-6849c4c946-nq9wk                    1/1     Running       0          5d8h
snomedqueryservice-5cf86455d9-xjhcd            1/1     Running       0          5d8h
tika-5776fb956-r4rmb                           1/1     Running       0          5d8h
unitconversionservice-68bb5f5c96-kkdd4         1/1     Running       0          5d8h


27 Dec 2022 17:16:30 -----------------------------------------------------------------------------------------------------------------------------------------------------------

Deployment Successful!

27 Dec 2022 17:18:02 -----------------------------------------------------------------------------------------------------------------------------------------------------------

Opening Chrome..

27 Dec 2022 17:18:03 -----------------------------------------------------------------------------------------------------------------------------------------------------------

Navigating to https://inblrghma3879ln/

27 Dec 2022 17:18:06 -----------------------------------------------------------------------------------------------------------------------------------------------------------

Username clinical.admin Entered

27 Dec 2022 17:18:06 -----------------------------------------------------------------------------------------------------------------------------------------------------------

Password ******* Entered

27 Dec 2022 17:18:06 -----------------------------------------------------------------------------------------------------------------------------------------------------------

Login Success to https://inblrghma3879ln/ as clinical.admin
