
8 Jan 2023 11:43:41 -----------------------------------------------------------------------------------------------------------------------------------------------------------

Opening Chrome..

8 Jan 2023 11:43:42 -----------------------------------------------------------------------------------------------------------------------------------------------------------

Navigating to https://inblrghman079ln.rd001.onehc.net/

8 Jan 2023 11:43:46 -----------------------------------------------------------------------------------------------------------------------------------------------------------

Username clinical.admin Entered

8 Jan 2023 11:43:46 -----------------------------------------------------------------------------------------------------------------------------------------------------------

Password ******* Entered

8 Jan 2023 11:43:46 -----------------------------------------------------------------------------------------------------------------------------------------------------------

Login Success to https://inblrghman079ln.rd001.onehc.net/ as clinical.admin

8 Jan 2023 11:44:49 -----------------------------------------------------------------------------------------------------------------------------------------------------------

Opening Chrome..

8 Jan 2023 11:44:51 -----------------------------------------------------------------------------------------------------------------------------------------------------------

Navigating to https://inblrghma3879ln/

8 Jan 2023 11:44:53 -----------------------------------------------------------------------------------------------------------------------------------------------------------

Username clinical.admin Entered

8 Jan 2023 11:44:53 -----------------------------------------------------------------------------------------------------------------------------------------------------------

Password ******* Entered

8 Jan 2023 11:44:54 -----------------------------------------------------------------------------------------------------------------------------------------------------------

Login Success to https://inblrghma3879ln/ as clinical.admin
