
21 Dec 2022 14:23:53 -----------------------------------------------------------------------------------------------------------------------------------------------------------

Opening Chrome..

21 Dec 2022 14:23:56 -----------------------------------------------------------------------------------------------------------------------------------------------------------

Navigating to https://inblrghvsan10ln/

21 Dec 2022 14:24:01 -----------------------------------------------------------------------------------------------------------------------------------------------------------

Username clinical.admin Entered

21 Dec 2022 14:24:01 -----------------------------------------------------------------------------------------------------------------------------------------------------------

Password ******* Entered

21 Dec 2022 14:24:01 -----------------------------------------------------------------------------------------------------------------------------------------------------------

Login Success to https://inblrghvsan10ln/ as clinical.admin

21 Dec 2022 14:24:08 -----------------------------------------------------------------------------------------------------------------------------------------------------------

Opening Chrome..

21 Dec 2022 14:24:10 -----------------------------------------------------------------------------------------------------------------------------------------------------------

Navigating to https://inblrghma3879ln/

21 Dec 2022 14:24:13 -----------------------------------------------------------------------------------------------------------------------------------------------------------

Username clinical.admin Entered

21 Dec 2022 14:24:13 -----------------------------------------------------------------------------------------------------------------------------------------------------------

Password ******* Entered

21 Dec 2022 14:24:13 -----------------------------------------------------------------------------------------------------------------------------------------------------------

Login Success to https://inblrghma3879ln/ as clinical.admin

21 Dec 2022 14:28:42 -----------------------------------------------------------------------------------------------------------------------------------------------------------

Opening Chrome..

21 Dec 2022 14:28:43 -----------------------------------------------------------------------------------------------------------------------------------------------------------

Navigating to https://inblrghvsan10ln/

21 Dec 2022 14:28:45 -----------------------------------------------------------------------------------------------------------------------------------------------------------

Exception Encountered: 

no such window: target window already closed
from unknown error: web view not found
  (Session info: chrome=108.0.5359.125)

 If exception includes Chrome driver Update Required, Follow the following steps to update. 

 1.Visit https://chromedriver.chromium.org/downloads 

 2.Download latest chromedriver(chromedriver_win32.zip if prompted)

 3. Extract the zip file and replace chromedriver.exe in the installation folder with the latest one.

21 Dec 2022 14:28:50 -----------------------------------------------------------------------------------------------------------------------------------------------------------

Opening Chrome..

21 Dec 2022 14:28:51 -----------------------------------------------------------------------------------------------------------------------------------------------------------

Navigating to https://inblrghma3879ln/

21 Dec 2022 14:28:55 -----------------------------------------------------------------------------------------------------------------------------------------------------------

Username clinical.admin Entered

21 Dec 2022 14:28:55 -----------------------------------------------------------------------------------------------------------------------------------------------------------

Password ******* Entered

21 Dec 2022 14:28:56 -----------------------------------------------------------------------------------------------------------------------------------------------------------

Login Success to https://inblrghma3879ln/ as clinical.admin

21 Dec 2022 14:54:54 -----------------------------------------------------------------------------------------------------------------------------------------------------------

Opening Chrome..

21 Dec 2022 14:54:56 -----------------------------------------------------------------------------------------------------------------------------------------------------------

Navigating to https://inblrghma3879ln/

21 Dec 2022 14:55:02 -----------------------------------------------------------------------------------------------------------------------------------------------------------

Username clinical.admin Entered

21 Dec 2022 14:55:02 -----------------------------------------------------------------------------------------------------------------------------------------------------------

Password ******* Entered

21 Dec 2022 14:55:02 -----------------------------------------------------------------------------------------------------------------------------------------------------------

Login Success to https://inblrghma3879ln/ as clinical.admin

21 Dec 2022 14:55:12 -----------------------------------------------------------------------------------------------------------------------------------------------------------

Opening Chrome..

21 Dec 2022 14:55:14 -----------------------------------------------------------------------------------------------------------------------------------------------------------

Navigating to https://inblrghvsan10ln/

21 Dec 2022 14:55:17 -----------------------------------------------------------------------------------------------------------------------------------------------------------

Username clinical.admin Entered

21 Dec 2022 14:55:17 -----------------------------------------------------------------------------------------------------------------------------------------------------------

Password ******* Entered

21 Dec 2022 14:55:17 -----------------------------------------------------------------------------------------------------------------------------------------------------------

Login Success to https://inblrghvsan10ln/ as clinical.admin
