
19 Dec 2022 13:16:15 -----------------------------------------------------------------------------------------------------------------------------------------------------------

Build started

19 Dec 2022 13:16:15 -----------------------------------------------------------------------------------------------------------------------------------------------------------

Command run /c cd /d "D:\Repos\CDSS Collaboration\Apps.FE.LaunchPage"& ng build --prod  >> "D:\Projects\Deployment.Assistant\Deployment.Assistant\bin\Debug\Logs\Build-Deploy-19-Dec-2022-13-15-36.log" 2>&1
Your global Angular CLI version (14.2.7) is greater than your local version (10.1.3). The local Angular CLI version is used.

To disable this warning use "ng config -g cli.warnings.versionMismatch false".

chunk {} runtime.acf0dec4155e77772545.js (runtime) 1.45 kB [entry] [rendered]
chunk {1} main.e45cdbbb48731fb9cefc.js (main) 824 kB [initial] [rendered]
chunk {2} polyfills.9e3547e0b5c91fd3670a.js (polyfills) 179 kB [initial] [rendered]
chunk {3} polyfills-es5.b59f21ac53e4482564d7.js (polyfills-es5) 262 kB [initial] [rendered]
chunk {4} styles.c53f982f07a44d56f956.css (styles) 153 kB [initial] [rendered]
chunk {scripts} scripts.62c4fd509cd4aa85352d.js (scripts) 2.41 MB [entry] [rendered]
Date: 2022-12-19T07:46:53.950Z - Hash: e0e331f833707b894263 - Time: 30270ms

WARNING in D:\Repos\CDSS Collaboration\Apps.FE.LaunchPage\source\app\app.module.ts depends on '@ids/common.ui.base-services.auth-handler'. CommonJS or AMD dependencies can cause optimization bailouts.
For more info see: https://angular.io/guide/build#configuring-commonjs-dependencies

WARNING in D:\Repos\CDSS Collaboration\Apps.FE.LaunchPage\node_modules\ngx-virtual-scroller\__ivy_ngcc__\fesm2015\ngx-virtual-scroller.js depends on '@tweenjs/tween.js'. CommonJS or AMD dependencies can cause optimization bailouts.
For more info see: https://angular.io/guide/build#configuring-commonjs-dependencies

19 Dec 2022 13:16:54 -----------------------------------------------------------------------------------------------------------------------------------------------------------

Build Success!

19 Dec 2022 13:16:54 -----------------------------------------------------------------------------------------------------------------------------------------------------------

Copying D:\Repos\CDSS Collaboration\Apps.FE.LaunchPage\nginx.conf to D:\Repos\CDSS Collaboration\Apps.FE.LaunchPage\dist\nginx.conf

19 Dec 2022 13:16:54 -----------------------------------------------------------------------------------------------------------------------------------------------------------

Successfully copied D:\Repos\CDSS Collaboration\Apps.FE.LaunchPage\nginx.conf to D:\Repos\CDSS Collaboration\Apps.FE.LaunchPage\dist\nginx.conf

19 Dec 2022 13:16:54 -----------------------------------------------------------------------------------------------------------------------------------------------------------

Copying D:\Repos\CDSS Collaboration\Apps.FE.LaunchPage\Dockerfile to D:\Repos\CDSS Collaboration\Apps.FE.LaunchPage\dist\Dockerfile

19 Dec 2022 13:16:54 -----------------------------------------------------------------------------------------------------------------------------------------------------------

Successfully copied D:\Repos\CDSS Collaboration\Apps.FE.LaunchPage\Dockerfile to D:\Repos\CDSS Collaboration\Apps.FE.LaunchPage\dist\Dockerfile

19 Dec 2022 13:16:54 -----------------------------------------------------------------------------------------------------------------------------------------------------------

Building Docker Image

19 Dec 2022 13:16:54 -----------------------------------------------------------------------------------------------------------------------------------------------------------

Command Run /c cd /d D:\Repos\CDSS Collaboration\Apps.FE.LaunchPage\dist & docker build . -t launchpage-z004n44u:latest >> "D:\Projects\Deployment.Assistant\Deployment.Assistant\bin\Debug\Logs\Build-Deploy-19-Dec-2022-13-15-36.log" 2>&1
#1 [internal] load build definition from Dockerfile
#1 sha256:3dd34fb4365fd54324e0a9829bc1c78f6fafdd07e8f996b274d2a98fa799c928
#1 transferring dockerfile: 32B done
#1 DONE 0.0s

#2 [internal] load .dockerignore
#2 sha256:dfc2fa557a345155ab188457e1682e4ad8917dba45202b066251914a124e1d8f
#2 transferring context: 2B done
#2 DONE 0.0s

#3 [internal] load metadata for docker.io/library/nginx:latest
#3 sha256:06c466a4eb6821b81bd3e48610e5f38dab858b1e9acb01d6e2f6b11c8fabe6bc
#3 DONE 6.1s

#4 [ 1/14] FROM docker.io/library/nginx:latest@sha256:75263be7e5846fc69cb6c42553ff9c93d653d769b94917dbda71d42d3f3c00d3
#4 sha256:3e457acdc6fa75262b18c59e3c64c8bca5810d501ec0d5f7e64712e9e6eb447d
#4 DONE 0.0s

#6 [internal] load build context
#6 sha256:4db5f45076366f9da3dc4c1af6d3c9792c6dfc28f2a6209c30375dacc6460772
#6 transferring context: 5.12MB 0.1s done
#6 DONE 0.1s

#5 [ 2/14] WORKDIR /usr/share/nginx/html
#5 sha256:fbe6d59d35d2908568cba5d9bbc5ab6690489b47eb047f1740e8832ecfa273ba
#5 CACHED

#7 [ 3/14] COPY launch-page/ .
#7 sha256:b6b47c533b409d87da6760f6aca272dc1020c967cf9e21c4467d232f4bb139e8
#7 DONE 0.1s

#8 [ 4/14] COPY nginx.conf /etc/nginx/nginx.conf
#8 sha256:7780d418992f18e4b2435cb765c83d54e14260255ec7cb4f24c981e6eab9fb24
#8 DONE 0.1s

#9 [ 5/14] RUN groupadd --gid 1000 AIPCNonRootUser && useradd --uid 1000 --gid 1000 --home-dir /usr/share/AIPCNonRootUser --no-create-home AIPCNonRootUser
#9 sha256:9fe483193f054abee0502b7867edfbcbaaef100f43f2cf60e34be01fede7a9ab
#9 DONE 0.5s

#10 [ 6/14] RUN chown -R AIPCNonRootUser:AIPCNonRootUser /var/cache/nginx
#10 sha256:7d34413d9791478da91c683179fe67ec3af0890bc5eee61402f4993d96e60b29
#10 DONE 0.5s

#11 [ 7/14] RUN chmod 770 /var/cache/nginx
#11 sha256:906b9dcab0dcae992dd5779098e1b4972758ef9ca6dcdd0046891e73978a30ff
#11 DONE 0.6s

#12 [ 8/14] RUN touch /var/run/nginx.pid
#12 sha256:4a78c77cfc680231a4cb0a236758351b2d6179081afce7a29de06e6312f411c0
#12 DONE 0.5s

#13 [ 9/14] RUN chown -R AIPCNonRootUser:AIPCNonRootUser /var/run/nginx.pid
#13 sha256:15b5feb86269713d7d9a2662e440a258a4efe8ee551cf89c07723db591966fe3
#13 DONE 0.6s

#14 [10/14] RUN chmod 770 /var/run/nginx.pid
#14 sha256:f72d11fa91edb912335a0bb8c8d2af77edf968366b251e5ccce26c1f1cb4202e
#14 DONE 0.6s

#15 [11/14] RUN mkdir -p /usr/share/nginx/html/
#15 sha256:3b99f054d8ea72bac86c688d5192a7265e034a74bca866dc96653d2714cdd161
#15 DONE 0.6s

#16 [12/14] RUN chown AIPCNonRootUser /usr/share/nginx/html/
#16 sha256:f470e89d2c691e984c19393430bdabfa788c1a52f3168eb3a2585ea9a7dd31a6
#16 DONE 0.6s

#17 [13/14] RUN chown -R AIPCNonRootUser:AIPCNonRootUser /etc/nginx
#17 sha256:d4e116b33ebb70ed856d7a4b4b2dace0c22dc0deedb184f632e2c2a2537677a0
#17 DONE 0.6s

#18 [14/14] RUN chmod 770 /etc/nginx
#18 sha256:20716bc32e44345ecbf5cbab306abf378037913a037096e92df1cce93da2e7d0
#18 DONE 0.6s

#19 exporting to image
#19 sha256:e8c613e07b0b7ff33893b694f7759a10d42e180f2b4dc349fb57dc6b71dcab00
#19 exporting layers
#19 exporting layers 0.3s done
#19 writing image sha256:c673ffc4f1b8afed53c7572991012dba3234ff2738bb248d1aa7d61a424487bd done
#19 naming to docker.io/library/launchpage-z004n44u:latest done
#19 DONE 0.3s

Use 'docker scan' to run Snyk tests against images to find vulnerabilities and learn how to fix them

19 Dec 2022 13:17:08 -----------------------------------------------------------------------------------------------------------------------------------------------------------

Docker Build Successful for launchpage-z004n44u:latest

19 Dec 2022 13:17:08 -----------------------------------------------------------------------------------------------------------------------------------------------------------

Tagging Docker Image

19 Dec 2022 13:17:08 -----------------------------------------------------------------------------------------------------------------------------------------------------------

Command Run /c cd /d D:\Repos\CDSS Collaboration\Apps.FE.LaunchPage\dist & docker tag launchpage-z004n44u:latest gokarna.azurecr.io/launchpage-z004n44u:latest >> "D:\Projects\Deployment.Assistant\Deployment.Assistant\bin\Debug\Logs\Build-Deploy-19-Dec-2022-13-15-36.log" 2>&1

19 Dec 2022 13:17:08 -----------------------------------------------------------------------------------------------------------------------------------------------------------

Docker Tag Successful to gokarna.azurecr.io/launchpage-z004n44u:latest

19 Dec 2022 13:17:08 -----------------------------------------------------------------------------------------------------------------------------------------------------------

Pushing Docker Image

19 Dec 2022 13:17:08 -----------------------------------------------------------------------------------------------------------------------------------------------------------

Command Run /c cd /d D:\Repos\CDSS Collaboration\Apps.FE.LaunchPage\dist & docker push gokarna.azurecr.io/launchpage-z004n44u:latest >> "D:\Projects\Deployment.Assistant\Deployment.Assistant\bin\Debug\Logs\Build-Deploy-19-Dec-2022-13-15-36.log" 2>&1
The push refers to repository [gokarna.azurecr.io/launchpage-z004n44u]
d7f42e107c90: Preparing
919518478a85: Preparing
d1d0a7d49f9b: Preparing
30902b2e7ba7: Preparing
9c92418cb0f7: Preparing
2af21b90fdb6: Preparing
27446b2c1a00: Preparing
a3c3af78e675: Preparing
e9af7c4b7432: Preparing
fd09cb5d16c0: Preparing
df61527c9445: Preparing
7f09aa17721e: Preparing
5f70bf18a086: Preparing
e83791f03918: Preparing
10e506a84718: Preparing
9485bb85a132: Preparing
47064e0edc59: Preparing
5678f6b95362: Preparing
b5ebffba54d3: Preparing
2af21b90fdb6: Waiting
e83791f03918: Waiting
10e506a84718: Waiting
9485bb85a132: Waiting
27446b2c1a00: Waiting
47064e0edc59: Waiting
5678f6b95362: Waiting
df61527c9445: Waiting
b5ebffba54d3: Waiting
a3c3af78e675: Waiting
7f09aa17721e: Waiting
5f70bf18a086: Waiting
e9af7c4b7432: Waiting
fd09cb5d16c0: Waiting
d1d0a7d49f9b: Pushed
d7f42e107c90: Pushed
30902b2e7ba7: Pushed
9c92418cb0f7: Pushed
919518478a85: Pushed
2af21b90fdb6: Pushed
a3c3af78e675: Pushed
27446b2c1a00: Pushed
5f70bf18a086: Layer already exists
fd09cb5d16c0: Pushed
e9af7c4b7432: Pushed
e83791f03918: Layer already exists
10e506a84718: Layer already exists
9485bb85a132: Layer already exists
47064e0edc59: Layer already exists
df61527c9445: Pushed
b5ebffba54d3: Layer already exists
5678f6b95362: Layer already exists
7f09aa17721e: Pushed
latest: digest: sha256:91f85a016481e604ae2647801ee006f90ae22c69e2b3e7fae355357d1860d9ab size: 4266

19 Dec 2022 13:19:13 -----------------------------------------------------------------------------------------------------------------------------------------------------------

Docker Push Successful to gokarna.azurecr.io/launchpage-z004n44u:latest

19 Dec 2022 13:19:13 -----------------------------------------------------------------------------------------------------------------------------------------------------------

Connecting to inblrghma3879ln

19 Dec 2022 13:19:15 -----------------------------------------------------------------------------------------------------------------------------------------------------------

Successfully connected to inblrghma3879ln

19 Dec 2022 13:19:15 -----------------------------------------------------------------------------------------------------------------------------------------------------------

Command Run : kubectl get pods -n ai-pc-product

19 Dec 2022 13:19:15 -----------------------------------------------------------------------------------------------------------------------------------------------------------

NAME                                           READY   STATUS    RESTARTS   AGE
amp-manager-5b987cb97-lr7kg                    1/1     Running   0          63d
auditlogservice-5f4d6fbb9d-dx5f7               1/1     Running   0          64d
authservice-88f9fd758-jjhfd                    1/1     Running   0          62d
cad-fe-d4476f687-l2r9z                         1/1     Running   0          63d
cadbackendservice-7fd4d7888c-l484s             1/1     Running   0          2d23h
cadconcordanceservice-557d99d97f-f2z4k         1/1     Running   0          63d
cadriskcalculatorservice-56d6946d7d-2qrkh      1/1     Running   0          63d
chest-pain-fe-89f997ff-rmslb                   1/1     Running   0          80m
configurationservice-5459457fc6-lnq2h          1/1     Running   0          64d
csvreaderservice-5f694dc8db-t9f9g              1/1     Running   0          63d
dicommetadata-74fb96f86f-9pqgm                 1/1     Running   0          63d
doc-import-54bf99db6-xrrg9                     1/1     Running   0          62d
error-reporting-device-75c754b79f-qggfq        1/1     Running   0          62d
export-orchestrator-597cbcccf7-s4snn           1/1     Running   0          62d
fhir-78f89876d4-g9glk                          1/1     Running   0          63d
fhir-document-parser-device-67755f977f-bhtm5   1/1     Running   0          63d
fhir-export-device-67b6fd978c-n9snp            1/1     Running   0          62d
fhir-import-7767fc8db8-4tr9x                   1/1     Running   0          62d
filesystem-export-device-5bd7c9ccd-g5w7g       1/1     Running   0          62d
imageaccessservice-775ddb6cfd-dht2s            1/1     Running   0          63d
import-orchestrator-6b95cf8fdf-w5qhv           1/1     Running   0          62d
launchpage-5cf87bbf4c-zjr4n                    1/1     Running   0          56m
launchpageservice-684cd686c9-s68px             1/1     Running   0          12d
licenseservice-bdd94577b-hcdmh                 1/1     Running   0          62d
logger-5695b4657c-f56kx                        1/1     Running   0          64d
loginpage-5d8c7bcffb-ldxtq                     1/1     Running   0          63d
nlpaccessservice-5758cc4845-7ssjp              1/1     Running   0          63d
nlpfhirrenderer-77f4d48f96-x95nq               1/1     Running   0          63d
pacs-connector-7dc5c6799c-fq2rm                1/1     Running   0          62d
patientdeleteservice-559d74b5bf-sdgsj          1/1     Running   0          31d
postgres-c5cbf997f-9wztv                       1/1     Running   0          63d
rabbitmq-859b96c59d-85grj                      1/1     Running   0          63d
report-type-converter-7f6f784d75-r2l82         1/1     Running   0          62d
reportconverter-5d8cf5647b-d4c9f               1/1     Running   0          63d
reportcreationservice-5c48c6b4df-cb5fv         1/1     Running   0          63d
reverse-proxy-69f5b4d855-jdhg2                 1/1     Running   0          63d
ruleengineservice-5bbb6ddfd4-zv99r             1/1     Running   0          63d
settingsui-6849c4c946-sfj4r                    1/1     Running   0          64d
snomedqueryservice-5cf86455d9-jm8jr            1/1     Running   0          63d
tika-5776fb956-tfkjt                           1/1     Running   0          63d
unitconversionservice-68bb5f5c96-9wnlv         1/1     Running   0          63d


19 Dec 2022 13:19:15 -----------------------------------------------------------------------------------------------------------------------------------------------------------

Command Run : kubectl set image deployment/launchpage launchpage=gokarna.azurecr.io/launchpage-z004n44u:latest -n ai-pc-product

19 Dec 2022 13:19:16 -----------------------------------------------------------------------------------------------------------------------------------------------------------

Command Run : kubectl delete pod launchpage-5cf87bbf4c-zjr4n -n ai-pc-product

19 Dec 2022 13:19:51 -----------------------------------------------------------------------------------------------------------------------------------------------------------

pod "launchpage-5cf87bbf4c-zjr4n" deleted


19 Dec 2022 13:19:52 -----------------------------------------------------------------------------------------------------------------------------------------------------------

NAME                                           READY   STATUS    RESTARTS   AGE
amp-manager-5b987cb97-lr7kg                    1/1     Running   0          63d
auditlogservice-5f4d6fbb9d-dx5f7               1/1     Running   0          64d
authservice-88f9fd758-jjhfd                    1/1     Running   0          62d
cad-fe-d4476f687-l2r9z                         1/1     Running   0          63d
cadbackendservice-7fd4d7888c-l484s             1/1     Running   0          2d23h
cadconcordanceservice-557d99d97f-f2z4k         1/1     Running   0          63d
cadriskcalculatorservice-56d6946d7d-2qrkh      1/1     Running   0          63d
chest-pain-fe-89f997ff-rmslb                   1/1     Running   0          81m
configurationservice-5459457fc6-lnq2h          1/1     Running   0          64d
csvreaderservice-5f694dc8db-t9f9g              1/1     Running   0          63d
dicommetadata-74fb96f86f-9pqgm                 1/1     Running   0          63d
doc-import-54bf99db6-xrrg9                     1/1     Running   0          62d
error-reporting-device-75c754b79f-qggfq        1/1     Running   0          62d
export-orchestrator-597cbcccf7-s4snn           1/1     Running   0          62d
fhir-78f89876d4-g9glk                          1/1     Running   0          63d
fhir-document-parser-device-67755f977f-bhtm5   1/1     Running   0          63d
fhir-export-device-67b6fd978c-n9snp            1/1     Running   0          62d
fhir-import-7767fc8db8-4tr9x                   1/1     Running   0          62d
filesystem-export-device-5bd7c9ccd-g5w7g       1/1     Running   0          62d
imageaccessservice-775ddb6cfd-dht2s            1/1     Running   0          63d
import-orchestrator-6b95cf8fdf-w5qhv           1/1     Running   0          62d
launchpage-5cf87bbf4c-9q5p5                    1/1     Running   0          35s
launchpageservice-684cd686c9-s68px             1/1     Running   0          12d
licenseservice-bdd94577b-hcdmh                 1/1     Running   0          62d
logger-5695b4657c-f56kx                        1/1     Running   0          64d
loginpage-5d8c7bcffb-ldxtq                     1/1     Running   0          63d
nlpaccessservice-5758cc4845-7ssjp              1/1     Running   0          63d
nlpfhirrenderer-77f4d48f96-x95nq               1/1     Running   0          63d
pacs-connector-7dc5c6799c-fq2rm                1/1     Running   0          62d
patientdeleteservice-559d74b5bf-sdgsj          1/1     Running   0          31d
postgres-c5cbf997f-9wztv                       1/1     Running   0          63d
rabbitmq-859b96c59d-85grj                      1/1     Running   0          63d
report-type-converter-7f6f784d75-r2l82         1/1     Running   0          62d
reportconverter-5d8cf5647b-d4c9f               1/1     Running   0          63d
reportcreationservice-5c48c6b4df-cb5fv         1/1     Running   0          63d
reverse-proxy-69f5b4d855-jdhg2                 1/1     Running   0          63d
ruleengineservice-5bbb6ddfd4-zv99r             1/1     Running   0          63d
settingsui-6849c4c946-sfj4r                    1/1     Running   0          64d
snomedqueryservice-5cf86455d9-jm8jr            1/1     Running   0          63d
tika-5776fb956-tfkjt                           1/1     Running   0          63d
unitconversionservice-68bb5f5c96-9wnlv         1/1     Running   0          63d


19 Dec 2022 13:19:52 -----------------------------------------------------------------------------------------------------------------------------------------------------------

Deployment Successful!

19 Dec 2022 13:19:59 -----------------------------------------------------------------------------------------------------------------------------------------------------------

Opening Chrome..

19 Dec 2022 13:20:03 -----------------------------------------------------------------------------------------------------------------------------------------------------------

Navigating to https://inblrghma3879ln/

19 Dec 2022 13:20:12 -----------------------------------------------------------------------------------------------------------------------------------------------------------

Username clinical.admin Entered

19 Dec 2022 13:20:12 -----------------------------------------------------------------------------------------------------------------------------------------------------------

Password ******* Entered

19 Dec 2022 13:20:12 -----------------------------------------------------------------------------------------------------------------------------------------------------------

Login Success to https://inblrghma3879ln/ as clinical.admin

19 Dec 2022 13:21:39 -----------------------------------------------------------------------------------------------------------------------------------------------------------

Build started

19 Dec 2022 13:21:39 -----------------------------------------------------------------------------------------------------------------------------------------------------------

Command run /c cd /d "D:\Repos\CDSS Collaboration\Apps.FE.LaunchPage"& ng build --prod  >> "D:\Projects\Deployment.Assistant\Deployment.Assistant\bin\Debug\Logs\Build-Deploy-19-Dec-2022-13-15-36.log" 2>&1
Your global Angular CLI version (14.2.7) is greater than your local version (10.1.3). The local Angular CLI version is used.

To disable this warning use "ng config -g cli.warnings.versionMismatch false".

chunk {} runtime.acf0dec4155e77772545.js (runtime) 1.45 kB [entry] [rendered]
chunk {1} main.97fd898db8204644de49.js (main) 824 kB [initial] [rendered]
chunk {2} polyfills.9e3547e0b5c91fd3670a.js (polyfills) 179 kB [initial] [rendered]
chunk {3} polyfills-es5.b59f21ac53e4482564d7.js (polyfills-es5) 262 kB [initial] [rendered]
chunk {4} styles.c53f982f07a44d56f956.css (styles) 153 kB [initial] [rendered]
chunk {scripts} scripts.62c4fd509cd4aa85352d.js (scripts) 2.41 MB [entry] [rendered]
Date: 2022-12-19T07:52:17.182Z - Hash: 868fd18a07fbe8b68a40 - Time: 29803ms

WARNING in D:\Repos\CDSS Collaboration\Apps.FE.LaunchPage\source\app\app.module.ts depends on '@ids/common.ui.base-services.auth-handler'. CommonJS or AMD dependencies can cause optimization bailouts.
For more info see: https://angular.io/guide/build#configuring-commonjs-dependencies

WARNING in D:\Repos\CDSS Collaboration\Apps.FE.LaunchPage\node_modules\ngx-virtual-scroller\__ivy_ngcc__\fesm2015\ngx-virtual-scroller.js depends on '@tweenjs/tween.js'. CommonJS or AMD dependencies can cause optimization bailouts.
For more info see: https://angular.io/guide/build#configuring-commonjs-dependencies

19 Dec 2022 13:22:17 -----------------------------------------------------------------------------------------------------------------------------------------------------------

Build Success!

19 Dec 2022 13:22:17 -----------------------------------------------------------------------------------------------------------------------------------------------------------

Copying D:\Repos\CDSS Collaboration\Apps.FE.LaunchPage\nginx.conf to D:\Repos\CDSS Collaboration\Apps.FE.LaunchPage\dist\nginx.conf

19 Dec 2022 13:22:17 -----------------------------------------------------------------------------------------------------------------------------------------------------------

Successfully copied D:\Repos\CDSS Collaboration\Apps.FE.LaunchPage\nginx.conf to D:\Repos\CDSS Collaboration\Apps.FE.LaunchPage\dist\nginx.conf

19 Dec 2022 13:22:17 -----------------------------------------------------------------------------------------------------------------------------------------------------------

Copying D:\Repos\CDSS Collaboration\Apps.FE.LaunchPage\Dockerfile to D:\Repos\CDSS Collaboration\Apps.FE.LaunchPage\dist\Dockerfile

19 Dec 2022 13:22:17 -----------------------------------------------------------------------------------------------------------------------------------------------------------

Successfully copied D:\Repos\CDSS Collaboration\Apps.FE.LaunchPage\Dockerfile to D:\Repos\CDSS Collaboration\Apps.FE.LaunchPage\dist\Dockerfile

19 Dec 2022 13:22:17 -----------------------------------------------------------------------------------------------------------------------------------------------------------

Building Docker Image

19 Dec 2022 13:22:17 -----------------------------------------------------------------------------------------------------------------------------------------------------------

Command Run /c cd /d D:\Repos\CDSS Collaboration\Apps.FE.LaunchPage\dist & docker build . -t launchpage-z004n44u:latest >> "D:\Projects\Deployment.Assistant\Deployment.Assistant\bin\Debug\Logs\Build-Deploy-19-Dec-2022-13-15-36.log" 2>&1
#1 [internal] load build definition from Dockerfile
#1 sha256:08754834bf35f0c31596032b84001984ab54e2fe8cc42bd393c8d5bf4c7c0ffb
#1 transferring dockerfile: 32B done
#1 DONE 0.0s

#2 [internal] load .dockerignore
#2 sha256:bcfd6e707b6cac6b6257605ff934b9b144ed7154b063666cdbf921752fc60452
#2 transferring context: 2B done
#2 DONE 0.0s

#3 [internal] load metadata for docker.io/library/nginx:latest
#3 sha256:06c466a4eb6821b81bd3e48610e5f38dab858b1e9acb01d6e2f6b11c8fabe6bc
#3 DONE 6.5s

#4 [ 1/14] FROM docker.io/library/nginx:latest@sha256:75263be7e5846fc69cb6c42553ff9c93d653d769b94917dbda71d42d3f3c00d3
#4 sha256:3e457acdc6fa75262b18c59e3c64c8bca5810d501ec0d5f7e64712e9e6eb447d
#4 DONE 0.0s

#6 [internal] load build context
#6 sha256:9b37976da8ba46fae10712943b3ab8a4ec4d1b9da8cde1cf2fc4ab7e0aeecd6c
#6 transferring context: 31B
#6 transferring context: 5.12MB 0.1s done
#6 DONE 0.1s

#5 [ 2/14] WORKDIR /usr/share/nginx/html
#5 sha256:fbe6d59d35d2908568cba5d9bbc5ab6690489b47eb047f1740e8832ecfa273ba
#5 CACHED

#7 [ 3/14] COPY launch-page/ .
#7 sha256:5d8328f7f6553c53070eba23740a0413e332983551e7c071758acce9ea4f8eda
#7 DONE 0.1s

#8 [ 4/14] COPY nginx.conf /etc/nginx/nginx.conf
#8 sha256:08e37d40caad3d4beaff780cae19f916d453cc58af7f3e52aab79e2a6c93ca0d
#8 DONE 0.1s

#9 [ 5/14] RUN groupadd --gid 1000 AIPCNonRootUser && useradd --uid 1000 --gid 1000 --home-dir /usr/share/AIPCNonRootUser --no-create-home AIPCNonRootUser
#9 sha256:f4146303c4c4509b3572a71cac70bb1de43da4d15e7ae96155a0e5b80584a02b
#9 DONE 0.5s

#10 [ 6/14] RUN chown -R AIPCNonRootUser:AIPCNonRootUser /var/cache/nginx
#10 sha256:02fbddbe88fe014b36b613852266a39c799c30d69250f5965764780c065d76fc
#10 DONE 0.6s

#11 [ 7/14] RUN chmod 770 /var/cache/nginx
#11 sha256:b527777816dd433ab8b1674e3ef5980198f67f7cf891c643d0484c800ade5196
#11 DONE 0.5s

#12 [ 8/14] RUN touch /var/run/nginx.pid
#12 sha256:189a12e465b5caf9dcea2ac8cc0816e0c5a8b84abc6386512a899e0d7bdd2f36
#12 DONE 0.6s

#13 [ 9/14] RUN chown -R AIPCNonRootUser:AIPCNonRootUser /var/run/nginx.pid
#13 sha256:ffa9b31170f3b36c11b9d0a8bc59368cb7b60208c153147241dbbcaf4f407a06
#13 DONE 0.6s

#14 [10/14] RUN chmod 770 /var/run/nginx.pid
#14 sha256:f8315ceed834fcd603c17f9c2549f74cbef23cb9cc3127d36a7234ae5b3a2a06
#14 DONE 0.5s

#15 [11/14] RUN mkdir -p /usr/share/nginx/html/
#15 sha256:56a87347e4c872b85cf27816e1fa4319bb9a31c9457086e6259e92728295d45c
#15 DONE 0.6s

#16 [12/14] RUN chown AIPCNonRootUser /usr/share/nginx/html/
#16 sha256:c1c0555ac602e02f36c7bfc86a6c4a037e4f1ecbdd79edb45bad67f85105f313
#16 DONE 0.7s

#17 [13/14] RUN chown -R AIPCNonRootUser:AIPCNonRootUser /etc/nginx
#17 sha256:cc5b20a1954d8a784e5f51a9d1c9a0f716320e8f5b91bc209ad35a8ae1ae8432
#17 DONE 0.6s

#18 [14/14] RUN chmod 770 /etc/nginx
#18 sha256:aaee3395cc1e4e05bc94c0e917f47ce87370d4bb98f43e3eae66f3b42b90671e
#18 DONE 0.6s

#19 exporting to image
#19 sha256:e8c613e07b0b7ff33893b694f7759a10d42e180f2b4dc349fb57dc6b71dcab00
#19 exporting layers
#19 exporting layers 0.3s done
#19 writing image sha256:f829b1628d266b2c83bd2a3a19487b94e5cb90a0b32d922a52bdbe0dc5d144ba done
#19 naming to docker.io/library/launchpage-z004n44u:latest done
#19 DONE 0.3s

Use 'docker scan' to run Snyk tests against images to find vulnerabilities and learn how to fix them

19 Dec 2022 13:22:31 -----------------------------------------------------------------------------------------------------------------------------------------------------------

Docker Build Successful for launchpage-z004n44u:latest

19 Dec 2022 13:22:31 -----------------------------------------------------------------------------------------------------------------------------------------------------------

Tagging Docker Image

19 Dec 2022 13:22:31 -----------------------------------------------------------------------------------------------------------------------------------------------------------

Command Run /c cd /d D:\Repos\CDSS Collaboration\Apps.FE.LaunchPage\dist & docker tag launchpage-z004n44u:latest gokarna.azurecr.io/launchpage-z004n44u:latest >> "D:\Projects\Deployment.Assistant\Deployment.Assistant\bin\Debug\Logs\Build-Deploy-19-Dec-2022-13-15-36.log" 2>&1

19 Dec 2022 13:22:32 -----------------------------------------------------------------------------------------------------------------------------------------------------------

Docker Tag Successful to gokarna.azurecr.io/launchpage-z004n44u:latest

19 Dec 2022 13:22:32 -----------------------------------------------------------------------------------------------------------------------------------------------------------

Pushing Docker Image

19 Dec 2022 13:22:32 -----------------------------------------------------------------------------------------------------------------------------------------------------------

Command Run /c cd /d D:\Repos\CDSS Collaboration\Apps.FE.LaunchPage\dist & docker push gokarna.azurecr.io/launchpage-z004n44u:latest >> "D:\Projects\Deployment.Assistant\Deployment.Assistant\bin\Debug\Logs\Build-Deploy-19-Dec-2022-13-15-36.log" 2>&1
The push refers to repository [gokarna.azurecr.io/launchpage-z004n44u]
1ad5d8029bb9: Preparing
c1a1b6644eb6: Preparing
e02fff0223ec: Preparing
a7f43d2012eb: Preparing
fb2ef66fdeef: Preparing
ef0731c81c2d: Preparing
5a04d1598821: Preparing
4631a0b54f83: Preparing
ef101a3c18f4: Preparing
d255701bdeda: Preparing
8cbe9fff8656: Preparing
9786cab843c4: Preparing
5f70bf18a086: Preparing
e83791f03918: Preparing
10e506a84718: Preparing
9485bb85a132: Preparing
47064e0edc59: Preparing
5678f6b95362: Preparing
b5ebffba54d3: Preparing
d255701bdeda: Waiting
8cbe9fff8656: Waiting
47064e0edc59: Waiting
5678f6b95362: Waiting
b5ebffba54d3: Waiting
9786cab843c4: Waiting
10e506a84718: Waiting
9485bb85a132: Waiting
ef0731c81c2d: Waiting
4631a0b54f83: Waiting
5a04d1598821: Waiting
ef101a3c18f4: Waiting
5f70bf18a086: Waiting
e83791f03918: Waiting
1ad5d8029bb9: Pushed
c1a1b6644eb6: Pushed
e02fff0223ec: Pushed
a7f43d2012eb: Pushed
fb2ef66fdeef: Pushed
5a04d1598821: Pushed
ef101a3c18f4: Pushed
4631a0b54f83: Pushed
ef0731c81c2d: Pushed
d255701bdeda: Pushed
10e506a84718: Layer already exists
5f70bf18a086: Layer already exists
e83791f03918: Layer already exists
9485bb85a132: Layer already exists
47064e0edc59: Layer already exists
5678f6b95362: Layer already exists
b5ebffba54d3: Layer already exists
8cbe9fff8656: Pushed
9786cab843c4: Pushed
latest: digest: sha256:e8d4fe952af4fecf1775765d323562f17c29086bd8170abbf6806d76c16cf9a1 size: 4266

19 Dec 2022 13:23:48 -----------------------------------------------------------------------------------------------------------------------------------------------------------

Docker Push Successful to gokarna.azurecr.io/launchpage-z004n44u:latest

19 Dec 2022 13:23:48 -----------------------------------------------------------------------------------------------------------------------------------------------------------

Connecting to inblrghma3879ln

19 Dec 2022 13:23:49 -----------------------------------------------------------------------------------------------------------------------------------------------------------

Successfully connected to inblrghma3879ln

19 Dec 2022 13:23:49 -----------------------------------------------------------------------------------------------------------------------------------------------------------

Command Run : kubectl get pods -n ai-pc-product

19 Dec 2022 13:23:50 -----------------------------------------------------------------------------------------------------------------------------------------------------------

NAME                                           READY   STATUS    RESTARTS   AGE
amp-manager-5b987cb97-lr7kg                    1/1     Running   0          63d
auditlogservice-5f4d6fbb9d-dx5f7               1/1     Running   0          64d
authservice-88f9fd758-jjhfd                    1/1     Running   0          62d
cad-fe-d4476f687-l2r9z                         1/1     Running   0          63d
cadbackendservice-7fd4d7888c-l484s             1/1     Running   0          2d23h
cadconcordanceservice-557d99d97f-f2z4k         1/1     Running   0          63d
cadriskcalculatorservice-56d6946d7d-2qrkh      1/1     Running   0          63d
chest-pain-fe-89f997ff-rmslb                   1/1     Running   0          85m
configurationservice-5459457fc6-lnq2h          1/1     Running   0          64d
csvreaderservice-5f694dc8db-t9f9g              1/1     Running   0          63d
dicommetadata-74fb96f86f-9pqgm                 1/1     Running   0          63d
doc-import-54bf99db6-xrrg9                     1/1     Running   0          62d
error-reporting-device-75c754b79f-qggfq        1/1     Running   0          62d
export-orchestrator-597cbcccf7-s4snn           1/1     Running   0          62d
fhir-78f89876d4-g9glk                          1/1     Running   0          63d
fhir-document-parser-device-67755f977f-bhtm5   1/1     Running   0          63d
fhir-export-device-67b6fd978c-n9snp            1/1     Running   0          62d
fhir-import-7767fc8db8-4tr9x                   1/1     Running   0          62d
filesystem-export-device-5bd7c9ccd-g5w7g       1/1     Running   0          62d
imageaccessservice-775ddb6cfd-dht2s            1/1     Running   0          63d
import-orchestrator-6b95cf8fdf-w5qhv           1/1     Running   0          62d
launchpage-5cf87bbf4c-9q5p5                    1/1     Running   0          4m33s
launchpageservice-684cd686c9-s68px             1/1     Running   0          12d
licenseservice-bdd94577b-hcdmh                 1/1     Running   0          62d
logger-5695b4657c-f56kx                        1/1     Running   0          64d
loginpage-5d8c7bcffb-ldxtq                     1/1     Running   0          63d
nlpaccessservice-5758cc4845-7ssjp              1/1     Running   0          63d
nlpfhirrenderer-77f4d48f96-x95nq               1/1     Running   0          63d
pacs-connector-7dc5c6799c-fq2rm                1/1     Running   0          62d
patientdeleteservice-559d74b5bf-sdgsj          1/1     Running   0          31d
postgres-c5cbf997f-9wztv                       1/1     Running   0          63d
rabbitmq-859b96c59d-85grj                      1/1     Running   0          63d
report-type-converter-7f6f784d75-r2l82         1/1     Running   0          62d
reportconverter-5d8cf5647b-d4c9f               1/1     Running   0          63d
reportcreationservice-5c48c6b4df-cb5fv         1/1     Running   0          63d
reverse-proxy-69f5b4d855-jdhg2                 1/1     Running   0          63d
ruleengineservice-5bbb6ddfd4-zv99r             1/1     Running   0          63d
settingsui-6849c4c946-sfj4r                    1/1     Running   0          64d
snomedqueryservice-5cf86455d9-jm8jr            1/1     Running   0          63d
tika-5776fb956-tfkjt                           1/1     Running   0          63d
unitconversionservice-68bb5f5c96-9wnlv         1/1     Running   0          63d


19 Dec 2022 13:23:50 -----------------------------------------------------------------------------------------------------------------------------------------------------------

Command Run : kubectl set image deployment/launchpage launchpage=gokarna.azurecr.io/launchpage-z004n44u:latest -n ai-pc-product

19 Dec 2022 13:23:51 -----------------------------------------------------------------------------------------------------------------------------------------------------------

Command Run : kubectl delete pod launchpage-5cf87bbf4c-9q5p5 -n ai-pc-product

19 Dec 2022 13:24:30 -----------------------------------------------------------------------------------------------------------------------------------------------------------

pod "launchpage-5cf87bbf4c-9q5p5" deleted


19 Dec 2022 13:24:31 -----------------------------------------------------------------------------------------------------------------------------------------------------------

NAME                                           READY   STATUS    RESTARTS   AGE
amp-manager-5b987cb97-lr7kg                    1/1     Running   0          63d
auditlogservice-5f4d6fbb9d-dx5f7               1/1     Running   0          64d
authservice-88f9fd758-jjhfd                    1/1     Running   0          62d
cad-fe-d4476f687-l2r9z                         1/1     Running   0          63d
cadbackendservice-7fd4d7888c-l484s             1/1     Running   0          2d23h
cadconcordanceservice-557d99d97f-f2z4k         1/1     Running   0          63d
cadriskcalculatorservice-56d6946d7d-2qrkh      1/1     Running   0          63d
chest-pain-fe-89f997ff-rmslb                   1/1     Running   0          85m
configurationservice-5459457fc6-lnq2h          1/1     Running   0          64d
csvreaderservice-5f694dc8db-t9f9g              1/1     Running   0          63d
dicommetadata-74fb96f86f-9pqgm                 1/1     Running   0          63d
doc-import-54bf99db6-xrrg9                     1/1     Running   0          62d
error-reporting-device-75c754b79f-qggfq        1/1     Running   0          62d
export-orchestrator-597cbcccf7-s4snn           1/1     Running   0          62d
fhir-78f89876d4-g9glk                          1/1     Running   0          63d
fhir-document-parser-device-67755f977f-bhtm5   1/1     Running   0          63d
fhir-export-device-67b6fd978c-n9snp            1/1     Running   0          62d
fhir-import-7767fc8db8-4tr9x                   1/1     Running   0          62d
filesystem-export-device-5bd7c9ccd-g5w7g       1/1     Running   0          62d
imageaccessservice-775ddb6cfd-dht2s            1/1     Running   0          63d
import-orchestrator-6b95cf8fdf-w5qhv           1/1     Running   0          62d
launchpage-5cf87bbf4c-5r58q                    1/1     Running   0          40s
launchpageservice-684cd686c9-s68px             1/1     Running   0          12d
licenseservice-bdd94577b-hcdmh                 1/1     Running   0          62d
logger-5695b4657c-f56kx                        1/1     Running   0          64d
loginpage-5d8c7bcffb-ldxtq                     1/1     Running   0          63d
nlpaccessservice-5758cc4845-7ssjp              1/1     Running   0          63d
nlpfhirrenderer-77f4d48f96-x95nq               1/1     Running   0          63d
pacs-connector-7dc5c6799c-fq2rm                1/1     Running   0          62d
patientdeleteservice-559d74b5bf-sdgsj          1/1     Running   0          31d
postgres-c5cbf997f-9wztv                       1/1     Running   0          63d
rabbitmq-859b96c59d-85grj                      1/1     Running   0          63d
report-type-converter-7f6f784d75-r2l82         1/1     Running   0          62d
reportconverter-5d8cf5647b-d4c9f               1/1     Running   0          63d
reportcreationservice-5c48c6b4df-cb5fv         1/1     Running   0          63d
reverse-proxy-69f5b4d855-jdhg2                 1/1     Running   0          63d
ruleengineservice-5bbb6ddfd4-zv99r             1/1     Running   0          63d
settingsui-6849c4c946-sfj4r                    1/1     Running   0          64d
snomedqueryservice-5cf86455d9-jm8jr            1/1     Running   0          63d
tika-5776fb956-tfkjt                           1/1     Running   0          63d
unitconversionservice-68bb5f5c96-9wnlv         1/1     Running   0          63d


19 Dec 2022 13:24:31 -----------------------------------------------------------------------------------------------------------------------------------------------------------

Deployment Successful!

19 Dec 2022 13:36:50 -----------------------------------------------------------------------------------------------------------------------------------------------------------

Opening Chrome..

19 Dec 2022 13:36:52 -----------------------------------------------------------------------------------------------------------------------------------------------------------

Navigating to https://inblrghma3879ln/

19 Dec 2022 13:37:07 -----------------------------------------------------------------------------------------------------------------------------------------------------------

Username clinical.admin Entered

19 Dec 2022 13:37:07 -----------------------------------------------------------------------------------------------------------------------------------------------------------

Password ******* Entered

19 Dec 2022 13:37:07 -----------------------------------------------------------------------------------------------------------------------------------------------------------

Login Success to https://inblrghma3879ln/ as clinical.admin
