
22 Dec 2022 08:48:12 -----------------------------------------------------------------------------------------------------------------------------------------------------------

Opening Chrome..

22 Dec 2022 08:48:17 -----------------------------------------------------------------------------------------------------------------------------------------------------------

Navigating to https://inblrghma3879ln/

22 Dec 2022 08:48:20 -----------------------------------------------------------------------------------------------------------------------------------------------------------

Username clinical.admin Entered

22 Dec 2022 08:48:20 -----------------------------------------------------------------------------------------------------------------------------------------------------------

Password ******* Entered

22 Dec 2022 08:48:20 -----------------------------------------------------------------------------------------------------------------------------------------------------------

Login Success to https://inblrghma3879ln/ as clinical.admin

22 Dec 2022 08:48:44 -----------------------------------------------------------------------------------------------------------------------------------------------------------

Opening Chrome..

22 Dec 2022 08:48:46 -----------------------------------------------------------------------------------------------------------------------------------------------------------

Navigating to https://inblrghvsan10ln/

22 Dec 2022 08:48:49 -----------------------------------------------------------------------------------------------------------------------------------------------------------

Username clinical.admin Entered

22 Dec 2022 08:48:49 -----------------------------------------------------------------------------------------------------------------------------------------------------------

Password ******* Entered

22 Dec 2022 08:48:49 -----------------------------------------------------------------------------------------------------------------------------------------------------------

Login Success to https://inblrghvsan10ln/ as clinical.admin

22 Dec 2022 09:12:22 -----------------------------------------------------------------------------------------------------------------------------------------------------------

Opening Chrome..

22 Dec 2022 09:12:24 -----------------------------------------------------------------------------------------------------------------------------------------------------------

Navigating to https://inblrghma3879ln/

22 Dec 2022 09:12:29 -----------------------------------------------------------------------------------------------------------------------------------------------------------

Username clinical.admin Entered

22 Dec 2022 09:12:29 -----------------------------------------------------------------------------------------------------------------------------------------------------------

Password ******* Entered

22 Dec 2022 09:12:29 -----------------------------------------------------------------------------------------------------------------------------------------------------------

Login Success to https://inblrghma3879ln/ as clinical.admin
