
13 Dec 2022 14:14:50 -----------------------------------------------------------------------------------------------------------------------------------------------------------

Connecting to inblrghma3879ln

13 Dec 2022 14:14:50 -----------------------------------------------------------------------------------------------------------------------------------------------------------

Successfully connected to inblrghma3879ln

13 Dec 2022 14:14:50 -----------------------------------------------------------------------------------------------------------------------------------------------------------

Command Run : kubectl get pods -n ai-pc-product

13 Dec 2022 14:14:51 -----------------------------------------------------------------------------------------------------------------------------------------------------------

~
aipc-k8s-config
CreateKubeConfig.sh
INBLRGHMAN079LN.rd001.onehc.net.crt
INBLRGHMAN079LN.rd001.onehc.net.key
INBLRGHMAN079LN.rd001.onehc.net.pem
installPathway.log
patient_delete.yaml
test-cert.crt
test-cert.key


13 Dec 2022 14:14:51 -----------------------------------------------------------------------------------------------------------------------------------------------------------

Client inblrghma3879ln disconnected.

13 Dec 2022 14:15:05 -----------------------------------------------------------------------------------------------------------------------------------------------------------

Connecting to inblrghma3879ln

13 Dec 2022 14:15:05 -----------------------------------------------------------------------------------------------------------------------------------------------------------

Successfully connected to inblrghma3879ln

13 Dec 2022 14:15:05 -----------------------------------------------------------------------------------------------------------------------------------------------------------

Command Run : kubectl get pods -n ai-pc-product

13 Dec 2022 14:15:06 -----------------------------------------------------------------------------------------------------------------------------------------------------------

NAME                                           READY   STATUS    RESTARTS   AGE
amp-manager-5b987cb97-lr7kg                    1/1     Running   0          57d
auditlogservice-5f4d6fbb9d-dx5f7               1/1     Running   0          58d
authservice-88f9fd758-jjhfd                    1/1     Running   0          56d
cad-fe-d4476f687-l2r9z                         1/1     Running   0          57d
cadbackendservice-7fd4d7888c-dfnr8             1/1     Running   0          6d1h
cadconcordanceservice-557d99d97f-f2z4k         1/1     Running   0          57d
cadriskcalculatorservice-56d6946d7d-2qrkh      1/1     Running   0          57d
chest-pain-fe-5f5fd449df-xsm8q                 1/1     Running   0          145m
configurationservice-5459457fc6-lnq2h          1/1     Running   0          58d
csvreaderservice-5f694dc8db-t9f9g              1/1     Running   0          57d
dicommetadata-74fb96f86f-9pqgm                 1/1     Running   0          57d
doc-import-54bf99db6-xrrg9                     1/1     Running   0          56d
error-reporting-device-75c754b79f-qggfq        1/1     Running   0          56d
export-orchestrator-597cbcccf7-s4snn           1/1     Running   0          56d
fhir-78f89876d4-g9glk                          1/1     Running   0          57d
fhir-document-parser-device-67755f977f-bhtm5   1/1     Running   0          57d
fhir-export-device-67b6fd978c-n9snp            1/1     Running   0          56d
fhir-import-7767fc8db8-4tr9x                   1/1     Running   0          56d
filesystem-export-device-5bd7c9ccd-g5w7g       1/1     Running   0          56d
imageaccessservice-775ddb6cfd-dht2s            1/1     Running   0          57d
import-orchestrator-6b95cf8fdf-w5qhv           1/1     Running   0          56d
launchpage-5cf87bbf4c-dzjjh                    1/1     Running   0          3d20h
launchpageservice-684cd686c9-s68px             1/1     Running   0          6d1h
licenseservice-bdd94577b-hcdmh                 1/1     Running   0          56d
logger-5695b4657c-f56kx                        1/1     Running   0          58d
loginpage-5d8c7bcffb-ldxtq                     1/1     Running   0          57d
nlpaccessservice-5758cc4845-7ssjp              1/1     Running   0          57d
nlpfhirrenderer-77f4d48f96-x95nq               1/1     Running   0          57d
pacs-connector-7dc5c6799c-fq2rm                1/1     Running   0          56d
patientdeleteservice-559d74b5bf-sdgsj          1/1     Running   0          25d
postgres-c5cbf997f-9wztv                       1/1     Running   0          57d
rabbitmq-859b96c59d-85grj                      1/1     Running   0          57d
report-type-converter-7f6f784d75-r2l82         1/1     Running   0          56d
reportconverter-5d8cf5647b-d4c9f               1/1     Running   0          57d
reportcreationservice-5c48c6b4df-cb5fv         1/1     Running   0          57d
reverse-proxy-69f5b4d855-jdhg2                 1/1     Running   0          57d
ruleengineservice-5bbb6ddfd4-zv99r             1/1     Running   0          57d
settingsui-6849c4c946-sfj4r                    1/1     Running   0          58d
snomedqueryservice-5cf86455d9-jm8jr            1/1     Running   0          57d
tika-5776fb956-tfkjt                           1/1     Running   0          57d
unitconversionservice-68bb5f5c96-9wnlv         1/1     Running   0          57d


13 Dec 2022 14:15:06 -----------------------------------------------------------------------------------------------------------------------------------------------------------

Client inblrghma3879ln disconnected.

13 Dec 2022 14:15:47 -----------------------------------------------------------------------------------------------------------------------------------------------------------

Connecting to inblrghma3879ln

13 Dec 2022 14:15:48 -----------------------------------------------------------------------------------------------------------------------------------------------------------

Successfully connected to inblrghma3879ln

13 Dec 2022 14:15:48 -----------------------------------------------------------------------------------------------------------------------------------------------------------

Command Run : kubectl get pods -n ai-pc-product

13 Dec 2022 14:15:49 -----------------------------------------------------------------------------------------------------------------------------------------------------------

~
aipc-k8s-config
CreateKubeConfig.sh
INBLRGHMAN079LN.rd001.onehc.net.crt
INBLRGHMAN079LN.rd001.onehc.net.key
INBLRGHMAN079LN.rd001.onehc.net.pem
installPathway.log
patient_delete.yaml
test-cert.crt
test-cert.key


13 Dec 2022 14:15:49 -----------------------------------------------------------------------------------------------------------------------------------------------------------

Client inblrghma3879ln disconnected.
