
15 Dec 2022 07:39:51 -----------------------------------------------------------------------------------------------------------------------------------------------------------

Opening Chrome..

15 Dec 2022 07:39:57 -----------------------------------------------------------------------------------------------------------------------------------------------------------

Navigating to https://inblrghma3879ln/

15 Dec 2022 07:39:59 -----------------------------------------------------------------------------------------------------------------------------------------------------------

Username clinical.admin Entered

15 Dec 2022 07:39:59 -----------------------------------------------------------------------------------------------------------------------------------------------------------

Password ******* Entered

15 Dec 2022 07:39:59 -----------------------------------------------------------------------------------------------------------------------------------------------------------

Login Success to https://inblrghma3879ln/ as clinical.admin

15 Dec 2022 07:44:25 -----------------------------------------------------------------------------------------------------------------------------------------------------------

Opening Chrome..

15 Dec 2022 07:44:27 -----------------------------------------------------------------------------------------------------------------------------------------------------------

Navigating to https://inblrghman079ln.rd001.onehc.net/

15 Dec 2022 07:44:29 -----------------------------------------------------------------------------------------------------------------------------------------------------------

Username clinical.admin Entered

15 Dec 2022 07:44:29 -----------------------------------------------------------------------------------------------------------------------------------------------------------

Password ******* Entered

15 Dec 2022 07:44:29 -----------------------------------------------------------------------------------------------------------------------------------------------------------

Login Success to https://inblrghman079ln.rd001.onehc.net/ as clinical.admin
