
19 Dec 2022 17:30:29 -----------------------------------------------------------------------------------------------------------------------------------------------------------

Build started

19 Dec 2022 17:30:29 -----------------------------------------------------------------------------------------------------------------------------------------------------------

Command run /c cd /d "D:\Repos\CDSS Collaboration\App.FE.ChestPain"& ng build --prod  >> "D:\Projects\Deployment.Assistant\Deployment.Assistant\bin\Debug\Logs\Build-Deploy-19-Dec-2022-17-29-49.log" 2>&1
Your global Angular CLI version (14.2.7) is greater than your local version (10.1.3). The local Angular CLI version is used.

To disable this warning use "ng config -g cli.warnings.versionMismatch false".
[33mWarning:[0m Entry point '@ids/common.ui.base-services.fhir' contains deep imports into 'D:/Repos/CDSS Collaboration/App.FE.ChestPain/node_modules/rxjs/internal/operators', 'D:/Repos/CDSS Collaboration/App.FE.ChestPain/node_modules/rxjs/internal/operators/take'. This is probably not a problem, but may cause the compilation of entry points to be out of order.
Generating ES5 bundles for differential loading...
ES5 bundle generation complete.

chunk {2} polyfills-es2015.7bf442c9581008ef4e7f.js (polyfills) 171 kB [initial] [rendered]
chunk {3} polyfills-es5.4453d2fafecf9cae155f.js (polyfills-es5) 264 kB [initial] [rendered]
chunk {0} runtime-es2015.66c79b9d36e7169e27b0.js (runtime) 1.45 kB [entry] [rendered]
chunk {0} runtime-es5.66c79b9d36e7169e27b0.js (runtime) 1.45 kB [entry] [rendered]
chunk {1} main-es2015.610f8608e87635738918.js (main) 1.48 MB [initial] [rendered]
chunk {1} main-es5.610f8608e87635738918.js (main) 1.58 MB [initial] [rendered]
chunk {4} styles.5081b2ecf63062d2a84f.css (styles) 147 kB [initial] [rendered]
chunk {scripts} scripts.402eee9195a7220d216a.js (scripts) 2.62 MB [entry] [rendered]
Date: 2022-12-19T12:03:39.137Z - Hash: 4d9e3d805490a034182c - Time: 175439ms

WARNING in D:\Repos\CDSS Collaboration\App.FE.ChestPain\source\app\models\lab-test-model.ts is part of the TypeScript compilation but it's unused.
Add only entry points to the 'files' or 'include' properties in your tsconfig.

WARNING in D:\Repos\CDSS Collaboration\App.FE.ChestPain\source\app\models\patientnotification.model.ts is part of the TypeScript compilation but it's unused.
Add only entry points to the 'files' or 'include' properties in your tsconfig.

WARNING in D:\Repos\CDSS Collaboration\App.FE.ChestPain\source\app\models\procedure-row-item.ts is part of the TypeScript compilation but it's unused.
Add only entry points to the 'files' or 'include' properties in your tsconfig.

WARNING in D:\Repos\CDSS Collaboration\App.FE.ChestPain\source\app\models\report-viewer-model.ts is part of the TypeScript compilation but it's unused.
Add only entry points to the 'files' or 'include' properties in your tsconfig.

WARNING in D:\Repos\CDSS Collaboration\App.FE.ChestPain\source\app\services\app.config.service.ts is part of the TypeScript compilation but it's unused.
Add only entry points to the 'files' or 'include' properties in your tsconfig.

WARNING in D:\Repos\CDSS Collaboration\App.FE.ChestPain\source\app\services\interfaces\lab-tests.interface.ts is part of the TypeScript compilation but it's unused.
Add only entry points to the 'files' or 'include' properties in your tsconfig.

WARNING in D:\Repos\CDSS Collaboration\App.FE.ChestPain\source\app\shared\models\cad.interface.ts is part of the TypeScript compilation but it's unused.
Add only entry points to the 'files' or 'include' properties in your tsconfig.

WARNING in D:\Repos\CDSS Collaboration\App.FE.ChestPain\source\environments\environment.local.ts is part of the TypeScript compilation but it's unused.
Add only entry points to the 'files' or 'include' properties in your tsconfig.

WARNING in D:\Repos\CDSS Collaboration\App.FE.ChestPain\source\environments\environment.prod.ts is part of the TypeScript compilation but it's unused.
Add only entry points to the 'files' or 'include' properties in your tsconfig.

WARNING in D:\Repos\CDSS Collaboration\App.FE.ChestPain\source\translateExtenders\customTranslateHttpLoader.ts is part of the TypeScript compilation but it's unused.
Add only entry points to the 'files' or 'include' properties in your tsconfig.

WARNING in D:\Repos\CDSS Collaboration\App.FE.ChestPain\source\app\app.module.ts depends on '@ids/common.ui.base-services.auth-handler'. CommonJS or AMD dependencies can cause optimization bailouts.
For more info see: https://angular.io/guide/build#configuring-commonjs-dependencies

WARNING in D:\Repos\CDSS Collaboration\App.FE.ChestPain\source\app\risk-assessment\risk-assessment-detail\risk-assessment-detail.component.ts depends on 'chart.js'. CommonJS or AMD dependencies can cause optimization bailouts.
For more info see: https://angular.io/guide/build#configuring-commonjs-dependencies

19 Dec 2022 17:33:42 -----------------------------------------------------------------------------------------------------------------------------------------------------------

Build Success!

19 Dec 2022 17:33:42 -----------------------------------------------------------------------------------------------------------------------------------------------------------

Copying D:\Repos\CDSS Collaboration\App.FE.ChestPain\nginx.conf to D:\Repos\CDSS Collaboration\App.FE.ChestPain\dist\nginx.conf

19 Dec 2022 17:33:43 -----------------------------------------------------------------------------------------------------------------------------------------------------------

Successfully copied D:\Repos\CDSS Collaboration\App.FE.ChestPain\nginx.conf to D:\Repos\CDSS Collaboration\App.FE.ChestPain\dist\nginx.conf

19 Dec 2022 17:33:43 -----------------------------------------------------------------------------------------------------------------------------------------------------------

Copying D:\Repos\CDSS Collaboration\App.FE.ChestPain\Dockerfile to D:\Repos\CDSS Collaboration\App.FE.ChestPain\dist\Dockerfile

19 Dec 2022 17:33:43 -----------------------------------------------------------------------------------------------------------------------------------------------------------

Successfully copied D:\Repos\CDSS Collaboration\App.FE.ChestPain\Dockerfile to D:\Repos\CDSS Collaboration\App.FE.ChestPain\dist\Dockerfile

19 Dec 2022 17:33:43 -----------------------------------------------------------------------------------------------------------------------------------------------------------

Building Docker Image

19 Dec 2022 17:33:43 -----------------------------------------------------------------------------------------------------------------------------------------------------------

Command Run /c cd /d D:\Repos\CDSS Collaboration\App.FE.ChestPain\dist & docker build . -t chest-pain-fe-z004n44u:latest >> "D:\Projects\Deployment.Assistant\Deployment.Assistant\bin\Debug\Logs\Build-Deploy-19-Dec-2022-17-29-49.log" 2>&1
#1 [internal] load build definition from Dockerfile
#1 sha256:9d77f110e0236247b284e1c979b1aa82be9b649eafb1ac31921b6e8f44bfc2d8
#1 transferring dockerfile: 461B done
#1 DONE 0.0s

#2 [internal] load .dockerignore
#2 sha256:8115ba951109d587ed9790faf6b6a9d04fb17a5fc9e71206d59065237f72d9b6
#2 transferring context: 2B done
#2 DONE 0.0s

#3 [internal] load metadata for docker.io/library/nginx:alpine
#3 sha256:b001d263a254f0e4960d52c837d5764774ef80ad3878c61304052afb6e0e9af2
#3 DONE 3.5s

#4 [1/4] FROM docker.io/library/nginx:alpine@sha256:dd8a054d7ef030e94a6449783605d6c306c1f69c10c2fa06b66a030e0d1db793
#4 sha256:69bb3b0d124b71e42fa4e8f3891bd71b0a7ee3c87accab313a257c9b97a38a34
#4 DONE 0.0s

#6 [internal] load build context
#6 sha256:f3c28e692856b8a5b34fa47723f0655a4a4d26efb7d4b21a5124b66f9db4598b
#6 transferring context: 9.66MB 1.6s
#6 transferring context: 33.29MB 3.9s done
#6 DONE 4.0s

#5 [2/4] RUN rm -rf /usr/share/nginx/html/*
#5 sha256:6b5e129493dbc860ceff6e79c1e65572ba6ef739c546cd324b59fc99d4367303
#5 CACHED

#7 [3/4] COPY fechestPain/ /usr/share/nginx/html/
#7 sha256:c0d6548e77b15fbcc30354ba74305fe53cde1f6e14449467c76e973319ab7fcf
#7 DONE 0.5s

#8 [4/4] COPY nginx.conf /etc/nginx/nginx.conf
#8 sha256:6bc57963883d20f81a178779a0e28ef20f1cbf97262934c028fcf1bf04c42cae
#8 DONE 0.1s

#9 exporting to image
#9 sha256:e8c613e07b0b7ff33893b694f7759a10d42e180f2b4dc349fb57dc6b71dcab00
#9 exporting layers
#9 exporting layers 0.8s done
#9 writing image sha256:6c53bfe32f0a966986741f1aebe63286acb0b3222593541836d3abeec4536363 done
#9 naming to docker.io/library/chest-pain-fe-z004n44u:latest done
#9 DONE 0.8s

Use 'docker scan' to run Snyk tests against images to find vulnerabilities and learn how to fix them

19 Dec 2022 17:33:54 -----------------------------------------------------------------------------------------------------------------------------------------------------------

Docker Build Successful for chest-pain-fe-z004n44u:latest

19 Dec 2022 17:33:54 -----------------------------------------------------------------------------------------------------------------------------------------------------------

Tagging Docker Image

19 Dec 2022 17:33:54 -----------------------------------------------------------------------------------------------------------------------------------------------------------

Command Run /c cd /d D:\Repos\CDSS Collaboration\App.FE.ChestPain\dist & docker tag chest-pain-fe-z004n44u:latest gokarna.azurecr.io/chest-pain-fe-z004n44u:latest >> "D:\Projects\Deployment.Assistant\Deployment.Assistant\bin\Debug\Logs\Build-Deploy-19-Dec-2022-17-29-49.log" 2>&1

19 Dec 2022 17:33:55 -----------------------------------------------------------------------------------------------------------------------------------------------------------

Docker Tag Successful to gokarna.azurecr.io/chest-pain-fe-z004n44u:latest

19 Dec 2022 17:33:55 -----------------------------------------------------------------------------------------------------------------------------------------------------------

Pushing Docker Image

19 Dec 2022 17:33:55 -----------------------------------------------------------------------------------------------------------------------------------------------------------

Command Run /c cd /d D:\Repos\CDSS Collaboration\App.FE.ChestPain\dist & docker push gokarna.azurecr.io/chest-pain-fe-z004n44u:latest >> "D:\Projects\Deployment.Assistant\Deployment.Assistant\bin\Debug\Logs\Build-Deploy-19-Dec-2022-17-29-49.log" 2>&1
The push refers to repository [gokarna.azurecr.io/chest-pain-fe-z004n44u]
13b35e6b79f6: Preparing
eb648fdd4069: Preparing
9364ab082f1c: Preparing
9e173cdce044: Preparing
f2d47996fdfa: Preparing
c23f26e962bd: Preparing
0511ab7e6edc: Preparing
ec7e4a91c33b: Preparing
1fee4bd55a85: Preparing
ded7a220bb05: Preparing
ec7e4a91c33b: Waiting
1fee4bd55a85: Waiting
ded7a220bb05: Waiting
c23f26e962bd: Waiting
0511ab7e6edc: Waiting
f2d47996fdfa: Layer already exists
9364ab082f1c: Layer already exists
c23f26e962bd: Layer already exists
9e173cdce044: Layer already exists
1fee4bd55a85: Layer already exists
ec7e4a91c33b: Layer already exists
0511ab7e6edc: Layer already exists
ded7a220bb05: Layer already exists
13b35e6b79f6: Pushed
eb648fdd4069: Pushed
latest: digest: sha256:efe062319d0bea011457bc0bb817a9426daba5d2dfe088379e0d0cf4fcb5f1c1 size: 2407

19 Dec 2022 17:34:12 -----------------------------------------------------------------------------------------------------------------------------------------------------------

Docker Push Successful to gokarna.azurecr.io/chest-pain-fe-z004n44u:latest

19 Dec 2022 17:34:12 -----------------------------------------------------------------------------------------------------------------------------------------------------------

Connecting to inblrghma3879ln

19 Dec 2022 17:34:14 -----------------------------------------------------------------------------------------------------------------------------------------------------------

Successfully connected to inblrghma3879ln

19 Dec 2022 17:34:14 -----------------------------------------------------------------------------------------------------------------------------------------------------------

Command Run : kubectl get pods -n ai-pc-product

19 Dec 2022 17:34:15 -----------------------------------------------------------------------------------------------------------------------------------------------------------

NAME                                           READY   STATUS    RESTARTS   AGE
amp-manager-5b987cb97-lr7kg                    1/1     Running   0          63d
auditlogservice-5f4d6fbb9d-dx5f7               1/1     Running   0          64d
authservice-88f9fd758-jjhfd                    1/1     Running   0          63d
cad-fe-d4476f687-l2r9z                         1/1     Running   0          63d
cadbackendservice-7fd4d7888c-l484s             1/1     Running   0          3d3h
cadconcordanceservice-557d99d97f-f2z4k         1/1     Running   0          63d
cadriskcalculatorservice-56d6946d7d-2qrkh      1/1     Running   0          63d
chest-pain-fe-89f997ff-qrbf4                   1/1     Running   0          23s
configurationservice-5459457fc6-lnq2h          1/1     Running   0          64d
csvreaderservice-5f694dc8db-t9f9g              1/1     Running   0          63d
dicommetadata-74fb96f86f-9pqgm                 1/1     Running   0          63d
doc-import-54bf99db6-xrrg9                     1/1     Running   0          63d
error-reporting-device-75c754b79f-qggfq        1/1     Running   0          63d
export-orchestrator-597cbcccf7-s4snn           1/1     Running   0          63d
fhir-78f89876d4-g9glk                          1/1     Running   0          63d
fhir-document-parser-device-67755f977f-bhtm5   1/1     Running   0          63d
fhir-export-device-67b6fd978c-n9snp            1/1     Running   0          63d
fhir-import-7767fc8db8-4tr9x                   1/1     Running   0          63d
filesystem-export-device-5bd7c9ccd-g5w7g       1/1     Running   0          63d
imageaccessservice-775ddb6cfd-dht2s            1/1     Running   0          63d
import-orchestrator-6b95cf8fdf-w5qhv           1/1     Running   0          63d
launchpage-5cf87bbf4c-5jx78                    1/1     Running   0          64s
launchpageservice-684cd686c9-s68px             1/1     Running   0          12d
licenseservice-bdd94577b-hcdmh                 1/1     Running   0          63d
logger-5695b4657c-f56kx                        1/1     Running   0          64d
loginpage-5d8c7bcffb-ldxtq                     1/1     Running   0          63d
nlpaccessservice-5758cc4845-7ssjp              1/1     Running   0          63d
nlpfhirrenderer-77f4d48f96-x95nq               1/1     Running   0          63d
pacs-connector-7dc5c6799c-fq2rm                1/1     Running   0          63d
patientdeleteservice-559d74b5bf-sdgsj          1/1     Running   0          31d
postgres-c5cbf997f-9wztv                       1/1     Running   0          63d
rabbitmq-859b96c59d-85grj                      1/1     Running   0          63d
report-type-converter-7f6f784d75-r2l82         1/1     Running   0          63d
reportconverter-5d8cf5647b-d4c9f               1/1     Running   0          63d
reportcreationservice-5c48c6b4df-cb5fv         1/1     Running   0          63d
reverse-proxy-69f5b4d855-jdhg2                 1/1     Running   0          63d
ruleengineservice-5bbb6ddfd4-zv99r             1/1     Running   0          63d
settingsui-6849c4c946-sfj4r                    1/1     Running   0          64d
snomedqueryservice-5cf86455d9-jm8jr            1/1     Running   0          63d
tika-5776fb956-tfkjt                           1/1     Running   0          63d
unitconversionservice-68bb5f5c96-9wnlv         1/1     Running   0          63d


19 Dec 2022 17:34:15 -----------------------------------------------------------------------------------------------------------------------------------------------------------

Command Run : kubectl set image deployment/chest-pain-fe chest-pain-fe=gokarna.azurecr.io/chest-pain-fe-z004n44u:latest -n ai-pc-product

19 Dec 2022 17:34:15 -----------------------------------------------------------------------------------------------------------------------------------------------------------

deployment.apps/chest-pain-fe image updated


19 Dec 2022 17:34:15 -----------------------------------------------------------------------------------------------------------------------------------------------------------

Command Run : kubectl delete pod chest-pain-fe-89f997ff-qrbf4 -n ai-pc-product

19 Dec 2022 17:34:21 -----------------------------------------------------------------------------------------------------------------------------------------------------------

pod "chest-pain-fe-89f997ff-qrbf4" deleted


19 Dec 2022 17:34:22 -----------------------------------------------------------------------------------------------------------------------------------------------------------

NAME                                           READY   STATUS        RESTARTS   AGE
amp-manager-5b987cb97-lr7kg                    1/1     Running       0          63d
auditlogservice-5f4d6fbb9d-dx5f7               1/1     Running       0          64d
authservice-88f9fd758-jjhfd                    1/1     Running       0          63d
cad-fe-d4476f687-l2r9z                         1/1     Running       0          63d
cadbackendservice-7fd4d7888c-l484s             1/1     Running       0          3d3h
cadconcordanceservice-557d99d97f-f2z4k         1/1     Running       0          63d
cadriskcalculatorservice-56d6946d7d-2qrkh      1/1     Running       0          63d
chest-pain-fe-5f5fd449df-d95pm                 1/1     Running       0          6s
chest-pain-fe-89f997ff-zcn9l                   1/1     Terminating   0          5s
configurationservice-5459457fc6-lnq2h          1/1     Running       0          64d
csvreaderservice-5f694dc8db-t9f9g              1/1     Running       0          63d
dicommetadata-74fb96f86f-9pqgm                 1/1     Running       0          63d
doc-import-54bf99db6-xrrg9                     1/1     Running       0          63d
error-reporting-device-75c754b79f-qggfq        1/1     Running       0          63d
export-orchestrator-597cbcccf7-s4snn           1/1     Running       0          63d
fhir-78f89876d4-g9glk                          1/1     Running       0          63d
fhir-document-parser-device-67755f977f-bhtm5   1/1     Running       0          63d
fhir-export-device-67b6fd978c-n9snp            1/1     Running       0          63d
fhir-import-7767fc8db8-4tr9x                   1/1     Running       0          63d
filesystem-export-device-5bd7c9ccd-g5w7g       1/1     Running       0          63d
imageaccessservice-775ddb6cfd-dht2s            1/1     Running       0          63d
import-orchestrator-6b95cf8fdf-w5qhv           1/1     Running       0          63d
launchpage-5cf87bbf4c-5jx78                    1/1     Running       0          71s
launchpageservice-684cd686c9-s68px             1/1     Running       0          12d
licenseservice-bdd94577b-hcdmh                 1/1     Running       0          63d
logger-5695b4657c-f56kx                        1/1     Running       0          64d
loginpage-5d8c7bcffb-ldxtq                     1/1     Running       0          63d
nlpaccessservice-5758cc4845-7ssjp              1/1     Running       0          63d
nlpfhirrenderer-77f4d48f96-x95nq               1/1     Running       0          63d
pacs-connector-7dc5c6799c-fq2rm                1/1     Running       0          63d
patientdeleteservice-559d74b5bf-sdgsj          1/1     Running       0          31d
postgres-c5cbf997f-9wztv                       1/1     Running       0          63d
rabbitmq-859b96c59d-85grj                      1/1     Running       0          63d
report-type-converter-7f6f784d75-r2l82         1/1     Running       0          63d
reportconverter-5d8cf5647b-d4c9f               1/1     Running       0          63d
reportcreationservice-5c48c6b4df-cb5fv         1/1     Running       0          63d
reverse-proxy-69f5b4d855-jdhg2                 1/1     Running       0          63d
ruleengineservice-5bbb6ddfd4-zv99r             1/1     Running       0          63d
settingsui-6849c4c946-sfj4r                    1/1     Running       0          64d
snomedqueryservice-5cf86455d9-jm8jr            1/1     Running       0          63d
tika-5776fb956-tfkjt                           1/1     Running       0          63d
unitconversionservice-68bb5f5c96-9wnlv         1/1     Running       0          63d


19 Dec 2022 17:34:22 -----------------------------------------------------------------------------------------------------------------------------------------------------------

Deployment Successful!

19 Dec 2022 17:39:09 -----------------------------------------------------------------------------------------------------------------------------------------------------------

Build started

19 Dec 2022 17:39:09 -----------------------------------------------------------------------------------------------------------------------------------------------------------

Command run /c cd /d "D:\Repos\CDSS Collaboration\App.FE.ChestPain"& ng build --prod  >> "D:\Projects\Deployment.Assistant\Deployment.Assistant\bin\Debug\Logs\Build-Deploy-19-Dec-2022-17-29-49.log" 2>&1
Your global Angular CLI version (14.2.7) is greater than your local version (10.1.3). The local Angular CLI version is used.

To disable this warning use "ng config -g cli.warnings.versionMismatch false".
[33mWarning:[0m Entry point '@ids/common.ui.base-services.fhir' contains deep imports into 'D:/Repos/CDSS Collaboration/App.FE.ChestPain/node_modules/rxjs/internal/operators', 'D:/Repos/CDSS Collaboration/App.FE.ChestPain/node_modules/rxjs/internal/operators/take'. This is probably not a problem, but may cause the compilation of entry points to be out of order.
Generating ES5 bundles for differential loading...
ES5 bundle generation complete.

chunk {2} polyfills-es2015.7bf442c9581008ef4e7f.js (polyfills) 171 kB [initial] [rendered]
chunk {3} polyfills-es5.4453d2fafecf9cae155f.js (polyfills-es5) 264 kB [initial] [rendered]
chunk {0} runtime-es2015.66c79b9d36e7169e27b0.js (runtime) 1.45 kB [entry] [rendered]
chunk {0} runtime-es5.66c79b9d36e7169e27b0.js (runtime) 1.45 kB [entry] [rendered]
chunk {1} main-es2015.610f8608e87635738918.js (main) 1.48 MB [initial] [rendered]
chunk {1} main-es5.610f8608e87635738918.js (main) 1.58 MB [initial] [rendered]
chunk {4} styles.5081b2ecf63062d2a84f.css (styles) 147 kB [initial] [rendered]
chunk {scripts} scripts.402eee9195a7220d216a.js (scripts) 2.62 MB [entry] [rendered]
Date: 2022-12-19T12:10:28.373Z - Hash: 4d9e3d805490a034182c - Time: 64336ms

WARNING in D:\Repos\CDSS Collaboration\App.FE.ChestPain\source\app\models\lab-test-model.ts is part of the TypeScript compilation but it's unused.
Add only entry points to the 'files' or 'include' properties in your tsconfig.

WARNING in D:\Repos\CDSS Collaboration\App.FE.ChestPain\source\app\models\patientnotification.model.ts is part of the TypeScript compilation but it's unused.
Add only entry points to the 'files' or 'include' properties in your tsconfig.

WARNING in D:\Repos\CDSS Collaboration\App.FE.ChestPain\source\app\models\procedure-row-item.ts is part of the TypeScript compilation but it's unused.
Add only entry points to the 'files' or 'include' properties in your tsconfig.

WARNING in D:\Repos\CDSS Collaboration\App.FE.ChestPain\source\app\models\report-viewer-model.ts is part of the TypeScript compilation but it's unused.
Add only entry points to the 'files' or 'include' properties in your tsconfig.

WARNING in D:\Repos\CDSS Collaboration\App.FE.ChestPain\source\app\services\app.config.service.ts is part of the TypeScript compilation but it's unused.
Add only entry points to the 'files' or 'include' properties in your tsconfig.

WARNING in D:\Repos\CDSS Collaboration\App.FE.ChestPain\source\app\services\interfaces\lab-tests.interface.ts is part of the TypeScript compilation but it's unused.
Add only entry points to the 'files' or 'include' properties in your tsconfig.

WARNING in D:\Repos\CDSS Collaboration\App.FE.ChestPain\source\app\shared\models\cad.interface.ts is part of the TypeScript compilation but it's unused.
Add only entry points to the 'files' or 'include' properties in your tsconfig.

WARNING in D:\Repos\CDSS Collaboration\App.FE.ChestPain\source\environments\environment.local.ts is part of the TypeScript compilation but it's unused.
Add only entry points to the 'files' or 'include' properties in your tsconfig.

WARNING in D:\Repos\CDSS Collaboration\App.FE.ChestPain\source\environments\environment.prod.ts is part of the TypeScript compilation but it's unused.
Add only entry points to the 'files' or 'include' properties in your tsconfig.

WARNING in D:\Repos\CDSS Collaboration\App.FE.ChestPain\source\translateExtenders\customTranslateHttpLoader.ts is part of the TypeScript compilation but it's unused.
Add only entry points to the 'files' or 'include' properties in your tsconfig.

WARNING in D:\Repos\CDSS Collaboration\App.FE.ChestPain\source\app\app.module.ts depends on '@ids/common.ui.base-services.auth-handler'. CommonJS or AMD dependencies can cause optimization bailouts.
For more info see: https://angular.io/guide/build#configuring-commonjs-dependencies

WARNING in D:\Repos\CDSS Collaboration\App.FE.ChestPain\source\app\risk-assessment\risk-assessment-detail\risk-assessment-detail.component.ts depends on 'chart.js'. CommonJS or AMD dependencies can cause optimization bailouts.
For more info see: https://angular.io/guide/build#configuring-commonjs-dependencies

19 Dec 2022 17:40:30 -----------------------------------------------------------------------------------------------------------------------------------------------------------

Build Success!

19 Dec 2022 17:40:30 -----------------------------------------------------------------------------------------------------------------------------------------------------------

Copying D:\Repos\CDSS Collaboration\App.FE.ChestPain\nginx.conf to D:\Repos\CDSS Collaboration\App.FE.ChestPain\dist\nginx.conf

19 Dec 2022 17:40:30 -----------------------------------------------------------------------------------------------------------------------------------------------------------

Successfully copied D:\Repos\CDSS Collaboration\App.FE.ChestPain\nginx.conf to D:\Repos\CDSS Collaboration\App.FE.ChestPain\dist\nginx.conf

19 Dec 2022 17:40:30 -----------------------------------------------------------------------------------------------------------------------------------------------------------

Copying D:\Repos\CDSS Collaboration\App.FE.ChestPain\Dockerfile to D:\Repos\CDSS Collaboration\App.FE.ChestPain\dist\Dockerfile

19 Dec 2022 17:40:30 -----------------------------------------------------------------------------------------------------------------------------------------------------------

Successfully copied D:\Repos\CDSS Collaboration\App.FE.ChestPain\Dockerfile to D:\Repos\CDSS Collaboration\App.FE.ChestPain\dist\Dockerfile

19 Dec 2022 17:40:30 -----------------------------------------------------------------------------------------------------------------------------------------------------------

Building Docker Image

19 Dec 2022 17:40:31 -----------------------------------------------------------------------------------------------------------------------------------------------------------

Command Run /c cd /d D:\Repos\CDSS Collaboration\App.FE.ChestPain\dist & docker build . -t chest-pain-fe-z004n44u:latest >> "D:\Projects\Deployment.Assistant\Deployment.Assistant\bin\Debug\Logs\Build-Deploy-19-Dec-2022-17-29-49.log" 2>&1
#1 [internal] load build definition from Dockerfile
#1 sha256:4cd55a31d55b14710f5513d675adcd1697ba6426975a6c21d6563abe2eafb832
#1 transferring dockerfile: 32B done
#1 DONE 0.0s

#2 [internal] load .dockerignore
#2 sha256:a13eb8947fa45186c7bee32e8dc7e4e40d0e6e401784bb2a3a2b7cb23a65c3c2
#2 transferring context: 2B done
#2 DONE 0.0s

#3 [internal] load metadata for docker.io/library/nginx:alpine
#3 sha256:b001d263a254f0e4960d52c837d5764774ef80ad3878c61304052afb6e0e9af2
#3 DONE 12.1s

#4 [1/4] FROM docker.io/library/nginx:alpine@sha256:dd8a054d7ef030e94a6449783605d6c306c1f69c10c2fa06b66a030e0d1db793
#4 sha256:69bb3b0d124b71e42fa4e8f3891bd71b0a7ee3c87accab313a257c9b97a38a34
#4 DONE 0.0s

#6 [internal] load build context
#6 sha256:0594cc8a3a9aa691f1d600ac17685ccc8f0a154d95ee11d13cf2b518ab9d4751
#6 transferring context: 368.79kB 0.1s
#6 transferring context: 7.47MB 0.3s done
#6 DONE 0.3s

#5 [2/4] RUN rm -rf /usr/share/nginx/html/*
#5 sha256:6b5e129493dbc860ceff6e79c1e65572ba6ef739c546cd324b59fc99d4367303
#5 CACHED

#7 [3/4] COPY fechestPain/ /usr/share/nginx/html/
#7 sha256:15149520d2bd5cb93016ed75080ee5824ccf6200ff84c3ae2621ad2a4776bc93
#7 CACHED

#8 [4/4] COPY nginx.conf /etc/nginx/nginx.conf
#8 sha256:1c080d2596379f8c975a194d713accf53c8ef0df78cb4bb96c8c1010d64d0a1a
#8 CACHED

#9 exporting to image
#9 sha256:e8c613e07b0b7ff33893b694f7759a10d42e180f2b4dc349fb57dc6b71dcab00
#9 exporting layers done
#9 writing image sha256:6c53bfe32f0a966986741f1aebe63286acb0b3222593541836d3abeec4536363 done
#9 naming to docker.io/library/chest-pain-fe-z004n44u:latest done
#9 DONE 0.0s

Use 'docker scan' to run Snyk tests against images to find vulnerabilities and learn how to fix them

19 Dec 2022 17:40:45 -----------------------------------------------------------------------------------------------------------------------------------------------------------

Docker Build Successful for chest-pain-fe-z004n44u:latest

19 Dec 2022 17:40:45 -----------------------------------------------------------------------------------------------------------------------------------------------------------

Tagging Docker Image

19 Dec 2022 17:40:46 -----------------------------------------------------------------------------------------------------------------------------------------------------------

Command Run /c cd /d D:\Repos\CDSS Collaboration\App.FE.ChestPain\dist & docker tag chest-pain-fe-z004n44u:latest gokarna.azurecr.io/chest-pain-fe-z004n44u:latest >> "D:\Projects\Deployment.Assistant\Deployment.Assistant\bin\Debug\Logs\Build-Deploy-19-Dec-2022-17-29-49.log" 2>&1

19 Dec 2022 17:40:46 -----------------------------------------------------------------------------------------------------------------------------------------------------------

Docker Tag Successful to gokarna.azurecr.io/chest-pain-fe-z004n44u:latest

19 Dec 2022 17:40:46 -----------------------------------------------------------------------------------------------------------------------------------------------------------

Pushing Docker Image

19 Dec 2022 17:40:46 -----------------------------------------------------------------------------------------------------------------------------------------------------------

Command Run /c cd /d D:\Repos\CDSS Collaboration\App.FE.ChestPain\dist & docker push gokarna.azurecr.io/chest-pain-fe-z004n44u:latest >> "D:\Projects\Deployment.Assistant\Deployment.Assistant\bin\Debug\Logs\Build-Deploy-19-Dec-2022-17-29-49.log" 2>&1
The push refers to repository [gokarna.azurecr.io/chest-pain-fe-z004n44u]
13b35e6b79f6: Preparing
eb648fdd4069: Preparing
9364ab082f1c: Preparing
9e173cdce044: Preparing
f2d47996fdfa: Preparing
c23f26e962bd: Preparing
0511ab7e6edc: Preparing
ec7e4a91c33b: Preparing
1fee4bd55a85: Preparing
ded7a220bb05: Preparing
1fee4bd55a85: Waiting
c23f26e962bd: Waiting
ec7e4a91c33b: Waiting
ded7a220bb05: Waiting
0511ab7e6edc: Waiting
9364ab082f1c: Layer already exists
13b35e6b79f6: Layer already exists
f2d47996fdfa: Layer already exists
9e173cdce044: Layer already exists
eb648fdd4069: Layer already exists
ec7e4a91c33b: Layer already exists
c23f26e962bd: Layer already exists
ded7a220bb05: Layer already exists
0511ab7e6edc: Layer already exists
1fee4bd55a85: Layer already exists
latest: digest: sha256:efe062319d0bea011457bc0bb817a9426daba5d2dfe088379e0d0cf4fcb5f1c1 size: 2407

19 Dec 2022 17:40:53 -----------------------------------------------------------------------------------------------------------------------------------------------------------

Docker Push Successful to gokarna.azurecr.io/chest-pain-fe-z004n44u:latest

19 Dec 2022 17:40:53 -----------------------------------------------------------------------------------------------------------------------------------------------------------

Connecting to inblrghma3879ln

19 Dec 2022 17:40:54 -----------------------------------------------------------------------------------------------------------------------------------------------------------

Successfully connected to inblrghma3879ln

19 Dec 2022 17:40:54 -----------------------------------------------------------------------------------------------------------------------------------------------------------

Command Run : kubectl get pods -n ai-pc-product

19 Dec 2022 17:40:55 -----------------------------------------------------------------------------------------------------------------------------------------------------------

NAME                                           READY   STATUS    RESTARTS   AGE
amp-manager-5b987cb97-lr7kg                    1/1     Running   0          63d
auditlogservice-5f4d6fbb9d-dx5f7               1/1     Running   0          64d
authservice-88f9fd758-jjhfd                    1/1     Running   0          63d
cad-fe-d4476f687-l2r9z                         1/1     Running   0          63d
cadbackendservice-7fd4d7888c-l484s             1/1     Running   0          3d3h
cadconcordanceservice-557d99d97f-f2z4k         1/1     Running   0          63d
cadriskcalculatorservice-56d6946d7d-2qrkh      1/1     Running   0          63d
chest-pain-fe-89f997ff-wcqjn                   1/1     Running   0          4m2s
configurationservice-5459457fc6-lnq2h          1/1     Running   0          64d
csvreaderservice-5f694dc8db-t9f9g              1/1     Running   0          63d
dicommetadata-74fb96f86f-9pqgm                 1/1     Running   0          63d
doc-import-54bf99db6-xrrg9                     1/1     Running   0          63d
error-reporting-device-75c754b79f-qggfq        1/1     Running   0          63d
export-orchestrator-597cbcccf7-s4snn           1/1     Running   0          63d
fhir-78f89876d4-g9glk                          1/1     Running   0          63d
fhir-document-parser-device-67755f977f-bhtm5   1/1     Running   0          63d
fhir-export-device-67b6fd978c-n9snp            1/1     Running   0          63d
fhir-import-7767fc8db8-4tr9x                   1/1     Running   0          63d
filesystem-export-device-5bd7c9ccd-g5w7g       1/1     Running   0          63d
imageaccessservice-775ddb6cfd-dht2s            1/1     Running   0          63d
import-orchestrator-6b95cf8fdf-w5qhv           1/1     Running   0          63d
launchpage-5cf87bbf4c-5jx78                    1/1     Running   0          7m45s
launchpageservice-684cd686c9-s68px             1/1     Running   0          12d
licenseservice-bdd94577b-hcdmh                 1/1     Running   0          63d
logger-5695b4657c-f56kx                        1/1     Running   0          64d
loginpage-5d8c7bcffb-ldxtq                     1/1     Running   0          63d
nlpaccessservice-5758cc4845-7ssjp              1/1     Running   0          63d
nlpfhirrenderer-77f4d48f96-x95nq               1/1     Running   0          63d
pacs-connector-7dc5c6799c-fq2rm                1/1     Running   0          63d
patientdeleteservice-559d74b5bf-sdgsj          1/1     Running   0          31d
postgres-c5cbf997f-9wztv                       1/1     Running   0          63d
rabbitmq-859b96c59d-85grj                      1/1     Running   0          63d
report-type-converter-7f6f784d75-r2l82         1/1     Running   0          63d
reportconverter-5d8cf5647b-d4c9f               1/1     Running   0          63d
reportcreationservice-5c48c6b4df-cb5fv         1/1     Running   0          63d
reverse-proxy-69f5b4d855-jdhg2                 1/1     Running   0          63d
ruleengineservice-5bbb6ddfd4-zv99r             1/1     Running   0          63d
settingsui-6849c4c946-sfj4r                    1/1     Running   0          64d
snomedqueryservice-5cf86455d9-jm8jr            1/1     Running   0          63d
tika-5776fb956-tfkjt                           1/1     Running   0          63d
unitconversionservice-68bb5f5c96-9wnlv         1/1     Running   0          63d


19 Dec 2022 17:40:55 -----------------------------------------------------------------------------------------------------------------------------------------------------------

Command Run : kubectl set image deployment/chest-pain-fe chest-pain-fe=gokarna.azurecr.io/chest-pain-fe-z004n44u:latest -n ai-pc-product

19 Dec 2022 17:40:55 -----------------------------------------------------------------------------------------------------------------------------------------------------------

deployment.apps/chest-pain-fe image updated


19 Dec 2022 17:40:55 -----------------------------------------------------------------------------------------------------------------------------------------------------------

Command Run : kubectl delete pod chest-pain-fe-89f997ff-wcqjn -n ai-pc-product

19 Dec 2022 17:41:02 -----------------------------------------------------------------------------------------------------------------------------------------------------------

pod "chest-pain-fe-89f997ff-wcqjn" deleted


19 Dec 2022 17:41:04 -----------------------------------------------------------------------------------------------------------------------------------------------------------

NAME                                           READY   STATUS        RESTARTS   AGE
amp-manager-5b987cb97-lr7kg                    1/1     Running       0          63d
auditlogservice-5f4d6fbb9d-dx5f7               1/1     Running       0          64d
authservice-88f9fd758-jjhfd                    1/1     Running       0          63d
cad-fe-d4476f687-l2r9z                         1/1     Running       0          63d
cadbackendservice-7fd4d7888c-l484s             1/1     Running       0          3d3h
cadconcordanceservice-557d99d97f-f2z4k         1/1     Running       0          63d
cadriskcalculatorservice-56d6946d7d-2qrkh      1/1     Running       0          63d
chest-pain-fe-5f5fd449df-p4q2t                 1/1     Running       0          8s
chest-pain-fe-89f997ff-lzv27                   1/1     Terminating   0          7s
configurationservice-5459457fc6-lnq2h          1/1     Running       0          64d
csvreaderservice-5f694dc8db-t9f9g              1/1     Running       0          63d
dicommetadata-74fb96f86f-9pqgm                 1/1     Running       0          63d
doc-import-54bf99db6-xrrg9                     1/1     Running       0          63d
error-reporting-device-75c754b79f-qggfq        1/1     Running       0          63d
export-orchestrator-597cbcccf7-s4snn           1/1     Running       0          63d
fhir-78f89876d4-g9glk                          1/1     Running       0          63d
fhir-document-parser-device-67755f977f-bhtm5   1/1     Running       0          63d
fhir-export-device-67b6fd978c-n9snp            1/1     Running       0          63d
fhir-import-7767fc8db8-4tr9x                   1/1     Running       0          63d
filesystem-export-device-5bd7c9ccd-g5w7g       1/1     Running       0          63d
imageaccessservice-775ddb6cfd-dht2s            1/1     Running       0          63d
import-orchestrator-6b95cf8fdf-w5qhv           1/1     Running       0          63d
launchpage-5cf87bbf4c-5jx78                    1/1     Running       0          7m53s
launchpageservice-684cd686c9-s68px             1/1     Running       0          12d
licenseservice-bdd94577b-hcdmh                 1/1     Running       0          63d
logger-5695b4657c-f56kx                        1/1     Running       0          64d
loginpage-5d8c7bcffb-ldxtq                     1/1     Running       0          63d
nlpaccessservice-5758cc4845-7ssjp              1/1     Running       0          63d
nlpfhirrenderer-77f4d48f96-x95nq               1/1     Running       0          63d
pacs-connector-7dc5c6799c-fq2rm                1/1     Running       0          63d
patientdeleteservice-559d74b5bf-sdgsj          1/1     Running       0          31d
postgres-c5cbf997f-9wztv                       1/1     Running       0          63d
rabbitmq-859b96c59d-85grj                      1/1     Running       0          63d
report-type-converter-7f6f784d75-r2l82         1/1     Running       0          63d
reportconverter-5d8cf5647b-d4c9f               1/1     Running       0          63d
reportcreationservice-5c48c6b4df-cb5fv         1/1     Running       0          63d
reverse-proxy-69f5b4d855-jdhg2                 1/1     Running       0          63d
ruleengineservice-5bbb6ddfd4-zv99r             1/1     Running       0          63d
settingsui-6849c4c946-sfj4r                    1/1     Running       0          64d
snomedqueryservice-5cf86455d9-jm8jr            1/1     Running       0          63d
tika-5776fb956-tfkjt                           1/1     Running       0          63d
unitconversionservice-68bb5f5c96-9wnlv         1/1     Running       0          63d


19 Dec 2022 17:41:04 -----------------------------------------------------------------------------------------------------------------------------------------------------------

Deployment Successful!

19 Dec 2022 20:07:57 -----------------------------------------------------------------------------------------------------------------------------------------------------------

Build started

19 Dec 2022 20:07:57 -----------------------------------------------------------------------------------------------------------------------------------------------------------

Command run /c cd /d "D:\Repos\CDSS Collaboration\App.FE.ChestPain"& ng build --prod  >> "D:\Projects\Deployment.Assistant\Deployment.Assistant\bin\Debug\Logs\Build-Deploy-19-Dec-2022-17-29-49.log" 2>&1
Your global Angular CLI version (14.2.7) is greater than your local version (10.1.3). The local Angular CLI version is used.

To disable this warning use "ng config -g cli.warnings.versionMismatch false".
[33mWarning:[0m Entry point '@ids/common.ui.base-services.fhir' contains deep imports into 'D:/Repos/CDSS Collaboration/App.FE.ChestPain/node_modules/rxjs/internal/operators', 'D:/Repos/CDSS Collaboration/App.FE.ChestPain/node_modules/rxjs/internal/operators/take'. This is probably not a problem, but may cause the compilation of entry points to be out of order.
Generating ES5 bundles for differential loading...
ES5 bundle generation complete.

chunk {2} polyfills-es2015.7bf442c9581008ef4e7f.js (polyfills) 171 kB [initial] [rendered]
chunk {3} polyfills-es5.4453d2fafecf9cae155f.js (polyfills-es5) 264 kB [initial] [rendered]
chunk {1} main-es2015.610f8608e87635738918.js (main) 1.48 MB [initial] [rendered]
chunk {1} main-es5.610f8608e87635738918.js (main) 1.58 MB [initial] [rendered]
chunk {0} runtime-es2015.66c79b9d36e7169e27b0.js (runtime) 1.45 kB [entry] [rendered]
chunk {0} runtime-es5.66c79b9d36e7169e27b0.js (runtime) 1.45 kB [entry] [rendered]
chunk {4} styles.5081b2ecf63062d2a84f.css (styles) 147 kB [initial] [rendered]
chunk {scripts} scripts.402eee9195a7220d216a.js (scripts) 2.62 MB [entry] [rendered]
Date: 2022-12-19T14:38:52.656Z - Hash: 4d9e3d805490a034182c - Time: 46173ms

WARNING in D:\Repos\CDSS Collaboration\App.FE.ChestPain\source\app\models\lab-test-model.ts is part of the TypeScript compilation but it's unused.
Add only entry points to the 'files' or 'include' properties in your tsconfig.

WARNING in D:\Repos\CDSS Collaboration\App.FE.ChestPain\source\app\models\patientnotification.model.ts is part of the TypeScript compilation but it's unused.
Add only entry points to the 'files' or 'include' properties in your tsconfig.

WARNING in D:\Repos\CDSS Collaboration\App.FE.ChestPain\source\app\models\procedure-row-item.ts is part of the TypeScript compilation but it's unused.
Add only entry points to the 'files' or 'include' properties in your tsconfig.

WARNING in D:\Repos\CDSS Collaboration\App.FE.ChestPain\source\app\models\report-viewer-model.ts is part of the TypeScript compilation but it's unused.
Add only entry points to the 'files' or 'include' properties in your tsconfig.

WARNING in D:\Repos\CDSS Collaboration\App.FE.ChestPain\source\app\services\app.config.service.ts is part of the TypeScript compilation but it's unused.
Add only entry points to the 'files' or 'include' properties in your tsconfig.

WARNING in D:\Repos\CDSS Collaboration\App.FE.ChestPain\source\app\services\interfaces\lab-tests.interface.ts is part of the TypeScript compilation but it's unused.
Add only entry points to the 'files' or 'include' properties in your tsconfig.

WARNING in D:\Repos\CDSS Collaboration\App.FE.ChestPain\source\app\shared\models\cad.interface.ts is part of the TypeScript compilation but it's unused.
Add only entry points to the 'files' or 'include' properties in your tsconfig.

WARNING in D:\Repos\CDSS Collaboration\App.FE.ChestPain\source\environments\environment.local.ts is part of the TypeScript compilation but it's unused.
Add only entry points to the 'files' or 'include' properties in your tsconfig.

WARNING in D:\Repos\CDSS Collaboration\App.FE.ChestPain\source\environments\environment.prod.ts is part of the TypeScript compilation but it's unused.
Add only entry points to the 'files' or 'include' properties in your tsconfig.

WARNING in D:\Repos\CDSS Collaboration\App.FE.ChestPain\source\translateExtenders\customTranslateHttpLoader.ts is part of the TypeScript compilation but it's unused.
Add only entry points to the 'files' or 'include' properties in your tsconfig.

WARNING in D:\Repos\CDSS Collaboration\App.FE.ChestPain\source\app\app.module.ts depends on '@ids/common.ui.base-services.auth-handler'. CommonJS or AMD dependencies can cause optimization bailouts.
For more info see: https://angular.io/guide/build#configuring-commonjs-dependencies

WARNING in D:\Repos\CDSS Collaboration\App.FE.ChestPain\source\app\risk-assessment\risk-assessment-detail\risk-assessment-detail.component.ts depends on 'chart.js'. CommonJS or AMD dependencies can cause optimization bailouts.
For more info see: https://angular.io/guide/build#configuring-commonjs-dependencies

19 Dec 2022 20:08:54 -----------------------------------------------------------------------------------------------------------------------------------------------------------

Build Success!

19 Dec 2022 20:08:54 -----------------------------------------------------------------------------------------------------------------------------------------------------------

Copying D:\Repos\CDSS Collaboration\App.FE.ChestPain\nginx.conf to D:\Repos\CDSS Collaboration\App.FE.ChestPain\dist\nginx.conf

19 Dec 2022 20:08:54 -----------------------------------------------------------------------------------------------------------------------------------------------------------

Successfully copied D:\Repos\CDSS Collaboration\App.FE.ChestPain\nginx.conf to D:\Repos\CDSS Collaboration\App.FE.ChestPain\dist\nginx.conf

19 Dec 2022 20:08:54 -----------------------------------------------------------------------------------------------------------------------------------------------------------

Copying D:\Repos\CDSS Collaboration\App.FE.ChestPain\Dockerfile to D:\Repos\CDSS Collaboration\App.FE.ChestPain\dist\Dockerfile

19 Dec 2022 20:08:54 -----------------------------------------------------------------------------------------------------------------------------------------------------------

Successfully copied D:\Repos\CDSS Collaboration\App.FE.ChestPain\Dockerfile to D:\Repos\CDSS Collaboration\App.FE.ChestPain\dist\Dockerfile

19 Dec 2022 20:08:54 -----------------------------------------------------------------------------------------------------------------------------------------------------------

Building Docker Image

19 Dec 2022 20:08:54 -----------------------------------------------------------------------------------------------------------------------------------------------------------

Command Run /c cd /d D:\Repos\CDSS Collaboration\App.FE.ChestPain\dist & docker build . -t chest-pain-fe-z004n44u:latest >> "D:\Projects\Deployment.Assistant\Deployment.Assistant\bin\Debug\Logs\Build-Deploy-19-Dec-2022-17-29-49.log" 2>&1
#1 [internal] load build definition from Dockerfile
#1 sha256:4d4e908c80f86cff20ce082352e8ffbd9c4afea5441e915be716cb8fee0f116a
#1 transferring dockerfile: 32B done
#1 DONE 0.0s

#2 [internal] load .dockerignore
#2 sha256:892360810dca7faa4b82d492efd3c7c3ecb44cc06673ba0d1d0e9bcdfeefec62
#2 transferring context: 2B done
#2 DONE 0.0s

#3 [internal] load metadata for docker.io/library/nginx:alpine
#3 sha256:b001d263a254f0e4960d52c837d5764774ef80ad3878c61304052afb6e0e9af2
#3 DONE 7.5s

#4 [1/4] FROM docker.io/library/nginx:alpine@sha256:dd8a054d7ef030e94a6449783605d6c306c1f69c10c2fa06b66a030e0d1db793
#4 sha256:69bb3b0d124b71e42fa4e8f3891bd71b0a7ee3c87accab313a257c9b97a38a34
#4 DONE 0.0s

#6 [internal] load build context
#6 sha256:5fc4ab83ff0451a3ccadc5727206c41d4ac5fd533aa801217d935920a0e629e0
#6 transferring context: 31B
#6 transferring context: 4.26MB 0.2s done
#6 DONE 0.2s

#5 [2/4] RUN rm -rf /usr/share/nginx/html/*
#5 sha256:6b5e129493dbc860ceff6e79c1e65572ba6ef739c546cd324b59fc99d4367303
#5 CACHED

#7 [3/4] COPY fechestPain/ /usr/share/nginx/html/
#7 sha256:7f8d648a4e6b4a643dfc6a4e8fb3163a36a2bebe1ea12ba3e6cccf968e914e8a
#7 CACHED

#8 [4/4] COPY nginx.conf /etc/nginx/nginx.conf
#8 sha256:6c45a9b877d0538932e402105d7b9a3002d277f7225be3527600fd93341273f7
#8 CACHED

#9 exporting to image
#9 sha256:e8c613e07b0b7ff33893b694f7759a10d42e180f2b4dc349fb57dc6b71dcab00
#9 exporting layers done
#9 writing image sha256:6c53bfe32f0a966986741f1aebe63286acb0b3222593541836d3abeec4536363 done
#9 naming to docker.io/library/chest-pain-fe-z004n44u:latest done
#9 DONE 0.0s

Use 'docker scan' to run Snyk tests against images to find vulnerabilities and learn how to fix them

19 Dec 2022 20:09:04 -----------------------------------------------------------------------------------------------------------------------------------------------------------

Docker Build Successful for chest-pain-fe-z004n44u:latest

19 Dec 2022 20:09:04 -----------------------------------------------------------------------------------------------------------------------------------------------------------

Tagging Docker Image

19 Dec 2022 20:09:04 -----------------------------------------------------------------------------------------------------------------------------------------------------------

Command Run /c cd /d D:\Repos\CDSS Collaboration\App.FE.ChestPain\dist & docker tag chest-pain-fe-z004n44u:latest gokarna.azurecr.io/chest-pain-fe-z004n44u:latest >> "D:\Projects\Deployment.Assistant\Deployment.Assistant\bin\Debug\Logs\Build-Deploy-19-Dec-2022-17-29-49.log" 2>&1

19 Dec 2022 20:09:05 -----------------------------------------------------------------------------------------------------------------------------------------------------------

Docker Tag Successful to gokarna.azurecr.io/chest-pain-fe-z004n44u:latest

19 Dec 2022 20:09:05 -----------------------------------------------------------------------------------------------------------------------------------------------------------

Pushing Docker Image

19 Dec 2022 20:09:05 -----------------------------------------------------------------------------------------------------------------------------------------------------------

Command Run /c cd /d D:\Repos\CDSS Collaboration\App.FE.ChestPain\dist & docker push gokarna.azurecr.io/chest-pain-fe-z004n44u:latest >> "D:\Projects\Deployment.Assistant\Deployment.Assistant\bin\Debug\Logs\Build-Deploy-19-Dec-2022-17-29-49.log" 2>&1
The push refers to repository [gokarna.azurecr.io/chest-pain-fe-z004n44u]
13b35e6b79f6: Preparing
eb648fdd4069: Preparing
9364ab082f1c: Preparing
9e173cdce044: Preparing
f2d47996fdfa: Preparing
c23f26e962bd: Preparing
0511ab7e6edc: Preparing
ec7e4a91c33b: Preparing
1fee4bd55a85: Preparing
ded7a220bb05: Preparing
0511ab7e6edc: Waiting
c23f26e962bd: Waiting
ec7e4a91c33b: Waiting
1fee4bd55a85: Waiting
ded7a220bb05: Waiting
eb648fdd4069: Layer already exists
9364ab082f1c: Layer already exists
f2d47996fdfa: Layer already exists
9e173cdce044: Layer already exists
13b35e6b79f6: Layer already exists
c23f26e962bd: Layer already exists
ec7e4a91c33b: Layer already exists
1fee4bd55a85: Layer already exists
0511ab7e6edc: Layer already exists
ded7a220bb05: Layer already exists
latest: digest: sha256:efe062319d0bea011457bc0bb817a9426daba5d2dfe088379e0d0cf4fcb5f1c1 size: 2407

19 Dec 2022 20:09:09 -----------------------------------------------------------------------------------------------------------------------------------------------------------

Docker Push Successful to gokarna.azurecr.io/chest-pain-fe-z004n44u:latest

19 Dec 2022 20:09:09 -----------------------------------------------------------------------------------------------------------------------------------------------------------

Connecting to inblrghma3879ln

19 Dec 2022 20:09:10 -----------------------------------------------------------------------------------------------------------------------------------------------------------

Successfully connected to inblrghma3879ln

19 Dec 2022 20:09:10 -----------------------------------------------------------------------------------------------------------------------------------------------------------

Command Run : kubectl get pods -n ai-pc-product

19 Dec 2022 20:09:10 -----------------------------------------------------------------------------------------------------------------------------------------------------------

NAME                                           READY   STATUS    RESTARTS   AGE
amp-manager-5b987cb97-lr7kg                    1/1     Running   0          63d
auditlogservice-5f4d6fbb9d-dx5f7               1/1     Running   0          64d
authservice-88f9fd758-jjhfd                    1/1     Running   0          63d
cad-fe-d4476f687-l2r9z                         1/1     Running   0          63d
cadbackendservice-664c7b6f9f-2k5rx             1/1     Running   0          130m
cadconcordanceservice-557d99d97f-f2z4k         1/1     Running   0          63d
cadriskcalculatorservice-56d6946d7d-2qrkh      1/1     Running   0          63d
chest-pain-fe-89f997ff-bcqzx                   1/1     Running   0          101m
configurationservice-5459457fc6-lnq2h          1/1     Running   0          64d
csvreaderservice-5f694dc8db-t9f9g              1/1     Running   0          63d
dicommetadata-74fb96f86f-9pqgm                 1/1     Running   0          63d
doc-import-54bf99db6-xrrg9                     1/1     Running   0          63d
error-reporting-device-75c754b79f-qggfq        1/1     Running   0          63d
export-orchestrator-597cbcccf7-s4snn           1/1     Running   0          63d
fhir-78f89876d4-g9glk                          1/1     Running   0          63d
fhir-document-parser-device-67755f977f-bhtm5   1/1     Running   0          63d
fhir-export-device-67b6fd978c-n9snp            1/1     Running   0          63d
fhir-import-7767fc8db8-4tr9x                   1/1     Running   0          63d
filesystem-export-device-5bd7c9ccd-g5w7g       1/1     Running   0          63d
imageaccessservice-775ddb6cfd-dht2s            1/1     Running   0          63d
import-orchestrator-6b95cf8fdf-w5qhv           1/1     Running   0          63d
launchpage-5cf87bbf4c-5jx78                    1/1     Running   0          156m
launchpageservice-684cd686c9-s68px             1/1     Running   0          12d
licenseservice-bdd94577b-hcdmh                 1/1     Running   0          63d
logger-5695b4657c-f56kx                        1/1     Running   0          64d
loginpage-5d8c7bcffb-ldxtq                     1/1     Running   0          63d
nlpaccessservice-5758cc4845-7ssjp              1/1     Running   0          63d
nlpfhirrenderer-77f4d48f96-x95nq               1/1     Running   0          63d
pacs-connector-7dc5c6799c-fq2rm                1/1     Running   0          63d
patientdeleteservice-559d74b5bf-sdgsj          1/1     Running   0          31d
postgres-c5cbf997f-9wztv                       1/1     Running   0          63d
rabbitmq-859b96c59d-85grj                      1/1     Running   0          63d
report-type-converter-7f6f784d75-r2l82         1/1     Running   0          63d
reportconverter-5d8cf5647b-d4c9f               1/1     Running   0          63d
reportcreationservice-5c48c6b4df-cb5fv         1/1     Running   0          63d
reverse-proxy-69f5b4d855-jdhg2                 1/1     Running   0          63d
ruleengineservice-5bbb6ddfd4-zv99r             1/1     Running   0          63d
settingsui-6849c4c946-sfj4r                    1/1     Running   0          64d
snomedqueryservice-5cf86455d9-jm8jr            1/1     Running   0          63d
tika-5776fb956-tfkjt                           1/1     Running   0          63d
unitconversionservice-68bb5f5c96-9wnlv         1/1     Running   0          63d


19 Dec 2022 20:09:10 -----------------------------------------------------------------------------------------------------------------------------------------------------------

Command Run : kubectl set image deployment/chest-pain-fe chest-pain-fe=gokarna.azurecr.io/chest-pain-fe-z004n44u:latest -n ai-pc-product

19 Dec 2022 20:09:11 -----------------------------------------------------------------------------------------------------------------------------------------------------------

deployment.apps/chest-pain-fe image updated


19 Dec 2022 20:09:11 -----------------------------------------------------------------------------------------------------------------------------------------------------------

Command Run : kubectl delete pod chest-pain-fe-89f997ff-bcqzx -n ai-pc-product

19 Dec 2022 20:09:13 -----------------------------------------------------------------------------------------------------------------------------------------------------------

pod "chest-pain-fe-89f997ff-bcqzx" deleted


19 Dec 2022 20:09:13 -----------------------------------------------------------------------------------------------------------------------------------------------------------

NAME                                           READY   STATUS        RESTARTS   AGE
amp-manager-5b987cb97-lr7kg                    1/1     Running       0          63d
auditlogservice-5f4d6fbb9d-dx5f7               1/1     Running       0          64d
authservice-88f9fd758-jjhfd                    1/1     Running       0          63d
cad-fe-d4476f687-l2r9z                         1/1     Running       0          63d
cadbackendservice-664c7b6f9f-2k5rx             1/1     Running       0          131m
cadconcordanceservice-557d99d97f-f2z4k         1/1     Running       0          63d
cadriskcalculatorservice-56d6946d7d-2qrkh      1/1     Running       0          63d
chest-pain-fe-5f5fd449df-krcrk                 1/1     Running       0          2s
chest-pain-fe-89f997ff-qd5v9                   1/1     Terminating   0          2s
configurationservice-5459457fc6-lnq2h          1/1     Running       0          64d
csvreaderservice-5f694dc8db-t9f9g              1/1     Running       0          63d
dicommetadata-74fb96f86f-9pqgm                 1/1     Running       0          63d
doc-import-54bf99db6-xrrg9                     1/1     Running       0          63d
error-reporting-device-75c754b79f-qggfq        1/1     Running       0          63d
export-orchestrator-597cbcccf7-s4snn           1/1     Running       0          63d
fhir-78f89876d4-g9glk                          1/1     Running       0          63d
fhir-document-parser-device-67755f977f-bhtm5   1/1     Running       0          63d
fhir-export-device-67b6fd978c-n9snp            1/1     Running       0          63d
fhir-import-7767fc8db8-4tr9x                   1/1     Running       0          63d
filesystem-export-device-5bd7c9ccd-g5w7g       1/1     Running       0          63d
imageaccessservice-775ddb6cfd-dht2s            1/1     Running       0          63d
import-orchestrator-6b95cf8fdf-w5qhv           1/1     Running       0          63d
launchpage-5cf87bbf4c-5jx78                    1/1     Running       0          156m
launchpageservice-684cd686c9-s68px             1/1     Running       0          12d
licenseservice-bdd94577b-hcdmh                 1/1     Running       0          63d
logger-5695b4657c-f56kx                        1/1     Running       0          64d
loginpage-5d8c7bcffb-ldxtq                     1/1     Running       0          63d
nlpaccessservice-5758cc4845-7ssjp              1/1     Running       0          63d
nlpfhirrenderer-77f4d48f96-x95nq               1/1     Running       0          63d
pacs-connector-7dc5c6799c-fq2rm                1/1     Running       0          63d
patientdeleteservice-559d74b5bf-sdgsj          1/1     Running       0          31d
postgres-c5cbf997f-9wztv                       1/1     Running       0          63d
rabbitmq-859b96c59d-85grj                      1/1     Running       0          63d
report-type-converter-7f6f784d75-r2l82         1/1     Running       0          63d
reportconverter-5d8cf5647b-d4c9f               1/1     Running       0          63d
reportcreationservice-5c48c6b4df-cb5fv         1/1     Running       0          63d
reverse-proxy-69f5b4d855-jdhg2                 1/1     Running       0          63d
ruleengineservice-5bbb6ddfd4-zv99r             1/1     Running       0          63d
settingsui-6849c4c946-sfj4r                    1/1     Running       0          64d
snomedqueryservice-5cf86455d9-jm8jr            1/1     Running       0          63d
tika-5776fb956-tfkjt                           1/1     Running       0          63d
unitconversionservice-68bb5f5c96-9wnlv         1/1     Running       0          63d


19 Dec 2022 20:09:13 -----------------------------------------------------------------------------------------------------------------------------------------------------------

Deployment Successful!

19 Dec 2022 21:01:56 -----------------------------------------------------------------------------------------------------------------------------------------------------------

Opening Chrome..

19 Dec 2022 21:01:59 -----------------------------------------------------------------------------------------------------------------------------------------------------------

Navigating to https://inblrghma3879ln/

19 Dec 2022 21:02:02 -----------------------------------------------------------------------------------------------------------------------------------------------------------

Username clinical.admin Entered

19 Dec 2022 21:02:02 -----------------------------------------------------------------------------------------------------------------------------------------------------------

Password ******* Entered

19 Dec 2022 21:02:03 -----------------------------------------------------------------------------------------------------------------------------------------------------------

Login Success to https://inblrghma3879ln/ as clinical.admin
