
9 Jan 2023 10:54:40 -----------------------------------------------------------------------------------------------------------------------------------------------------------

Exception Encountered: 

The MicrosoftWebDriver.exe file does not exist in the current directory or in a directory on the PATH environment variable. The driver can be downloaded at http://go.microsoft.com/fwlink/?LinkId=619687.

 If exception includes Chrome driver Update Required, Follow the following steps to update. 

 1.Visit https://chromedriver.chromium.org/downloads 

 2.Download latest chromedriver(chromedriver_win32.zip if prompted)

 3. Extract the zip file and replace chromedriver.exe in the installation folder with the latest one.

9 Jan 2023 10:55:43 -----------------------------------------------------------------------------------------------------------------------------------------------------------

Exception Encountered: 

The MicrosoftWebDriver.exe file does not exist in the current directory or in a directory on the PATH environment variable. The driver can be downloaded at http://go.microsoft.com/fwlink/?LinkId=619687.

 If exception includes Chrome driver Update Required, Follow the following steps to update. 

 1.Visit https://chromedriver.chromium.org/downloads 

 2.Download latest chromedriver(chromedriver_win32.zip if prompted)

 3. Extract the zip file and replace chromedriver.exe in the installation folder with the latest one.

9 Jan 2023 10:55:45 -----------------------------------------------------------------------------------------------------------------------------------------------------------

Exception Encountered: 

The MicrosoftWebDriver.exe file does not exist in the current directory or in a directory on the PATH environment variable. The driver can be downloaded at http://go.microsoft.com/fwlink/?LinkId=619687.

 If exception includes Chrome driver Update Required, Follow the following steps to update. 

 1.Visit https://chromedriver.chromium.org/downloads 

 2.Download latest chromedriver(chromedriver_win32.zip if prompted)

 3. Extract the zip file and replace chromedriver.exe in the installation folder with the latest one.
