
9 Jan 2023 11:03:42 -----------------------------------------------------------------------------------------------------------------------------------------------------------

Opening Chrome..

9 Jan 2023 11:03:46 -----------------------------------------------------------------------------------------------------------------------------------------------------------

Navigating to https://inblrghman079ln.rd001.onehc.net/

9 Jan 2023 11:03:49 -----------------------------------------------------------------------------------------------------------------------------------------------------------

Username clinical.admin Entered

9 Jan 2023 11:03:49 -----------------------------------------------------------------------------------------------------------------------------------------------------------

Password ******* Entered

9 Jan 2023 11:03:49 -----------------------------------------------------------------------------------------------------------------------------------------------------------

Login Success to https://inblrghman079ln.rd001.onehc.net/ as clinical.admin

9 Jan 2023 11:04:06 -----------------------------------------------------------------------------------------------------------------------------------------------------------

Opening Chrome..

9 Jan 2023 11:04:09 -----------------------------------------------------------------------------------------------------------------------------------------------------------

Navigating to https://inblrghma3879ln/

9 Jan 2023 11:04:12 -----------------------------------------------------------------------------------------------------------------------------------------------------------

Username clinical.admin Entered

9 Jan 2023 11:04:12 -----------------------------------------------------------------------------------------------------------------------------------------------------------

Password ******* Entered

9 Jan 2023 11:04:12 -----------------------------------------------------------------------------------------------------------------------------------------------------------

Login Success to https://inblrghma3879ln/ as clinical.admin
