
13 Dec 2022 14:16:11 -----------------------------------------------------------------------------------------------------------------------------------------------------------

Connecting to inblrghma3879ln

13 Dec 2022 14:16:11 -----------------------------------------------------------------------------------------------------------------------------------------------------------

Successfully connected to inblrghma3879ln

13 Dec 2022 14:16:11 -----------------------------------------------------------------------------------------------------------------------------------------------------------

Command Run : kubectl get pods -n ai-pc-product

13 Dec 2022 14:16:12 -----------------------------------------------------------------------------------------------------------------------------------------------------------

~
aipc-k8s-config
CreateKubeConfig.sh
INBLRGHMAN079LN.rd001.onehc.net.crt
INBLRGHMAN079LN.rd001.onehc.net.key
INBLRGHMAN079LN.rd001.onehc.net.pem
installPathway.log
patient_delete.yaml
test-cert.crt
test-cert.key


13 Dec 2022 14:16:12 -----------------------------------------------------------------------------------------------------------------------------------------------------------

Client inblrghma3879ln disconnected.

13 Dec 2022 14:16:19 -----------------------------------------------------------------------------------------------------------------------------------------------------------

Connecting to inblrghma3879ln

13 Dec 2022 14:16:20 -----------------------------------------------------------------------------------------------------------------------------------------------------------

Successfully connected to inblrghma3879ln

13 Dec 2022 14:16:20 -----------------------------------------------------------------------------------------------------------------------------------------------------------

Command Run : kubectl get pods -n ai-pc-product

13 Dec 2022 14:16:20 -----------------------------------------------------------------------------------------------------------------------------------------------------------

datapath: flags=4163<UP,BROADCAST,RUNNING,MULTICAST>  mtu 1376
        ether 12:d8:73:96:ee:8f  txqueuelen 1000  (Ethernet)
        RX packets 5230  bytes 691863 (675.6 KiB)
        RX errors 0  dropped 0  overruns 0  frame 0
        TX packets 0  bytes 0 (0.0 B)
        TX errors 0  dropped 0 overruns 0  carrier 0  collisions 0

ens192: flags=4163<UP,BROADCAST,RUNNING,MULTICAST>  mtu 1500
        inet 172.24.27.220  netmask 255.255.255.0  broadcast 172.24.27.255
        ether 00:50:56:b0:de:c6  txqueuelen 1000  (Ethernet)
        RX packets 81656511  bytes 17854593692 (16.6 GiB)
        RX errors 0  dropped 0  overruns 0  frame 0
        TX packets 81685088  bytes 37260705909 (34.7 GiB)
        TX errors 0  dropped 0 overruns 0  carrier 0  collisions 0

lo: flags=73<UP,LOOPBACK,RUNNING>  mtu 65536
        inet 127.0.0.1  netmask 255.0.0.0
        loop  txqueuelen 1000  (Local Loopback)
        RX packets 1336011160  bytes 2441911944941 (2.2 TiB)
        RX errors 0  dropped 0  overruns 0  frame 0
        TX packets 1336011160  bytes 2441911944941 (2.2 TiB)
        TX errors 0  dropped 0 overruns 0  carrier 0  collisions 0

vethwe-bridge: flags=4163<UP,BROADCAST,RUNNING,MULTICAST>  mtu 1376
        ether 1e:df:74:e9:1f:f2  txqueuelen 0  (Ethernet)
        RX packets 10057065  bytes 4944093360 (4.6 GiB)
        RX errors 0  dropped 0  overruns 0  frame 0
        TX packets 13706815  bytes 4610074927 (4.2 GiB)
        TX errors 0  dropped 0 overruns 0  carrier 0  collisions 0

vethwe-datapath: flags=4163<UP,BROADCAST,RUNNING,MULTICAST>  mtu 1376
        ether d2:54:b6:49:1c:f9  txqueuelen 0  (Ethernet)
        RX packets 1336011160  bytes 2441911944941 (2.2 TiB)
        RX errors 0  dropped 0  overruns 0  frame 0
        TX packets 1336011160  bytes 2441911944941 (2.2 TiB)
        TX errors 0  dropped 0 overruns 0  carrier 0  collisions 0

vethwepl5d76e62: flags=4163<UP,BROADCAST,RUNNING,MULTICAST>  mtu 1376
        ether 36:77:6c:74:94:2f  txqueuelen 0  (Ethernet)
        RX packets 1336011160  bytes 2441911944941 (2.2 TiB)
        RX errors 0  dropped 0  overruns 0  frame 0
        TX packets 1336011160  bytes 2441911944941 (2.2 TiB)
        TX errors 0  dropped 0 overruns 0  carrier 0  collisions 0

vxlan-6784: flags=4163<UP,BROADCAST,RUNNING,MULTICAST>  mtu 65535
        ether 9e:e4:bc:8e:f7:45  txqueuelen 1000  (Ethernet)
        RX packets 12582286  bytes 5593270256 (5.2 GiB)
        RX errors 0  dropped 0  overruns 0  frame 0
        TX packets 14207173  bytes 5104891512 (4.7 GiB)
        TX errors 0  dropped 0 overruns 0  carrier 0  collisions 0

weave: flags=4163<UP,BROADCAST,RUNNING,MULTICAST>  mtu 1376
        inet 10.32.0.1  netmask 255.240.0.0  broadcast 10.47.255.255
        ether 52:6d:00:f3:0d:ea  txqueuelen 1000  (Ethernet)
        RX packets 4538846  bytes 3817676069 (3.5 GiB)
        RX errors 0  dropped 0  overruns 0  frame 0
        TX packets 5774301  bytes 2988279617 (2.7 GiB)
        TX errors 0  dropped 0 overruns 0  carrier 0  collisions 0



13 Dec 2022 14:16:20 -----------------------------------------------------------------------------------------------------------------------------------------------------------

Client inblrghma3879ln disconnected.
