
27 Dec 2022 16:25:35 -----------------------------------------------------------------------------------------------------------------------------------------------------------

Opening Chrome..

27 Dec 2022 16:25:38 -----------------------------------------------------------------------------------------------------------------------------------------------------------

Navigating to https://inblrghman079ln.rd001.onehc.net/

27 Dec 2022 16:25:44 -----------------------------------------------------------------------------------------------------------------------------------------------------------

Username clinical.admin Entered

27 Dec 2022 16:25:44 -----------------------------------------------------------------------------------------------------------------------------------------------------------

Password ******* Entered

27 Dec 2022 16:25:44 -----------------------------------------------------------------------------------------------------------------------------------------------------------

Login Success to https://inblrghman079ln.rd001.onehc.net/ as clinical.admin

27 Dec 2022 16:26:00 -----------------------------------------------------------------------------------------------------------------------------------------------------------

Connecting to inblrghvsan10ln

27 Dec 2022 16:26:01 -----------------------------------------------------------------------------------------------------------------------------------------------------------

Successfully connected to inblrghvsan10ln

27 Dec 2022 16:26:01 -----------------------------------------------------------------------------------------------------------------------------------------------------------

Command Run : ls

27 Dec 2022 16:26:01 -----------------------------------------------------------------------------------------------------------------------------------------------------------

aipc-k8s-config
CreateKubeConfig.sh


27 Dec 2022 16:26:01 -----------------------------------------------------------------------------------------------------------------------------------------------------------

Client inblrghvsan10ln disconnected.
