
9 Jan 2023 10:42:12 -----------------------------------------------------------------------------------------------------------------------------------------------------------

Opening Chrome..

9 Jan 2023 10:42:14 -----------------------------------------------------------------------------------------------------------------------------------------------------------

Navigating to https://inblrghma3879ln/

9 Jan 2023 10:42:17 -----------------------------------------------------------------------------------------------------------------------------------------------------------

Username clinical.admin Entered

9 Jan 2023 10:42:17 -----------------------------------------------------------------------------------------------------------------------------------------------------------

Password ******* Entered

9 Jan 2023 10:42:17 -----------------------------------------------------------------------------------------------------------------------------------------------------------

Login Success to https://inblrghma3879ln/ as clinical.admin

9 Jan 2023 10:42:46 -----------------------------------------------------------------------------------------------------------------------------------------------------------

Opening Chrome..

9 Jan 2023 10:42:48 -----------------------------------------------------------------------------------------------------------------------------------------------------------

Navigating to https://inblrghma3879ln/

9 Jan 2023 10:42:51 -----------------------------------------------------------------------------------------------------------------------------------------------------------

Username clinical.admin Entered

9 Jan 2023 10:42:51 -----------------------------------------------------------------------------------------------------------------------------------------------------------

Password ******* Entered

9 Jan 2023 10:42:51 -----------------------------------------------------------------------------------------------------------------------------------------------------------

Login Success to https://inblrghma3879ln/ as clinical.admin

9 Jan 2023 10:49:03 -----------------------------------------------------------------------------------------------------------------------------------------------------------

Build started

9 Jan 2023 10:49:03 -----------------------------------------------------------------------------------------------------------------------------------------------------------

Command run /c cd /d "D:\Repos\Compare\Apps.FE.LaunchPage"& ng build --prod  >> "D:\Projects\Deployment.Assistant\Deployment.Assistant\bin\Debug\Logs\Build-Deploy-9-Jan-2023-10-42-10.log" 2>&1
Your global Angular CLI version (14.2.7) is greater than your local version (10.1.3). The local Angular CLI version is used.

To disable this warning use "ng config -g cli.warnings.versionMismatch false".

chunk {} runtime.acf0dec4155e77772545.js (runtime) 1.45 kB [entry] [rendered]
chunk {1} main.97233189e2fe31b2afa6.js (main) 781 kB [initial] [rendered]
chunk {2} polyfills.29c51e94830fd57b2d05.js (polyfills) 179 kB [initial] [rendered]
chunk {3} polyfills-es5.d6f801260341d3b50649.js (polyfills-es5) 262 kB [initial] [rendered]
chunk {4} styles.c53f982f07a44d56f956.css (styles) 153 kB [initial] [rendered]
chunk {scripts} scripts.62c4fd509cd4aa85352d.js (scripts) 2.41 MB [entry] [rendered]
Date: 2023-01-09T05:19:42.961Z - Hash: 6ce3f773ad9667963654 - Time: 31546ms

WARNING in D:\Repos\Compare\Apps.FE.LaunchPage\source\app\app.module.ts depends on '@ids/common.ui.base-services.auth-handler'. CommonJS or AMD dependencies can cause optimization bailouts.
For more info see: https://angular.io/guide/build#configuring-commonjs-dependencies

WARNING in D:\Repos\Compare\Apps.FE.LaunchPage\node_modules\ngx-virtual-scroller\__ivy_ngcc__\fesm2015\ngx-virtual-scroller.js depends on '@tweenjs/tween.js'. CommonJS or AMD dependencies can cause optimization bailouts.
For more info see: https://angular.io/guide/build#configuring-commonjs-dependencies

9 Jan 2023 10:49:43 -----------------------------------------------------------------------------------------------------------------------------------------------------------

Build Success!

9 Jan 2023 10:49:43 -----------------------------------------------------------------------------------------------------------------------------------------------------------

Copying D:\Repos\Compare\Apps.FE.LaunchPage\nginx.conf to D:\Repos\Compare\Apps.FE.LaunchPage\dist\nginx.conf

9 Jan 2023 10:49:43 -----------------------------------------------------------------------------------------------------------------------------------------------------------

Successfully copied D:\Repos\Compare\Apps.FE.LaunchPage\nginx.conf to D:\Repos\Compare\Apps.FE.LaunchPage\dist\nginx.conf

9 Jan 2023 10:49:43 -----------------------------------------------------------------------------------------------------------------------------------------------------------

Copying D:\Repos\Compare\Apps.FE.LaunchPage\Dockerfile to D:\Repos\Compare\Apps.FE.LaunchPage\dist\Dockerfile

9 Jan 2023 10:49:43 -----------------------------------------------------------------------------------------------------------------------------------------------------------

Successfully copied D:\Repos\Compare\Apps.FE.LaunchPage\Dockerfile to D:\Repos\Compare\Apps.FE.LaunchPage\dist\Dockerfile

9 Jan 2023 10:49:43 -----------------------------------------------------------------------------------------------------------------------------------------------------------

Building Docker Image

9 Jan 2023 10:49:43 -----------------------------------------------------------------------------------------------------------------------------------------------------------

Command Run /c cd /d D:\Repos\Compare\Apps.FE.LaunchPage\dist & docker build . -t launchpage-z004n44u:latest >> "D:\Projects\Deployment.Assistant\Deployment.Assistant\bin\Debug\Logs\Build-Deploy-9-Jan-2023-10-42-10.log" 2>&1
#1 [internal] load build definition from Dockerfile
#1 sha256:ef6832af2e60283a69ea1b68c9ced380631bd4f87dca2d3e10e18f490e26e382
#1 transferring dockerfile: 1.10kB 0.0s done
#1 DONE 0.0s

#2 [internal] load .dockerignore
#2 sha256:32035a82dc3a63e5fdf44eb8c67d407dd19a7abc47716db6cd37f13ac81a8abc
#2 transferring context: 2B done
#2 DONE 0.0s

#3 [internal] load metadata for docker.io/library/nginx:latest
#3 sha256:06c466a4eb6821b81bd3e48610e5f38dab858b1e9acb01d6e2f6b11c8fabe6bc
#3 DONE 4.3s

#4 [ 1/14] FROM docker.io/library/nginx:latest@sha256:0047b729188a15da49380d9506d65959cce6d40291ccfb4e039f5dc7efd33286
#4 sha256:e7bed6aad7b09384eb5e7b7d3e639dafd578232c7fddeff5c60a35fd9c7f8488
#4 DONE 0.0s

#6 [internal] load build context
#6 sha256:a9e861c65fb0ead65f19f1564b660eb56fec94821a875e2abbeb28240f819caa
#6 transferring context: 9.91MB 0.7s
#6 transferring context: 28.67MB 1.6s done
#6 DONE 1.7s

#5 [ 2/14] WORKDIR /usr/share/nginx/html
#5 sha256:977fd11ad066f17453839ddaf396516d5ca43c79c768c95bdf95a39d38091104
#5 CACHED

#7 [ 3/14] COPY launch-page/ .
#7 sha256:eaeb9d03093f50e3f0b260e6249dcf3d4be0d10a965185a67f84163879494d6c
#7 DONE 0.1s

#8 [ 4/14] COPY nginx.conf /etc/nginx/nginx.conf
#8 sha256:0946b65a6d1c1bbd5330965c700c8e2551fae96c61ea5ad40df9bc65353b5f96
#8 DONE 0.1s

#9 [ 5/14] RUN groupadd --gid 1000 AIPCNonRootUser && useradd --uid 1000 --gid 1000 --home-dir /usr/share/AIPCNonRootUser --no-create-home AIPCNonRootUser
#9 sha256:1d50b75d82e7ed40a8dece9e92dee5bf5efff7aefcdb16ad48c9175955057f28
#9 DONE 0.4s

#10 [ 6/14] RUN chown -R AIPCNonRootUser:AIPCNonRootUser /var/cache/nginx
#10 sha256:66f2efba07b8cb26de623d24252a39ea8eaa99d39ed8937b2b0f3cbc85767373
#10 DONE 0.5s

#11 [ 7/14] RUN chmod 770 /var/cache/nginx
#11 sha256:5f4335c6c255c64521b52d035290b1a76c56e6b788aee9d638a0e647b3880483
#11 DONE 0.5s

#12 [ 8/14] RUN touch /var/run/nginx.pid
#12 sha256:fe677f62b5413bc620d3ddf53f331d5dd5160546048a7da5c2468f98af28887b
#12 DONE 0.6s

#13 [ 9/14] RUN chown -R AIPCNonRootUser:AIPCNonRootUser /var/run/nginx.pid
#13 sha256:2c6126e4d86b48eb702efa2598468217b45e1d1aa37c99461d365b814ecef478
#13 DONE 0.5s

#14 [10/14] RUN chmod 770 /var/run/nginx.pid
#14 sha256:2c851b35fa0c71824936a2a03456cdf9b4ee6be6b78cd4603fcd3ee7b03fc83d
#14 DONE 0.5s

#15 [11/14] RUN mkdir -p /usr/share/nginx/html/
#15 sha256:74cc79d6718e4617b2fec6d70d9345138c6de38dd65328ed4b3b213fbac619d2
#15 DONE 0.5s

#16 [12/14] RUN chown AIPCNonRootUser /usr/share/nginx/html/
#16 sha256:aae7fd7dbcb459ad8c95de813ee1a4bee6027ec9ea01a345eb1720a5983b1e54
#16 DONE 0.6s

#17 [13/14] RUN chown -R AIPCNonRootUser:AIPCNonRootUser /etc/nginx
#17 sha256:118e81fde9ed9b52464acd6c035266feabc1c86b3d3beee5ef2f0b488cce3a1a
#17 DONE 0.5s

#18 [14/14] RUN chmod 770 /etc/nginx
#18 sha256:719a3039b001060f0b55faafc4f33e12e9cf1980f3162a9b76b67918085a8627
#18 DONE 0.5s

#19 exporting to image
#19 sha256:e8c613e07b0b7ff33893b694f7759a10d42e180f2b4dc349fb57dc6b71dcab00
#19 exporting layers
#19 exporting layers 0.4s done
#19 writing image sha256:f52483d06f2764bf7f3b01d533c305cd3ab9c277473c917f1c216a3b7c0e5d1b done
#19 naming to docker.io/library/launchpage-z004n44u:latest done
#19 DONE 0.5s

Use 'docker scan' to run Snyk tests against images to find vulnerabilities and learn how to fix them

9 Jan 2023 10:49:57 -----------------------------------------------------------------------------------------------------------------------------------------------------------

Docker Build Successful for launchpage-z004n44u:latest

9 Jan 2023 10:49:57 -----------------------------------------------------------------------------------------------------------------------------------------------------------

Tagging Docker Image

9 Jan 2023 10:49:57 -----------------------------------------------------------------------------------------------------------------------------------------------------------

Command Run /c cd /d D:\Repos\Compare\Apps.FE.LaunchPage\dist & docker tag launchpage-z004n44u:latest gokarna.azurecr.io/launchpage-z004n44u:latest >> "D:\Projects\Deployment.Assistant\Deployment.Assistant\bin\Debug\Logs\Build-Deploy-9-Jan-2023-10-42-10.log" 2>&1

9 Jan 2023 10:49:58 -----------------------------------------------------------------------------------------------------------------------------------------------------------

Docker Tag Successful to gokarna.azurecr.io/launchpage-z004n44u:latest

9 Jan 2023 10:49:58 -----------------------------------------------------------------------------------------------------------------------------------------------------------

Pushing Docker Image

9 Jan 2023 10:49:58 -----------------------------------------------------------------------------------------------------------------------------------------------------------

Command Run /c cd /d D:\Repos\Compare\Apps.FE.LaunchPage\dist & docker push gokarna.azurecr.io/launchpage-z004n44u:latest >> "D:\Projects\Deployment.Assistant\Deployment.Assistant\bin\Debug\Logs\Build-Deploy-9-Jan-2023-10-42-10.log" 2>&1
The push refers to repository [gokarna.azurecr.io/launchpage-z004n44u]
3d81310f20f8: Preparing
d287ac442e3a: Preparing
a071ae4fa625: Preparing
3498204d3941: Preparing
ac3936a1a423: Preparing
db904caa88fb: Preparing
1b4c242959a7: Preparing
a1aa5c53bf32: Preparing
ff5c96a6936e: Preparing
508126538a91: Preparing
f3fdcb4b6b3f: Preparing
45ebbb453944: Preparing
5f70bf18a086: Preparing
c72d75f45e5b: Preparing
9a0ef04f57f5: Preparing
d13aea24d2cb: Preparing
2b3eec357807: Preparing
2dadbc36c170: Preparing
8a70d251b653: Preparing
ff5c96a6936e: Waiting
508126538a91: Waiting
f3fdcb4b6b3f: Waiting
45ebbb453944: Waiting
5f70bf18a086: Waiting
2dadbc36c170: Waiting
8a70d251b653: Waiting
2b3eec357807: Waiting
c72d75f45e5b: Waiting
db904caa88fb: Waiting
9a0ef04f57f5: Waiting
1b4c242959a7: Waiting
d13aea24d2cb: Waiting
a1aa5c53bf32: Waiting
3498204d3941: Pushed
a071ae4fa625: Pushed
ac3936a1a423: Pushed
3d81310f20f8: Pushed
d287ac442e3a: Pushed
a1aa5c53bf32: Pushed
1b4c242959a7: Pushed
ff5c96a6936e: Pushed
508126538a91: Pushed
5f70bf18a086: Layer already exists
db904caa88fb: Pushed
9a0ef04f57f5: Layer already exists
c72d75f45e5b: Layer already exists
2b3eec357807: Layer already exists
d13aea24d2cb: Layer already exists
8a70d251b653: Layer already exists
2dadbc36c170: Layer already exists
f3fdcb4b6b3f: Pushed
45ebbb453944: Pushed
latest: digest: sha256:980cffe6be9eadac69a20f33c0974688ff452f6349ac230dcfb5bf3e1cdbdf62 size: 4266

9 Jan 2023 10:50:10 -----------------------------------------------------------------------------------------------------------------------------------------------------------

Docker Push Successful to gokarna.azurecr.io/launchpage-z004n44u:latest

9 Jan 2023 10:50:10 -----------------------------------------------------------------------------------------------------------------------------------------------------------

Connecting to inblrghma3879ln

9 Jan 2023 10:50:11 -----------------------------------------------------------------------------------------------------------------------------------------------------------

Successfully connected to inblrghma3879ln

9 Jan 2023 10:50:11 -----------------------------------------------------------------------------------------------------------------------------------------------------------

Command Run : kubectl get pods -n ai-pc-product

9 Jan 2023 10:50:12 -----------------------------------------------------------------------------------------------------------------------------------------------------------

NAME                                           READY   STATUS    RESTARTS   AGE
amp-manager-5b987cb97-76xxg                    1/1     Running   1          18d
auditlogservice-5f4d6fbb9d-4tswt               1/1     Running   0          18d
authservice-88f9fd758-vvp5w                    1/1     Running   0          18d
cad-fe-d4476f687-4vn9b                         1/1     Running   0          18d
cadbackendservice-664c7b6f9f-9gdhv             1/1     Running   0          117m
cadconcordanceservice-557d99d97f-mgffs         1/1     Running   0          18d
cadriskcalculatorservice-56d6946d7d-t7fj5      1/1     Running   0          18d
chest-pain-fe-5f5fd449df-b4vn7                 1/1     Running   0          85m
configurationservice-5459457fc6-qdmv8          1/1     Running   0          18d
csvreaderservice-5f694dc8db-kfhbs              1/1     Running   0          18d
dicommetadata-74fb96f86f-tf6nv                 1/1     Running   0          18d
doc-import-54bf99db6-gtbgs                     1/1     Running   0          18d
error-reporting-device-75c754b79f-k8px2        1/1     Running   0          18d
export-orchestrator-597cbcccf7-vsldx           1/1     Running   0          18d
fhir-78f89876d4-kxmmn                          1/1     Running   0          18d
fhir-document-parser-device-67755f977f-qkcvq   1/1     Running   0          18d
fhir-export-device-67b6fd978c-gpgqs            1/1     Running   0          18d
fhir-import-7767fc8db8-x8xf9                   1/1     Running   0          18d
filesystem-export-device-5bd7c9ccd-nllwd       1/1     Running   0          18d
imageaccessservice-775ddb6cfd-fkgt7            1/1     Running   0          18d
import-orchestrator-6b95cf8fdf-j74jr           1/1     Running   0          18d
launchpage-5cf87bbf4c-4tqg9                    1/1     Running   0          90m
launchpageservice-6bd995c85c-9nz29             1/1     Running   0          16d
licenseservice-bdd94577b-dmzfh                 1/1     Running   0          18d
logger-5695b4657c-klh5x                        1/1     Running   0          18d
loginpage-5d8c7bcffb-9666d                     1/1     Running   0          18d
nlpaccessservice-5758cc4845-gr4jp              1/1     Running   0          18d
nlpfhirrenderer-77f4d48f96-xfpcv               1/1     Running   0          18d
pacs-connector-7dc5c6799c-26zsw                1/1     Running   0          18d
patientdeleteservice-559d74b5bf-tpj4d          1/1     Running   0          18d
postgres-c5cbf997f-5c2th                       1/1     Running   0          18d
rabbitmq-859b96c59d-pqfbg                      1/1     Running   0          18d
report-type-converter-7f6f784d75-ln8nn         1/1     Running   0          18d
reportconverter-5d8cf5647b-vc4jm               1/1     Running   0          18d
reportcreationservice-684fdd7b7d-726zw         1/1     Running   0          34h
reverse-proxy-69f5b4d855-88ncp                 1/1     Running   0          18d
ruleengineservice-5bbb6ddfd4-kkc65             1/1     Running   0          18d
settingsui-6849c4c946-nq9wk                    1/1     Running   0          18d
snomedqueryservice-5cf86455d9-xjhcd            1/1     Running   0          18d
tika-5776fb956-r4rmb                           1/1     Running   0          18d
unitconversionservice-68bb5f5c96-kkdd4         1/1     Running   0          18d


9 Jan 2023 10:50:12 -----------------------------------------------------------------------------------------------------------------------------------------------------------

Command Run : kubectl set image deployment/launchpage launchpage=gokarna.azurecr.io/launchpage-z004n44u:latest -n ai-pc-product

9 Jan 2023 10:50:12 -----------------------------------------------------------------------------------------------------------------------------------------------------------

Command Run : kubectl delete pod launchpage-5cf87bbf4c-4tqg9 -n ai-pc-product

9 Jan 2023 10:50:44 -----------------------------------------------------------------------------------------------------------------------------------------------------------

pod "launchpage-5cf87bbf4c-4tqg9" deleted


9 Jan 2023 10:50:45 -----------------------------------------------------------------------------------------------------------------------------------------------------------

NAME                                           READY   STATUS    RESTARTS   AGE
amp-manager-5b987cb97-76xxg                    1/1     Running   1          18d
auditlogservice-5f4d6fbb9d-4tswt               1/1     Running   0          18d
authservice-88f9fd758-vvp5w                    1/1     Running   0          18d
cad-fe-d4476f687-4vn9b                         1/1     Running   0          18d
cadbackendservice-664c7b6f9f-9gdhv             1/1     Running   0          118m
cadconcordanceservice-557d99d97f-mgffs         1/1     Running   0          18d
cadriskcalculatorservice-56d6946d7d-t7fj5      1/1     Running   0          18d
chest-pain-fe-5f5fd449df-b4vn7                 1/1     Running   0          85m
configurationservice-5459457fc6-qdmv8          1/1     Running   0          18d
csvreaderservice-5f694dc8db-kfhbs              1/1     Running   0          18d
dicommetadata-74fb96f86f-tf6nv                 1/1     Running   0          18d
doc-import-54bf99db6-gtbgs                     1/1     Running   0          18d
error-reporting-device-75c754b79f-k8px2        1/1     Running   0          18d
export-orchestrator-597cbcccf7-vsldx           1/1     Running   0          18d
fhir-78f89876d4-kxmmn                          1/1     Running   0          18d
fhir-document-parser-device-67755f977f-qkcvq   1/1     Running   0          18d
fhir-export-device-67b6fd978c-gpgqs            1/1     Running   0          18d
fhir-import-7767fc8db8-x8xf9                   1/1     Running   0          18d
filesystem-export-device-5bd7c9ccd-nllwd       1/1     Running   0          18d
imageaccessservice-775ddb6cfd-fkgt7            1/1     Running   0          18d
import-orchestrator-6b95cf8fdf-j74jr           1/1     Running   0          18d
launchpage-5cf87bbf4c-kbp69                    1/1     Running   0          31s
launchpageservice-6bd995c85c-9nz29             1/1     Running   0          16d
licenseservice-bdd94577b-dmzfh                 1/1     Running   0          18d
logger-5695b4657c-klh5x                        1/1     Running   0          18d
loginpage-5d8c7bcffb-9666d                     1/1     Running   0          18d
nlpaccessservice-5758cc4845-gr4jp              1/1     Running   0          18d
nlpfhirrenderer-77f4d48f96-xfpcv               1/1     Running   0          18d
pacs-connector-7dc5c6799c-26zsw                1/1     Running   0          18d
patientdeleteservice-559d74b5bf-tpj4d          1/1     Running   0          18d
postgres-c5cbf997f-5c2th                       1/1     Running   0          18d
rabbitmq-859b96c59d-pqfbg                      1/1     Running   0          18d
report-type-converter-7f6f784d75-ln8nn         1/1     Running   0          18d
reportconverter-5d8cf5647b-vc4jm               1/1     Running   0          18d
reportcreationservice-684fdd7b7d-726zw         1/1     Running   0          34h
reverse-proxy-69f5b4d855-88ncp                 1/1     Running   0          18d
ruleengineservice-5bbb6ddfd4-kkc65             1/1     Running   0          18d
settingsui-6849c4c946-nq9wk                    1/1     Running   0          18d
snomedqueryservice-5cf86455d9-xjhcd            1/1     Running   0          18d
tika-5776fb956-r4rmb                           1/1     Running   0          18d
unitconversionservice-68bb5f5c96-kkdd4         1/1     Running   0          18d


9 Jan 2023 10:50:45 -----------------------------------------------------------------------------------------------------------------------------------------------------------

Deployment Successful!

9 Jan 2023 10:50:54 -----------------------------------------------------------------------------------------------------------------------------------------------------------

Opening Chrome..

9 Jan 2023 10:50:56 -----------------------------------------------------------------------------------------------------------------------------------------------------------

Navigating to https://inblrghma3879ln/

9 Jan 2023 10:50:58 -----------------------------------------------------------------------------------------------------------------------------------------------------------

Username clinical.admin Entered

9 Jan 2023 10:50:58 -----------------------------------------------------------------------------------------------------------------------------------------------------------

Password ******* Entered

9 Jan 2023 10:50:58 -----------------------------------------------------------------------------------------------------------------------------------------------------------

Login Success to https://inblrghma3879ln/ as clinical.admin
