
20 Dec 2022 09:33:24 -----------------------------------------------------------------------------------------------------------------------------------------------------------

Opening Chrome..

20 Dec 2022 09:33:30 -----------------------------------------------------------------------------------------------------------------------------------------------------------

Navigating to https://inblrghma3879ln/

20 Dec 2022 09:33:35 -----------------------------------------------------------------------------------------------------------------------------------------------------------

Username clinical.admin Entered

20 Dec 2022 09:33:35 -----------------------------------------------------------------------------------------------------------------------------------------------------------

Password ******* Entered

20 Dec 2022 09:33:35 -----------------------------------------------------------------------------------------------------------------------------------------------------------

Login Success to https://inblrghma3879ln/ as clinical.admin

20 Dec 2022 10:14:35 -----------------------------------------------------------------------------------------------------------------------------------------------------------

Opening Chrome..

20 Dec 2022 10:14:37 -----------------------------------------------------------------------------------------------------------------------------------------------------------

Navigating to https://inblrghma3879ln/

20 Dec 2022 10:14:43 -----------------------------------------------------------------------------------------------------------------------------------------------------------

Username clinical.admin Entered

20 Dec 2022 10:14:43 -----------------------------------------------------------------------------------------------------------------------------------------------------------

Password ******* Entered

20 Dec 2022 10:14:43 -----------------------------------------------------------------------------------------------------------------------------------------------------------

Login Success to https://inblrghma3879ln/ as clinical.admin
