
4 Jan 2023 15:55:38 -----------------------------------------------------------------------------------------------------------------------------------------------------------

Opening Chrome..

4 Jan 2023 15:55:47 -----------------------------------------------------------------------------------------------------------------------------------------------------------

Navigating to https://inblrghman079ln.rd001.onehc.net/

4 Jan 2023 15:55:50 -----------------------------------------------------------------------------------------------------------------------------------------------------------

Exception Encountered: 

unknown error: net::ERR_NAME_NOT_RESOLVED
  (Session info: chrome=108.0.5359.125)

 If exception includes Chrome driver Update Required, Follow the following steps to update. 

 1.Visit https://chromedriver.chromium.org/downloads 

 2.Download latest chromedriver(chromedriver_win32.zip if prompted)

 3. Extract the zip file and replace chromedriver.exe in the installation folder with the latest one.

4 Jan 2023 15:56:02 -----------------------------------------------------------------------------------------------------------------------------------------------------------

Opening Chrome..

4 Jan 2023 15:56:08 -----------------------------------------------------------------------------------------------------------------------------------------------------------

Navigating to https://inblrghman079ln.rd001.onehc.net/

4 Jan 2023 15:56:26 -----------------------------------------------------------------------------------------------------------------------------------------------------------

Username clinical.admin Entered

4 Jan 2023 15:56:27 -----------------------------------------------------------------------------------------------------------------------------------------------------------

Password ******* Entered

4 Jan 2023 15:56:27 -----------------------------------------------------------------------------------------------------------------------------------------------------------

Login Success to https://inblrghman079ln.rd001.onehc.net/ as clinical.admin

4 Jan 2023 16:15:54 -----------------------------------------------------------------------------------------------------------------------------------------------------------

Opening Chrome..

4 Jan 2023 16:15:57 -----------------------------------------------------------------------------------------------------------------------------------------------------------

Navigating to https://inblrghma3879ln/

4 Jan 2023 16:16:01 -----------------------------------------------------------------------------------------------------------------------------------------------------------

Username clinical.admin Entered

4 Jan 2023 16:16:02 -----------------------------------------------------------------------------------------------------------------------------------------------------------

Password ******* Entered

4 Jan 2023 16:16:03 -----------------------------------------------------------------------------------------------------------------------------------------------------------

Login Success to https://inblrghma3879ln/ as clinical.admin

4 Jan 2023 16:17:49 -----------------------------------------------------------------------------------------------------------------------------------------------------------

Build started

4 Jan 2023 16:17:49 -----------------------------------------------------------------------------------------------------------------------------------------------------------

Command run /c cd /d "D:\Repos\CDSS Collaboration\App.FE.ChestPain"& ng build --prod  >> "D:\Projects\Deployment.Assistant\Deployment.Assistant\bin\Debug\Logs\Build-Deploy-4-Jan-2023-15-55-33.log" 2>&1
Your global Angular CLI version (14.2.7) is greater than your local version (10.1.3). The local Angular CLI version is used.

To disable this warning use "ng config -g cli.warnings.versionMismatch false".
[33mWarning:[0m Entry point '@ids/common.ui.base-services.fhir' contains deep imports into 'D:/Repos/CDSS Collaboration/App.FE.ChestPain/node_modules/rxjs/internal/operators', 'D:/Repos/CDSS Collaboration/App.FE.ChestPain/node_modules/rxjs/internal/operators/take'. This is probably not a problem, but may cause the compilation of entry points to be out of order.
Generating ES5 bundles for differential loading...
ES5 bundle generation complete.

chunk {2} polyfills-es2015.7bf442c9581008ef4e7f.js (polyfills) 171 kB [initial] [rendered]
chunk {3} polyfills-es5.4453d2fafecf9cae155f.js (polyfills-es5) 264 kB [initial] [rendered]
chunk {0} runtime-es2015.66c79b9d36e7169e27b0.js (runtime) 1.45 kB [entry] [rendered]
chunk {0} runtime-es5.66c79b9d36e7169e27b0.js (runtime) 1.45 kB [entry] [rendered]
chunk {1} main-es2015.aaef3e4f3639cb53d60f.js (main) 1.48 MB [initial] [rendered]
chunk {1} main-es5.aaef3e4f3639cb53d60f.js (main) 1.59 MB [initial] [rendered]
chunk {4} styles.5081b2ecf63062d2a84f.css (styles) 147 kB [initial] [rendered]
chunk {scripts} scripts.402eee9195a7220d216a.js (scripts) 2.62 MB [entry] [rendered]
Date: 2023-01-04T10:50:37.357Z - Hash: 8cbf7e1a877da269aad9 - Time: 150061ms

WARNING in D:\Repos\CDSS Collaboration\App.FE.ChestPain\source\app\models\lab-test-model.ts is part of the TypeScript compilation but it's unused.
Add only entry points to the 'files' or 'include' properties in your tsconfig.

WARNING in D:\Repos\CDSS Collaboration\App.FE.ChestPain\source\app\models\patientnotification.model.ts is part of the TypeScript compilation but it's unused.
Add only entry points to the 'files' or 'include' properties in your tsconfig.

WARNING in D:\Repos\CDSS Collaboration\App.FE.ChestPain\source\app\models\procedure-row-item.ts is part of the TypeScript compilation but it's unused.
Add only entry points to the 'files' or 'include' properties in your tsconfig.

WARNING in D:\Repos\CDSS Collaboration\App.FE.ChestPain\source\app\models\report-viewer-model.ts is part of the TypeScript compilation but it's unused.
Add only entry points to the 'files' or 'include' properties in your tsconfig.

WARNING in D:\Repos\CDSS Collaboration\App.FE.ChestPain\source\app\services\app.config.service.ts is part of the TypeScript compilation but it's unused.
Add only entry points to the 'files' or 'include' properties in your tsconfig.

WARNING in D:\Repos\CDSS Collaboration\App.FE.ChestPain\source\app\services\interfaces\lab-tests.interface.ts is part of the TypeScript compilation but it's unused.
Add only entry points to the 'files' or 'include' properties in your tsconfig.

WARNING in D:\Repos\CDSS Collaboration\App.FE.ChestPain\source\app\shared\models\cad.interface.ts is part of the TypeScript compilation but it's unused.
Add only entry points to the 'files' or 'include' properties in your tsconfig.

WARNING in D:\Repos\CDSS Collaboration\App.FE.ChestPain\source\environments\environment.local.ts is part of the TypeScript compilation but it's unused.
Add only entry points to the 'files' or 'include' properties in your tsconfig.

WARNING in D:\Repos\CDSS Collaboration\App.FE.ChestPain\source\environments\environment.prod.ts is part of the TypeScript compilation but it's unused.
Add only entry points to the 'files' or 'include' properties in your tsconfig.

WARNING in D:\Repos\CDSS Collaboration\App.FE.ChestPain\source\translateExtenders\customTranslateHttpLoader.ts is part of the TypeScript compilation but it's unused.
Add only entry points to the 'files' or 'include' properties in your tsconfig.

WARNING in D:\Repos\CDSS Collaboration\App.FE.ChestPain\source\app\app.module.ts depends on '@ids/common.ui.base-services.auth-handler'. CommonJS or AMD dependencies can cause optimization bailouts.
For more info see: https://angular.io/guide/build#configuring-commonjs-dependencies

WARNING in D:\Repos\CDSS Collaboration\App.FE.ChestPain\source\app\risk-assessment\risk-assessment-detail\risk-assessment-detail.component.ts depends on 'chart.js'. CommonJS or AMD dependencies can cause optimization bailouts.
For more info see: https://angular.io/guide/build#configuring-commonjs-dependencies

4 Jan 2023 16:20:39 -----------------------------------------------------------------------------------------------------------------------------------------------------------

Build Success!

4 Jan 2023 16:20:39 -----------------------------------------------------------------------------------------------------------------------------------------------------------

Copying D:\Repos\CDSS Collaboration\App.FE.ChestPain\nginx.conf to D:\Repos\CDSS Collaboration\App.FE.ChestPain\dist\nginx.conf

4 Jan 2023 16:20:39 -----------------------------------------------------------------------------------------------------------------------------------------------------------

Successfully copied D:\Repos\CDSS Collaboration\App.FE.ChestPain\nginx.conf to D:\Repos\CDSS Collaboration\App.FE.ChestPain\dist\nginx.conf

4 Jan 2023 16:20:39 -----------------------------------------------------------------------------------------------------------------------------------------------------------

Copying D:\Repos\CDSS Collaboration\App.FE.ChestPain\Dockerfile to D:\Repos\CDSS Collaboration\App.FE.ChestPain\dist\Dockerfile

4 Jan 2023 16:20:39 -----------------------------------------------------------------------------------------------------------------------------------------------------------

Successfully copied D:\Repos\CDSS Collaboration\App.FE.ChestPain\Dockerfile to D:\Repos\CDSS Collaboration\App.FE.ChestPain\dist\Dockerfile

4 Jan 2023 16:20:40 -----------------------------------------------------------------------------------------------------------------------------------------------------------

Building Docker Image

4 Jan 2023 16:20:40 -----------------------------------------------------------------------------------------------------------------------------------------------------------

Command Run /c cd /d D:\Repos\CDSS Collaboration\App.FE.ChestPain\dist & docker build . -t chest-pain-fe-z004n44u:latest >> "D:\Projects\Deployment.Assistant\Deployment.Assistant\bin\Debug\Logs\Build-Deploy-4-Jan-2023-15-55-33.log" 2>&1
#1 [internal] load build definition from Dockerfile
#1 sha256:f27ac218551156753ec8f4a2660cb94f4574c3db9c06ea91f7aba26d36505300
#1 transferring dockerfile: 32B done
#1 DONE 0.0s

#2 [internal] load .dockerignore
#2 sha256:74614fde98a2abb1e273b160b8dc556755cc5bca7dea4afb2886e9a9d16f4b7b
#2 transferring context: 2B done
#2 DONE 0.0s

#3 [internal] load metadata for docker.io/library/nginx:alpine
#3 sha256:b001d263a254f0e4960d52c837d5764774ef80ad3878c61304052afb6e0e9af2
#3 DONE 5.4s

#4 [1/4] FROM docker.io/library/nginx:alpine@sha256:dd8a054d7ef030e94a6449783605d6c306c1f69c10c2fa06b66a030e0d1db793
#4 sha256:69bb3b0d124b71e42fa4e8f3891bd71b0a7ee3c87accab313a257c9b97a38a34
#4 DONE 0.0s

#6 [internal] load build context
#6 sha256:29883e215917b276fa017e8e2e7d7f4a6ec6030c03baf22e5f552da43e200887
#6 transferring context: 420.32kB 0.1s
#6 transferring context: 7.48MB 2.0s done
#6 DONE 2.0s

#5 [2/4] RUN rm -rf /usr/share/nginx/html/*
#5 sha256:6b5e129493dbc860ceff6e79c1e65572ba6ef739c546cd324b59fc99d4367303
#5 CACHED

#7 [3/4] COPY fechestPain/ /usr/share/nginx/html/
#7 sha256:a5f2b93dd5f559f9e27d2919a3d98f143584f8cc768ee2391571c7b817e21fa7
#7 DONE 0.5s

#8 [4/4] COPY nginx.conf /etc/nginx/nginx.conf
#8 sha256:89dab87da38d26725306a01813d63809e9aba312aa79d33f9200ee294c016692
#8 DONE 0.1s

#9 exporting to image
#9 sha256:e8c613e07b0b7ff33893b694f7759a10d42e180f2b4dc349fb57dc6b71dcab00
#9 exporting layers
#9 exporting layers 0.4s done
#9 writing image sha256:ae0bc3cd9a960c34a4847458e4ab4677a699f564da76f1dd9fa96146326c912b done
#9 naming to docker.io/library/chest-pain-fe-z004n44u:latest done
#9 DONE 0.4s

Use 'docker scan' to run Snyk tests against images to find vulnerabilities and learn how to fix them

4 Jan 2023 16:20:51 -----------------------------------------------------------------------------------------------------------------------------------------------------------

Docker Build Successful for chest-pain-fe-z004n44u:latest

4 Jan 2023 16:20:51 -----------------------------------------------------------------------------------------------------------------------------------------------------------

Tagging Docker Image

4 Jan 2023 16:20:51 -----------------------------------------------------------------------------------------------------------------------------------------------------------

Command Run /c cd /d D:\Repos\CDSS Collaboration\App.FE.ChestPain\dist & docker tag chest-pain-fe-z004n44u:latest gokarna.azurecr.io/chest-pain-fe-z004n44u:latest >> "D:\Projects\Deployment.Assistant\Deployment.Assistant\bin\Debug\Logs\Build-Deploy-4-Jan-2023-15-55-33.log" 2>&1

4 Jan 2023 16:20:52 -----------------------------------------------------------------------------------------------------------------------------------------------------------

Docker Tag Successful to gokarna.azurecr.io/chest-pain-fe-z004n44u:latest

4 Jan 2023 16:20:52 -----------------------------------------------------------------------------------------------------------------------------------------------------------

Pushing Docker Image

4 Jan 2023 16:20:52 -----------------------------------------------------------------------------------------------------------------------------------------------------------

Command Run /c cd /d D:\Repos\CDSS Collaboration\App.FE.ChestPain\dist & docker push gokarna.azurecr.io/chest-pain-fe-z004n44u:latest >> "D:\Projects\Deployment.Assistant\Deployment.Assistant\bin\Debug\Logs\Build-Deploy-4-Jan-2023-15-55-33.log" 2>&1
The push refers to repository [gokarna.azurecr.io/chest-pain-fe-z004n44u]
ab669fd0212d: Preparing
33799e770be2: Preparing
9364ab082f1c: Preparing
9e173cdce044: Preparing
f2d47996fdfa: Preparing
c23f26e962bd: Preparing
0511ab7e6edc: Preparing
ec7e4a91c33b: Preparing
1fee4bd55a85: Preparing
ded7a220bb05: Preparing
c23f26e962bd: Waiting
0511ab7e6edc: Waiting
ded7a220bb05: Waiting
ec7e4a91c33b: Waiting
1fee4bd55a85: Waiting
9e173cdce044: Layer already exists
9364ab082f1c: Layer already exists
f2d47996fdfa: Layer already exists
c23f26e962bd: Layer already exists
ec7e4a91c33b: Layer already exists
0511ab7e6edc: Layer already exists
1fee4bd55a85: Layer already exists
ab669fd0212d: Pushed
ded7a220bb05: Layer already exists
33799e770be2: Pushed
latest: digest: sha256:acae2f7ceb0fbd8d617740bfd3d0ab1330256f1d924a9d1ddaba514b1a9df77a size: 2407

4 Jan 2023 16:21:01 -----------------------------------------------------------------------------------------------------------------------------------------------------------

Docker Push Successful to gokarna.azurecr.io/chest-pain-fe-z004n44u:latest

4 Jan 2023 16:21:01 -----------------------------------------------------------------------------------------------------------------------------------------------------------

Connecting to inblrghma3879ln

4 Jan 2023 16:21:02 -----------------------------------------------------------------------------------------------------------------------------------------------------------

Successfully connected to inblrghma3879ln

4 Jan 2023 16:21:02 -----------------------------------------------------------------------------------------------------------------------------------------------------------

Command Run : kubectl get pods -n ai-pc-product

4 Jan 2023 16:21:03 -----------------------------------------------------------------------------------------------------------------------------------------------------------

NAME                                           READY   STATUS    RESTARTS   AGE
amp-manager-5b987cb97-76xxg                    1/1     Running   1          13d
auditlogservice-5f4d6fbb9d-4tswt               1/1     Running   0          13d
authservice-88f9fd758-vvp5w                    1/1     Running   0          13d
cad-fe-d4476f687-4vn9b                         1/1     Running   0          13d
cadbackendservice-89b9d499-jltcz               1/1     Running   0          12d
cadconcordanceservice-557d99d97f-mgffs         1/1     Running   0          13d
cadriskcalculatorservice-56d6946d7d-t7fj5      1/1     Running   0          13d
chest-pain-fe-5f5fd449df-hfkd5                 1/1     Running   0          6d22h
configurationservice-5459457fc6-qdmv8          1/1     Running   0          13d
csvreaderservice-5f694dc8db-kfhbs              1/1     Running   0          13d
dicommetadata-74fb96f86f-tf6nv                 1/1     Running   0          13d
doc-import-54bf99db6-gtbgs                     1/1     Running   0          13d
error-reporting-device-75c754b79f-k8px2        1/1     Running   0          13d
export-orchestrator-597cbcccf7-vsldx           1/1     Running   0          13d
fhir-78f89876d4-kxmmn                          1/1     Running   0          13d
fhir-document-parser-device-67755f977f-qkcvq   1/1     Running   0          13d
fhir-export-device-67b6fd978c-gpgqs            1/1     Running   0          13d
fhir-import-7767fc8db8-x8xf9                   1/1     Running   0          13d
filesystem-export-device-5bd7c9ccd-nllwd       1/1     Running   0          13d
imageaccessservice-775ddb6cfd-fkgt7            1/1     Running   0          13d
import-orchestrator-6b95cf8fdf-j74jr           1/1     Running   0          13d
launchpage-5c4d794957-8n2sr                    1/1     Running   0          12d
launchpageservice-6bd995c85c-9nz29             1/1     Running   0          12d
licenseservice-bdd94577b-dmzfh                 1/1     Running   0          13d
logger-5695b4657c-klh5x                        1/1     Running   0          13d
loginpage-5d8c7bcffb-9666d                     1/1     Running   0          13d
nlpaccessservice-5758cc4845-gr4jp              1/1     Running   0          13d
nlpfhirrenderer-77f4d48f96-xfpcv               1/1     Running   0          13d
pacs-connector-7dc5c6799c-26zsw                1/1     Running   0          13d
patientdeleteservice-559d74b5bf-tpj4d          1/1     Running   0          13d
postgres-c5cbf997f-5c2th                       1/1     Running   0          13d
rabbitmq-859b96c59d-pqfbg                      1/1     Running   0          13d
report-type-converter-7f6f784d75-ln8nn         1/1     Running   0          13d
reportconverter-5d8cf5647b-vc4jm               1/1     Running   0          13d
reportcreationservice-5c48c6b4df-w5725         1/1     Running   0          13d
reverse-proxy-69f5b4d855-88ncp                 1/1     Running   0          13d
ruleengineservice-5bbb6ddfd4-kkc65             1/1     Running   0          13d
settingsui-6849c4c946-nq9wk                    1/1     Running   0          13d
snomedqueryservice-5cf86455d9-xjhcd            1/1     Running   0          13d
tika-5776fb956-r4rmb                           1/1     Running   0          13d
unitconversionservice-68bb5f5c96-kkdd4         1/1     Running   0          13d


4 Jan 2023 16:21:03 -----------------------------------------------------------------------------------------------------------------------------------------------------------

Command Run : kubectl set image deployment/chest-pain-fe chest-pain-fe=gokarna.azurecr.io/chest-pain-fe-z004n44u:latest -n ai-pc-product

4 Jan 2023 16:21:03 -----------------------------------------------------------------------------------------------------------------------------------------------------------

Command Run : kubectl delete pod chest-pain-fe-5f5fd449df-hfkd5 -n ai-pc-product

4 Jan 2023 16:21:16 -----------------------------------------------------------------------------------------------------------------------------------------------------------

pod "chest-pain-fe-5f5fd449df-hfkd5" deleted


4 Jan 2023 16:21:17 -----------------------------------------------------------------------------------------------------------------------------------------------------------

NAME                                           READY   STATUS    RESTARTS   AGE
amp-manager-5b987cb97-76xxg                    1/1     Running   1          13d
auditlogservice-5f4d6fbb9d-4tswt               1/1     Running   0          13d
authservice-88f9fd758-vvp5w                    1/1     Running   0          13d
cad-fe-d4476f687-4vn9b                         1/1     Running   0          13d
cadbackendservice-89b9d499-jltcz               1/1     Running   0          12d
cadconcordanceservice-557d99d97f-mgffs         1/1     Running   0          13d
cadriskcalculatorservice-56d6946d7d-t7fj5      1/1     Running   0          13d
chest-pain-fe-5f5fd449df-hrbp7                 1/1     Running   0          13s
configurationservice-5459457fc6-qdmv8          1/1     Running   0          13d
csvreaderservice-5f694dc8db-kfhbs              1/1     Running   0          13d
dicommetadata-74fb96f86f-tf6nv                 1/1     Running   0          13d
doc-import-54bf99db6-gtbgs                     1/1     Running   0          13d
error-reporting-device-75c754b79f-k8px2        1/1     Running   0          13d
export-orchestrator-597cbcccf7-vsldx           1/1     Running   0          13d
fhir-78f89876d4-kxmmn                          1/1     Running   0          13d
fhir-document-parser-device-67755f977f-qkcvq   1/1     Running   0          13d
fhir-export-device-67b6fd978c-gpgqs            1/1     Running   0          13d
fhir-import-7767fc8db8-x8xf9                   1/1     Running   0          13d
filesystem-export-device-5bd7c9ccd-nllwd       1/1     Running   0          13d
imageaccessservice-775ddb6cfd-fkgt7            1/1     Running   0          13d
import-orchestrator-6b95cf8fdf-j74jr           1/1     Running   0          13d
launchpage-5c4d794957-8n2sr                    1/1     Running   0          12d
launchpageservice-6bd995c85c-9nz29             1/1     Running   0          12d
licenseservice-bdd94577b-dmzfh                 1/1     Running   0          13d
logger-5695b4657c-klh5x                        1/1     Running   0          13d
loginpage-5d8c7bcffb-9666d                     1/1     Running   0          13d
nlpaccessservice-5758cc4845-gr4jp              1/1     Running   0          13d
nlpfhirrenderer-77f4d48f96-xfpcv               1/1     Running   0          13d
pacs-connector-7dc5c6799c-26zsw                1/1     Running   0          13d
patientdeleteservice-559d74b5bf-tpj4d          1/1     Running   0          13d
postgres-c5cbf997f-5c2th                       1/1     Running   0          13d
rabbitmq-859b96c59d-pqfbg                      1/1     Running   0          13d
report-type-converter-7f6f784d75-ln8nn         1/1     Running   0          13d
reportconverter-5d8cf5647b-vc4jm               1/1     Running   0          13d
reportcreationservice-5c48c6b4df-w5725         1/1     Running   0          13d
reverse-proxy-69f5b4d855-88ncp                 1/1     Running   0          13d
ruleengineservice-5bbb6ddfd4-kkc65             1/1     Running   0          13d
settingsui-6849c4c946-nq9wk                    1/1     Running   0          13d
snomedqueryservice-5cf86455d9-xjhcd            1/1     Running   0          13d
tika-5776fb956-r4rmb                           1/1     Running   0          13d
unitconversionservice-68bb5f5c96-kkdd4         1/1     Running   0          13d


4 Jan 2023 16:21:17 -----------------------------------------------------------------------------------------------------------------------------------------------------------

Deployment Successful!

4 Jan 2023 16:53:59 -----------------------------------------------------------------------------------------------------------------------------------------------------------

Opening Chrome..

4 Jan 2023 16:54:00 -----------------------------------------------------------------------------------------------------------------------------------------------------------

Navigating to https://inblrghman079ln.rd001.onehc.net/

4 Jan 2023 16:54:04 -----------------------------------------------------------------------------------------------------------------------------------------------------------

Username clinical.admin Entered

4 Jan 2023 16:54:05 -----------------------------------------------------------------------------------------------------------------------------------------------------------

Password ******* Entered

4 Jan 2023 16:54:05 -----------------------------------------------------------------------------------------------------------------------------------------------------------

Login Success to https://inblrghman079ln.rd001.onehc.net/ as clinical.admin
