
7 Jan 2023 23:56:03 -----------------------------------------------------------------------------------------------------------------------------------------------------------

Build started

7 Jan 2023 23:56:03 -----------------------------------------------------------------------------------------------------------------------------------------------------------

Command run /c cd /d "D:\Repos\Compare\Apps.FE.LaunchPage"& ng build --prod  >> "D:\Projects\Deployment.Assistant\Deployment.Assistant\bin\Debug\Logs\Build-Deploy-7-Jan-2023-23-55-49.log" 2>&1
Your global Angular CLI version (14.2.7) is greater than your local version (10.1.3). The local Angular CLI version is used.

To disable this warning use "ng config -g cli.warnings.versionMismatch false".

chunk {} runtime.acf0dec4155e77772545.js (runtime) 1.45 kB [entry] [rendered]
chunk {1} main.8f55f967b67d31bc1ece.js (main) 756 kB [initial] [rendered]
chunk {2} polyfills.29c51e94830fd57b2d05.js (polyfills) 179 kB [initial] [rendered]
chunk {3} polyfills-es5.d6f801260341d3b50649.js (polyfills-es5) 262 kB [initial] [rendered]
chunk {4} styles.c53f982f07a44d56f956.css (styles) 153 kB [initial] [rendered]
chunk {scripts} scripts.62c4fd509cd4aa85352d.js (scripts) 2.41 MB [entry] [rendered]
Date: 2023-01-07T18:27:06.695Z - Hash: f6eb51b5ac784a947711 - Time: 57859ms

WARNING in D:\Repos\Compare\Apps.FE.LaunchPage\source\app\app.module.ts depends on '@ids/common.ui.base-services.auth-handler'. CommonJS or AMD dependencies can cause optimization bailouts.
For more info see: https://angular.io/guide/build#configuring-commonjs-dependencies

WARNING in D:\Repos\Compare\Apps.FE.LaunchPage\node_modules\ngx-virtual-scroller\__ivy_ngcc__\fesm2015\ngx-virtual-scroller.js depends on '@tweenjs/tween.js'. CommonJS or AMD dependencies can cause optimization bailouts.
For more info see: https://angular.io/guide/build#configuring-commonjs-dependencies

7 Jan 2023 23:57:07 -----------------------------------------------------------------------------------------------------------------------------------------------------------

Build Success!

7 Jan 2023 23:57:07 -----------------------------------------------------------------------------------------------------------------------------------------------------------

Copying D:\Repos\Compare\Apps.FE.LaunchPage\nginx.conf to D:\Repos\Compare\Apps.FE.LaunchPage\dist\nginx.conf

7 Jan 2023 23:57:07 -----------------------------------------------------------------------------------------------------------------------------------------------------------

Successfully copied D:\Repos\Compare\Apps.FE.LaunchPage\nginx.conf to D:\Repos\Compare\Apps.FE.LaunchPage\dist\nginx.conf

7 Jan 2023 23:57:07 -----------------------------------------------------------------------------------------------------------------------------------------------------------

Copying D:\Repos\Compare\Apps.FE.LaunchPage\Dockerfile to D:\Repos\Compare\Apps.FE.LaunchPage\dist\Dockerfile

7 Jan 2023 23:57:07 -----------------------------------------------------------------------------------------------------------------------------------------------------------

Successfully copied D:\Repos\Compare\Apps.FE.LaunchPage\Dockerfile to D:\Repos\Compare\Apps.FE.LaunchPage\dist\Dockerfile

7 Jan 2023 23:57:07 -----------------------------------------------------------------------------------------------------------------------------------------------------------

Building Docker Image

7 Jan 2023 23:57:07 -----------------------------------------------------------------------------------------------------------------------------------------------------------

Command Run /c cd /d D:\Repos\Compare\Apps.FE.LaunchPage\dist & docker build . -t launchpage-z004n44u:latest >> "D:\Projects\Deployment.Assistant\Deployment.Assistant\bin\Debug\Logs\Build-Deploy-7-Jan-2023-23-55-49.log" 2>&1
#1 [internal] load build definition from Dockerfile
#1 sha256:e0f2f3b263fbe49c76c86aca52086082277b720d400bd251587b385a58525a78
#1 transferring dockerfile: 1.10kB done
#1 DONE 0.0s

#2 [internal] load .dockerignore
#2 sha256:45c102e9810ec4925ed000d4502e977c036de4d4aa170a972105a237b8c5eceb
#2 transferring context: 2B done
#2 DONE 0.0s

#3 [internal] load metadata for docker.io/library/nginx:latest
#3 sha256:06c466a4eb6821b81bd3e48610e5f38dab858b1e9acb01d6e2f6b11c8fabe6bc
#3 DONE 4.6s

#4 [ 1/14] FROM docker.io/library/nginx:latest@sha256:0047b729188a15da49380d9506d65959cce6d40291ccfb4e039f5dc7efd33286
#4 sha256:e7bed6aad7b09384eb5e7b7d3e639dafd578232c7fddeff5c60a35fd9c7f8488
#4 DONE 0.0s

#6 [internal] load build context
#6 sha256:44abd6459519112dab0abd9c774b770bf8961845a35ccc8e6d85b80598380eac
#6 transferring context: 6.61MB 0.3s
#6 transferring context: 28.64MB 1.8s done
#6 DONE 1.8s

#5 [ 2/14] WORKDIR /usr/share/nginx/html
#5 sha256:977fd11ad066f17453839ddaf396516d5ca43c79c768c95bdf95a39d38091104
#5 CACHED

#7 [ 3/14] COPY launch-page/ .
#7 sha256:ff51e15dbdf148aafd4a9a283c0da464245f12979bade0e82d4f6df0b3a9c20a
#7 DONE 0.2s

#8 [ 4/14] COPY nginx.conf /etc/nginx/nginx.conf
#8 sha256:a14720cc8c46c87d0eeaece7c0e8a66418d8176b10eff6ae4e21ef92ddb78cfb
#8 DONE 0.1s

#9 [ 5/14] RUN groupadd --gid 1000 AIPCNonRootUser && useradd --uid 1000 --gid 1000 --home-dir /usr/share/AIPCNonRootUser --no-create-home AIPCNonRootUser
#9 sha256:4ff81bcea9dbb7638305574d1100bd696690eb8d8a01f63722797d5cc95261c3
#9 DONE 0.7s

#10 [ 6/14] RUN chown -R AIPCNonRootUser:AIPCNonRootUser /var/cache/nginx
#10 sha256:2f2ed7cdf1c993288e69bd54906f188321aaadc72c97257ed8fadefe2744068a
#10 DONE 0.6s

#11 [ 7/14] RUN chmod 770 /var/cache/nginx
#11 sha256:8bd33955bd380da4031909f9f5c52a09409f85bba28f9aac96657fa394e8e8a9
#11 DONE 0.5s

#12 [ 8/14] RUN touch /var/run/nginx.pid
#12 sha256:aaa1dd8475e6e3f428b0dccab79e31046a620e1ba195f69854b4eebf4b064be7
#12 DONE 0.7s

#13 [ 9/14] RUN chown -R AIPCNonRootUser:AIPCNonRootUser /var/run/nginx.pid
#13 sha256:f1a4b97088768e1d452778ced65c561194475c451f203f751a72bdcf281c55a2
#13 DONE 0.5s

#14 [10/14] RUN chmod 770 /var/run/nginx.pid
#14 sha256:ba423c31a8939f985461183c0be595173f07784670ae7f8ca0d90ba2853ce9f4
#14 DONE 0.6s

#15 [11/14] RUN mkdir -p /usr/share/nginx/html/
#15 sha256:bdd0c9f3e789f6e617c23198e9d37b3a4ffa666da208cd22dc605e4bab9dba63
#15 DONE 0.6s

#16 [12/14] RUN chown AIPCNonRootUser /usr/share/nginx/html/
#16 sha256:943ba7c3044b2545912c1c23d49d885b967bcdc738e02abcb58d29681dae5bfe
#16 DONE 0.6s

#17 [13/14] RUN chown -R AIPCNonRootUser:AIPCNonRootUser /etc/nginx
#17 sha256:7fb423672d8b1bcd7888701256f91391adb8e10a1151cc6211769a0afc7f7b75
#17 DONE 0.6s

#18 [14/14] RUN chmod 770 /etc/nginx
#18 sha256:49bd5cdcde4c9a1dfae516b5ec287bc35367e2a4611e479e3e8619e6a043c9da
#18 DONE 0.6s

#19 exporting to image
#19 sha256:e8c613e07b0b7ff33893b694f7759a10d42e180f2b4dc349fb57dc6b71dcab00
#19 exporting layers
#19 exporting layers 0.4s done
#19 writing image sha256:b74f470a32014a84a83bb71119f00deb347982c34017a5f0fbd29d06b30a13db done
#19 naming to docker.io/library/launchpage-z004n44u:latest done
#19 DONE 0.5s

Use 'docker scan' to run Snyk tests against images to find vulnerabilities and learn how to fix them

7 Jan 2023 23:57:23 -----------------------------------------------------------------------------------------------------------------------------------------------------------

Docker Build Successful for launchpage-z004n44u:latest

7 Jan 2023 23:57:23 -----------------------------------------------------------------------------------------------------------------------------------------------------------

Tagging Docker Image

7 Jan 2023 23:57:23 -----------------------------------------------------------------------------------------------------------------------------------------------------------

Command Run /c cd /d D:\Repos\Compare\Apps.FE.LaunchPage\dist & docker tag launchpage-z004n44u:latest gokarna.azurecr.io/launchpage-z004n44u:latest >> "D:\Projects\Deployment.Assistant\Deployment.Assistant\bin\Debug\Logs\Build-Deploy-7-Jan-2023-23-55-49.log" 2>&1

7 Jan 2023 23:57:24 -----------------------------------------------------------------------------------------------------------------------------------------------------------

Docker Tag Successful to gokarna.azurecr.io/launchpage-z004n44u:latest

7 Jan 2023 23:57:24 -----------------------------------------------------------------------------------------------------------------------------------------------------------

Pushing Docker Image

7 Jan 2023 23:57:24 -----------------------------------------------------------------------------------------------------------------------------------------------------------

Command Run /c cd /d D:\Repos\Compare\Apps.FE.LaunchPage\dist & docker push gokarna.azurecr.io/launchpage-z004n44u:latest >> "D:\Projects\Deployment.Assistant\Deployment.Assistant\bin\Debug\Logs\Build-Deploy-7-Jan-2023-23-55-49.log" 2>&1
The push refers to repository [gokarna.azurecr.io/launchpage-z004n44u]
d374d9870790: Preparing
69bdaad05f32: Preparing
1709a9d5414b: Preparing
6cb66d48f21a: Preparing
12b8df50edb4: Preparing
4ed66a778768: Preparing
d1745de9f768: Preparing
e0fda80e5c72: Preparing
6484db5ba955: Preparing
fecce1133e83: Preparing
d903557b1c1b: Preparing
7235720a5ebc: Preparing
5f70bf18a086: Preparing
c72d75f45e5b: Preparing
9a0ef04f57f5: Preparing
d13aea24d2cb: Preparing
2b3eec357807: Preparing
2dadbc36c170: Preparing
8a70d251b653: Preparing
c72d75f45e5b: Waiting
5f70bf18a086: Waiting
2b3eec357807: Waiting
2dadbc36c170: Waiting
6484db5ba955: Waiting
fecce1133e83: Waiting
9a0ef04f57f5: Waiting
8a70d251b653: Waiting
d13aea24d2cb: Waiting
4ed66a778768: Waiting
d1745de9f768: Waiting
7235720a5ebc: Waiting
e0fda80e5c72: Waiting
6cb66d48f21a: Pushed
d374d9870790: Pushed
1709a9d5414b: Pushed
12b8df50edb4: Pushed
69bdaad05f32: Pushed
e0fda80e5c72: Pushed
4ed66a778768: Pushed
6484db5ba955: Pushed
fecce1133e83: Pushed
5f70bf18a086: Layer already exists
c72d75f45e5b: Layer already exists
9a0ef04f57f5: Layer already exists
d1745de9f768: Pushed
d13aea24d2cb: Layer already exists
2b3eec357807: Layer already exists
8a70d251b653: Layer already exists
d903557b1c1b: Pushed
2dadbc36c170: Layer already exists
7235720a5ebc: Pushed
latest: digest: sha256:9e2e15582dbeda6752a155df292309660d2453f26b434c817aeb23abc94d5184 size: 4266

7 Jan 2023 23:57:34 -----------------------------------------------------------------------------------------------------------------------------------------------------------

Docker Push Successful to gokarna.azurecr.io/launchpage-z004n44u:latest

7 Jan 2023 23:57:34 -----------------------------------------------------------------------------------------------------------------------------------------------------------

Connecting to inblrghma3879ln

7 Jan 2023 23:57:35 -----------------------------------------------------------------------------------------------------------------------------------------------------------

Successfully connected to inblrghma3879ln

7 Jan 2023 23:57:35 -----------------------------------------------------------------------------------------------------------------------------------------------------------

Command Run : kubectl get pods -n ai-pc-product

7 Jan 2023 23:57:35 -----------------------------------------------------------------------------------------------------------------------------------------------------------

NAME                                           READY   STATUS    RESTARTS   AGE
amp-manager-5b987cb97-76xxg                    1/1     Running   1          16d
auditlogservice-5f4d6fbb9d-4tswt               1/1     Running   0          16d
authservice-88f9fd758-vvp5w                    1/1     Running   0          16d
cad-fe-d4476f687-4vn9b                         1/1     Running   0          16d
cadbackendservice-7f7c5fd457-fvmjm             1/1     Running   0          30h
cadconcordanceservice-557d99d97f-mgffs         1/1     Running   0          16d
cadriskcalculatorservice-56d6946d7d-t7fj5      1/1     Running   0          16d
chest-pain-fe-5f5fd449df-bl4d8                 1/1     Running   0          24h
configurationservice-5459457fc6-qdmv8          1/1     Running   0          16d
csvreaderservice-5f694dc8db-kfhbs              1/1     Running   0          16d
dicommetadata-74fb96f86f-tf6nv                 1/1     Running   0          16d
doc-import-54bf99db6-gtbgs                     1/1     Running   0          16d
error-reporting-device-75c754b79f-k8px2        1/1     Running   0          16d
export-orchestrator-597cbcccf7-vsldx           1/1     Running   0          16d
fhir-78f89876d4-kxmmn                          1/1     Running   0          16d
fhir-document-parser-device-67755f977f-qkcvq   1/1     Running   0          16d
fhir-export-device-67b6fd978c-gpgqs            1/1     Running   0          16d
fhir-import-7767fc8db8-x8xf9                   1/1     Running   0          16d
filesystem-export-device-5bd7c9ccd-nllwd       1/1     Running   0          16d
imageaccessservice-775ddb6cfd-fkgt7            1/1     Running   0          16d
import-orchestrator-6b95cf8fdf-j74jr           1/1     Running   0          16d
launchpage-5cf87bbf4c-lbq2v                    1/1     Running   0          82m
launchpageservice-6bd995c85c-9nz29             1/1     Running   0          15d
licenseservice-bdd94577b-dmzfh                 1/1     Running   0          16d
logger-5695b4657c-klh5x                        1/1     Running   0          16d
loginpage-5d8c7bcffb-9666d                     1/1     Running   0          16d
nlpaccessservice-5758cc4845-gr4jp              1/1     Running   0          16d
nlpfhirrenderer-77f4d48f96-xfpcv               1/1     Running   0          16d
pacs-connector-7dc5c6799c-26zsw                1/1     Running   0          16d
patientdeleteservice-559d74b5bf-tpj4d          1/1     Running   0          16d
postgres-c5cbf997f-5c2th                       1/1     Running   0          16d
rabbitmq-859b96c59d-pqfbg                      1/1     Running   0          16d
report-type-converter-7f6f784d75-ln8nn         1/1     Running   0          16d
reportconverter-5d8cf5647b-vc4jm               1/1     Running   0          16d
reportcreationservice-684fdd7b7d-726zw         1/1     Running   0          3m16s
reverse-proxy-69f5b4d855-88ncp                 1/1     Running   0          16d
ruleengineservice-5bbb6ddfd4-kkc65             1/1     Running   0          16d
settingsui-6849c4c946-nq9wk                    1/1     Running   0          16d
snomedqueryservice-5cf86455d9-xjhcd            1/1     Running   0          16d
tika-5776fb956-r4rmb                           1/1     Running   0          16d
unitconversionservice-68bb5f5c96-kkdd4         1/1     Running   0          16d


7 Jan 2023 23:57:35 -----------------------------------------------------------------------------------------------------------------------------------------------------------

Command Run : kubectl set image deployment/launchpage launchpage=gokarna.azurecr.io/launchpage-z004n44u:latest -n ai-pc-product

7 Jan 2023 23:57:36 -----------------------------------------------------------------------------------------------------------------------------------------------------------

Command Run : kubectl delete pod launchpage-5cf87bbf4c-lbq2v -n ai-pc-product

7 Jan 2023 23:58:10 -----------------------------------------------------------------------------------------------------------------------------------------------------------

pod "launchpage-5cf87bbf4c-lbq2v" deleted


7 Jan 2023 23:58:12 -----------------------------------------------------------------------------------------------------------------------------------------------------------

NAME                                           READY   STATUS    RESTARTS   AGE
amp-manager-5b987cb97-76xxg                    1/1     Running   1          16d
auditlogservice-5f4d6fbb9d-4tswt               1/1     Running   0          16d
authservice-88f9fd758-vvp5w                    1/1     Running   0          16d
cad-fe-d4476f687-4vn9b                         1/1     Running   0          16d
cadbackendservice-7f7c5fd457-fvmjm             1/1     Running   0          30h
cadconcordanceservice-557d99d97f-mgffs         1/1     Running   0          16d
cadriskcalculatorservice-56d6946d7d-t7fj5      1/1     Running   0          16d
chest-pain-fe-5f5fd449df-bl4d8                 1/1     Running   0          24h
configurationservice-5459457fc6-qdmv8          1/1     Running   0          16d
csvreaderservice-5f694dc8db-kfhbs              1/1     Running   0          16d
dicommetadata-74fb96f86f-tf6nv                 1/1     Running   0          16d
doc-import-54bf99db6-gtbgs                     1/1     Running   0          16d
error-reporting-device-75c754b79f-k8px2        1/1     Running   0          16d
export-orchestrator-597cbcccf7-vsldx           1/1     Running   0          16d
fhir-78f89876d4-kxmmn                          1/1     Running   0          16d
fhir-document-parser-device-67755f977f-qkcvq   1/1     Running   0          16d
fhir-export-device-67b6fd978c-gpgqs            1/1     Running   0          16d
fhir-import-7767fc8db8-x8xf9                   1/1     Running   0          16d
filesystem-export-device-5bd7c9ccd-nllwd       1/1     Running   0          16d
imageaccessservice-775ddb6cfd-fkgt7            1/1     Running   0          16d
import-orchestrator-6b95cf8fdf-j74jr           1/1     Running   0          16d
launchpage-5cf87bbf4c-hqbcw                    1/1     Running   0          35s
launchpageservice-6bd995c85c-9nz29             1/1     Running   0          15d
licenseservice-bdd94577b-dmzfh                 1/1     Running   0          16d
logger-5695b4657c-klh5x                        1/1     Running   0          16d
loginpage-5d8c7bcffb-9666d                     1/1     Running   0          16d
nlpaccessservice-5758cc4845-gr4jp              1/1     Running   0          16d
nlpfhirrenderer-77f4d48f96-xfpcv               1/1     Running   0          16d
pacs-connector-7dc5c6799c-26zsw                1/1     Running   0          16d
patientdeleteservice-559d74b5bf-tpj4d          1/1     Running   0          16d
postgres-c5cbf997f-5c2th                       1/1     Running   0          16d
rabbitmq-859b96c59d-pqfbg                      1/1     Running   0          16d
report-type-converter-7f6f784d75-ln8nn         1/1     Running   0          16d
reportconverter-5d8cf5647b-vc4jm               1/1     Running   0          16d
reportcreationservice-684fdd7b7d-726zw         1/1     Running   0          3m52s
reverse-proxy-69f5b4d855-88ncp                 1/1     Running   0          16d
ruleengineservice-5bbb6ddfd4-kkc65             1/1     Running   0          16d
settingsui-6849c4c946-nq9wk                    1/1     Running   0          16d
snomedqueryservice-5cf86455d9-xjhcd            1/1     Running   0          16d
tika-5776fb956-r4rmb                           1/1     Running   0          16d
unitconversionservice-68bb5f5c96-kkdd4         1/1     Running   0          16d


7 Jan 2023 23:58:12 -----------------------------------------------------------------------------------------------------------------------------------------------------------

Deployment Successful!

8 Jan 2023 00:28:20 -----------------------------------------------------------------------------------------------------------------------------------------------------------

Opening Chrome..

8 Jan 2023 00:28:22 -----------------------------------------------------------------------------------------------------------------------------------------------------------

Navigating to https://inblrghman079ln.rd001.onehc.net/

8 Jan 2023 00:28:26 -----------------------------------------------------------------------------------------------------------------------------------------------------------

Username clinical.admin Entered

8 Jan 2023 00:28:26 -----------------------------------------------------------------------------------------------------------------------------------------------------------

Password ******* Entered

8 Jan 2023 00:28:26 -----------------------------------------------------------------------------------------------------------------------------------------------------------

Login Success to https://inblrghman079ln.rd001.onehc.net/ as clinical.admin
