
8 Jan 2023 10:58:01 -----------------------------------------------------------------------------------------------------------------------------------------------------------

Opening Chrome..

8 Jan 2023 10:58:03 -----------------------------------------------------------------------------------------------------------------------------------------------------------

Navigating to https://inblrghman079ln.rd001.onehc.net/

8 Jan 2023 10:58:06 -----------------------------------------------------------------------------------------------------------------------------------------------------------

Username clinical.admin Entered

8 Jan 2023 10:58:06 -----------------------------------------------------------------------------------------------------------------------------------------------------------

Password ******* Entered

8 Jan 2023 10:58:06 -----------------------------------------------------------------------------------------------------------------------------------------------------------

Login Success to https://inblrghman079ln.rd001.onehc.net/ as clinical.admin

8 Jan 2023 10:58:31 -----------------------------------------------------------------------------------------------------------------------------------------------------------

Opening Chrome..

8 Jan 2023 10:58:32 -----------------------------------------------------------------------------------------------------------------------------------------------------------

Navigating to https://inblrghma3879ln/

8 Jan 2023 10:58:35 -----------------------------------------------------------------------------------------------------------------------------------------------------------

Username clinical.admin Entered

8 Jan 2023 10:58:35 -----------------------------------------------------------------------------------------------------------------------------------------------------------

Password ******* Entered

8 Jan 2023 10:58:35 -----------------------------------------------------------------------------------------------------------------------------------------------------------

Login Success to https://inblrghma3879ln/ as clinical.admin

8 Jan 2023 11:00:03 -----------------------------------------------------------------------------------------------------------------------------------------------------------

Connecting to inblrghma3879ln

8 Jan 2023 11:00:04 -----------------------------------------------------------------------------------------------------------------------------------------------------------

Successfully connected to inblrghma3879ln

8 Jan 2023 11:00:04 -----------------------------------------------------------------------------------------------------------------------------------------------------------

Command Run : kubectl get pods -n ai-pc-product

8 Jan 2023 11:00:05 -----------------------------------------------------------------------------------------------------------------------------------------------------------

NAME                                           READY   STATUS    RESTARTS   AGE
amp-manager-5b987cb97-76xxg                    1/1     Running   1          17d
auditlogservice-5f4d6fbb9d-4tswt               1/1     Running   0          17d
authservice-88f9fd758-vvp5w                    1/1     Running   0          17d
cad-fe-d4476f687-4vn9b                         1/1     Running   0          17d
cadbackendservice-7f7c5fd457-fvmjm             1/1     Running   0          41h
cadconcordanceservice-557d99d97f-mgffs         1/1     Running   0          17d
cadriskcalculatorservice-56d6946d7d-t7fj5      1/1     Running   0          17d
chest-pain-fe-5f5fd449df-cnpqm                 1/1     Running   0          3h47m
configurationservice-5459457fc6-qdmv8          1/1     Running   0          17d
csvreaderservice-5f694dc8db-kfhbs              1/1     Running   0          17d
dicommetadata-74fb96f86f-tf6nv                 1/1     Running   0          17d
doc-import-54bf99db6-gtbgs                     1/1     Running   0          17d
error-reporting-device-75c754b79f-k8px2        1/1     Running   0          17d
export-orchestrator-597cbcccf7-vsldx           1/1     Running   0          17d
fhir-78f89876d4-kxmmn                          1/1     Running   0          17d
fhir-document-parser-device-67755f977f-qkcvq   1/1     Running   0          17d
fhir-export-device-67b6fd978c-gpgqs            1/1     Running   0          17d
fhir-import-7767fc8db8-x8xf9                   1/1     Running   0          17d
filesystem-export-device-5bd7c9ccd-nllwd       1/1     Running   0          17d
imageaccessservice-775ddb6cfd-fkgt7            1/1     Running   0          17d
import-orchestrator-6b95cf8fdf-j74jr           1/1     Running   0          17d
launchpage-5cf87bbf4c-xk69m                    1/1     Running   0          25m
launchpageservice-6bd995c85c-9nz29             1/1     Running   0          15d
licenseservice-bdd94577b-dmzfh                 1/1     Running   0          17d
logger-5695b4657c-klh5x                        1/1     Running   0          17d
loginpage-5d8c7bcffb-9666d                     1/1     Running   0          17d
nlpaccessservice-5758cc4845-gr4jp              1/1     Running   0          17d
nlpfhirrenderer-77f4d48f96-xfpcv               1/1     Running   0          17d
pacs-connector-7dc5c6799c-26zsw                1/1     Running   0          17d
patientdeleteservice-559d74b5bf-tpj4d          1/1     Running   0          17d
postgres-c5cbf997f-5c2th                       1/1     Running   0          17d
rabbitmq-859b96c59d-pqfbg                      1/1     Running   0          17d
report-type-converter-7f6f784d75-ln8nn         1/1     Running   0          17d
reportconverter-5d8cf5647b-vc4jm               1/1     Running   0          17d
reportcreationservice-684fdd7b7d-726zw         1/1     Running   0          11h
reverse-proxy-69f5b4d855-88ncp                 1/1     Running   0          17d
ruleengineservice-5bbb6ddfd4-kkc65             1/1     Running   0          17d
settingsui-6849c4c946-nq9wk                    1/1     Running   0          17d
snomedqueryservice-5cf86455d9-xjhcd            1/1     Running   0          17d
tika-5776fb956-r4rmb                           1/1     Running   0          17d
unitconversionservice-68bb5f5c96-kkdd4         1/1     Running   0          17d


8 Jan 2023 11:00:05 -----------------------------------------------------------------------------------------------------------------------------------------------------------

Client inblrghma3879ln disconnected.

8 Jan 2023 11:11:37 -----------------------------------------------------------------------------------------------------------------------------------------------------------

Opening Chrome..

8 Jan 2023 11:11:39 -----------------------------------------------------------------------------------------------------------------------------------------------------------

Navigating to https://inblrghma3879ln/

8 Jan 2023 11:11:41 -----------------------------------------------------------------------------------------------------------------------------------------------------------

Username clinical.admin Entered

8 Jan 2023 11:11:42 -----------------------------------------------------------------------------------------------------------------------------------------------------------

Password ******* Entered

8 Jan 2023 11:11:42 -----------------------------------------------------------------------------------------------------------------------------------------------------------

Login Success to https://inblrghma3879ln/ as clinical.admin

8 Jan 2023 11:12:11 -----------------------------------------------------------------------------------------------------------------------------------------------------------

Opening Chrome..

8 Jan 2023 11:12:12 -----------------------------------------------------------------------------------------------------------------------------------------------------------

Navigating to https://inblrghman079ln.rd001.onehc.net/

8 Jan 2023 11:12:15 -----------------------------------------------------------------------------------------------------------------------------------------------------------

Username clinical.admin Entered

8 Jan 2023 11:12:15 -----------------------------------------------------------------------------------------------------------------------------------------------------------

Password ******* Entered

8 Jan 2023 11:12:15 -----------------------------------------------------------------------------------------------------------------------------------------------------------

Login Success to https://inblrghman079ln.rd001.onehc.net/ as clinical.admin

8 Jan 2023 11:13:02 -----------------------------------------------------------------------------------------------------------------------------------------------------------

Opening Chrome..

8 Jan 2023 11:13:04 -----------------------------------------------------------------------------------------------------------------------------------------------------------

Navigating to https://inblrghma3879ln/

8 Jan 2023 11:13:06 -----------------------------------------------------------------------------------------------------------------------------------------------------------

Username clinical.admin Entered

8 Jan 2023 11:13:07 -----------------------------------------------------------------------------------------------------------------------------------------------------------

Password ******* Entered

8 Jan 2023 11:13:07 -----------------------------------------------------------------------------------------------------------------------------------------------------------

Login Success to https://inblrghma3879ln/ as clinical.admin

8 Jan 2023 11:14:23 -----------------------------------------------------------------------------------------------------------------------------------------------------------

Opening Chrome..

8 Jan 2023 11:14:25 -----------------------------------------------------------------------------------------------------------------------------------------------------------

Navigating to https://inblrghman079ln.rd001.onehc.net/

8 Jan 2023 11:14:27 -----------------------------------------------------------------------------------------------------------------------------------------------------------

Username clinical.admin Entered

8 Jan 2023 11:14:27 -----------------------------------------------------------------------------------------------------------------------------------------------------------

Password ******* Entered

8 Jan 2023 11:14:27 -----------------------------------------------------------------------------------------------------------------------------------------------------------

Login Success to https://inblrghman079ln.rd001.onehc.net/ as clinical.admin

8 Jan 2023 11:16:22 -----------------------------------------------------------------------------------------------------------------------------------------------------------

Opening Chrome..

8 Jan 2023 11:16:24 -----------------------------------------------------------------------------------------------------------------------------------------------------------

Navigating to https://inblrghman079ln.rd001.onehc.net/

8 Jan 2023 11:16:26 -----------------------------------------------------------------------------------------------------------------------------------------------------------

Username clinical.admin Entered

8 Jan 2023 11:16:26 -----------------------------------------------------------------------------------------------------------------------------------------------------------

Password ******* Entered

8 Jan 2023 11:16:26 -----------------------------------------------------------------------------------------------------------------------------------------------------------

Login Success to https://inblrghman079ln.rd001.onehc.net/ as clinical.admin
