
6 Jan 2023 14:23:01 -----------------------------------------------------------------------------------------------------------------------------------------------------------

Opening Chrome..

6 Jan 2023 14:23:05 -----------------------------------------------------------------------------------------------------------------------------------------------------------

Navigating to https://inblrghma3879ln/

6 Jan 2023 14:23:11 -----------------------------------------------------------------------------------------------------------------------------------------------------------

Username clinical.admin Entered

6 Jan 2023 14:23:11 -----------------------------------------------------------------------------------------------------------------------------------------------------------

Password ******* Entered

6 Jan 2023 14:23:11 -----------------------------------------------------------------------------------------------------------------------------------------------------------

Login Success to https://inblrghma3879ln/ as clinical.admin

6 Jan 2023 14:48:29 -----------------------------------------------------------------------------------------------------------------------------------------------------------

Opening Chrome..

6 Jan 2023 14:48:31 -----------------------------------------------------------------------------------------------------------------------------------------------------------

Navigating to https://inblrghma3879ln/

6 Jan 2023 14:48:37 -----------------------------------------------------------------------------------------------------------------------------------------------------------

Username clinical.admin Entered

6 Jan 2023 14:48:38 -----------------------------------------------------------------------------------------------------------------------------------------------------------

Password ******* Entered

6 Jan 2023 14:48:38 -----------------------------------------------------------------------------------------------------------------------------------------------------------

Login Success to https://inblrghma3879ln/ as clinical.admin

6 Jan 2023 14:49:13 -----------------------------------------------------------------------------------------------------------------------------------------------------------

Opening Chrome..

6 Jan 2023 14:49:15 -----------------------------------------------------------------------------------------------------------------------------------------------------------

Navigating to https://inblrghman079ln.rd001.onehc.net/

6 Jan 2023 14:49:19 -----------------------------------------------------------------------------------------------------------------------------------------------------------

Username clinical.admin Entered

6 Jan 2023 14:49:19 -----------------------------------------------------------------------------------------------------------------------------------------------------------

Password ******* Entered

6 Jan 2023 14:49:19 -----------------------------------------------------------------------------------------------------------------------------------------------------------

Login Success to https://inblrghman079ln.rd001.onehc.net/ as clinical.admin

6 Jan 2023 15:59:39 -----------------------------------------------------------------------------------------------------------------------------------------------------------

Opening Chrome..

6 Jan 2023 15:59:41 -----------------------------------------------------------------------------------------------------------------------------------------------------------

Navigating to https://inblrghma3879ln/

6 Jan 2023 15:59:41 -----------------------------------------------------------------------------------------------------------------------------------------------------------

Exception Encountered: 

no such window: target window already closed
from unknown error: web view not found
  (Session info: chrome=108.0.5359.125)

 If exception includes Chrome driver Update Required, Follow the following steps to update. 

 1.Visit https://chromedriver.chromium.org/downloads 

 2.Download latest chromedriver(chromedriver_win32.zip if prompted)

 3. Extract the zip file and replace chromedriver.exe in the installation folder with the latest one.

6 Jan 2023 15:59:45 -----------------------------------------------------------------------------------------------------------------------------------------------------------

Opening Chrome..

6 Jan 2023 15:59:47 -----------------------------------------------------------------------------------------------------------------------------------------------------------

Navigating to https://inblrghman079ln.rd001.onehc.net/

6 Jan 2023 15:59:51 -----------------------------------------------------------------------------------------------------------------------------------------------------------

Username clinical.admin Entered

6 Jan 2023 15:59:51 -----------------------------------------------------------------------------------------------------------------------------------------------------------

Password ******* Entered

6 Jan 2023 15:59:51 -----------------------------------------------------------------------------------------------------------------------------------------------------------

Login Success to https://inblrghman079ln.rd001.onehc.net/ as clinical.admin

6 Jan 2023 16:17:54 -----------------------------------------------------------------------------------------------------------------------------------------------------------

Opening Chrome..

6 Jan 2023 16:17:55 -----------------------------------------------------------------------------------------------------------------------------------------------------------

Navigating to https://inblrghman079ln.rd001.onehc.net/

6 Jan 2023 16:17:58 -----------------------------------------------------------------------------------------------------------------------------------------------------------

Exception Encountered: 

no such window: target window already closed
from unknown error: web view not found
  (Session info: chrome=108.0.5359.125)

 If exception includes Chrome driver Update Required, Follow the following steps to update. 

 1.Visit https://chromedriver.chromium.org/downloads 

 2.Download latest chromedriver(chromedriver_win32.zip if prompted)

 3. Extract the zip file and replace chromedriver.exe in the installation folder with the latest one.

6 Jan 2023 16:18:07 -----------------------------------------------------------------------------------------------------------------------------------------------------------

Opening Chrome..

6 Jan 2023 16:18:09 -----------------------------------------------------------------------------------------------------------------------------------------------------------

Navigating to https://inblrghma3879ln/

6 Jan 2023 16:18:11 -----------------------------------------------------------------------------------------------------------------------------------------------------------

Username clinical.admin Entered

6 Jan 2023 16:18:12 -----------------------------------------------------------------------------------------------------------------------------------------------------------

Password ******* Entered

6 Jan 2023 16:18:12 -----------------------------------------------------------------------------------------------------------------------------------------------------------

Login Success to https://inblrghma3879ln/ as clinical.admin

6 Jan 2023 16:25:30 -----------------------------------------------------------------------------------------------------------------------------------------------------------

Opening Chrome..

6 Jan 2023 16:25:31 -----------------------------------------------------------------------------------------------------------------------------------------------------------

Navigating to https://inblrghman079ln.rd001.onehc.net/

6 Jan 2023 16:25:34 -----------------------------------------------------------------------------------------------------------------------------------------------------------

Username clinical.admin Entered

6 Jan 2023 16:25:34 -----------------------------------------------------------------------------------------------------------------------------------------------------------

Password ******* Entered

6 Jan 2023 16:25:34 -----------------------------------------------------------------------------------------------------------------------------------------------------------

Login Success to https://inblrghman079ln.rd001.onehc.net/ as clinical.admin

6 Jan 2023 16:37:42 -----------------------------------------------------------------------------------------------------------------------------------------------------------

Opening Chrome..

6 Jan 2023 16:37:44 -----------------------------------------------------------------------------------------------------------------------------------------------------------

Navigating to https://inblrghman079ln.rd001.onehc.net/

6 Jan 2023 16:37:47 -----------------------------------------------------------------------------------------------------------------------------------------------------------

Username clinical.admin Entered

6 Jan 2023 16:37:48 -----------------------------------------------------------------------------------------------------------------------------------------------------------

Password ******* Entered

6 Jan 2023 16:37:48 -----------------------------------------------------------------------------------------------------------------------------------------------------------

Login Success to https://inblrghman079ln.rd001.onehc.net/ as clinical.admin
