
19 Dec 2022 17:30:02 -----------------------------------------------------------------------------------------------------------------------------------------------------------

Build started

19 Dec 2022 17:30:02 -----------------------------------------------------------------------------------------------------------------------------------------------------------

Command run /c cd /d "D:\Repos\CDSS Collaboration\Apps.FE.LaunchPage"& ng build --prod  >> "D:\Projects\Deployment.Assistant\Deployment.Assistant\bin\Debug\Logs\Build-Deploy-19-Dec-2022-17-29-51.log" 2>&1
Your global Angular CLI version (14.2.7) is greater than your local version (10.1.3). The local Angular CLI version is used.

To disable this warning use "ng config -g cli.warnings.versionMismatch false".

chunk {} runtime.acf0dec4155e77772545.js (runtime) 1.45 kB [entry] [rendered]
chunk {1} main.0f283a8bd516c1404010.js (main) 827 kB [initial] [rendered]
chunk {2} polyfills.9e3547e0b5c91fd3670a.js (polyfills) 179 kB [initial] [rendered]
chunk {3} polyfills-es5.b59f21ac53e4482564d7.js (polyfills-es5) 262 kB [initial] [rendered]
chunk {4} styles.c53f982f07a44d56f956.css (styles) 153 kB [initial] [rendered]
chunk {scripts} scripts.62c4fd509cd4aa85352d.js (scripts) 2.41 MB [entry] [rendered]
Date: 2022-12-19T12:02:13.924Z - Hash: 9935c523e57e826c9b6e - Time: 103792ms

WARNING in D:\Repos\CDSS Collaboration\Apps.FE.LaunchPage\source\app\app.module.ts depends on '@ids/common.ui.base-services.auth-handler'. CommonJS or AMD dependencies can cause optimization bailouts.
For more info see: https://angular.io/guide/build#configuring-commonjs-dependencies

WARNING in D:\Repos\CDSS Collaboration\Apps.FE.LaunchPage\node_modules\ngx-virtual-scroller\__ivy_ngcc__\fesm2015\ngx-virtual-scroller.js depends on '@tweenjs/tween.js'. CommonJS or AMD dependencies can cause optimization bailouts.
For more info see: https://angular.io/guide/build#configuring-commonjs-dependencies

19 Dec 2022 17:32:14 -----------------------------------------------------------------------------------------------------------------------------------------------------------

Build Success!

19 Dec 2022 17:32:14 -----------------------------------------------------------------------------------------------------------------------------------------------------------

Copying D:\Repos\CDSS Collaboration\Apps.FE.LaunchPage\nginx.conf to D:\Repos\CDSS Collaboration\Apps.FE.LaunchPage\dist\nginx.conf

19 Dec 2022 17:32:14 -----------------------------------------------------------------------------------------------------------------------------------------------------------

Successfully copied D:\Repos\CDSS Collaboration\Apps.FE.LaunchPage\nginx.conf to D:\Repos\CDSS Collaboration\Apps.FE.LaunchPage\dist\nginx.conf

19 Dec 2022 17:32:14 -----------------------------------------------------------------------------------------------------------------------------------------------------------

Copying D:\Repos\CDSS Collaboration\Apps.FE.LaunchPage\Dockerfile to D:\Repos\CDSS Collaboration\Apps.FE.LaunchPage\dist\Dockerfile

19 Dec 2022 17:32:14 -----------------------------------------------------------------------------------------------------------------------------------------------------------

Successfully copied D:\Repos\CDSS Collaboration\Apps.FE.LaunchPage\Dockerfile to D:\Repos\CDSS Collaboration\Apps.FE.LaunchPage\dist\Dockerfile

19 Dec 2022 17:32:14 -----------------------------------------------------------------------------------------------------------------------------------------------------------

Building Docker Image

19 Dec 2022 17:32:14 -----------------------------------------------------------------------------------------------------------------------------------------------------------

Command Run /c cd /d D:\Repos\CDSS Collaboration\Apps.FE.LaunchPage\dist & docker build . -t launchpage-z004n44u:latest >> "D:\Projects\Deployment.Assistant\Deployment.Assistant\bin\Debug\Logs\Build-Deploy-19-Dec-2022-17-29-51.log" 2>&1
#1 [internal] load build definition from Dockerfile
#1 sha256:852fbacbd3972f0dd1ff5d45f6a84d513cbfe4f04ff586e234753c8066bf2481
#1 transferring dockerfile: 32B done
#1 DONE 0.0s

#2 [internal] load .dockerignore
#2 sha256:a99326ea879e2f7d44f0c397b75b749af6a956313f4a14481a798a8a86ca2cb5
#2 transferring context: 2B done
#2 DONE 0.0s

#3 [internal] load metadata for docker.io/library/nginx:latest
#3 sha256:06c466a4eb6821b81bd3e48610e5f38dab858b1e9acb01d6e2f6b11c8fabe6bc
#3 DONE 8.7s

#4 [ 1/14] FROM docker.io/library/nginx:latest@sha256:75263be7e5846fc69cb6c42553ff9c93d653d769b94917dbda71d42d3f3c00d3
#4 sha256:3e457acdc6fa75262b18c59e3c64c8bca5810d501ec0d5f7e64712e9e6eb447d
#4 DONE 0.0s

#6 [internal] load build context
#6 sha256:b63394f92c409c62b9574414a77647523261197806d2af94eecd0f33e855d3bf
#6 transferring context: 31B
#6 transferring context: 5.12MB 0.2s done
#6 DONE 0.2s

#5 [ 2/14] WORKDIR /usr/share/nginx/html
#5 sha256:fbe6d59d35d2908568cba5d9bbc5ab6690489b47eb047f1740e8832ecfa273ba
#5 CACHED

#7 [ 3/14] COPY launch-page/ .
#7 sha256:b5eb7bf909b3c8b1dce061026ea2941a26395ec7955e09272cdcd9ac83bb1220
#7 DONE 0.1s

#8 [ 4/14] COPY nginx.conf /etc/nginx/nginx.conf
#8 sha256:9f4c41c2215c27abfe5b1b2d586fb87c85a205ec53626e77935838cbf641fa02
#8 DONE 0.1s

#9 [ 5/14] RUN groupadd --gid 1000 AIPCNonRootUser && useradd --uid 1000 --gid 1000 --home-dir /usr/share/AIPCNonRootUser --no-create-home AIPCNonRootUser
#9 sha256:269595f7da655cd7f999e8dfd50ef562a98b58b45395787ef61916f983ebcf03
#9 DONE 1.0s

#10 [ 6/14] RUN chown -R AIPCNonRootUser:AIPCNonRootUser /var/cache/nginx
#10 sha256:66a680030023e4ab982c6cbca956f0c930859275dd79d8f9a8a7f2b57e243f1b
#10 DONE 0.5s

#11 [ 7/14] RUN chmod 770 /var/cache/nginx
#11 sha256:df0a5cc6e2008674d72dc69bd3d6aade44c5421a4e2c87975dd5e78738742289
#11 DONE 0.8s

#12 [ 8/14] RUN touch /var/run/nginx.pid
#12 sha256:272e1813a18780b6ae5d787f8e251e525053bbd5b38eb3dad7a5e71d9fa75c4a
#12 DONE 0.8s

#13 [ 9/14] RUN chown -R AIPCNonRootUser:AIPCNonRootUser /var/run/nginx.pid
#13 sha256:b1a845fc54d96db15f09c027a8bdd43b97e9572c84f8a27392b53f64555a3ec3
#13 DONE 0.7s

#14 [10/14] RUN chmod 770 /var/run/nginx.pid
#14 sha256:80d98a873d0bac18f1b4bbaf2c2917780e89a76e00e56fd4e09168c720bd7db8
#14 DONE 0.6s

#15 [11/14] RUN mkdir -p /usr/share/nginx/html/
#15 sha256:be5b08ec3d9d10a101d48c53931f86775d823ea703d36fde60f6eeac2e7ccc16
#15 DONE 0.9s

#16 [12/14] RUN chown AIPCNonRootUser /usr/share/nginx/html/
#16 sha256:75d4946955a8764b78de7b5cc77a843d913529a3349c337353ceb9747f6566b0
#16 DONE 0.8s

#17 [13/14] RUN chown -R AIPCNonRootUser:AIPCNonRootUser /etc/nginx
#17 sha256:0e2300ed980c52f1687630459dcb511668fb0ef34e2f2a3ce4f805298d4b9616
#17 DONE 0.8s

#18 [14/14] RUN chmod 770 /etc/nginx
#18 sha256:9ce3e29c9ba928b06cd6a971f759b0973821debf811fa8f70764b1de844d10df
#18 DONE 0.9s

#19 exporting to image
#19 sha256:e8c613e07b0b7ff33893b694f7759a10d42e180f2b4dc349fb57dc6b71dcab00
#19 exporting layers
#19 exporting layers 0.6s done
#19 writing image sha256:55ae0fa1f35532247347e335d069a573ec8659397c3391db59e13d3876d92677 done
#19 naming to docker.io/library/launchpage-z004n44u:latest done
#19 DONE 0.6s

Use 'docker scan' to run Snyk tests against images to find vulnerabilities and learn how to fix them

19 Dec 2022 17:32:40 -----------------------------------------------------------------------------------------------------------------------------------------------------------

Docker Build Successful for launchpage-z004n44u:latest

19 Dec 2022 17:32:40 -----------------------------------------------------------------------------------------------------------------------------------------------------------

Tagging Docker Image

19 Dec 2022 17:32:40 -----------------------------------------------------------------------------------------------------------------------------------------------------------

Command Run /c cd /d D:\Repos\CDSS Collaboration\Apps.FE.LaunchPage\dist & docker tag launchpage-z004n44u:latest gokarna.azurecr.io/launchpage-z004n44u:latest >> "D:\Projects\Deployment.Assistant\Deployment.Assistant\bin\Debug\Logs\Build-Deploy-19-Dec-2022-17-29-51.log" 2>&1

19 Dec 2022 17:32:40 -----------------------------------------------------------------------------------------------------------------------------------------------------------

Docker Tag Successful to gokarna.azurecr.io/launchpage-z004n44u:latest

19 Dec 2022 17:32:40 -----------------------------------------------------------------------------------------------------------------------------------------------------------

Pushing Docker Image

19 Dec 2022 17:32:40 -----------------------------------------------------------------------------------------------------------------------------------------------------------

Command Run /c cd /d D:\Repos\CDSS Collaboration\Apps.FE.LaunchPage\dist & docker push gokarna.azurecr.io/launchpage-z004n44u:latest >> "D:\Projects\Deployment.Assistant\Deployment.Assistant\bin\Debug\Logs\Build-Deploy-19-Dec-2022-17-29-51.log" 2>&1
The push refers to repository [gokarna.azurecr.io/launchpage-z004n44u]
21bc2e781ca6: Preparing
2094939c0fd6: Preparing
8698b55e3091: Preparing
68f14ac02613: Preparing
542cd19b9281: Preparing
64bc7afaa5e6: Preparing
d6602f674b7c: Preparing
15362b47a09c: Preparing
12fbdccd070e: Preparing
ebb397b16a76: Preparing
ceeb8648b476: Preparing
c5a4ccae6caf: Preparing
5f70bf18a086: Preparing
e83791f03918: Preparing
10e506a84718: Preparing
9485bb85a132: Preparing
47064e0edc59: Preparing
5678f6b95362: Preparing
b5ebffba54d3: Preparing
12fbdccd070e: Waiting
ebb397b16a76: Waiting
ceeb8648b476: Waiting
c5a4ccae6caf: Waiting
5f70bf18a086: Waiting
e83791f03918: Waiting
64bc7afaa5e6: Waiting
d6602f674b7c: Waiting
47064e0edc59: Waiting
15362b47a09c: Waiting
5678f6b95362: Waiting
b5ebffba54d3: Waiting
10e506a84718: Waiting
9485bb85a132: Waiting
21bc2e781ca6: Pushed
2094939c0fd6: Pushed
8698b55e3091: Pushed
68f14ac02613: Pushed
542cd19b9281: Pushed
64bc7afaa5e6: Pushed
15362b47a09c: Pushed
d6602f674b7c: Pushed
5f70bf18a086: Layer already exists
e83791f03918: Layer already exists
ebb397b16a76: Pushed
12fbdccd070e: Pushed
10e506a84718: Layer already exists
9485bb85a132: Layer already exists
47064e0edc59: Layer already exists
5678f6b95362: Layer already exists
b5ebffba54d3: Layer already exists
ceeb8648b476: Pushed
c5a4ccae6caf: Pushed
latest: digest: sha256:170f4b08a420e6c2a4f9a3428e6ca3e875c99d268b573d4c1b13f8d17f30c3ad size: 4266

19 Dec 2022 17:33:06 -----------------------------------------------------------------------------------------------------------------------------------------------------------

Docker Push Successful to gokarna.azurecr.io/launchpage-z004n44u:latest

19 Dec 2022 17:33:06 -----------------------------------------------------------------------------------------------------------------------------------------------------------

Connecting to inblrghma3879ln

19 Dec 2022 17:33:08 -----------------------------------------------------------------------------------------------------------------------------------------------------------

Successfully connected to inblrghma3879ln

19 Dec 2022 17:33:08 -----------------------------------------------------------------------------------------------------------------------------------------------------------

Command Run : kubectl get pods -n ai-pc-product

19 Dec 2022 17:33:09 -----------------------------------------------------------------------------------------------------------------------------------------------------------

NAME                                           READY   STATUS    RESTARTS   AGE
amp-manager-5b987cb97-lr7kg                    1/1     Running   0          63d
auditlogservice-5f4d6fbb9d-dx5f7               1/1     Running   0          64d
authservice-88f9fd758-jjhfd                    1/1     Running   0          63d
cad-fe-d4476f687-l2r9z                         1/1     Running   0          63d
cadbackendservice-7fd4d7888c-l484s             1/1     Running   0          3d3h
cadconcordanceservice-557d99d97f-f2z4k         1/1     Running   0          63d
cadriskcalculatorservice-56d6946d7d-2qrkh      1/1     Running   0          63d
chest-pain-fe-89f997ff-884xb                   1/1     Running   0          6m32s
configurationservice-5459457fc6-lnq2h          1/1     Running   0          64d
csvreaderservice-5f694dc8db-t9f9g              1/1     Running   0          63d
dicommetadata-74fb96f86f-9pqgm                 1/1     Running   0          63d
doc-import-54bf99db6-xrrg9                     1/1     Running   0          63d
error-reporting-device-75c754b79f-qggfq        1/1     Running   0          63d
export-orchestrator-597cbcccf7-s4snn           1/1     Running   0          63d
fhir-78f89876d4-g9glk                          1/1     Running   0          63d
fhir-document-parser-device-67755f977f-bhtm5   1/1     Running   0          63d
fhir-export-device-67b6fd978c-n9snp            1/1     Running   0          63d
fhir-import-7767fc8db8-4tr9x                   1/1     Running   0          63d
filesystem-export-device-5bd7c9ccd-g5w7g       1/1     Running   0          63d
imageaccessservice-775ddb6cfd-dht2s            1/1     Running   0          63d
import-orchestrator-6b95cf8fdf-w5qhv           1/1     Running   0          63d
launchpage-5cf87bbf4c-5r58q                    1/1     Running   0          4h9m
launchpageservice-684cd686c9-s68px             1/1     Running   0          12d
licenseservice-bdd94577b-hcdmh                 1/1     Running   0          63d
logger-5695b4657c-f56kx                        1/1     Running   0          64d
loginpage-5d8c7bcffb-ldxtq                     1/1     Running   0          63d
nlpaccessservice-5758cc4845-7ssjp              1/1     Running   0          63d
nlpfhirrenderer-77f4d48f96-x95nq               1/1     Running   0          63d
pacs-connector-7dc5c6799c-fq2rm                1/1     Running   0          63d
patientdeleteservice-559d74b5bf-sdgsj          1/1     Running   0          31d
postgres-c5cbf997f-9wztv                       1/1     Running   0          63d
rabbitmq-859b96c59d-85grj                      1/1     Running   0          63d
report-type-converter-7f6f784d75-r2l82         1/1     Running   0          63d
reportconverter-5d8cf5647b-d4c9f               1/1     Running   0          63d
reportcreationservice-5c48c6b4df-cb5fv         1/1     Running   0          63d
reverse-proxy-69f5b4d855-jdhg2                 1/1     Running   0          63d
ruleengineservice-5bbb6ddfd4-zv99r             1/1     Running   0          63d
settingsui-6849c4c946-sfj4r                    1/1     Running   0          64d
snomedqueryservice-5cf86455d9-jm8jr            1/1     Running   0          63d
tika-5776fb956-tfkjt                           1/1     Running   0          63d
unitconversionservice-68bb5f5c96-9wnlv         1/1     Running   0          63d


19 Dec 2022 17:33:09 -----------------------------------------------------------------------------------------------------------------------------------------------------------

Command Run : kubectl set image deployment/launchpage launchpage=gokarna.azurecr.io/launchpage-z004n44u:latest -n ai-pc-product

19 Dec 2022 17:33:10 -----------------------------------------------------------------------------------------------------------------------------------------------------------

Command Run : kubectl delete pod launchpage-5cf87bbf4c-5r58q -n ai-pc-product

19 Dec 2022 17:33:51 -----------------------------------------------------------------------------------------------------------------------------------------------------------

pod "launchpage-5cf87bbf4c-5r58q" deleted


19 Dec 2022 17:33:51 -----------------------------------------------------------------------------------------------------------------------------------------------------------

NAME                                           READY   STATUS    RESTARTS   AGE
amp-manager-5b987cb97-lr7kg                    1/1     Running   0          63d
auditlogservice-5f4d6fbb9d-dx5f7               1/1     Running   0          64d
authservice-88f9fd758-jjhfd                    1/1     Running   0          63d
cad-fe-d4476f687-l2r9z                         1/1     Running   0          63d
cadbackendservice-7fd4d7888c-l484s             1/1     Running   0          3d3h
cadconcordanceservice-557d99d97f-f2z4k         1/1     Running   0          63d
cadriskcalculatorservice-56d6946d7d-2qrkh      1/1     Running   0          63d
chest-pain-fe-89f997ff-884xb                   1/1     Running   0          7m14s
configurationservice-5459457fc6-lnq2h          1/1     Running   0          64d
csvreaderservice-5f694dc8db-t9f9g              1/1     Running   0          63d
dicommetadata-74fb96f86f-9pqgm                 1/1     Running   0          63d
doc-import-54bf99db6-xrrg9                     1/1     Running   0          63d
error-reporting-device-75c754b79f-qggfq        1/1     Running   0          63d
export-orchestrator-597cbcccf7-s4snn           1/1     Running   0          63d
fhir-78f89876d4-g9glk                          1/1     Running   0          63d
fhir-document-parser-device-67755f977f-bhtm5   1/1     Running   0          63d
fhir-export-device-67b6fd978c-n9snp            1/1     Running   0          63d
fhir-import-7767fc8db8-4tr9x                   1/1     Running   0          63d
filesystem-export-device-5bd7c9ccd-g5w7g       1/1     Running   0          63d
imageaccessservice-775ddb6cfd-dht2s            1/1     Running   0          63d
import-orchestrator-6b95cf8fdf-w5qhv           1/1     Running   0          63d
launchpage-5cf87bbf4c-5jx78                    1/1     Running   0          41s
launchpageservice-684cd686c9-s68px             1/1     Running   0          12d
licenseservice-bdd94577b-hcdmh                 1/1     Running   0          63d
logger-5695b4657c-f56kx                        1/1     Running   0          64d
loginpage-5d8c7bcffb-ldxtq                     1/1     Running   0          63d
nlpaccessservice-5758cc4845-7ssjp              1/1     Running   0          63d
nlpfhirrenderer-77f4d48f96-x95nq               1/1     Running   0          63d
pacs-connector-7dc5c6799c-fq2rm                1/1     Running   0          63d
patientdeleteservice-559d74b5bf-sdgsj          1/1     Running   0          31d
postgres-c5cbf997f-9wztv                       1/1     Running   0          63d
rabbitmq-859b96c59d-85grj                      1/1     Running   0          63d
report-type-converter-7f6f784d75-r2l82         1/1     Running   0          63d
reportconverter-5d8cf5647b-d4c9f               1/1     Running   0          63d
reportcreationservice-5c48c6b4df-cb5fv         1/1     Running   0          63d
reverse-proxy-69f5b4d855-jdhg2                 1/1     Running   0          63d
ruleengineservice-5bbb6ddfd4-zv99r             1/1     Running   0          63d
settingsui-6849c4c946-sfj4r                    1/1     Running   0          64d
snomedqueryservice-5cf86455d9-jm8jr            1/1     Running   0          63d
tika-5776fb956-tfkjt                           1/1     Running   0          63d
unitconversionservice-68bb5f5c96-9wnlv         1/1     Running   0          63d


19 Dec 2022 17:33:51 -----------------------------------------------------------------------------------------------------------------------------------------------------------

Deployment Successful!

19 Dec 2022 20:07:26 -----------------------------------------------------------------------------------------------------------------------------------------------------------

Opening Chrome..

19 Dec 2022 20:07:30 -----------------------------------------------------------------------------------------------------------------------------------------------------------

Navigating to https://inblrghma3879ln/

19 Dec 2022 20:07:35 -----------------------------------------------------------------------------------------------------------------------------------------------------------

Username clinical.admin Entered

19 Dec 2022 20:07:35 -----------------------------------------------------------------------------------------------------------------------------------------------------------

Password ******* Entered

19 Dec 2022 20:07:35 -----------------------------------------------------------------------------------------------------------------------------------------------------------

Login Success to https://inblrghma3879ln/ as clinical.admin
