
7 Jan 2023 15:57:53 -----------------------------------------------------------------------------------------------------------------------------------------------------------

Opening Chrome..

7 Jan 2023 15:57:57 -----------------------------------------------------------------------------------------------------------------------------------------------------------

Navigating to https://inblrghman079ln.rd001.onehc.net/

7 Jan 2023 15:58:02 -----------------------------------------------------------------------------------------------------------------------------------------------------------

Username clinical.admin Entered

7 Jan 2023 15:58:03 -----------------------------------------------------------------------------------------------------------------------------------------------------------

Password ******* Entered

7 Jan 2023 15:58:03 -----------------------------------------------------------------------------------------------------------------------------------------------------------

Login Success to https://inblrghman079ln.rd001.onehc.net/ as clinical.admin

7 Jan 2023 21:14:42 -----------------------------------------------------------------------------------------------------------------------------------------------------------

Opening Chrome..

7 Jan 2023 21:14:44 -----------------------------------------------------------------------------------------------------------------------------------------------------------

Navigating to https://inblrghman079ln.rd001.onehc.net/

7 Jan 2023 21:14:50 -----------------------------------------------------------------------------------------------------------------------------------------------------------

Username clinical.admin Entered

7 Jan 2023 21:14:50 -----------------------------------------------------------------------------------------------------------------------------------------------------------

Password ******* Entered

7 Jan 2023 21:14:50 -----------------------------------------------------------------------------------------------------------------------------------------------------------

Login Success to https://inblrghman079ln.rd001.onehc.net/ as clinical.admin

7 Jan 2023 22:33:51 -----------------------------------------------------------------------------------------------------------------------------------------------------------

Build started

7 Jan 2023 22:33:51 -----------------------------------------------------------------------------------------------------------------------------------------------------------

Command run /c cd /d "D:\Repos\CDSS Collaboration\Apps.FE.LaunchPage"& ng build --prod  >> "D:\Projects\Deployment.Assistant\Deployment.Assistant\bin\Debug\Logs\Build-Deploy-7-Jan-2023-15-57-49.log" 2>&1
Your global Angular CLI version (14.2.7) is greater than your local version (10.1.3). The local Angular CLI version is used.

To disable this warning use "ng config -g cli.warnings.versionMismatch false".

chunk {} runtime.acf0dec4155e77772545.js (runtime) 1.45 kB [entry] [rendered]
chunk {1} main.0185d4bff5ce452a8c7c.js (main) 745 kB [initial] [rendered]
chunk {2} polyfills.9e3547e0b5c91fd3670a.js (polyfills) 179 kB [initial] [rendered]
chunk {3} polyfills-es5.b59f21ac53e4482564d7.js (polyfills-es5) 262 kB [initial] [rendered]
chunk {4} styles.c53f982f07a44d56f956.css (styles) 153 kB [initial] [rendered]
chunk {scripts} scripts.62c4fd509cd4aa85352d.js (scripts) 2.41 MB [entry] [rendered]
Date: 2023-01-07T17:04:46.467Z - Hash: 9bedb4d6ad7258bd656a - Time: 41087ms

WARNING in D:\Repos\CDSS Collaboration\Apps.FE.LaunchPage\source\app\app.module.ts depends on '@ids/common.ui.base-services.auth-handler'. CommonJS or AMD dependencies can cause optimization bailouts.
For more info see: https://angular.io/guide/build#configuring-commonjs-dependencies

WARNING in D:\Repos\CDSS Collaboration\Apps.FE.LaunchPage\node_modules\ngx-virtual-scroller\__ivy_ngcc__\fesm2015\ngx-virtual-scroller.js depends on '@tweenjs/tween.js'. CommonJS or AMD dependencies can cause optimization bailouts.
For more info see: https://angular.io/guide/build#configuring-commonjs-dependencies

7 Jan 2023 22:34:46 -----------------------------------------------------------------------------------------------------------------------------------------------------------

Build Success!

7 Jan 2023 22:34:46 -----------------------------------------------------------------------------------------------------------------------------------------------------------

Copying D:\Repos\CDSS Collaboration\Apps.FE.LaunchPage\nginx.conf to D:\Repos\CDSS Collaboration\Apps.FE.LaunchPage\dist\nginx.conf

7 Jan 2023 22:34:46 -----------------------------------------------------------------------------------------------------------------------------------------------------------

Successfully copied D:\Repos\CDSS Collaboration\Apps.FE.LaunchPage\nginx.conf to D:\Repos\CDSS Collaboration\Apps.FE.LaunchPage\dist\nginx.conf

7 Jan 2023 22:34:46 -----------------------------------------------------------------------------------------------------------------------------------------------------------

Copying D:\Repos\CDSS Collaboration\Apps.FE.LaunchPage\Dockerfile to D:\Repos\CDSS Collaboration\Apps.FE.LaunchPage\dist\Dockerfile

7 Jan 2023 22:34:46 -----------------------------------------------------------------------------------------------------------------------------------------------------------

Successfully copied D:\Repos\CDSS Collaboration\Apps.FE.LaunchPage\Dockerfile to D:\Repos\CDSS Collaboration\Apps.FE.LaunchPage\dist\Dockerfile

7 Jan 2023 22:34:46 -----------------------------------------------------------------------------------------------------------------------------------------------------------

Building Docker Image

7 Jan 2023 22:34:46 -----------------------------------------------------------------------------------------------------------------------------------------------------------

Command Run /c cd /d D:\Repos\CDSS Collaboration\Apps.FE.LaunchPage\dist & docker build . -t launchpage-z004n44u:latest >> "D:\Projects\Deployment.Assistant\Deployment.Assistant\bin\Debug\Logs\Build-Deploy-7-Jan-2023-15-57-49.log" 2>&1
#1 [internal] load build definition from Dockerfile
#1 sha256:e3431f94a5f887094737696b3baaccdc2f18220b9a72d6115ebb58fdc9655d87
#1 transferring dockerfile: 1.10kB 0.0s done
#1 DONE 0.0s

#2 [internal] load .dockerignore
#2 sha256:3e7cc312c64be1d46790c7083c74da6e00205386c49be7e93da53e0e8c2f2e53
#2 transferring context: 2B done
#2 DONE 0.0s

#3 [internal] load metadata for docker.io/library/nginx:latest
#3 sha256:06c466a4eb6821b81bd3e48610e5f38dab858b1e9acb01d6e2f6b11c8fabe6bc
#3 DONE 4.7s

#4 [ 1/14] FROM docker.io/library/nginx:latest@sha256:0047b729188a15da49380d9506d65959cce6d40291ccfb4e039f5dc7efd33286
#4 sha256:e7bed6aad7b09384eb5e7b7d3e639dafd578232c7fddeff5c60a35fd9c7f8488
#4 DONE 0.0s

#6 [internal] load build context
#6 sha256:fe158185f3d5940c367dc5d1cf78971dbaca011ad7b1d2b4b917d36a63ab0986
#6 transferring context: 3.43MB 0.3s
#6 transferring context: 16.57MB 0.9s done
#6 DONE 0.9s

#5 [ 2/14] WORKDIR /usr/share/nginx/html
#5 sha256:977fd11ad066f17453839ddaf396516d5ca43c79c768c95bdf95a39d38091104
#5 CACHED

#7 [ 3/14] COPY launch-page/ .
#7 sha256:de55b7771fd2b5e01e5143ed2b2f52530466b41c795c9dd245cd4a8acf9e0bd2
#7 DONE 0.1s

#8 [ 4/14] COPY nginx.conf /etc/nginx/nginx.conf
#8 sha256:81999e07f1f58da1d896c9eff27c35104fc72bdc7ab084227c987ca5b7b6540d
#8 DONE 0.1s

#9 [ 5/14] RUN groupadd --gid 1000 AIPCNonRootUser && useradd --uid 1000 --gid 1000 --home-dir /usr/share/AIPCNonRootUser --no-create-home AIPCNonRootUser
#9 sha256:18a35303935bbe55867eb715fe774df3a5022677897a1634e686d1678faab048
#9 DONE 0.5s

#10 [ 6/14] RUN chown -R AIPCNonRootUser:AIPCNonRootUser /var/cache/nginx
#10 sha256:e0fb576afb9955d9a18632ae9e889f2d09be7578733f12cf3dbf0a59810b516c
#10 DONE 0.6s

#11 [ 7/14] RUN chmod 770 /var/cache/nginx
#11 sha256:4c911df5f6b88908cca355805390fc0e76e60692a993c376498ff5aae3310b57
#11 DONE 0.7s

#12 [ 8/14] RUN touch /var/run/nginx.pid
#12 sha256:e49266bc9d279319efa0eaf87466710b2c730d3690b0a269cf759aa2657d35c0
#12 DONE 0.6s

#13 [ 9/14] RUN chown -R AIPCNonRootUser:AIPCNonRootUser /var/run/nginx.pid
#13 sha256:caaaee16ac6425f27370e9272301df3dbb775e8353b05877e13bd09e59052487
#13 DONE 0.7s

#14 [10/14] RUN chmod 770 /var/run/nginx.pid
#14 sha256:97f3e713b622c3d693ed9fc059792ebb9c4f72b1b8c5acd1087c739b3b6aacab
#14 DONE 0.5s

#15 [11/14] RUN mkdir -p /usr/share/nginx/html/
#15 sha256:04fe5b23626c850969baffb9688673a56f717640aac879fac3f31b260d82c081
#15 DONE 0.5s

#16 [12/14] RUN chown AIPCNonRootUser /usr/share/nginx/html/
#16 sha256:bc7a441160b9e82d3c57a98899f8a30253f567c043f01cd9c47d0f544b47dc40
#16 DONE 0.5s

#17 [13/14] RUN chown -R AIPCNonRootUser:AIPCNonRootUser /etc/nginx
#17 sha256:8a7280befa48d5603bae87f3f46b430de219f8618b2fb3e2192483efcc47bd79
#17 DONE 0.5s

#18 [14/14] RUN chmod 770 /etc/nginx
#18 sha256:26d598fce13cecb66ed8267ab27cec964ca5e54ce9d69afaa1badaa0323a2147
#18 DONE 0.6s

#19 exporting to image
#19 sha256:e8c613e07b0b7ff33893b694f7759a10d42e180f2b4dc349fb57dc6b71dcab00
#19 exporting layers
#19 exporting layers 0.3s done
#19 writing image sha256:c957a730c814f479776d62d8d45cef0b5a787de8db38607e7eb5e870d40bdca2 done
#19 naming to docker.io/library/launchpage-z004n44u:latest done
#19 DONE 0.3s

Use 'docker scan' to run Snyk tests against images to find vulnerabilities and learn how to fix them

7 Jan 2023 22:35:01 -----------------------------------------------------------------------------------------------------------------------------------------------------------

Docker Build Successful for launchpage-z004n44u:latest

7 Jan 2023 22:35:01 -----------------------------------------------------------------------------------------------------------------------------------------------------------

Tagging Docker Image

7 Jan 2023 22:35:01 -----------------------------------------------------------------------------------------------------------------------------------------------------------

Command Run /c cd /d D:\Repos\CDSS Collaboration\Apps.FE.LaunchPage\dist & docker tag launchpage-z004n44u:latest gokarna.azurecr.io/launchpage-z004n44u:latest >> "D:\Projects\Deployment.Assistant\Deployment.Assistant\bin\Debug\Logs\Build-Deploy-7-Jan-2023-15-57-49.log" 2>&1

7 Jan 2023 22:35:01 -----------------------------------------------------------------------------------------------------------------------------------------------------------

Docker Tag Successful to gokarna.azurecr.io/launchpage-z004n44u:latest

7 Jan 2023 22:35:01 -----------------------------------------------------------------------------------------------------------------------------------------------------------

Pushing Docker Image

7 Jan 2023 22:35:01 -----------------------------------------------------------------------------------------------------------------------------------------------------------

Command Run /c cd /d D:\Repos\CDSS Collaboration\Apps.FE.LaunchPage\dist & docker push gokarna.azurecr.io/launchpage-z004n44u:latest >> "D:\Projects\Deployment.Assistant\Deployment.Assistant\bin\Debug\Logs\Build-Deploy-7-Jan-2023-15-57-49.log" 2>&1
The push refers to repository [gokarna.azurecr.io/launchpage-z004n44u]
52ecdcfc852c: Preparing
d1587b8ae3b5: Preparing
2f87b31a2fd8: Preparing
3ad412a163d5: Preparing
23ca8c08dcbb: Preparing
681a983111f8: Preparing
dd3ad5a26ec1: Preparing
314df7524ac4: Preparing
b0c57b88cb97: Preparing
68249a0635f3: Preparing
63c8662998b1: Preparing
44ecb34605c7: Preparing
5f70bf18a086: Preparing
c72d75f45e5b: Preparing
9a0ef04f57f5: Preparing
d13aea24d2cb: Preparing
2b3eec357807: Preparing
2dadbc36c170: Preparing
8a70d251b653: Preparing
44ecb34605c7: Waiting
5f70bf18a086: Waiting
c72d75f45e5b: Waiting
9a0ef04f57f5: Waiting
d13aea24d2cb: Waiting
2b3eec357807: Waiting
2dadbc36c170: Waiting
8a70d251b653: Waiting
681a983111f8: Waiting
dd3ad5a26ec1: Waiting
314df7524ac4: Waiting
b0c57b88cb97: Waiting
68249a0635f3: Waiting
63c8662998b1: Waiting
23ca8c08dcbb: Pushed
d1587b8ae3b5: Pushed
52ecdcfc852c: Pushed
3ad412a163d5: Pushed
2f87b31a2fd8: Pushed
dd3ad5a26ec1: Pushed
681a983111f8: Pushed
314df7524ac4: Pushed
63c8662998b1: Pushed
5f70bf18a086: Layer already exists
68249a0635f3: Pushed
c72d75f45e5b: Layer already exists
d13aea24d2cb: Layer already exists
9a0ef04f57f5: Layer already exists
b0c57b88cb97: Pushed
2b3eec357807: Layer already exists
8a70d251b653: Layer already exists
44ecb34605c7: Pushed
2dadbc36c170: Layer already exists
latest: digest: sha256:af60fbcdc126ebedbfa7c8942dab916aacafee63040ba4a6b6eed03c67d17f46 size: 4266

7 Jan 2023 22:35:10 -----------------------------------------------------------------------------------------------------------------------------------------------------------

Docker Push Successful to gokarna.azurecr.io/launchpage-z004n44u:latest

7 Jan 2023 22:35:10 -----------------------------------------------------------------------------------------------------------------------------------------------------------

Connecting to inblrghma3879ln

7 Jan 2023 22:35:11 -----------------------------------------------------------------------------------------------------------------------------------------------------------

Successfully connected to inblrghma3879ln

7 Jan 2023 22:35:11 -----------------------------------------------------------------------------------------------------------------------------------------------------------

Command Run : kubectl get pods -n ai-pc-product

7 Jan 2023 22:35:12 -----------------------------------------------------------------------------------------------------------------------------------------------------------

NAME                                           READY   STATUS    RESTARTS   AGE
amp-manager-5b987cb97-76xxg                    1/1     Running   1          16d
auditlogservice-5f4d6fbb9d-4tswt               1/1     Running   0          16d
authservice-88f9fd758-vvp5w                    1/1     Running   0          16d
cad-fe-d4476f687-4vn9b                         1/1     Running   0          16d
cadbackendservice-7f7c5fd457-fvmjm             1/1     Running   0          28h
cadconcordanceservice-557d99d97f-mgffs         1/1     Running   0          16d
cadriskcalculatorservice-56d6946d7d-t7fj5      1/1     Running   0          16d
chest-pain-fe-5f5fd449df-bl4d8                 1/1     Running   0          23h
configurationservice-5459457fc6-qdmv8          1/1     Running   0          16d
csvreaderservice-5f694dc8db-kfhbs              1/1     Running   0          16d
dicommetadata-74fb96f86f-tf6nv                 1/1     Running   0          16d
doc-import-54bf99db6-gtbgs                     1/1     Running   0          16d
error-reporting-device-75c754b79f-k8px2        1/1     Running   0          16d
export-orchestrator-597cbcccf7-vsldx           1/1     Running   0          16d
fhir-78f89876d4-kxmmn                          1/1     Running   0          16d
fhir-document-parser-device-67755f977f-qkcvq   1/1     Running   0          16d
fhir-export-device-67b6fd978c-gpgqs            1/1     Running   0          16d
fhir-import-7767fc8db8-x8xf9                   1/1     Running   0          16d
filesystem-export-device-5bd7c9ccd-nllwd       1/1     Running   0          16d
imageaccessservice-775ddb6cfd-fkgt7            1/1     Running   0          16d
import-orchestrator-6b95cf8fdf-j74jr           1/1     Running   0          16d
launchpage-5cf87bbf4c-jg7cs                    1/1     Running   0          23h
launchpageservice-6bd995c85c-9nz29             1/1     Running   0          15d
licenseservice-bdd94577b-dmzfh                 1/1     Running   0          16d
logger-5695b4657c-klh5x                        1/1     Running   0          16d
loginpage-5d8c7bcffb-9666d                     1/1     Running   0          16d
nlpaccessservice-5758cc4845-gr4jp              1/1     Running   0          16d
nlpfhirrenderer-77f4d48f96-xfpcv               1/1     Running   0          16d
pacs-connector-7dc5c6799c-26zsw                1/1     Running   0          16d
patientdeleteservice-559d74b5bf-tpj4d          1/1     Running   0          16d
postgres-c5cbf997f-5c2th                       1/1     Running   0          16d
rabbitmq-859b96c59d-pqfbg                      1/1     Running   0          16d
report-type-converter-7f6f784d75-ln8nn         1/1     Running   0          16d
reportconverter-5d8cf5647b-vc4jm               1/1     Running   0          16d
reportcreationservice-5c48c6b4df-w5725         1/1     Running   0          16d
reverse-proxy-69f5b4d855-88ncp                 1/1     Running   0          16d
ruleengineservice-5bbb6ddfd4-kkc65             1/1     Running   0          16d
settingsui-6849c4c946-nq9wk                    1/1     Running   0          16d
snomedqueryservice-5cf86455d9-xjhcd            1/1     Running   0          16d
tika-5776fb956-r4rmb                           1/1     Running   0          16d
unitconversionservice-68bb5f5c96-kkdd4         1/1     Running   0          16d


7 Jan 2023 22:35:12 -----------------------------------------------------------------------------------------------------------------------------------------------------------

Command Run : kubectl set image deployment/launchpage launchpage=gokarna.azurecr.io/launchpage-z004n44u:latest -n ai-pc-product

7 Jan 2023 22:35:12 -----------------------------------------------------------------------------------------------------------------------------------------------------------

Command Run : kubectl delete pod launchpage-5cf87bbf4c-jg7cs -n ai-pc-product

7 Jan 2023 22:35:51 -----------------------------------------------------------------------------------------------------------------------------------------------------------

pod "launchpage-5cf87bbf4c-jg7cs" deleted


7 Jan 2023 22:35:51 -----------------------------------------------------------------------------------------------------------------------------------------------------------

NAME                                           READY   STATUS    RESTARTS   AGE
amp-manager-5b987cb97-76xxg                    1/1     Running   1          16d
auditlogservice-5f4d6fbb9d-4tswt               1/1     Running   0          16d
authservice-88f9fd758-vvp5w                    1/1     Running   0          16d
cad-fe-d4476f687-4vn9b                         1/1     Running   0          16d
cadbackendservice-7f7c5fd457-fvmjm             1/1     Running   0          28h
cadconcordanceservice-557d99d97f-mgffs         1/1     Running   0          16d
cadriskcalculatorservice-56d6946d7d-t7fj5      1/1     Running   0          16d
chest-pain-fe-5f5fd449df-bl4d8                 1/1     Running   0          23h
configurationservice-5459457fc6-qdmv8          1/1     Running   0          16d
csvreaderservice-5f694dc8db-kfhbs              1/1     Running   0          16d
dicommetadata-74fb96f86f-tf6nv                 1/1     Running   0          16d
doc-import-54bf99db6-gtbgs                     1/1     Running   0          16d
error-reporting-device-75c754b79f-k8px2        1/1     Running   0          16d
export-orchestrator-597cbcccf7-vsldx           1/1     Running   0          16d
fhir-78f89876d4-kxmmn                          1/1     Running   0          16d
fhir-document-parser-device-67755f977f-qkcvq   1/1     Running   0          16d
fhir-export-device-67b6fd978c-gpgqs            1/1     Running   0          16d
fhir-import-7767fc8db8-x8xf9                   1/1     Running   0          16d
filesystem-export-device-5bd7c9ccd-nllwd       1/1     Running   0          16d
imageaccessservice-775ddb6cfd-fkgt7            1/1     Running   0          16d
import-orchestrator-6b95cf8fdf-j74jr           1/1     Running   0          16d
launchpage-5cf87bbf4c-lbq2v                    1/1     Running   0          38s
launchpageservice-6bd995c85c-9nz29             1/1     Running   0          15d
licenseservice-bdd94577b-dmzfh                 1/1     Running   0          16d
logger-5695b4657c-klh5x                        1/1     Running   0          16d
loginpage-5d8c7bcffb-9666d                     1/1     Running   0          16d
nlpaccessservice-5758cc4845-gr4jp              1/1     Running   0          16d
nlpfhirrenderer-77f4d48f96-xfpcv               1/1     Running   0          16d
pacs-connector-7dc5c6799c-26zsw                1/1     Running   0          16d
patientdeleteservice-559d74b5bf-tpj4d          1/1     Running   0          16d
postgres-c5cbf997f-5c2th                       1/1     Running   0          16d
rabbitmq-859b96c59d-pqfbg                      1/1     Running   0          16d
report-type-converter-7f6f784d75-ln8nn         1/1     Running   0          16d
reportconverter-5d8cf5647b-vc4jm               1/1     Running   0          16d
reportcreationservice-5c48c6b4df-w5725         1/1     Running   0          16d
reverse-proxy-69f5b4d855-88ncp                 1/1     Running   0          16d
ruleengineservice-5bbb6ddfd4-kkc65             1/1     Running   0          16d
settingsui-6849c4c946-nq9wk                    1/1     Running   0          16d
snomedqueryservice-5cf86455d9-xjhcd            1/1     Running   0          16d
tika-5776fb956-r4rmb                           1/1     Running   0          16d
unitconversionservice-68bb5f5c96-kkdd4         1/1     Running   0          16d


7 Jan 2023 22:35:51 -----------------------------------------------------------------------------------------------------------------------------------------------------------

Deployment Successful!

7 Jan 2023 22:38:46 -----------------------------------------------------------------------------------------------------------------------------------------------------------

Opening Chrome..

7 Jan 2023 22:38:48 -----------------------------------------------------------------------------------------------------------------------------------------------------------

Navigating to https://inblrghvsan10ln/

7 Jan 2023 22:38:52 -----------------------------------------------------------------------------------------------------------------------------------------------------------

Exception Encountered: 

unknown error: net::ERR_CONNECTION_CLOSED
  (Session info: chrome=108.0.5359.125)

 If exception includes Chrome driver Update Required, Follow the following steps to update. 

 1.Visit https://chromedriver.chromium.org/downloads 

 2.Download latest chromedriver(chromedriver_win32.zip if prompted)

 3. Extract the zip file and replace chromedriver.exe in the installation folder with the latest one.
