
20 Dec 2022 10:20:00 -----------------------------------------------------------------------------------------------------------------------------------------------------------

Build started

20 Dec 2022 10:20:01 -----------------------------------------------------------------------------------------------------------------------------------------------------------

Command run /c cd /d "D:\Repos\CDSS Collaboration\App.FE.ChestPain"& ng build --prod  >> "D:\Projects\Deployment.Assistant\Deployment.Assistant\bin\Debug\Logs\Build-Deploy-20-Dec-2022-10-19-48.log" 2>&1
Your global Angular CLI version (14.2.7) is greater than your local version (10.1.3). The local Angular CLI version is used.

To disable this warning use "ng config -g cli.warnings.versionMismatch false".
[33mWarning:[0m Entry point '@ids/common.ui.base-services.fhir' contains deep imports into 'D:/Repos/CDSS Collaboration/App.FE.ChestPain/node_modules/rxjs/internal/operators', 'D:/Repos/CDSS Collaboration/App.FE.ChestPain/node_modules/rxjs/internal/operators/take'. This is probably not a problem, but may cause the compilation of entry points to be out of order.
Generating ES5 bundles for differential loading...
ES5 bundle generation complete.

chunk {3} polyfills-es5.4453d2fafecf9cae155f.js (polyfills-es5) 264 kB [initial] [rendered]
chunk {2} polyfills-es2015.7bf442c9581008ef4e7f.js (polyfills) 171 kB [initial] [rendered]
chunk {0} runtime-es2015.66c79b9d36e7169e27b0.js (runtime) 1.45 kB [entry] [rendered]
chunk {0} runtime-es5.66c79b9d36e7169e27b0.js (runtime) 1.45 kB [entry] [rendered]
chunk {1} main-es2015.f9ed514d3bb5ebfb4cba.js (main) 1.48 MB [initial] [rendered]
chunk {1} main-es5.f9ed514d3bb5ebfb4cba.js (main) 1.58 MB [initial] [rendered]
chunk {4} styles.5081b2ecf63062d2a84f.css (styles) 147 kB [initial] [rendered]
chunk {scripts} scripts.402eee9195a7220d216a.js (scripts) 2.62 MB [entry] [rendered]
Date: 2022-12-20T04:52:46.416Z - Hash: dade111237b3fe1c0558 - Time: 151185ms

WARNING in D:\Repos\CDSS Collaboration\App.FE.ChestPain\source\app\models\lab-test-model.ts is part of the TypeScript compilation but it's unused.
Add only entry points to the 'files' or 'include' properties in your tsconfig.

WARNING in D:\Repos\CDSS Collaboration\App.FE.ChestPain\source\app\models\patientnotification.model.ts is part of the TypeScript compilation but it's unused.
Add only entry points to the 'files' or 'include' properties in your tsconfig.

WARNING in D:\Repos\CDSS Collaboration\App.FE.ChestPain\source\app\models\procedure-row-item.ts is part of the TypeScript compilation but it's unused.
Add only entry points to the 'files' or 'include' properties in your tsconfig.

WARNING in D:\Repos\CDSS Collaboration\App.FE.ChestPain\source\app\models\report-viewer-model.ts is part of the TypeScript compilation but it's unused.
Add only entry points to the 'files' or 'include' properties in your tsconfig.

WARNING in D:\Repos\CDSS Collaboration\App.FE.ChestPain\source\app\services\app.config.service.ts is part of the TypeScript compilation but it's unused.
Add only entry points to the 'files' or 'include' properties in your tsconfig.

WARNING in D:\Repos\CDSS Collaboration\App.FE.ChestPain\source\app\services\interfaces\lab-tests.interface.ts is part of the TypeScript compilation but it's unused.
Add only entry points to the 'files' or 'include' properties in your tsconfig.

WARNING in D:\Repos\CDSS Collaboration\App.FE.ChestPain\source\app\shared\models\cad.interface.ts is part of the TypeScript compilation but it's unused.
Add only entry points to the 'files' or 'include' properties in your tsconfig.

WARNING in D:\Repos\CDSS Collaboration\App.FE.ChestPain\source\environments\environment.local.ts is part of the TypeScript compilation but it's unused.
Add only entry points to the 'files' or 'include' properties in your tsconfig.

WARNING in D:\Repos\CDSS Collaboration\App.FE.ChestPain\source\environments\environment.prod.ts is part of the TypeScript compilation but it's unused.
Add only entry points to the 'files' or 'include' properties in your tsconfig.

WARNING in D:\Repos\CDSS Collaboration\App.FE.ChestPain\source\translateExtenders\customTranslateHttpLoader.ts is part of the TypeScript compilation but it's unused.
Add only entry points to the 'files' or 'include' properties in your tsconfig.

WARNING in D:\Repos\CDSS Collaboration\App.FE.ChestPain\source\app\app.module.ts depends on '@ids/common.ui.base-services.auth-handler'. CommonJS or AMD dependencies can cause optimization bailouts.
For more info see: https://angular.io/guide/build#configuring-commonjs-dependencies

WARNING in D:\Repos\CDSS Collaboration\App.FE.ChestPain\source\app\risk-assessment\risk-assessment-detail\risk-assessment-detail.component.ts depends on 'chart.js'. CommonJS or AMD dependencies can cause optimization bailouts.
For more info see: https://angular.io/guide/build#configuring-commonjs-dependencies

20 Dec 2022 10:22:50 -----------------------------------------------------------------------------------------------------------------------------------------------------------

Build Success!

20 Dec 2022 10:22:50 -----------------------------------------------------------------------------------------------------------------------------------------------------------

Copying D:\Repos\CDSS Collaboration\App.FE.ChestPain\nginx.conf to D:\Repos\CDSS Collaboration\App.FE.ChestPain\dist\nginx.conf

20 Dec 2022 10:22:51 -----------------------------------------------------------------------------------------------------------------------------------------------------------

Successfully copied D:\Repos\CDSS Collaboration\App.FE.ChestPain\nginx.conf to D:\Repos\CDSS Collaboration\App.FE.ChestPain\dist\nginx.conf

20 Dec 2022 10:22:51 -----------------------------------------------------------------------------------------------------------------------------------------------------------

Copying D:\Repos\CDSS Collaboration\App.FE.ChestPain\Dockerfile to D:\Repos\CDSS Collaboration\App.FE.ChestPain\dist\Dockerfile

20 Dec 2022 10:22:51 -----------------------------------------------------------------------------------------------------------------------------------------------------------

Successfully copied D:\Repos\CDSS Collaboration\App.FE.ChestPain\Dockerfile to D:\Repos\CDSS Collaboration\App.FE.ChestPain\dist\Dockerfile

20 Dec 2022 10:22:51 -----------------------------------------------------------------------------------------------------------------------------------------------------------

Building Docker Image

20 Dec 2022 10:22:51 -----------------------------------------------------------------------------------------------------------------------------------------------------------

Command Run /c cd /d D:\Repos\CDSS Collaboration\App.FE.ChestPain\dist & docker build . -t chest-pain-fe-z004n44u:latest >> "D:\Projects\Deployment.Assistant\Deployment.Assistant\bin\Debug\Logs\Build-Deploy-20-Dec-2022-10-19-48.log" 2>&1
#1 [internal] load build definition from Dockerfile
#1 sha256:5a6039a51e687104f1ffba30500f7ef84a97aaa7d844f0f4ec1aea23323811b1
#1 transferring dockerfile: 461B 0.1s done
#1 DONE 0.2s

#2 [internal] load .dockerignore
#2 sha256:df756d885ab72de0fbe449939598e4f999207099209c42605423be131af2b677
#2 transferring context: 2B 0.0s done
#2 DONE 0.1s

#3 [internal] load metadata for docker.io/library/nginx:alpine
#3 sha256:b001d263a254f0e4960d52c837d5764774ef80ad3878c61304052afb6e0e9af2
#3 DONE 2.5s

#4 [1/4] FROM docker.io/library/nginx:alpine@sha256:dd8a054d7ef030e94a6449783605d6c306c1f69c10c2fa06b66a030e0d1db793
#4 sha256:69bb3b0d124b71e42fa4e8f3891bd71b0a7ee3c87accab313a257c9b97a38a34
#4 DONE 0.0s

#6 [internal] load build context
#6 sha256:4bb7cc94700b93f09eed6573ba857d0d80edbe3f54125154c9bd678a6c0514e1
#6 transferring context: 10.92MB 2.3s
#6 transferring context: 33.29MB 4.4s done
#6 DONE 4.5s

#5 [2/4] RUN rm -rf /usr/share/nginx/html/*
#5 sha256:6b5e129493dbc860ceff6e79c1e65572ba6ef739c546cd324b59fc99d4367303
#5 CACHED

#7 [3/4] COPY fechestPain/ /usr/share/nginx/html/
#7 sha256:be002eea63d9f4f63509f4ba6de3992e91913ca1971304cd761934ef7ec873b6
#7 DONE 0.3s

#8 [4/4] COPY nginx.conf /etc/nginx/nginx.conf
#8 sha256:3a7d24f3bd88891e9e47d353cf5722f61bff2781cb8781d4f2c0786821f614e8
#8 DONE 0.1s

#9 exporting to image
#9 sha256:e8c613e07b0b7ff33893b694f7759a10d42e180f2b4dc349fb57dc6b71dcab00
#9 exporting layers
#9 exporting layers 0.5s done
#9 writing image sha256:7cf8ff9625b995e051ad7f62a1d3f6b1b60145340c2c4c9ec32c7e9eeab6901f done
#9 naming to docker.io/library/chest-pain-fe-z004n44u:latest done
#9 DONE 0.5s

Use 'docker scan' to run Snyk tests against images to find vulnerabilities and learn how to fix them

20 Dec 2022 10:23:02 -----------------------------------------------------------------------------------------------------------------------------------------------------------

Docker Build Successful for chest-pain-fe-z004n44u:latest

20 Dec 2022 10:23:02 -----------------------------------------------------------------------------------------------------------------------------------------------------------

Tagging Docker Image

20 Dec 2022 10:23:02 -----------------------------------------------------------------------------------------------------------------------------------------------------------

Command Run /c cd /d D:\Repos\CDSS Collaboration\App.FE.ChestPain\dist & docker tag chest-pain-fe-z004n44u:latest gokarna.azurecr.io/chest-pain-fe-z004n44u:latest >> "D:\Projects\Deployment.Assistant\Deployment.Assistant\bin\Debug\Logs\Build-Deploy-20-Dec-2022-10-19-48.log" 2>&1

20 Dec 2022 10:23:02 -----------------------------------------------------------------------------------------------------------------------------------------------------------

Docker Tag Successful to gokarna.azurecr.io/chest-pain-fe-z004n44u:latest

20 Dec 2022 10:23:02 -----------------------------------------------------------------------------------------------------------------------------------------------------------

Pushing Docker Image

20 Dec 2022 10:23:02 -----------------------------------------------------------------------------------------------------------------------------------------------------------

Command Run /c cd /d D:\Repos\CDSS Collaboration\App.FE.ChestPain\dist & docker push gokarna.azurecr.io/chest-pain-fe-z004n44u:latest >> "D:\Projects\Deployment.Assistant\Deployment.Assistant\bin\Debug\Logs\Build-Deploy-20-Dec-2022-10-19-48.log" 2>&1
The push refers to repository [gokarna.azurecr.io/chest-pain-fe-z004n44u]
49ae1fed7539: Preparing
b9554c160c8d: Preparing
9364ab082f1c: Preparing
9e173cdce044: Preparing
f2d47996fdfa: Preparing
c23f26e962bd: Preparing
0511ab7e6edc: Preparing
ec7e4a91c33b: Preparing
1fee4bd55a85: Preparing
ded7a220bb05: Preparing
1fee4bd55a85: Waiting
ded7a220bb05: Waiting
c23f26e962bd: Waiting
ec7e4a91c33b: Waiting
9e173cdce044: Layer already exists
9364ab082f1c: Layer already exists
f2d47996fdfa: Layer already exists
c23f26e962bd: Layer already exists
0511ab7e6edc: Layer already exists
ec7e4a91c33b: Layer already exists
ded7a220bb05: Layer already exists
49ae1fed7539: Pushed
1fee4bd55a85: Layer already exists
b9554c160c8d: Pushed
latest: digest: sha256:10e35dd001de317f2a64abdd7625f44f9694174fdc66112ddb8ad283b656523e size: 2407

20 Dec 2022 10:23:13 -----------------------------------------------------------------------------------------------------------------------------------------------------------

Docker Push Successful to gokarna.azurecr.io/chest-pain-fe-z004n44u:latest

20 Dec 2022 10:23:13 -----------------------------------------------------------------------------------------------------------------------------------------------------------

Connecting to inblrghma3879ln

20 Dec 2022 10:23:15 -----------------------------------------------------------------------------------------------------------------------------------------------------------

Successfully connected to inblrghma3879ln

20 Dec 2022 10:23:15 -----------------------------------------------------------------------------------------------------------------------------------------------------------

Command Run : kubectl get pods -n ai-pc-product

20 Dec 2022 10:23:15 -----------------------------------------------------------------------------------------------------------------------------------------------------------

NAME                                           READY   STATUS    RESTARTS   AGE
amp-manager-5b987cb97-lr7kg                    1/1     Running   0          64d
auditlogservice-5f4d6fbb9d-dx5f7               1/1     Running   0          64d
authservice-88f9fd758-jjhfd                    1/1     Running   0          63d
cad-fe-d4476f687-l2r9z                         1/1     Running   0          64d
cadbackendservice-664c7b6f9f-2k5rx             1/1     Running   0          16h
cadconcordanceservice-557d99d97f-f2z4k         1/1     Running   0          64d
cadriskcalculatorservice-56d6946d7d-2qrkh      1/1     Running   0          64d
chest-pain-fe-5f5fd449df-krcrk                 1/1     Running   0          14h
configurationservice-5459457fc6-lnq2h          1/1     Running   0          64d
csvreaderservice-5f694dc8db-t9f9g              1/1     Running   0          64d
dicommetadata-74fb96f86f-9pqgm                 1/1     Running   0          64d
doc-import-54bf99db6-xrrg9                     1/1     Running   0          63d
error-reporting-device-75c754b79f-qggfq        1/1     Running   0          63d
export-orchestrator-597cbcccf7-s4snn           1/1     Running   0          63d
fhir-78f89876d4-g9glk                          1/1     Running   0          64d
fhir-document-parser-device-67755f977f-bhtm5   1/1     Running   0          64d
fhir-export-device-67b6fd978c-n9snp            1/1     Running   0          63d
fhir-import-7767fc8db8-4tr9x                   1/1     Running   0          63d
filesystem-export-device-5bd7c9ccd-g5w7g       1/1     Running   0          63d
imageaccessservice-775ddb6cfd-dht2s            1/1     Running   0          64d
import-orchestrator-6b95cf8fdf-w5qhv           1/1     Running   0          63d
launchpage-5cf87bbf4c-bnlxp                    1/1     Running   0          47s
launchpageservice-684cd686c9-s68px             1/1     Running   0          12d
licenseservice-bdd94577b-hcdmh                 1/1     Running   0          63d
logger-5695b4657c-f56kx                        1/1     Running   0          64d
loginpage-5d8c7bcffb-ldxtq                     1/1     Running   0          64d
nlpaccessservice-5758cc4845-7ssjp              1/1     Running   0          64d
nlpfhirrenderer-77f4d48f96-x95nq               1/1     Running   0          64d
pacs-connector-7dc5c6799c-fq2rm                1/1     Running   0          63d
patientdeleteservice-559d74b5bf-sdgsj          1/1     Running   0          31d
postgres-c5cbf997f-9wztv                       1/1     Running   0          64d
rabbitmq-859b96c59d-85grj                      1/1     Running   0          64d
report-type-converter-7f6f784d75-r2l82         1/1     Running   0          63d
reportconverter-5d8cf5647b-d4c9f               1/1     Running   0          64d
reportcreationservice-5c48c6b4df-cb5fv         1/1     Running   0          64d
reverse-proxy-69f5b4d855-jdhg2                 1/1     Running   0          64d
ruleengineservice-5bbb6ddfd4-zv99r             1/1     Running   0          64d
settingsui-6849c4c946-sfj4r                    1/1     Running   0          64d
snomedqueryservice-5cf86455d9-jm8jr            1/1     Running   0          64d
tika-5776fb956-tfkjt                           1/1     Running   0          64d
unitconversionservice-68bb5f5c96-9wnlv         1/1     Running   0          64d


20 Dec 2022 10:23:15 -----------------------------------------------------------------------------------------------------------------------------------------------------------

Command Run : kubectl set image deployment/chest-pain-fe chest-pain-fe=gokarna.azurecr.io/chest-pain-fe-z004n44u:latest -n ai-pc-product

20 Dec 2022 10:23:15 -----------------------------------------------------------------------------------------------------------------------------------------------------------

Command Run : kubectl delete pod chest-pain-fe-5f5fd449df-krcrk -n ai-pc-product

20 Dec 2022 10:23:21 -----------------------------------------------------------------------------------------------------------------------------------------------------------

pod "chest-pain-fe-5f5fd449df-krcrk" deleted


20 Dec 2022 10:23:22 -----------------------------------------------------------------------------------------------------------------------------------------------------------

NAME                                           READY   STATUS              RESTARTS   AGE
amp-manager-5b987cb97-lr7kg                    1/1     Running             0          64d
auditlogservice-5f4d6fbb9d-dx5f7               1/1     Running             0          64d
authservice-88f9fd758-jjhfd                    1/1     Running             0          63d
cad-fe-d4476f687-l2r9z                         1/1     Running             0          64d
cadbackendservice-664c7b6f9f-2k5rx             1/1     Running             0          16h
cadconcordanceservice-557d99d97f-f2z4k         1/1     Running             0          64d
cadriskcalculatorservice-56d6946d7d-2qrkh      1/1     Running             0          64d
chest-pain-fe-5f5fd449df-h4c5r                 0/1     ContainerCreating   0          6s
configurationservice-5459457fc6-lnq2h          1/1     Running             0          64d
csvreaderservice-5f694dc8db-t9f9g              1/1     Running             0          64d
dicommetadata-74fb96f86f-9pqgm                 1/1     Running             0          64d
doc-import-54bf99db6-xrrg9                     1/1     Running             0          63d
error-reporting-device-75c754b79f-qggfq        1/1     Running             0          63d
export-orchestrator-597cbcccf7-s4snn           1/1     Running             0          63d
fhir-78f89876d4-g9glk                          1/1     Running             0          64d
fhir-document-parser-device-67755f977f-bhtm5   1/1     Running             0          64d
fhir-export-device-67b6fd978c-n9snp            1/1     Running             0          63d
fhir-import-7767fc8db8-4tr9x                   1/1     Running             0          63d
filesystem-export-device-5bd7c9ccd-g5w7g       1/1     Running             0          63d
imageaccessservice-775ddb6cfd-dht2s            1/1     Running             0          64d
import-orchestrator-6b95cf8fdf-w5qhv           1/1     Running             0          63d
launchpage-5cf87bbf4c-bnlxp                    1/1     Running             0          54s
launchpageservice-684cd686c9-s68px             1/1     Running             0          12d
licenseservice-bdd94577b-hcdmh                 1/1     Running             0          63d
logger-5695b4657c-f56kx                        1/1     Running             0          64d
loginpage-5d8c7bcffb-ldxtq                     1/1     Running             0          64d
nlpaccessservice-5758cc4845-7ssjp              1/1     Running             0          64d
nlpfhirrenderer-77f4d48f96-x95nq               1/1     Running             0          64d
pacs-connector-7dc5c6799c-fq2rm                1/1     Running             0          63d
patientdeleteservice-559d74b5bf-sdgsj          1/1     Running             0          31d
postgres-c5cbf997f-9wztv                       1/1     Running             0          64d
rabbitmq-859b96c59d-85grj                      1/1     Running             0          64d
report-type-converter-7f6f784d75-r2l82         1/1     Running             0          63d
reportconverter-5d8cf5647b-d4c9f               1/1     Running             0          64d
reportcreationservice-5c48c6b4df-cb5fv         1/1     Running             0          64d
reverse-proxy-69f5b4d855-jdhg2                 1/1     Running             0          64d
ruleengineservice-5bbb6ddfd4-zv99r             1/1     Running             0          64d
settingsui-6849c4c946-sfj4r                    1/1     Running             0          64d
snomedqueryservice-5cf86455d9-jm8jr            1/1     Running             0          64d
tika-5776fb956-tfkjt                           1/1     Running             0          64d
unitconversionservice-68bb5f5c96-9wnlv         1/1     Running             0          64d


20 Dec 2022 10:23:22 -----------------------------------------------------------------------------------------------------------------------------------------------------------

Deployment Successful!
