
7 Jan 2023 23:56:55 -----------------------------------------------------------------------------------------------------------------------------------------------------------

Build started

7 Jan 2023 23:56:55 -----------------------------------------------------------------------------------------------------------------------------------------------------------

Command run /c cd /d "D:\Repos\CDSS Collaboration\App.FE.ChestPain"& ng build --prod  >> "D:\Projects\Deployment.Assistant\Deployment.Assistant\bin\Debug\Logs\Build-Deploy-7-Jan-2023-23-56-45.log" 2>&1
Your global Angular CLI version (14.2.7) is greater than your local version (10.1.3). The local Angular CLI version is used.

To disable this warning use "ng config -g cli.warnings.versionMismatch false".
Generating ES5 bundles for differential loading...
ES5 bundle generation complete.

chunk {3} polyfills-es5.4453d2fafecf9cae155f.js (polyfills-es5) 264 kB [initial] [rendered]
chunk {2} polyfills-es2015.7bf442c9581008ef4e7f.js (polyfills) 171 kB [initial] [rendered]
chunk {0} runtime-es2015.66c79b9d36e7169e27b0.js (runtime) 1.45 kB [entry] [rendered]
chunk {0} runtime-es5.66c79b9d36e7169e27b0.js (runtime) 1.45 kB [entry] [rendered]
chunk {1} main-es2015.156775314b4c52bfd6cf.js (main) 1.48 MB [initial] [rendered]
chunk {1} main-es5.156775314b4c52bfd6cf.js (main) 1.59 MB [initial] [rendered]
chunk {4} styles.5081b2ecf63062d2a84f.css (styles) 147 kB [initial] [rendered]
chunk {scripts} scripts.402eee9195a7220d216a.js (scripts) 2.62 MB [entry] [rendered]
Date: 2023-01-07T18:28:17.312Z - Hash: ac82bfa4729547597764 - Time: 74086ms

WARNING in D:\Repos\CDSS Collaboration\App.FE.ChestPain\source\app\models\data-completeness.model.ts is part of the TypeScript compilation but it's unused.
Add only entry points to the 'files' or 'include' properties in your tsconfig.

WARNING in D:\Repos\CDSS Collaboration\App.FE.ChestPain\source\app\models\lab-test-model.ts is part of the TypeScript compilation but it's unused.
Add only entry points to the 'files' or 'include' properties in your tsconfig.

WARNING in D:\Repos\CDSS Collaboration\App.FE.ChestPain\source\app\models\patientnotification.model.ts is part of the TypeScript compilation but it's unused.
Add only entry points to the 'files' or 'include' properties in your tsconfig.

WARNING in D:\Repos\CDSS Collaboration\App.FE.ChestPain\source\app\models\procedure-row-item.ts is part of the TypeScript compilation but it's unused.
Add only entry points to the 'files' or 'include' properties in your tsconfig.

WARNING in D:\Repos\CDSS Collaboration\App.FE.ChestPain\source\app\models\report-viewer-model.ts is part of the TypeScript compilation but it's unused.
Add only entry points to the 'files' or 'include' properties in your tsconfig.

WARNING in D:\Repos\CDSS Collaboration\App.FE.ChestPain\source\app\services\app.config.service.ts is part of the TypeScript compilation but it's unused.
Add only entry points to the 'files' or 'include' properties in your tsconfig.

WARNING in D:\Repos\CDSS Collaboration\App.FE.ChestPain\source\app\services\interfaces\lab-tests.interface.ts is part of the TypeScript compilation but it's unused.
Add only entry points to the 'files' or 'include' properties in your tsconfig.

WARNING in D:\Repos\CDSS Collaboration\App.FE.ChestPain\source\app\shared\models\cad.interface.ts is part of the TypeScript compilation but it's unused.
Add only entry points to the 'files' or 'include' properties in your tsconfig.

WARNING in D:\Repos\CDSS Collaboration\App.FE.ChestPain\source\environments\environment.local.ts is part of the TypeScript compilation but it's unused.
Add only entry points to the 'files' or 'include' properties in your tsconfig.

WARNING in D:\Repos\CDSS Collaboration\App.FE.ChestPain\source\environments\environment.prod.ts is part of the TypeScript compilation but it's unused.
Add only entry points to the 'files' or 'include' properties in your tsconfig.

WARNING in D:\Repos\CDSS Collaboration\App.FE.ChestPain\source\translateExtenders\customTranslateHttpLoader.ts is part of the TypeScript compilation but it's unused.
Add only entry points to the 'files' or 'include' properties in your tsconfig.

WARNING in D:\Repos\CDSS Collaboration\App.FE.ChestPain\source\app\app.module.ts depends on '@ids/common.ui.base-services.auth-handler'. CommonJS or AMD dependencies can cause optimization bailouts.
For more info see: https://angular.io/guide/build#configuring-commonjs-dependencies

WARNING in D:\Repos\CDSS Collaboration\App.FE.ChestPain\source\app\risk-assessment\risk-assessment-detail\risk-assessment-detail.component.ts depends on 'chart.js'. CommonJS or AMD dependencies can cause optimization bailouts.
For more info see: https://angular.io/guide/build#configuring-commonjs-dependencies

7 Jan 2023 23:58:18 -----------------------------------------------------------------------------------------------------------------------------------------------------------

Build Success!

7 Jan 2023 23:58:18 -----------------------------------------------------------------------------------------------------------------------------------------------------------

Copying D:\Repos\CDSS Collaboration\App.FE.ChestPain\nginx.conf to D:\Repos\CDSS Collaboration\App.FE.ChestPain\dist\nginx.conf

7 Jan 2023 23:58:18 -----------------------------------------------------------------------------------------------------------------------------------------------------------

Successfully copied D:\Repos\CDSS Collaboration\App.FE.ChestPain\nginx.conf to D:\Repos\CDSS Collaboration\App.FE.ChestPain\dist\nginx.conf

7 Jan 2023 23:58:18 -----------------------------------------------------------------------------------------------------------------------------------------------------------

Copying D:\Repos\CDSS Collaboration\App.FE.ChestPain\Dockerfile to D:\Repos\CDSS Collaboration\App.FE.ChestPain\dist\Dockerfile

7 Jan 2023 23:58:18 -----------------------------------------------------------------------------------------------------------------------------------------------------------

Successfully copied D:\Repos\CDSS Collaboration\App.FE.ChestPain\Dockerfile to D:\Repos\CDSS Collaboration\App.FE.ChestPain\dist\Dockerfile

7 Jan 2023 23:58:18 -----------------------------------------------------------------------------------------------------------------------------------------------------------

Building Docker Image

7 Jan 2023 23:58:18 -----------------------------------------------------------------------------------------------------------------------------------------------------------

Command Run /c cd /d D:\Repos\CDSS Collaboration\App.FE.ChestPain\dist & docker build . -t chest-pain-fe-z004n44u:latest >> "D:\Projects\Deployment.Assistant\Deployment.Assistant\bin\Debug\Logs\Build-Deploy-7-Jan-2023-23-56-45.log" 2>&1
#1 [internal] load build definition from Dockerfile
#1 sha256:fd9cafe260efb7994493c571a16f6ba36a7e4211238944860f88debece099d8b
#1 transferring dockerfile: 461B 0.0s done
#1 DONE 0.0s

#2 [internal] load .dockerignore
#2 sha256:ee1c1c072f8b9ef00f5d426f78a3e62490fdc2259a872db80f4c7c51b2273ba8
#2 transferring context: 2B done
#2 DONE 0.0s

#3 [internal] load metadata for docker.io/library/nginx:alpine
#3 sha256:b001d263a254f0e4960d52c837d5764774ef80ad3878c61304052afb6e0e9af2
#3 DONE 2.0s

#4 [1/4] FROM docker.io/library/nginx:alpine@sha256:dd8a054d7ef030e94a6449783605d6c306c1f69c10c2fa06b66a030e0d1db793
#4 sha256:69bb3b0d124b71e42fa4e8f3891bd71b0a7ee3c87accab313a257c9b97a38a34
#4 DONE 0.0s

#6 [internal] load build context
#6 sha256:e1bf761c853d04164c42aeabf897fa6be1600861775a33fb5083b64308b1d79e
#6 transferring context: 33.30MB 1.5s done
#6 DONE 1.5s

#5 [2/4] RUN rm -rf /usr/share/nginx/html/*
#5 sha256:6b5e129493dbc860ceff6e79c1e65572ba6ef739c546cd324b59fc99d4367303
#5 CACHED

#7 [3/4] COPY fechestPain/ /usr/share/nginx/html/
#7 sha256:b850215ef4e916ed1bbb62b1e204e5bb288f50184d2dc3732e87eabaf817522a
#7 DONE 0.2s

#8 [4/4] COPY nginx.conf /etc/nginx/nginx.conf
#8 sha256:05ea564b7534f381fe06037e992428ecf1ca64fe820c467cf239754affe52888
#8 DONE 0.1s

#9 exporting to image
#9 sha256:e8c613e07b0b7ff33893b694f7759a10d42e180f2b4dc349fb57dc6b71dcab00
#9 exporting layers
#9 exporting layers 0.2s done
#9 writing image sha256:10ca9a04678e977c36390f863153da027f5c8169354089a655fd4d38f9f34ed9
#9 writing image sha256:10ca9a04678e977c36390f863153da027f5c8169354089a655fd4d38f9f34ed9 done
#9 naming to docker.io/library/chest-pain-fe-z004n44u:latest done
#9 DONE 0.3s

Use 'docker scan' to run Snyk tests against images to find vulnerabilities and learn how to fix them

7 Jan 2023 23:58:23 -----------------------------------------------------------------------------------------------------------------------------------------------------------

Docker Build Successful for chest-pain-fe-z004n44u:latest

7 Jan 2023 23:58:23 -----------------------------------------------------------------------------------------------------------------------------------------------------------

Tagging Docker Image

7 Jan 2023 23:58:23 -----------------------------------------------------------------------------------------------------------------------------------------------------------

Command Run /c cd /d D:\Repos\CDSS Collaboration\App.FE.ChestPain\dist & docker tag chest-pain-fe-z004n44u:latest gokarna.azurecr.io/chest-pain-fe-z004n44u:latest >> "D:\Projects\Deployment.Assistant\Deployment.Assistant\bin\Debug\Logs\Build-Deploy-7-Jan-2023-23-56-45.log" 2>&1

7 Jan 2023 23:58:24 -----------------------------------------------------------------------------------------------------------------------------------------------------------

Docker Tag Successful to gokarna.azurecr.io/chest-pain-fe-z004n44u:latest

7 Jan 2023 23:58:24 -----------------------------------------------------------------------------------------------------------------------------------------------------------

Pushing Docker Image

7 Jan 2023 23:58:24 -----------------------------------------------------------------------------------------------------------------------------------------------------------

Command Run /c cd /d D:\Repos\CDSS Collaboration\App.FE.ChestPain\dist & docker push gokarna.azurecr.io/chest-pain-fe-z004n44u:latest >> "D:\Projects\Deployment.Assistant\Deployment.Assistant\bin\Debug\Logs\Build-Deploy-7-Jan-2023-23-56-45.log" 2>&1
The push refers to repository [gokarna.azurecr.io/chest-pain-fe-z004n44u]
027373cbe80f: Preparing
bc8d6211fc17: Preparing
9364ab082f1c: Preparing
9e173cdce044: Preparing
f2d47996fdfa: Preparing
c23f26e962bd: Preparing
0511ab7e6edc: Preparing
ec7e4a91c33b: Preparing
1fee4bd55a85: Preparing
ded7a220bb05: Preparing
c23f26e962bd: Waiting
0511ab7e6edc: Waiting
ec7e4a91c33b: Waiting
1fee4bd55a85: Waiting
f2d47996fdfa: Layer already exists
9364ab082f1c: Layer already exists
9e173cdce044: Layer already exists
ec7e4a91c33b: Layer already exists
0511ab7e6edc: Layer already exists
c23f26e962bd: Layer already exists
1fee4bd55a85: Layer already exists
027373cbe80f: Pushed
ded7a220bb05: Layer already exists
bc8d6211fc17: Pushed
latest: digest: sha256:559e94d43b92731918397f319ce5d7ccbbcb6de255dfb9c2df8c4669df90e02f size: 2407

7 Jan 2023 23:58:32 -----------------------------------------------------------------------------------------------------------------------------------------------------------

Docker Push Successful to gokarna.azurecr.io/chest-pain-fe-z004n44u:latest

7 Jan 2023 23:58:32 -----------------------------------------------------------------------------------------------------------------------------------------------------------

Connecting to inblrghma3879ln

7 Jan 2023 23:58:33 -----------------------------------------------------------------------------------------------------------------------------------------------------------

Successfully connected to inblrghma3879ln

7 Jan 2023 23:58:33 -----------------------------------------------------------------------------------------------------------------------------------------------------------

Command Run : kubectl get pods -n ai-pc-product

7 Jan 2023 23:58:33 -----------------------------------------------------------------------------------------------------------------------------------------------------------

NAME                                           READY   STATUS    RESTARTS   AGE
amp-manager-5b987cb97-76xxg                    1/1     Running   1          16d
auditlogservice-5f4d6fbb9d-4tswt               1/1     Running   0          16d
authservice-88f9fd758-vvp5w                    1/1     Running   0          16d
cad-fe-d4476f687-4vn9b                         1/1     Running   0          16d
cadbackendservice-7f7c5fd457-fvmjm             1/1     Running   0          30h
cadconcordanceservice-557d99d97f-mgffs         1/1     Running   0          16d
cadriskcalculatorservice-56d6946d7d-t7fj5      1/1     Running   0          16d
chest-pain-fe-5f5fd449df-bl4d8                 1/1     Running   0          24h
configurationservice-5459457fc6-qdmv8          1/1     Running   0          16d
csvreaderservice-5f694dc8db-kfhbs              1/1     Running   0          16d
dicommetadata-74fb96f86f-tf6nv                 1/1     Running   0          16d
doc-import-54bf99db6-gtbgs                     1/1     Running   0          16d
error-reporting-device-75c754b79f-k8px2        1/1     Running   0          16d
export-orchestrator-597cbcccf7-vsldx           1/1     Running   0          16d
fhir-78f89876d4-kxmmn                          1/1     Running   0          16d
fhir-document-parser-device-67755f977f-qkcvq   1/1     Running   0          16d
fhir-export-device-67b6fd978c-gpgqs            1/1     Running   0          16d
fhir-import-7767fc8db8-x8xf9                   1/1     Running   0          16d
filesystem-export-device-5bd7c9ccd-nllwd       1/1     Running   0          16d
imageaccessservice-775ddb6cfd-fkgt7            1/1     Running   0          16d
import-orchestrator-6b95cf8fdf-j74jr           1/1     Running   0          16d
launchpage-5cf87bbf4c-hqbcw                    1/1     Running   0          57s
launchpageservice-6bd995c85c-9nz29             1/1     Running   0          15d
licenseservice-bdd94577b-dmzfh                 1/1     Running   0          16d
logger-5695b4657c-klh5x                        1/1     Running   0          16d
loginpage-5d8c7bcffb-9666d                     1/1     Running   0          16d
nlpaccessservice-5758cc4845-gr4jp              1/1     Running   0          16d
nlpfhirrenderer-77f4d48f96-xfpcv               1/1     Running   0          16d
pacs-connector-7dc5c6799c-26zsw                1/1     Running   0          16d
patientdeleteservice-559d74b5bf-tpj4d          1/1     Running   0          16d
postgres-c5cbf997f-5c2th                       1/1     Running   0          16d
rabbitmq-859b96c59d-pqfbg                      1/1     Running   0          16d
report-type-converter-7f6f784d75-ln8nn         1/1     Running   0          16d
reportconverter-5d8cf5647b-vc4jm               1/1     Running   0          16d
reportcreationservice-684fdd7b7d-726zw         1/1     Running   0          4m14s
reverse-proxy-69f5b4d855-88ncp                 1/1     Running   0          16d
ruleengineservice-5bbb6ddfd4-kkc65             1/1     Running   0          16d
settingsui-6849c4c946-nq9wk                    1/1     Running   0          16d
snomedqueryservice-5cf86455d9-xjhcd            1/1     Running   0          16d
tika-5776fb956-r4rmb                           1/1     Running   0          16d
unitconversionservice-68bb5f5c96-kkdd4         1/1     Running   0          16d


7 Jan 2023 23:58:33 -----------------------------------------------------------------------------------------------------------------------------------------------------------

Command Run : kubectl set image deployment/chest-pain-fe chest-pain-fe=gokarna.azurecr.io/chest-pain-fe-z004n44u:latest -n ai-pc-product

7 Jan 2023 23:58:34 -----------------------------------------------------------------------------------------------------------------------------------------------------------

Command Run : kubectl delete pod chest-pain-fe-5f5fd449df-bl4d8 -n ai-pc-product

7 Jan 2023 23:58:35 -----------------------------------------------------------------------------------------------------------------------------------------------------------

pod "chest-pain-fe-5f5fd449df-bl4d8" deleted


7 Jan 2023 23:58:36 -----------------------------------------------------------------------------------------------------------------------------------------------------------

NAME                                           READY   STATUS              RESTARTS   AGE
amp-manager-5b987cb97-76xxg                    1/1     Running             1          16d
auditlogservice-5f4d6fbb9d-4tswt               1/1     Running             0          16d
authservice-88f9fd758-vvp5w                    1/1     Running             0          16d
cad-fe-d4476f687-4vn9b                         1/1     Running             0          16d
cadbackendservice-7f7c5fd457-fvmjm             1/1     Running             0          30h
cadconcordanceservice-557d99d97f-mgffs         1/1     Running             0          16d
cadriskcalculatorservice-56d6946d7d-t7fj5      1/1     Running             0          16d
chest-pain-fe-5f5fd449df-vh7kl                 0/1     ContainerCreating   0          2s
configurationservice-5459457fc6-qdmv8          1/1     Running             0          16d
csvreaderservice-5f694dc8db-kfhbs              1/1     Running             0          16d
dicommetadata-74fb96f86f-tf6nv                 1/1     Running             0          16d
doc-import-54bf99db6-gtbgs                     1/1     Running             0          16d
error-reporting-device-75c754b79f-k8px2        1/1     Running             0          16d
export-orchestrator-597cbcccf7-vsldx           1/1     Running             0          16d
fhir-78f89876d4-kxmmn                          1/1     Running             0          16d
fhir-document-parser-device-67755f977f-qkcvq   1/1     Running             0          16d
fhir-export-device-67b6fd978c-gpgqs            1/1     Running             0          16d
fhir-import-7767fc8db8-x8xf9                   1/1     Running             0          16d
filesystem-export-device-5bd7c9ccd-nllwd       1/1     Running             0          16d
imageaccessservice-775ddb6cfd-fkgt7            1/1     Running             0          16d
import-orchestrator-6b95cf8fdf-j74jr           1/1     Running             0          16d
launchpage-5cf87bbf4c-hqbcw                    1/1     Running             0          59s
launchpageservice-6bd995c85c-9nz29             1/1     Running             0          15d
licenseservice-bdd94577b-dmzfh                 1/1     Running             0          16d
logger-5695b4657c-klh5x                        1/1     Running             0          16d
loginpage-5d8c7bcffb-9666d                     1/1     Running             0          16d
nlpaccessservice-5758cc4845-gr4jp              1/1     Running             0          16d
nlpfhirrenderer-77f4d48f96-xfpcv               1/1     Running             0          16d
pacs-connector-7dc5c6799c-26zsw                1/1     Running             0          16d
patientdeleteservice-559d74b5bf-tpj4d          1/1     Running             0          16d
postgres-c5cbf997f-5c2th                       1/1     Running             0          16d
rabbitmq-859b96c59d-pqfbg                      1/1     Running             0          16d
report-type-converter-7f6f784d75-ln8nn         1/1     Running             0          16d
reportconverter-5d8cf5647b-vc4jm               1/1     Running             0          16d
reportcreationservice-684fdd7b7d-726zw         1/1     Running             0          4m16s
reverse-proxy-69f5b4d855-88ncp                 1/1     Running             0          16d
ruleengineservice-5bbb6ddfd4-kkc65             1/1     Running             0          16d
settingsui-6849c4c946-nq9wk                    1/1     Running             0          16d
snomedqueryservice-5cf86455d9-xjhcd            1/1     Running             0          16d
tika-5776fb956-r4rmb                           1/1     Running             0          16d
unitconversionservice-68bb5f5c96-kkdd4         1/1     Running             0          16d


7 Jan 2023 23:58:36 -----------------------------------------------------------------------------------------------------------------------------------------------------------

Deployment Successful!

8 Jan 2023 00:40:44 -----------------------------------------------------------------------------------------------------------------------------------------------------------

Build started

8 Jan 2023 00:40:44 -----------------------------------------------------------------------------------------------------------------------------------------------------------

Command run /c cd /d "D:\Repos\CDSS Collaboration\App.FE.ChestPain"& ng build --prod  >> "D:\Projects\Deployment.Assistant\Deployment.Assistant\bin\Debug\Logs\Build-Deploy-7-Jan-2023-23-56-45.log" 2>&1
Your global Angular CLI version (14.2.7) is greater than your local version (10.1.3). The local Angular CLI version is used.

To disable this warning use "ng config -g cli.warnings.versionMismatch false".
Generating ES5 bundles for differential loading...
ES5 bundle generation complete.

chunk {2} polyfills-es2015.7bf442c9581008ef4e7f.js (polyfills) 171 kB [initial] [rendered]
chunk {3} polyfills-es5.4453d2fafecf9cae155f.js (polyfills-es5) 264 kB [initial] [rendered]
chunk {0} runtime-es2015.66c79b9d36e7169e27b0.js (runtime) 1.45 kB [entry] [rendered]
chunk {0} runtime-es5.66c79b9d36e7169e27b0.js (runtime) 1.45 kB [entry] [rendered]
chunk {1} main-es2015.55c9a2c9b2dc8fd4851b.js (main) 1.48 MB [initial] [rendered]
chunk {1} main-es5.55c9a2c9b2dc8fd4851b.js (main) 1.59 MB [initial] [rendered]
chunk {4} styles.5081b2ecf63062d2a84f.css (styles) 147 kB [initial] [rendered]
chunk {scripts} scripts.402eee9195a7220d216a.js (scripts) 2.62 MB [entry] [rendered]
Date: 2023-01-07T19:12:00.111Z - Hash: 952d0f78764d51164ee0 - Time: 68155ms

WARNING in D:\Repos\CDSS Collaboration\App.FE.ChestPain\source\app\models\data-completeness.model.ts is part of the TypeScript compilation but it's unused.
Add only entry points to the 'files' or 'include' properties in your tsconfig.

WARNING in D:\Repos\CDSS Collaboration\App.FE.ChestPain\source\app\models\lab-test-model.ts is part of the TypeScript compilation but it's unused.
Add only entry points to the 'files' or 'include' properties in your tsconfig.

WARNING in D:\Repos\CDSS Collaboration\App.FE.ChestPain\source\app\models\patientnotification.model.ts is part of the TypeScript compilation but it's unused.
Add only entry points to the 'files' or 'include' properties in your tsconfig.

WARNING in D:\Repos\CDSS Collaboration\App.FE.ChestPain\source\app\models\procedure-row-item.ts is part of the TypeScript compilation but it's unused.
Add only entry points to the 'files' or 'include' properties in your tsconfig.

WARNING in D:\Repos\CDSS Collaboration\App.FE.ChestPain\source\app\models\report-viewer-model.ts is part of the TypeScript compilation but it's unused.
Add only entry points to the 'files' or 'include' properties in your tsconfig.

WARNING in D:\Repos\CDSS Collaboration\App.FE.ChestPain\source\app\services\app.config.service.ts is part of the TypeScript compilation but it's unused.
Add only entry points to the 'files' or 'include' properties in your tsconfig.

WARNING in D:\Repos\CDSS Collaboration\App.FE.ChestPain\source\app\services\interfaces\lab-tests.interface.ts is part of the TypeScript compilation but it's unused.
Add only entry points to the 'files' or 'include' properties in your tsconfig.

WARNING in D:\Repos\CDSS Collaboration\App.FE.ChestPain\source\app\shared\models\cad.interface.ts is part of the TypeScript compilation but it's unused.
Add only entry points to the 'files' or 'include' properties in your tsconfig.

WARNING in D:\Repos\CDSS Collaboration\App.FE.ChestPain\source\environments\environment.local.ts is part of the TypeScript compilation but it's unused.
Add only entry points to the 'files' or 'include' properties in your tsconfig.

WARNING in D:\Repos\CDSS Collaboration\App.FE.ChestPain\source\environments\environment.prod.ts is part of the TypeScript compilation but it's unused.
Add only entry points to the 'files' or 'include' properties in your tsconfig.

WARNING in D:\Repos\CDSS Collaboration\App.FE.ChestPain\source\translateExtenders\customTranslateHttpLoader.ts is part of the TypeScript compilation but it's unused.
Add only entry points to the 'files' or 'include' properties in your tsconfig.

WARNING in D:\Repos\CDSS Collaboration\App.FE.ChestPain\source\app\app.module.ts depends on '@ids/common.ui.base-services.auth-handler'. CommonJS or AMD dependencies can cause optimization bailouts.
For more info see: https://angular.io/guide/build#configuring-commonjs-dependencies

WARNING in D:\Repos\CDSS Collaboration\App.FE.ChestPain\source\app\risk-assessment\risk-assessment-detail\risk-assessment-detail.component.ts depends on 'chart.js'. CommonJS or AMD dependencies can cause optimization bailouts.
For more info see: https://angular.io/guide/build#configuring-commonjs-dependencies

8 Jan 2023 00:42:01 -----------------------------------------------------------------------------------------------------------------------------------------------------------

Build Success!

8 Jan 2023 00:42:01 -----------------------------------------------------------------------------------------------------------------------------------------------------------

Copying D:\Repos\CDSS Collaboration\App.FE.ChestPain\nginx.conf to D:\Repos\CDSS Collaboration\App.FE.ChestPain\dist\nginx.conf

8 Jan 2023 00:42:01 -----------------------------------------------------------------------------------------------------------------------------------------------------------

Successfully copied D:\Repos\CDSS Collaboration\App.FE.ChestPain\nginx.conf to D:\Repos\CDSS Collaboration\App.FE.ChestPain\dist\nginx.conf

8 Jan 2023 00:42:01 -----------------------------------------------------------------------------------------------------------------------------------------------------------

Copying D:\Repos\CDSS Collaboration\App.FE.ChestPain\Dockerfile to D:\Repos\CDSS Collaboration\App.FE.ChestPain\dist\Dockerfile

8 Jan 2023 00:42:01 -----------------------------------------------------------------------------------------------------------------------------------------------------------

Successfully copied D:\Repos\CDSS Collaboration\App.FE.ChestPain\Dockerfile to D:\Repos\CDSS Collaboration\App.FE.ChestPain\dist\Dockerfile

8 Jan 2023 00:42:01 -----------------------------------------------------------------------------------------------------------------------------------------------------------

Building Docker Image

8 Jan 2023 00:42:01 -----------------------------------------------------------------------------------------------------------------------------------------------------------

Command Run /c cd /d D:\Repos\CDSS Collaboration\App.FE.ChestPain\dist & docker build . -t chest-pain-fe-z004n44u:latest >> "D:\Projects\Deployment.Assistant\Deployment.Assistant\bin\Debug\Logs\Build-Deploy-7-Jan-2023-23-56-45.log" 2>&1
#1 [internal] load build definition from Dockerfile
#1 sha256:9a5bf41f6dc242c6d40d7f9ccd66c07ad89d5fd3c57e29e00852c2f7a2e35e4a
#1 transferring dockerfile: 32B done
#1 DONE 0.0s

#2 [internal] load .dockerignore
#2 sha256:95eef9a2cc62a30491a32ba070ac0dc7a6544e590ec27ed71bfaad4bf2889ecf
#2 transferring context: 2B done
#2 DONE 0.0s

#3 [internal] load metadata for docker.io/library/nginx:alpine
#3 sha256:b001d263a254f0e4960d52c837d5764774ef80ad3878c61304052afb6e0e9af2
#3 DONE 4.8s

#4 [1/4] FROM docker.io/library/nginx:alpine@sha256:dd8a054d7ef030e94a6449783605d6c306c1f69c10c2fa06b66a030e0d1db793
#4 sha256:69bb3b0d124b71e42fa4e8f3891bd71b0a7ee3c87accab313a257c9b97a38a34
#4 DONE 0.0s

#6 [internal] load build context
#6 sha256:6341e5fc195f82280c7bedbbcf5ecb289bdb8d3f9d512beb67f650f4f84386a1
#6 transferring context: 1.03MB 0.2s
#6 transferring context: 7.48MB 1.1s done
#6 DONE 1.1s

#5 [2/4] RUN rm -rf /usr/share/nginx/html/*
#5 sha256:6b5e129493dbc860ceff6e79c1e65572ba6ef739c546cd324b59fc99d4367303
#5 CACHED

#7 [3/4] COPY fechestPain/ /usr/share/nginx/html/
#7 sha256:4834f59f2e10e6675fe20739e6f175bbb3f797879047363a64a365cfb182bd19
#7 DONE 0.5s

#8 [4/4] COPY nginx.conf /etc/nginx/nginx.conf
#8 sha256:76d006dafb561af50ec1f3bef8e0068ccb65bee36de5d95a2fd3da16894f7368
#8 DONE 0.1s

#9 exporting to image
#9 sha256:e8c613e07b0b7ff33893b694f7759a10d42e180f2b4dc349fb57dc6b71dcab00
#9 exporting layers
#9 exporting layers 0.2s done
#9 writing image sha256:251f9188b5a6b1d40dd3cfc5c0b5a685423b86ae5a79b7216b5615054f82344c
#9 writing image sha256:251f9188b5a6b1d40dd3cfc5c0b5a685423b86ae5a79b7216b5615054f82344c done
#9 naming to docker.io/library/chest-pain-fe-z004n44u:latest done
#9 DONE 0.3s

Use 'docker scan' to run Snyk tests against images to find vulnerabilities and learn how to fix them

8 Jan 2023 00:42:11 -----------------------------------------------------------------------------------------------------------------------------------------------------------

Docker Build Successful for chest-pain-fe-z004n44u:latest

8 Jan 2023 00:42:11 -----------------------------------------------------------------------------------------------------------------------------------------------------------

Tagging Docker Image

8 Jan 2023 00:42:11 -----------------------------------------------------------------------------------------------------------------------------------------------------------

Command Run /c cd /d D:\Repos\CDSS Collaboration\App.FE.ChestPain\dist & docker tag chest-pain-fe-z004n44u:latest gokarna.azurecr.io/chest-pain-fe-z004n44u:latest >> "D:\Projects\Deployment.Assistant\Deployment.Assistant\bin\Debug\Logs\Build-Deploy-7-Jan-2023-23-56-45.log" 2>&1

8 Jan 2023 00:42:11 -----------------------------------------------------------------------------------------------------------------------------------------------------------

Docker Tag Successful to gokarna.azurecr.io/chest-pain-fe-z004n44u:latest

8 Jan 2023 00:42:11 -----------------------------------------------------------------------------------------------------------------------------------------------------------

Pushing Docker Image

8 Jan 2023 00:42:11 -----------------------------------------------------------------------------------------------------------------------------------------------------------

Command Run /c cd /d D:\Repos\CDSS Collaboration\App.FE.ChestPain\dist & docker push gokarna.azurecr.io/chest-pain-fe-z004n44u:latest >> "D:\Projects\Deployment.Assistant\Deployment.Assistant\bin\Debug\Logs\Build-Deploy-7-Jan-2023-23-56-45.log" 2>&1
The push refers to repository [gokarna.azurecr.io/chest-pain-fe-z004n44u]
983661230e03: Preparing
bf7163fb9958: Preparing
9364ab082f1c: Preparing
9e173cdce044: Preparing
f2d47996fdfa: Preparing
c23f26e962bd: Preparing
0511ab7e6edc: Preparing
ec7e4a91c33b: Preparing
0511ab7e6edc: Waiting
1fee4bd55a85: Preparing
ded7a220bb05: Preparing
ec7e4a91c33b: Waiting
1fee4bd55a85: Waiting
9e173cdce044: Layer already exists
9364ab082f1c: Layer already exists
c23f26e962bd: Layer already exists
0511ab7e6edc: Layer already exists
f2d47996fdfa: Layer already exists
ec7e4a91c33b: Layer already exists
ded7a220bb05: Layer already exists
1fee4bd55a85: Layer already exists
983661230e03: Pushed
bf7163fb9958: Pushed
latest: digest: sha256:3671cf2b3fdee7a6c54263fc1d14da604455b4ee6dceba233b008016d495c3e9 size: 2407

8 Jan 2023 00:42:19 -----------------------------------------------------------------------------------------------------------------------------------------------------------

Docker Push Successful to gokarna.azurecr.io/chest-pain-fe-z004n44u:latest

8 Jan 2023 00:42:19 -----------------------------------------------------------------------------------------------------------------------------------------------------------

Connecting to inblrghma3879ln

8 Jan 2023 00:42:20 -----------------------------------------------------------------------------------------------------------------------------------------------------------

Successfully connected to inblrghma3879ln

8 Jan 2023 00:42:20 -----------------------------------------------------------------------------------------------------------------------------------------------------------

Command Run : kubectl get pods -n ai-pc-product

8 Jan 2023 00:42:21 -----------------------------------------------------------------------------------------------------------------------------------------------------------

NAME                                           READY   STATUS    RESTARTS   AGE
amp-manager-5b987cb97-76xxg                    1/1     Running   1          16d
auditlogservice-5f4d6fbb9d-4tswt               1/1     Running   0          16d
authservice-88f9fd758-vvp5w                    1/1     Running   0          16d
cad-fe-d4476f687-4vn9b                         1/1     Running   0          16d
cadbackendservice-7f7c5fd457-fvmjm             1/1     Running   0          30h
cadconcordanceservice-557d99d97f-mgffs         1/1     Running   0          16d
cadriskcalculatorservice-56d6946d7d-t7fj5      1/1     Running   0          16d
chest-pain-fe-5f5fd449df-vh7kl                 1/1     Running   0          43m
configurationservice-5459457fc6-qdmv8          1/1     Running   0          16d
csvreaderservice-5f694dc8db-kfhbs              1/1     Running   0          16d
dicommetadata-74fb96f86f-tf6nv                 1/1     Running   0          16d
doc-import-54bf99db6-gtbgs                     1/1     Running   0          16d
error-reporting-device-75c754b79f-k8px2        1/1     Running   0          16d
export-orchestrator-597cbcccf7-vsldx           1/1     Running   0          16d
fhir-78f89876d4-kxmmn                          1/1     Running   0          16d
fhir-document-parser-device-67755f977f-qkcvq   1/1     Running   0          16d
fhir-export-device-67b6fd978c-gpgqs            1/1     Running   0          16d
fhir-import-7767fc8db8-x8xf9                   1/1     Running   0          16d
filesystem-export-device-5bd7c9ccd-nllwd       1/1     Running   0          16d
imageaccessservice-775ddb6cfd-fkgt7            1/1     Running   0          16d
import-orchestrator-6b95cf8fdf-j74jr           1/1     Running   0          16d
launchpage-5cf87bbf4c-hqbcw                    1/1     Running   0          44m
launchpageservice-6bd995c85c-9nz29             1/1     Running   0          15d
licenseservice-bdd94577b-dmzfh                 1/1     Running   0          16d
logger-5695b4657c-klh5x                        1/1     Running   0          16d
loginpage-5d8c7bcffb-9666d                     1/1     Running   0          16d
nlpaccessservice-5758cc4845-gr4jp              1/1     Running   0          16d
nlpfhirrenderer-77f4d48f96-xfpcv               1/1     Running   0          16d
pacs-connector-7dc5c6799c-26zsw                1/1     Running   0          16d
patientdeleteservice-559d74b5bf-tpj4d          1/1     Running   0          16d
postgres-c5cbf997f-5c2th                       1/1     Running   0          16d
rabbitmq-859b96c59d-pqfbg                      1/1     Running   0          16d
report-type-converter-7f6f784d75-ln8nn         1/1     Running   0          16d
reportconverter-5d8cf5647b-vc4jm               1/1     Running   0          16d
reportcreationservice-684fdd7b7d-726zw         1/1     Running   0          48m
reverse-proxy-69f5b4d855-88ncp                 1/1     Running   0          16d
ruleengineservice-5bbb6ddfd4-kkc65             1/1     Running   0          16d
settingsui-6849c4c946-nq9wk                    1/1     Running   0          16d
snomedqueryservice-5cf86455d9-xjhcd            1/1     Running   0          16d
tika-5776fb956-r4rmb                           1/1     Running   0          16d
unitconversionservice-68bb5f5c96-kkdd4         1/1     Running   0          16d


8 Jan 2023 00:42:21 -----------------------------------------------------------------------------------------------------------------------------------------------------------

Command Run : kubectl set image deployment/chest-pain-fe chest-pain-fe=gokarna.azurecr.io/chest-pain-fe-z004n44u:latest -n ai-pc-product

8 Jan 2023 00:42:21 -----------------------------------------------------------------------------------------------------------------------------------------------------------

Command Run : kubectl delete pod chest-pain-fe-5f5fd449df-vh7kl -n ai-pc-product

8 Jan 2023 00:42:23 -----------------------------------------------------------------------------------------------------------------------------------------------------------

pod "chest-pain-fe-5f5fd449df-vh7kl" deleted


8 Jan 2023 00:42:23 -----------------------------------------------------------------------------------------------------------------------------------------------------------

NAME                                           READY   STATUS              RESTARTS   AGE
amp-manager-5b987cb97-76xxg                    1/1     Running             1          16d
auditlogservice-5f4d6fbb9d-4tswt               1/1     Running             0          16d
authservice-88f9fd758-vvp5w                    1/1     Running             0          16d
cad-fe-d4476f687-4vn9b                         1/1     Running             0          16d
cadbackendservice-7f7c5fd457-fvmjm             1/1     Running             0          30h
cadconcordanceservice-557d99d97f-mgffs         1/1     Running             0          16d
cadriskcalculatorservice-56d6946d7d-t7fj5      1/1     Running             0          16d
chest-pain-fe-5f5fd449df-flhj9                 0/1     ContainerCreating   0          2s
configurationservice-5459457fc6-qdmv8          1/1     Running             0          16d
csvreaderservice-5f694dc8db-kfhbs              1/1     Running             0          16d
dicommetadata-74fb96f86f-tf6nv                 1/1     Running             0          16d
doc-import-54bf99db6-gtbgs                     1/1     Running             0          16d
error-reporting-device-75c754b79f-k8px2        1/1     Running             0          16d
export-orchestrator-597cbcccf7-vsldx           1/1     Running             0          16d
fhir-78f89876d4-kxmmn                          1/1     Running             0          16d
fhir-document-parser-device-67755f977f-qkcvq   1/1     Running             0          16d
fhir-export-device-67b6fd978c-gpgqs            1/1     Running             0          16d
fhir-import-7767fc8db8-x8xf9                   1/1     Running             0          16d
filesystem-export-device-5bd7c9ccd-nllwd       1/1     Running             0          16d
imageaccessservice-775ddb6cfd-fkgt7            1/1     Running             0          16d
import-orchestrator-6b95cf8fdf-j74jr           1/1     Running             0          16d
launchpage-5cf87bbf4c-hqbcw                    1/1     Running             0          44m
launchpageservice-6bd995c85c-9nz29             1/1     Running             0          15d
licenseservice-bdd94577b-dmzfh                 1/1     Running             0          16d
logger-5695b4657c-klh5x                        1/1     Running             0          16d
loginpage-5d8c7bcffb-9666d                     1/1     Running             0          16d
nlpaccessservice-5758cc4845-gr4jp              1/1     Running             0          16d
nlpfhirrenderer-77f4d48f96-xfpcv               1/1     Running             0          16d
pacs-connector-7dc5c6799c-26zsw                1/1     Running             0          16d
patientdeleteservice-559d74b5bf-tpj4d          1/1     Running             0          16d
postgres-c5cbf997f-5c2th                       1/1     Running             0          16d
rabbitmq-859b96c59d-pqfbg                      1/1     Running             0          16d
report-type-converter-7f6f784d75-ln8nn         1/1     Running             0          16d
reportconverter-5d8cf5647b-vc4jm               1/1     Running             0          16d
reportcreationservice-684fdd7b7d-726zw         1/1     Running             0          48m
reverse-proxy-69f5b4d855-88ncp                 1/1     Running             0          16d
ruleengineservice-5bbb6ddfd4-kkc65             1/1     Running             0          16d
settingsui-6849c4c946-nq9wk                    1/1     Running             0          16d
snomedqueryservice-5cf86455d9-xjhcd            1/1     Running             0          16d
tika-5776fb956-r4rmb                           1/1     Running             0          16d
unitconversionservice-68bb5f5c96-kkdd4         1/1     Running             0          16d


8 Jan 2023 00:42:23 -----------------------------------------------------------------------------------------------------------------------------------------------------------

Deployment Successful!
