
9 Jan 2023 08:46:45 -----------------------------------------------------------------------------------------------------------------------------------------------------------

Opening Chrome..

9 Jan 2023 08:46:46 -----------------------------------------------------------------------------------------------------------------------------------------------------------

Navigating to https://inblrghman079ln.rd001.onehc.net/

9 Jan 2023 08:46:49 -----------------------------------------------------------------------------------------------------------------------------------------------------------

Username clinical.admin Entered

9 Jan 2023 08:46:49 -----------------------------------------------------------------------------------------------------------------------------------------------------------

Password ******* Entered

9 Jan 2023 08:46:49 -----------------------------------------------------------------------------------------------------------------------------------------------------------

Login Success to https://inblrghman079ln.rd001.onehc.net/ as clinical.admin

9 Jan 2023 08:49:29 -----------------------------------------------------------------------------------------------------------------------------------------------------------

Opening Chrome..

9 Jan 2023 08:49:30 -----------------------------------------------------------------------------------------------------------------------------------------------------------

Navigating to https://inblrghma3879ln/

9 Jan 2023 08:49:33 -----------------------------------------------------------------------------------------------------------------------------------------------------------

Username clinical.admin Entered

9 Jan 2023 08:49:33 -----------------------------------------------------------------------------------------------------------------------------------------------------------

Password ******* Entered

9 Jan 2023 08:49:33 -----------------------------------------------------------------------------------------------------------------------------------------------------------

Login Success to https://inblrghma3879ln/ as clinical.admin
