
15 Dec 2022 09:01:05 -----------------------------------------------------------------------------------------------------------------------------------------------------------

Build started

15 Dec 2022 09:01:05 -----------------------------------------------------------------------------------------------------------------------------------------------------------

Command run /c cd /d "D:\Repos\CDSS Collaboration\App.FE.ChestPain"& ng build --prod  >> "D:\Projects\Deployment.Assistant\Deployment.Assistant\bin\Debug\Logs\Build-Deploy-15-Dec-2022-09-00-42.log" 2>&1
Your global Angular CLI version (14.2.7) is greater than your local version (10.1.3). The local Angular CLI version is used.

To disable this warning use "ng config -g cli.warnings.versionMismatch false".
[33mWarning:[0m Entry point '@ids/common.ui.base-services.fhir' contains deep imports into 'D:/Repos/CDSS Collaboration/App.FE.ChestPain/node_modules/rxjs/internal/operators', 'D:/Repos/CDSS Collaboration/App.FE.ChestPain/node_modules/rxjs/internal/operators/take'. This is probably not a problem, but may cause the compilation of entry points to be out of order.
Generating ES5 bundles for differential loading...
ES5 bundle generation complete.

chunk {3} polyfills-es5.4453d2fafecf9cae155f.js (polyfills-es5) 264 kB [initial] [rendered]
chunk {2} polyfills-es2015.7bf442c9581008ef4e7f.js (polyfills) 171 kB [initial] [rendered]
chunk {0} runtime-es2015.66c79b9d36e7169e27b0.js (runtime) 1.45 kB [entry] [rendered]
chunk {0} runtime-es5.66c79b9d36e7169e27b0.js (runtime) 1.45 kB [entry] [rendered]
chunk {1} main-es2015.b9ba70d619513bebbd18.js (main) 1.47 MB [initial] [rendered]
chunk {1} main-es5.b9ba70d619513bebbd18.js (main) 1.58 MB [initial] [rendered]
chunk {4} styles.5081b2ecf63062d2a84f.css (styles) 147 kB [initial] [rendered]
chunk {scripts} scripts.402eee9195a7220d216a.js (scripts) 2.62 MB [entry] [rendered]
Date: 2022-12-15T03:33:26.542Z - Hash: bb216d809a21b8262d85 - Time: 108845ms

WARNING in D:\Repos\CDSS Collaboration\App.FE.ChestPain\source\app\models\lab-test-model.ts is part of the TypeScript compilation but it's unused.
Add only entry points to the 'files' or 'include' properties in your tsconfig.

WARNING in D:\Repos\CDSS Collaboration\App.FE.ChestPain\source\app\models\patientnotification.model.ts is part of the TypeScript compilation but it's unused.
Add only entry points to the 'files' or 'include' properties in your tsconfig.

WARNING in D:\Repos\CDSS Collaboration\App.FE.ChestPain\source\app\models\procedure-row-item.ts is part of the TypeScript compilation but it's unused.
Add only entry points to the 'files' or 'include' properties in your tsconfig.

WARNING in D:\Repos\CDSS Collaboration\App.FE.ChestPain\source\app\models\report-viewer-model.ts is part of the TypeScript compilation but it's unused.
Add only entry points to the 'files' or 'include' properties in your tsconfig.

WARNING in D:\Repos\CDSS Collaboration\App.FE.ChestPain\source\app\services\app.config.service.ts is part of the TypeScript compilation but it's unused.
Add only entry points to the 'files' or 'include' properties in your tsconfig.

WARNING in D:\Repos\CDSS Collaboration\App.FE.ChestPain\source\app\services\interfaces\lab-tests.interface.ts is part of the TypeScript compilation but it's unused.
Add only entry points to the 'files' or 'include' properties in your tsconfig.

WARNING in D:\Repos\CDSS Collaboration\App.FE.ChestPain\source\app\shared\models\cad.interface.ts is part of the TypeScript compilation but it's unused.
Add only entry points to the 'files' or 'include' properties in your tsconfig.

WARNING in D:\Repos\CDSS Collaboration\App.FE.ChestPain\source\environments\environment.local.ts is part of the TypeScript compilation but it's unused.
Add only entry points to the 'files' or 'include' properties in your tsconfig.

WARNING in D:\Repos\CDSS Collaboration\App.FE.ChestPain\source\environments\environment.prod.ts is part of the TypeScript compilation but it's unused.
Add only entry points to the 'files' or 'include' properties in your tsconfig.

WARNING in D:\Repos\CDSS Collaboration\App.FE.ChestPain\source\translateExtenders\customTranslateHttpLoader.ts is part of the TypeScript compilation but it's unused.
Add only entry points to the 'files' or 'include' properties in your tsconfig.

WARNING in D:\Repos\CDSS Collaboration\App.FE.ChestPain\source\app\app.module.ts depends on '@ids/common.ui.base-services.auth-handler'. CommonJS or AMD dependencies can cause optimization bailouts.
For more info see: https://angular.io/guide/build#configuring-commonjs-dependencies

WARNING in D:\Repos\CDSS Collaboration\App.FE.ChestPain\source\app\risk-assessment\risk-assessment-detail\risk-assessment-detail.component.ts depends on 'chart.js'. CommonJS or AMD dependencies can cause optimization bailouts.
For more info see: https://angular.io/guide/build#configuring-commonjs-dependencies

15 Dec 2022 09:03:29 -----------------------------------------------------------------------------------------------------------------------------------------------------------

Build Success!

15 Dec 2022 09:03:29 -----------------------------------------------------------------------------------------------------------------------------------------------------------

Copying D:\Repos\CDSS Collaboration\App.FE.ChestPain\nginx.conf to D:\Repos\CDSS Collaboration\App.FE.ChestPain\dist\nginx.conf

15 Dec 2022 09:03:29 -----------------------------------------------------------------------------------------------------------------------------------------------------------

Successfully copied D:\Repos\CDSS Collaboration\App.FE.ChestPain\nginx.conf to D:\Repos\CDSS Collaboration\App.FE.ChestPain\dist\nginx.conf

15 Dec 2022 09:03:29 -----------------------------------------------------------------------------------------------------------------------------------------------------------

Copying D:\Repos\CDSS Collaboration\App.FE.ChestPain\Dockerfile to D:\Repos\CDSS Collaboration\App.FE.ChestPain\dist\Dockerfile

15 Dec 2022 09:03:29 -----------------------------------------------------------------------------------------------------------------------------------------------------------

Successfully copied D:\Repos\CDSS Collaboration\App.FE.ChestPain\Dockerfile to D:\Repos\CDSS Collaboration\App.FE.ChestPain\dist\Dockerfile

15 Dec 2022 09:03:29 -----------------------------------------------------------------------------------------------------------------------------------------------------------

Building Docker Image

15 Dec 2022 09:03:29 -----------------------------------------------------------------------------------------------------------------------------------------------------------

Command Run /c cd /d D:\Repos\CDSS Collaboration\App.FE.ChestPain\dist & docker build . -t chest-pain-fe-z004n44u:latest >> "D:\Projects\Deployment.Assistant\Deployment.Assistant\bin\Debug\Logs\Build-Deploy-15-Dec-2022-09-00-42.log" 2>&1
error during connect: In the default daemon configuration on Windows, the docker client must be run with elevated privileges to connect.: Post "http://%2F%2F.%2Fpipe%2Fdocker_engine/v1.24/build?buildargs=%7B%7D&cachefrom=%5B%5D&cgroupparent=&cpuperiod=0&cpuquota=0&cpusetcpus=&cpusetmems=&cpushares=0&dockerfile=Dockerfile&labels=%7B%7D&memory=0&memswap=0&networkmode=default&rm=1&shmsize=0&t=chest-pain-fe-z004n44u%3Alatest&target=&ulimits=null&version=1": open //./pipe/docker_engine: The system cannot find the file specified.

15 Dec 2022 09:03:34 -----------------------------------------------------------------------------------------------------------------------------------------------------------

Docker Build Failed for chest-pain-fe-z004n44u:latest

15 Dec 2022 09:03:34 -----------------------------------------------------------------------------------------------------------------------------------------------------------

Docker is not running on your machine!

Start Docker and restart the process again

15 Dec 2022 09:04:25 -----------------------------------------------------------------------------------------------------------------------------------------------------------

Build started

15 Dec 2022 09:04:25 -----------------------------------------------------------------------------------------------------------------------------------------------------------

Command run /c cd /d "D:\Repos\CDSS Collaboration\App.FE.ChestPain"& ng build --prod  >> "D:\Projects\Deployment.Assistant\Deployment.Assistant\bin\Debug\Logs\Build-Deploy-15-Dec-2022-09-00-42.log" 2>&1
Your global Angular CLI version (14.2.7) is greater than your local version (10.1.3). The local Angular CLI version is used.

To disable this warning use "ng config -g cli.warnings.versionMismatch false".
[33mWarning:[0m Entry point '@ids/common.ui.base-services.fhir' contains deep imports into 'D:/Repos/CDSS Collaboration/App.FE.ChestPain/node_modules/rxjs/internal/operators', 'D:/Repos/CDSS Collaboration/App.FE.ChestPain/node_modules/rxjs/internal/operators/take'. This is probably not a problem, but may cause the compilation of entry points to be out of order.
Generating ES5 bundles for differential loading...
ES5 bundle generation complete.

chunk {2} polyfills-es2015.7bf442c9581008ef4e7f.js (polyfills) 171 kB [initial] [rendered]
chunk {3} polyfills-es5.4453d2fafecf9cae155f.js (polyfills-es5) 264 kB [initial] [rendered]
chunk {0} runtime-es2015.66c79b9d36e7169e27b0.js (runtime) 1.45 kB [entry] [rendered]
chunk {0} runtime-es5.66c79b9d36e7169e27b0.js (runtime) 1.45 kB [entry] [rendered]
chunk {1} main-es2015.36b1addba305f2aabf0d.js (main) 1.47 MB [initial] [rendered]
chunk {1} main-es5.36b1addba305f2aabf0d.js (main) 1.58 MB [initial] [rendered]
chunk {4} styles.5081b2ecf63062d2a84f.css (styles) 147 kB [initial] [rendered]
chunk {scripts} scripts.402eee9195a7220d216a.js (scripts) 2.62 MB [entry] [rendered]
Date: 2022-12-15T03:35:32.972Z - Hash: a10c78a78b3f24fd31d2 - Time: 62064ms

WARNING in D:\Repos\CDSS Collaboration\App.FE.ChestPain\source\app\models\lab-test-model.ts is part of the TypeScript compilation but it's unused.
Add only entry points to the 'files' or 'include' properties in your tsconfig.

WARNING in D:\Repos\CDSS Collaboration\App.FE.ChestPain\source\app\models\patientnotification.model.ts is part of the TypeScript compilation but it's unused.
Add only entry points to the 'files' or 'include' properties in your tsconfig.

WARNING in D:\Repos\CDSS Collaboration\App.FE.ChestPain\source\app\models\procedure-row-item.ts is part of the TypeScript compilation but it's unused.
Add only entry points to the 'files' or 'include' properties in your tsconfig.

WARNING in D:\Repos\CDSS Collaboration\App.FE.ChestPain\source\app\models\report-viewer-model.ts is part of the TypeScript compilation but it's unused.
Add only entry points to the 'files' or 'include' properties in your tsconfig.

WARNING in D:\Repos\CDSS Collaboration\App.FE.ChestPain\source\app\services\app.config.service.ts is part of the TypeScript compilation but it's unused.
Add only entry points to the 'files' or 'include' properties in your tsconfig.

WARNING in D:\Repos\CDSS Collaboration\App.FE.ChestPain\source\app\services\interfaces\lab-tests.interface.ts is part of the TypeScript compilation but it's unused.
Add only entry points to the 'files' or 'include' properties in your tsconfig.

WARNING in D:\Repos\CDSS Collaboration\App.FE.ChestPain\source\app\shared\models\cad.interface.ts is part of the TypeScript compilation but it's unused.
Add only entry points to the 'files' or 'include' properties in your tsconfig.

WARNING in D:\Repos\CDSS Collaboration\App.FE.ChestPain\source\environments\environment.local.ts is part of the TypeScript compilation but it's unused.
Add only entry points to the 'files' or 'include' properties in your tsconfig.

WARNING in D:\Repos\CDSS Collaboration\App.FE.ChestPain\source\environments\environment.prod.ts is part of the TypeScript compilation but it's unused.
Add only entry points to the 'files' or 'include' properties in your tsconfig.

WARNING in D:\Repos\CDSS Collaboration\App.FE.ChestPain\source\translateExtenders\customTranslateHttpLoader.ts is part of the TypeScript compilation but it's unused.
Add only entry points to the 'files' or 'include' properties in your tsconfig.

WARNING in D:\Repos\CDSS Collaboration\App.FE.ChestPain\source\app\app.module.ts depends on '@ids/common.ui.base-services.auth-handler'. CommonJS or AMD dependencies can cause optimization bailouts.
For more info see: https://angular.io/guide/build#configuring-commonjs-dependencies

WARNING in D:\Repos\CDSS Collaboration\App.FE.ChestPain\source\app\risk-assessment\risk-assessment-detail\risk-assessment-detail.component.ts depends on 'chart.js'. CommonJS or AMD dependencies can cause optimization bailouts.
For more info see: https://angular.io/guide/build#configuring-commonjs-dependencies

15 Dec 2022 09:05:34 -----------------------------------------------------------------------------------------------------------------------------------------------------------

Build Success!

15 Dec 2022 09:05:34 -----------------------------------------------------------------------------------------------------------------------------------------------------------

Copying D:\Repos\CDSS Collaboration\App.FE.ChestPain\nginx.conf to D:\Repos\CDSS Collaboration\App.FE.ChestPain\dist\nginx.conf

15 Dec 2022 09:05:34 -----------------------------------------------------------------------------------------------------------------------------------------------------------

Successfully copied D:\Repos\CDSS Collaboration\App.FE.ChestPain\nginx.conf to D:\Repos\CDSS Collaboration\App.FE.ChestPain\dist\nginx.conf

15 Dec 2022 09:05:34 -----------------------------------------------------------------------------------------------------------------------------------------------------------

Copying D:\Repos\CDSS Collaboration\App.FE.ChestPain\Dockerfile to D:\Repos\CDSS Collaboration\App.FE.ChestPain\dist\Dockerfile

15 Dec 2022 09:05:34 -----------------------------------------------------------------------------------------------------------------------------------------------------------

Successfully copied D:\Repos\CDSS Collaboration\App.FE.ChestPain\Dockerfile to D:\Repos\CDSS Collaboration\App.FE.ChestPain\dist\Dockerfile

15 Dec 2022 09:05:34 -----------------------------------------------------------------------------------------------------------------------------------------------------------

Building Docker Image

15 Dec 2022 09:05:34 -----------------------------------------------------------------------------------------------------------------------------------------------------------

Command Run /c cd /d D:\Repos\CDSS Collaboration\App.FE.ChestPain\dist & docker build . -t chest-pain-fe-z004n44u:latest >> "D:\Projects\Deployment.Assistant\Deployment.Assistant\bin\Debug\Logs\Build-Deploy-15-Dec-2022-09-00-42.log" 2>&1
#1 [internal] load build definition from Dockerfile
#1 sha256:d81036cba84ba7e9c4490b8ff2060e11f3bc4ec17d4ede5393f236ab5fcd690c
#1 transferring dockerfile: 461B done
#1 DONE 0.0s

#2 [internal] load .dockerignore
#2 sha256:8b6477fe132cf062232e340737ea71d6397323feed437c5ec38889ba175e9813
#2 transferring context: 2B done
#2 DONE 0.0s

#3 [internal] load metadata for docker.io/library/nginx:alpine
#3 sha256:b001d263a254f0e4960d52c837d5764774ef80ad3878c61304052afb6e0e9af2
#3 DONE 4.1s

#4 [1/4] FROM docker.io/library/nginx:alpine@sha256:dd8a054d7ef030e94a6449783605d6c306c1f69c10c2fa06b66a030e0d1db793
#4 sha256:69bb3b0d124b71e42fa4e8f3891bd71b0a7ee3c87accab313a257c9b97a38a34
#4 resolve docker.io/library/nginx:alpine@sha256:dd8a054d7ef030e94a6449783605d6c306c1f69c10c2fa06b66a030e0d1db793 0.0s done
#4 sha256:0f4e03e4e0e854bafe7ce689a4c2476feb07a88a465bbc7d0f155dd89a6b00db 1.78kB / 1.78kB done
#4 sha256:1e415454686a67ed83fb7aaa41acb2472e7457061bcdbbf0f5143d7a1a89b36c 16.35kB / 16.35kB done
#4 sha256:1e35f6679faba967c30b48c7bfb6b7e25928dd6737016537ea364512dd38c6f6 0B / 1.80MB 0.1s
#4 sha256:dd8a054d7ef030e94a6449783605d6c306c1f69c10c2fa06b66a030e0d1db793 1.65kB / 1.65kB done
#4 sha256:c158987b05517b6f2c5913f3acef1f2182a32345a304fe357e3ace5fadcad715 0B / 3.37MB 0.1s
#4 sha256:cb9626c74200bdb3d984ee7b36a36ea70587a935037415619bf4293ed3bb17f2 0B / 627B 0.1s
#4 ...

#6 [internal] load build context
#6 sha256:a15f1f55ee14e099f5e6597f61e0304ca0f8d5ca9feb96f2f5c80f1a5b4ba242
#6 transferring context: 7.53MB 0.2s done
#6 DONE 0.2s

#4 [1/4] FROM docker.io/library/nginx:alpine@sha256:dd8a054d7ef030e94a6449783605d6c306c1f69c10c2fa06b66a030e0d1db793
#4 sha256:69bb3b0d124b71e42fa4e8f3891bd71b0a7ee3c87accab313a257c9b97a38a34
#4 sha256:1e35f6679faba967c30b48c7bfb6b7e25928dd6737016537ea364512dd38c6f6 1.05MB / 1.80MB 0.8s
#4 sha256:1e35f6679faba967c30b48c7bfb6b7e25928dd6737016537ea364512dd38c6f6 1.80MB / 1.80MB 1.0s done
#4 sha256:cb9626c74200bdb3d984ee7b36a36ea70587a935037415619bf4293ed3bb17f2 627B / 627B 1.0s done
#4 sha256:f1d1c9928c827be4879dbab8d9004fb9f53e6c004e3ed4a128f8dded83294d98 0B / 773B 1.1s
#4 sha256:b6334b6ace34beacddd0cb6040a9407a6878a685b5350059053044806a38780a 0B / 957B 1.1s
#4 sha256:c158987b05517b6f2c5913f3acef1f2182a32345a304fe357e3ace5fadcad715 1.05MB / 3.37MB 1.4s
#4 sha256:f1d1c9928c827be4879dbab8d9004fb9f53e6c004e3ed4a128f8dded83294d98 773B / 773B 1.4s
#4 sha256:b6334b6ace34beacddd0cb6040a9407a6878a685b5350059053044806a38780a 957B / 957B 1.4s done
#4 sha256:9b6f639ec6ead43b54f835d2df60c3f0f250d9e0443231488912deb846d111ae 0B / 1.41kB 1.4s
#4 sha256:c158987b05517b6f2c5913f3acef1f2182a32345a304fe357e3ace5fadcad715 2.10MB / 3.37MB 1.5s
#4 sha256:f1d1c9928c827be4879dbab8d9004fb9f53e6c004e3ed4a128f8dded83294d98 773B / 773B 1.4s done
#4 sha256:ee68d3549ec890fe6714463c6bfc4b33e306afc2615a08630331ee41822144c3 0B / 11.49MB 1.5s
#4 sha256:c158987b05517b6f2c5913f3acef1f2182a32345a304fe357e3ace5fadcad715 3.37MB / 3.37MB 1.8s done
#4 sha256:9b6f639ec6ead43b54f835d2df60c3f0f250d9e0443231488912deb846d111ae 1.41kB / 1.41kB 1.7s done
#4 extracting sha256:c158987b05517b6f2c5913f3acef1f2182a32345a304fe357e3ace5fadcad715 0.1s
#4 extracting sha256:c158987b05517b6f2c5913f3acef1f2182a32345a304fe357e3ace5fadcad715 0.1s done
#4 extracting sha256:1e35f6679faba967c30b48c7bfb6b7e25928dd6737016537ea364512dd38c6f6
#4 sha256:ee68d3549ec890fe6714463c6bfc4b33e306afc2615a08630331ee41822144c3 1.05MB / 11.49MB 2.2s
#4 extracting sha256:1e35f6679faba967c30b48c7bfb6b7e25928dd6737016537ea364512dd38c6f6 0.2s done
#4 extracting sha256:cb9626c74200bdb3d984ee7b36a36ea70587a935037415619bf4293ed3bb17f2 done
#4 extracting sha256:b6334b6ace34beacddd0cb6040a9407a6878a685b5350059053044806a38780a
#4 sha256:ee68d3549ec890fe6714463c6bfc4b33e306afc2615a08630331ee41822144c3 2.10MB / 11.49MB 2.4s
#4 extracting sha256:b6334b6ace34beacddd0cb6040a9407a6878a685b5350059053044806a38780a done
#4 extracting sha256:f1d1c9928c827be4879dbab8d9004fb9f53e6c004e3ed4a128f8dded83294d98 done
#4 extracting sha256:9b6f639ec6ead43b54f835d2df60c3f0f250d9e0443231488912deb846d111ae
#4 extracting sha256:9b6f639ec6ead43b54f835d2df60c3f0f250d9e0443231488912deb846d111ae done
#4 sha256:ee68d3549ec890fe6714463c6bfc4b33e306afc2615a08630331ee41822144c3 3.15MB / 11.49MB 2.7s
#4 sha256:ee68d3549ec890fe6714463c6bfc4b33e306afc2615a08630331ee41822144c3 4.19MB / 11.49MB 3.4s
#4 sha256:ee68d3549ec890fe6714463c6bfc4b33e306afc2615a08630331ee41822144c3 5.24MB / 11.49MB 3.6s
#4 sha256:ee68d3549ec890fe6714463c6bfc4b33e306afc2615a08630331ee41822144c3 6.29MB / 11.49MB 4.1s
#4 sha256:ee68d3549ec890fe6714463c6bfc4b33e306afc2615a08630331ee41822144c3 7.34MB / 11.49MB 4.2s
#4 sha256:ee68d3549ec890fe6714463c6bfc4b33e306afc2615a08630331ee41822144c3 8.39MB / 11.49MB 4.5s
#4 sha256:ee68d3549ec890fe6714463c6bfc4b33e306afc2615a08630331ee41822144c3 9.44MB / 11.49MB 5.0s
#4 sha256:ee68d3549ec890fe6714463c6bfc4b33e306afc2615a08630331ee41822144c3 10.49MB / 11.49MB 5.2s
#4 sha256:ee68d3549ec890fe6714463c6bfc4b33e306afc2615a08630331ee41822144c3 11.49MB / 11.49MB 5.3s done
#4 extracting sha256:ee68d3549ec890fe6714463c6bfc4b33e306afc2615a08630331ee41822144c3
#4 extracting sha256:ee68d3549ec890fe6714463c6bfc4b33e306afc2615a08630331ee41822144c3 0.4s done
#4 DONE 6.1s

#5 [2/4] RUN rm -rf /usr/share/nginx/html/*
#5 sha256:6b5e129493dbc860ceff6e79c1e65572ba6ef739c546cd324b59fc99d4367303
#5 DONE 0.4s

#7 [3/4] COPY fechestPain/ /usr/share/nginx/html/
#7 sha256:30b8764e9c743ce979e783f0a55a1eaebd028271b755c2c2d3ec20ca9c617566
#7 DONE 0.3s

#8 [4/4] COPY nginx.conf /etc/nginx/nginx.conf
#8 sha256:8b8dcfc227e6d61e8722b6acf1736ce03498f19edef67916fd4bad166663e7c9
#8 DONE 0.0s

#9 exporting to image
#9 sha256:e8c613e07b0b7ff33893b694f7759a10d42e180f2b4dc349fb57dc6b71dcab00
#9 exporting layers
#9 exporting layers 0.2s done
#9 writing image sha256:af5c38a73e24cf50e5edb5039799bf12a30394cb4c3b93b15a31a373d0e6a47c done
#9 naming to docker.io/library/chest-pain-fe-z004n44u:latest done
#9 DONE 0.2s

Use 'docker scan' to run Snyk tests against images to find vulnerabilities and learn how to fix them

15 Dec 2022 09:05:47 -----------------------------------------------------------------------------------------------------------------------------------------------------------

Docker Build Successful for chest-pain-fe-z004n44u:latest

15 Dec 2022 09:05:47 -----------------------------------------------------------------------------------------------------------------------------------------------------------

Tagging Docker Image

15 Dec 2022 09:05:47 -----------------------------------------------------------------------------------------------------------------------------------------------------------

Command Run /c cd /d D:\Repos\CDSS Collaboration\App.FE.ChestPain\dist & docker tag chest-pain-fe-z004n44u:latest gokarna.azurecr.io/chest-pain-fe-z004n44u:latest >> "D:\Projects\Deployment.Assistant\Deployment.Assistant\bin\Debug\Logs\Build-Deploy-15-Dec-2022-09-00-42.log" 2>&1

15 Dec 2022 09:05:47 -----------------------------------------------------------------------------------------------------------------------------------------------------------

Docker Tag Successful to gokarna.azurecr.io/chest-pain-fe-z004n44u:latest

15 Dec 2022 09:05:47 -----------------------------------------------------------------------------------------------------------------------------------------------------------

Pushing Docker Image

15 Dec 2022 09:05:47 -----------------------------------------------------------------------------------------------------------------------------------------------------------

Command Run /c cd /d D:\Repos\CDSS Collaboration\App.FE.ChestPain\dist & docker push gokarna.azurecr.io/chest-pain-fe-z004n44u:latest >> "D:\Projects\Deployment.Assistant\Deployment.Assistant\bin\Debug\Logs\Build-Deploy-15-Dec-2022-09-00-42.log" 2>&1
The push refers to repository [gokarna.azurecr.io/chest-pain-fe-z004n44u]
640e46ca491b: Preparing
bb4d18134f38: Preparing
9364ab082f1c: Preparing
9e173cdce044: Preparing
f2d47996fdfa: Preparing
c23f26e962bd: Preparing
0511ab7e6edc: Preparing
ec7e4a91c33b: Preparing
1fee4bd55a85: Preparing
ded7a220bb05: Preparing
c23f26e962bd: Waiting
0511ab7e6edc: Waiting
ded7a220bb05: Waiting
ec7e4a91c33b: Waiting
1fee4bd55a85: Waiting
9364ab082f1c: Pushed
640e46ca491b: Pushed
f2d47996fdfa: Pushed
0511ab7e6edc: Pushed
ec7e4a91c33b: Pushed
9e173cdce044: Pushed
bb4d18134f38: Pushed
c23f26e962bd: Pushed
ded7a220bb05: Pushed
1fee4bd55a85: Pushed
latest: digest: sha256:0f56b93fc61d0b2ef2357fcd86b8240a95083e0fbfe1c3aec2a74307b2965df5 size: 2407

15 Dec 2022 09:06:02 -----------------------------------------------------------------------------------------------------------------------------------------------------------

Docker Push Successful to gokarna.azurecr.io/chest-pain-fe-z004n44u:latest

15 Dec 2022 09:06:03 -----------------------------------------------------------------------------------------------------------------------------------------------------------

Connecting to inblrghma3879ln

15 Dec 2022 09:06:04 -----------------------------------------------------------------------------------------------------------------------------------------------------------

Successfully connected to inblrghma3879ln

15 Dec 2022 09:06:04 -----------------------------------------------------------------------------------------------------------------------------------------------------------

Command Run : kubectl get pods -n ai-pc-product

15 Dec 2022 09:06:04 -----------------------------------------------------------------------------------------------------------------------------------------------------------

NAME                                           READY   STATUS    RESTARTS   AGE
amp-manager-5b987cb97-lr7kg                    1/1     Running   0          59d
auditlogservice-5f4d6fbb9d-dx5f7               1/1     Running   0          59d
authservice-88f9fd758-jjhfd                    1/1     Running   0          58d
cad-fe-d4476f687-l2r9z                         1/1     Running   0          59d
cadbackendservice-7fd4d7888c-666br             1/1     Running   0          19h
cadconcordanceservice-557d99d97f-f2z4k         1/1     Running   0          59d
cadriskcalculatorservice-56d6946d7d-2qrkh      1/1     Running   0          59d
chest-pain-fe-5f5fd449df-x55tc                 1/1     Running   0          34h
configurationservice-5459457fc6-lnq2h          1/1     Running   0          59d
csvreaderservice-5f694dc8db-t9f9g              1/1     Running   0          59d
dicommetadata-74fb96f86f-9pqgm                 1/1     Running   0          59d
doc-import-54bf99db6-xrrg9                     1/1     Running   0          58d
error-reporting-device-75c754b79f-qggfq        1/1     Running   0          58d
export-orchestrator-597cbcccf7-s4snn           1/1     Running   0          58d
fhir-78f89876d4-g9glk                          1/1     Running   0          59d
fhir-document-parser-device-67755f977f-bhtm5   1/1     Running   0          59d
fhir-export-device-67b6fd978c-n9snp            1/1     Running   0          58d
fhir-import-7767fc8db8-4tr9x                   1/1     Running   0          58d
filesystem-export-device-5bd7c9ccd-g5w7g       1/1     Running   0          58d
imageaccessservice-775ddb6cfd-dht2s            1/1     Running   0          59d
import-orchestrator-6b95cf8fdf-w5qhv           1/1     Running   0          58d
launchpage-5cf87bbf4c-zq9z4                    1/1     Running   0          38h
launchpageservice-684cd686c9-s68px             1/1     Running   0          7d20h
licenseservice-bdd94577b-hcdmh                 1/1     Running   0          58d
logger-5695b4657c-f56kx                        1/1     Running   0          59d
loginpage-5d8c7bcffb-ldxtq                     1/1     Running   0          59d
nlpaccessservice-5758cc4845-7ssjp              1/1     Running   0          59d
nlpfhirrenderer-77f4d48f96-x95nq               1/1     Running   0          59d
pacs-connector-7dc5c6799c-fq2rm                1/1     Running   0          58d
patientdeleteservice-559d74b5bf-sdgsj          1/1     Running   0          26d
postgres-c5cbf997f-9wztv                       1/1     Running   0          59d
rabbitmq-859b96c59d-85grj                      1/1     Running   0          59d
report-type-converter-7f6f784d75-r2l82         1/1     Running   0          58d
reportconverter-5d8cf5647b-d4c9f               1/1     Running   0          59d
reportcreationservice-5c48c6b4df-cb5fv         1/1     Running   0          59d
reverse-proxy-69f5b4d855-jdhg2                 1/1     Running   0          59d
ruleengineservice-5bbb6ddfd4-zv99r             1/1     Running   0          59d
settingsui-6849c4c946-sfj4r                    1/1     Running   0          59d
snomedqueryservice-5cf86455d9-jm8jr            1/1     Running   0          59d
tika-5776fb956-tfkjt                           1/1     Running   0          59d
unitconversionservice-68bb5f5c96-9wnlv         1/1     Running   0          59d


15 Dec 2022 09:06:04 -----------------------------------------------------------------------------------------------------------------------------------------------------------

Command Run : kubectl set image deployment/chest-pain-fe chest-pain-fe=gokarna.azurecr.io/chest-pain-fe-z004n44u:latest -n ai-pc-product

15 Dec 2022 09:06:05 -----------------------------------------------------------------------------------------------------------------------------------------------------------

Command Run : kubectl delete pod chest-pain-fe-5f5fd449df-x55tc -n ai-pc-product

15 Dec 2022 09:06:13 -----------------------------------------------------------------------------------------------------------------------------------------------------------

pod "chest-pain-fe-5f5fd449df-x55tc" deleted


15 Dec 2022 09:06:13 -----------------------------------------------------------------------------------------------------------------------------------------------------------

NAME                                           READY   STATUS    RESTARTS   AGE
amp-manager-5b987cb97-lr7kg                    1/1     Running   0          59d
auditlogservice-5f4d6fbb9d-dx5f7               1/1     Running   0          59d
authservice-88f9fd758-jjhfd                    1/1     Running   0          58d
cad-fe-d4476f687-l2r9z                         1/1     Running   0          59d
cadbackendservice-7fd4d7888c-666br             1/1     Running   0          19h
cadconcordanceservice-557d99d97f-f2z4k         1/1     Running   0          59d
cadriskcalculatorservice-56d6946d7d-2qrkh      1/1     Running   0          59d
chest-pain-fe-5f5fd449df-6zxgz                 1/1     Running   0          9s
configurationservice-5459457fc6-lnq2h          1/1     Running   0          59d
csvreaderservice-5f694dc8db-t9f9g              1/1     Running   0          59d
dicommetadata-74fb96f86f-9pqgm                 1/1     Running   0          59d
doc-import-54bf99db6-xrrg9                     1/1     Running   0          58d
error-reporting-device-75c754b79f-qggfq        1/1     Running   0          58d
export-orchestrator-597cbcccf7-s4snn           1/1     Running   0          58d
fhir-78f89876d4-g9glk                          1/1     Running   0          59d
fhir-document-parser-device-67755f977f-bhtm5   1/1     Running   0          59d
fhir-export-device-67b6fd978c-n9snp            1/1     Running   0          58d
fhir-import-7767fc8db8-4tr9x                   1/1     Running   0          58d
filesystem-export-device-5bd7c9ccd-g5w7g       1/1     Running   0          58d
imageaccessservice-775ddb6cfd-dht2s            1/1     Running   0          59d
import-orchestrator-6b95cf8fdf-w5qhv           1/1     Running   0          58d
launchpage-5cf87bbf4c-zq9z4                    1/1     Running   0          38h
launchpageservice-684cd686c9-s68px             1/1     Running   0          7d20h
licenseservice-bdd94577b-hcdmh                 1/1     Running   0          58d
logger-5695b4657c-f56kx                        1/1     Running   0          59d
loginpage-5d8c7bcffb-ldxtq                     1/1     Running   0          59d
nlpaccessservice-5758cc4845-7ssjp              1/1     Running   0          59d
nlpfhirrenderer-77f4d48f96-x95nq               1/1     Running   0          59d
pacs-connector-7dc5c6799c-fq2rm                1/1     Running   0          58d
patientdeleteservice-559d74b5bf-sdgsj          1/1     Running   0          26d
postgres-c5cbf997f-9wztv                       1/1     Running   0          59d
rabbitmq-859b96c59d-85grj                      1/1     Running   0          59d
report-type-converter-7f6f784d75-r2l82         1/1     Running   0          58d
reportconverter-5d8cf5647b-d4c9f               1/1     Running   0          59d
reportcreationservice-5c48c6b4df-cb5fv         1/1     Running   0          59d
reverse-proxy-69f5b4d855-jdhg2                 1/1     Running   0          59d
ruleengineservice-5bbb6ddfd4-zv99r             1/1     Running   0          59d
settingsui-6849c4c946-sfj4r                    1/1     Running   0          59d
snomedqueryservice-5cf86455d9-jm8jr            1/1     Running   0          59d
tika-5776fb956-tfkjt                           1/1     Running   0          59d
unitconversionservice-68bb5f5c96-9wnlv         1/1     Running   0          59d


15 Dec 2022 09:06:13 -----------------------------------------------------------------------------------------------------------------------------------------------------------

Deployment Successful!

15 Dec 2022 09:41:23 -----------------------------------------------------------------------------------------------------------------------------------------------------------

Opening Chrome..

15 Dec 2022 09:41:27 -----------------------------------------------------------------------------------------------------------------------------------------------------------

Navigating to https://inblrghma3879ln/

15 Dec 2022 09:41:29 -----------------------------------------------------------------------------------------------------------------------------------------------------------

Username clinical.admin Entered

15 Dec 2022 09:41:29 -----------------------------------------------------------------------------------------------------------------------------------------------------------

Password ******* Entered

15 Dec 2022 09:41:29 -----------------------------------------------------------------------------------------------------------------------------------------------------------

Login Success to https://inblrghma3879ln/ as clinical.admin
