
27 Dec 2022 21:00:14 -----------------------------------------------------------------------------------------------------------------------------------------------------------

Opening Chrome..

27 Dec 2022 21:00:20 -----------------------------------------------------------------------------------------------------------------------------------------------------------

Navigating to https://inblrghma3879ln/

27 Dec 2022 21:00:26 -----------------------------------------------------------------------------------------------------------------------------------------------------------

Username clinical.admin Entered

27 Dec 2022 21:00:26 -----------------------------------------------------------------------------------------------------------------------------------------------------------

Password ******* Entered

27 Dec 2022 21:00:27 -----------------------------------------------------------------------------------------------------------------------------------------------------------

Login Success to https://inblrghma3879ln/ as clinical.admin

27 Dec 2022 21:08:31 -----------------------------------------------------------------------------------------------------------------------------------------------------------

Opening Chrome..

27 Dec 2022 21:08:32 -----------------------------------------------------------------------------------------------------------------------------------------------------------

Navigating to https://inblrghman079ln.rd001.onehc.net/

27 Dec 2022 21:08:38 -----------------------------------------------------------------------------------------------------------------------------------------------------------

Username clinical.admin Entered

27 Dec 2022 21:08:38 -----------------------------------------------------------------------------------------------------------------------------------------------------------

Password ******* Entered

27 Dec 2022 21:08:38 -----------------------------------------------------------------------------------------------------------------------------------------------------------

Login Success to https://inblrghman079ln.rd001.onehc.net/ as clinical.admin
