
15 Dec 2022 09:47:21 -----------------------------------------------------------------------------------------------------------------------------------------------------------

Build started

15 Dec 2022 09:47:21 -----------------------------------------------------------------------------------------------------------------------------------------------------------

Command run /c cd /d "D:\Repos\CDSS Collaboration\App.FE.ChestPain"& ng build --prod  >> "D:\Projects\Deployment.Assistant\Deployment.Assistant\bin\Debug\Logs\Build-Deploy-15-Dec-2022-09-47-13.log" 2>&1
Your global Angular CLI version (14.2.7) is greater than your local version (10.1.3). The local Angular CLI version is used.

To disable this warning use "ng config -g cli.warnings.versionMismatch false".
[33mWarning:[0m Entry point '@ids/common.ui.base-services.fhir' contains deep imports into 'D:/Repos/CDSS Collaboration/App.FE.ChestPain/node_modules/rxjs/internal/operators', 'D:/Repos/CDSS Collaboration/App.FE.ChestPain/node_modules/rxjs/internal/operators/take'. This is probably not a problem, but may cause the compilation of entry points to be out of order.
Generating ES5 bundles for differential loading...
ES5 bundle generation complete.

chunk {3} polyfills-es5.4453d2fafecf9cae155f.js (polyfills-es5) 264 kB [initial] [rendered]
chunk {2} polyfills-es2015.7bf442c9581008ef4e7f.js (polyfills) 171 kB [initial] [rendered]
chunk {0} runtime-es2015.66c79b9d36e7169e27b0.js (runtime) 1.45 kB [entry] [rendered]
chunk {0} runtime-es5.66c79b9d36e7169e27b0.js (runtime) 1.45 kB [entry] [rendered]
chunk {1} main-es2015.84a11e8fd550aebcfbfc.js (main) 1.48 MB [initial] [rendered]
chunk {1} main-es5.84a11e8fd550aebcfbfc.js (main) 1.58 MB [initial] [rendered]
chunk {4} styles.5081b2ecf63062d2a84f.css (styles) 147 kB [initial] [rendered]
chunk {scripts} scripts.402eee9195a7220d216a.js (scripts) 2.62 MB [entry] [rendered]
Date: 2022-12-15T04:18:22.278Z - Hash: 00c874255043e79b12b9 - Time: 54221ms

WARNING in D:\Repos\CDSS Collaboration\App.FE.ChestPain\source\app\models\lab-test-model.ts is part of the TypeScript compilation but it's unused.
Add only entry points to the 'files' or 'include' properties in your tsconfig.

WARNING in D:\Repos\CDSS Collaboration\App.FE.ChestPain\source\app\models\patientnotification.model.ts is part of the TypeScript compilation but it's unused.
Add only entry points to the 'files' or 'include' properties in your tsconfig.

WARNING in D:\Repos\CDSS Collaboration\App.FE.ChestPain\source\app\models\procedure-row-item.ts is part of the TypeScript compilation but it's unused.
Add only entry points to the 'files' or 'include' properties in your tsconfig.

WARNING in D:\Repos\CDSS Collaboration\App.FE.ChestPain\source\app\models\report-viewer-model.ts is part of the TypeScript compilation but it's unused.
Add only entry points to the 'files' or 'include' properties in your tsconfig.

WARNING in D:\Repos\CDSS Collaboration\App.FE.ChestPain\source\app\services\app.config.service.ts is part of the TypeScript compilation but it's unused.
Add only entry points to the 'files' or 'include' properties in your tsconfig.

WARNING in D:\Repos\CDSS Collaboration\App.FE.ChestPain\source\app\services\interfaces\lab-tests.interface.ts is part of the TypeScript compilation but it's unused.
Add only entry points to the 'files' or 'include' properties in your tsconfig.

WARNING in D:\Repos\CDSS Collaboration\App.FE.ChestPain\source\app\shared\models\cad.interface.ts is part of the TypeScript compilation but it's unused.
Add only entry points to the 'files' or 'include' properties in your tsconfig.

WARNING in D:\Repos\CDSS Collaboration\App.FE.ChestPain\source\environments\environment.local.ts is part of the TypeScript compilation but it's unused.
Add only entry points to the 'files' or 'include' properties in your tsconfig.

WARNING in D:\Repos\CDSS Collaboration\App.FE.ChestPain\source\environments\environment.prod.ts is part of the TypeScript compilation but it's unused.
Add only entry points to the 'files' or 'include' properties in your tsconfig.

WARNING in D:\Repos\CDSS Collaboration\App.FE.ChestPain\source\translateExtenders\customTranslateHttpLoader.ts is part of the TypeScript compilation but it's unused.
Add only entry points to the 'files' or 'include' properties in your tsconfig.

WARNING in D:\Repos\CDSS Collaboration\App.FE.ChestPain\source\app\app.module.ts depends on '@ids/common.ui.base-services.auth-handler'. CommonJS or AMD dependencies can cause optimization bailouts.
For more info see: https://angular.io/guide/build#configuring-commonjs-dependencies

WARNING in D:\Repos\CDSS Collaboration\App.FE.ChestPain\source\app\risk-assessment\risk-assessment-detail\risk-assessment-detail.component.ts depends on 'chart.js'. CommonJS or AMD dependencies can cause optimization bailouts.
For more info see: https://angular.io/guide/build#configuring-commonjs-dependencies

15 Dec 2022 09:48:23 -----------------------------------------------------------------------------------------------------------------------------------------------------------

Build Success!

15 Dec 2022 09:48:23 -----------------------------------------------------------------------------------------------------------------------------------------------------------

Copying D:\Repos\CDSS Collaboration\App.FE.ChestPain\nginx.conf to D:\Repos\CDSS Collaboration\App.FE.ChestPain\dist\nginx.conf

15 Dec 2022 09:48:23 -----------------------------------------------------------------------------------------------------------------------------------------------------------

Successfully copied D:\Repos\CDSS Collaboration\App.FE.ChestPain\nginx.conf to D:\Repos\CDSS Collaboration\App.FE.ChestPain\dist\nginx.conf

15 Dec 2022 09:48:23 -----------------------------------------------------------------------------------------------------------------------------------------------------------

Copying D:\Repos\CDSS Collaboration\App.FE.ChestPain\Dockerfile to D:\Repos\CDSS Collaboration\App.FE.ChestPain\dist\Dockerfile

15 Dec 2022 09:48:23 -----------------------------------------------------------------------------------------------------------------------------------------------------------

Successfully copied D:\Repos\CDSS Collaboration\App.FE.ChestPain\Dockerfile to D:\Repos\CDSS Collaboration\App.FE.ChestPain\dist\Dockerfile

15 Dec 2022 09:48:23 -----------------------------------------------------------------------------------------------------------------------------------------------------------

Building Docker Image

15 Dec 2022 09:48:23 -----------------------------------------------------------------------------------------------------------------------------------------------------------

Command Run /c cd /d D:\Repos\CDSS Collaboration\App.FE.ChestPain\dist & docker build . -t chest-pain-fe-z004n44u:latest >> "D:\Projects\Deployment.Assistant\Deployment.Assistant\bin\Debug\Logs\Build-Deploy-15-Dec-2022-09-47-13.log" 2>&1
#1 [internal] load build definition from Dockerfile
#1 sha256:3b7aecb1eef902e971347a073f6e74971e8d910fa1b0b5b6c55532c74677c67a
#1 transferring dockerfile: 32B done
#1 DONE 0.0s

#2 [internal] load .dockerignore
#2 sha256:bce39ba5c41fa497b380e5b1a2365cae1511294397a62ed8f9714674844243f6
#2 transferring context: 2B done
#2 DONE 0.0s

#3 [internal] load metadata for docker.io/library/nginx:alpine
#3 sha256:b001d263a254f0e4960d52c837d5764774ef80ad3878c61304052afb6e0e9af2
#3 DONE 3.3s

#4 [1/4] FROM docker.io/library/nginx:alpine@sha256:dd8a054d7ef030e94a6449783605d6c306c1f69c10c2fa06b66a030e0d1db793
#4 sha256:69bb3b0d124b71e42fa4e8f3891bd71b0a7ee3c87accab313a257c9b97a38a34
#4 DONE 0.0s

#6 [internal] load build context
#6 sha256:a97207bd2fa6a35ce94065cd940defdab5e0782e7f722e370c939c1146bd38ce
#6 transferring context: 7.46MB 0.4s done
#6 DONE 0.4s

#5 [2/4] RUN rm -rf /usr/share/nginx/html/*
#5 sha256:6b5e129493dbc860ceff6e79c1e65572ba6ef739c546cd324b59fc99d4367303
#5 CACHED

#7 [3/4] COPY fechestPain/ /usr/share/nginx/html/
#7 sha256:fe5003949df592c5edff62bdba9947dce7ef0cc4446a0f59d286e7642bd6f62b
#7 DONE 0.2s

#8 [4/4] COPY nginx.conf /etc/nginx/nginx.conf
#8 sha256:9842a9a2fa0745069f1e92e7de9251818bdcdf19ee75363111cdb153939f4250
#8 DONE 0.1s

#9 exporting to image
#9 sha256:e8c613e07b0b7ff33893b694f7759a10d42e180f2b4dc349fb57dc6b71dcab00
#9 exporting layers
#9 exporting layers 0.4s done
#9 writing image sha256:a49c27dbae486a4c030e85c0430e95d7bf6d4a9b5a4eddb48a7f13fa1708657b done
#9 naming to docker.io/library/chest-pain-fe-z004n44u:latest done
#9 DONE 0.5s

Use 'docker scan' to run Snyk tests against images to find vulnerabilities and learn how to fix them

15 Dec 2022 09:48:30 -----------------------------------------------------------------------------------------------------------------------------------------------------------

Docker Build Successful for chest-pain-fe-z004n44u:latest

15 Dec 2022 09:48:30 -----------------------------------------------------------------------------------------------------------------------------------------------------------

Tagging Docker Image

15 Dec 2022 09:48:30 -----------------------------------------------------------------------------------------------------------------------------------------------------------

Command Run /c cd /d D:\Repos\CDSS Collaboration\App.FE.ChestPain\dist & docker tag chest-pain-fe-z004n44u:latest gokarna.azurecr.io/chest-pain-fe-z004n44u:latest >> "D:\Projects\Deployment.Assistant\Deployment.Assistant\bin\Debug\Logs\Build-Deploy-15-Dec-2022-09-47-13.log" 2>&1

15 Dec 2022 09:48:30 -----------------------------------------------------------------------------------------------------------------------------------------------------------

Docker Tag Successful to gokarna.azurecr.io/chest-pain-fe-z004n44u:latest

15 Dec 2022 09:48:30 -----------------------------------------------------------------------------------------------------------------------------------------------------------

Pushing Docker Image

15 Dec 2022 09:48:30 -----------------------------------------------------------------------------------------------------------------------------------------------------------

Command Run /c cd /d D:\Repos\CDSS Collaboration\App.FE.ChestPain\dist & docker push gokarna.azurecr.io/chest-pain-fe-z004n44u:latest >> "D:\Projects\Deployment.Assistant\Deployment.Assistant\bin\Debug\Logs\Build-Deploy-15-Dec-2022-09-47-13.log" 2>&1
The push refers to repository [gokarna.azurecr.io/chest-pain-fe-z004n44u]
3a782728d3a9: Preparing
948165afc53e: Preparing
9364ab082f1c: Preparing
9e173cdce044: Preparing
f2d47996fdfa: Preparing
c23f26e962bd: Preparing
0511ab7e6edc: Preparing
ec7e4a91c33b: Preparing
1fee4bd55a85: Preparing
ded7a220bb05: Preparing
0511ab7e6edc: Waiting
ec7e4a91c33b: Waiting
ded7a220bb05: Waiting
c23f26e962bd: Waiting
1fee4bd55a85: Waiting
9364ab082f1c: Layer already exists
9e173cdce044: Layer already exists
f2d47996fdfa: Layer already exists
0511ab7e6edc: Layer already exists
ec7e4a91c33b: Layer already exists
ded7a220bb05: Layer already exists
c23f26e962bd: Layer already exists
1fee4bd55a85: Layer already exists
3a782728d3a9: Pushed
948165afc53e: Pushed
latest: digest: sha256:d90b2a0787c263bc9740b49180b0b36d71ed48cef18d81c1bb6cf8f65d81b3e0 size: 2407

15 Dec 2022 09:48:40 -----------------------------------------------------------------------------------------------------------------------------------------------------------

Docker Push Successful to gokarna.azurecr.io/chest-pain-fe-z004n44u:latest

15 Dec 2022 09:48:40 -----------------------------------------------------------------------------------------------------------------------------------------------------------

Connecting to inblrghma3879ln

15 Dec 2022 09:48:41 -----------------------------------------------------------------------------------------------------------------------------------------------------------

Successfully connected to inblrghma3879ln

15 Dec 2022 09:48:41 -----------------------------------------------------------------------------------------------------------------------------------------------------------

Command Run : kubectl get pods -n ai-pc-product

15 Dec 2022 09:48:42 -----------------------------------------------------------------------------------------------------------------------------------------------------------

NAME                                           READY   STATUS    RESTARTS   AGE
amp-manager-5b987cb97-lr7kg                    1/1     Running   0          59d
auditlogservice-5f4d6fbb9d-dx5f7               1/1     Running   0          59d
authservice-88f9fd758-jjhfd                    1/1     Running   0          58d
cad-fe-d4476f687-l2r9z                         1/1     Running   0          59d
cadbackendservice-7fd4d7888c-666br             1/1     Running   0          20h
cadconcordanceservice-557d99d97f-f2z4k         1/1     Running   0          59d
cadriskcalculatorservice-56d6946d7d-2qrkh      1/1     Running   0          59d
chest-pain-fe-5f5fd449df-6zxgz                 1/1     Running   0          42m
configurationservice-5459457fc6-lnq2h          1/1     Running   0          59d
csvreaderservice-5f694dc8db-t9f9g              1/1     Running   0          59d
dicommetadata-74fb96f86f-9pqgm                 1/1     Running   0          59d
doc-import-54bf99db6-xrrg9                     1/1     Running   0          58d
error-reporting-device-75c754b79f-qggfq        1/1     Running   0          58d
export-orchestrator-597cbcccf7-s4snn           1/1     Running   0          58d
fhir-78f89876d4-g9glk                          1/1     Running   0          59d
fhir-document-parser-device-67755f977f-bhtm5   1/1     Running   0          59d
fhir-export-device-67b6fd978c-n9snp            1/1     Running   0          58d
fhir-import-7767fc8db8-4tr9x                   1/1     Running   0          58d
filesystem-export-device-5bd7c9ccd-g5w7g       1/1     Running   0          58d
imageaccessservice-775ddb6cfd-dht2s            1/1     Running   0          59d
import-orchestrator-6b95cf8fdf-w5qhv           1/1     Running   0          58d
launchpage-5cf87bbf4c-zq9z4                    1/1     Running   0          39h
launchpageservice-684cd686c9-s68px             1/1     Running   0          7d21h
licenseservice-bdd94577b-hcdmh                 1/1     Running   0          58d
logger-5695b4657c-f56kx                        1/1     Running   0          59d
loginpage-5d8c7bcffb-ldxtq                     1/1     Running   0          59d
nlpaccessservice-5758cc4845-7ssjp              1/1     Running   0          59d
nlpfhirrenderer-77f4d48f96-x95nq               1/1     Running   0          59d
pacs-connector-7dc5c6799c-fq2rm                1/1     Running   0          58d
patientdeleteservice-559d74b5bf-sdgsj          1/1     Running   0          26d
postgres-c5cbf997f-9wztv                       1/1     Running   0          59d
rabbitmq-859b96c59d-85grj                      1/1     Running   0          59d
report-type-converter-7f6f784d75-r2l82         1/1     Running   0          58d
reportconverter-5d8cf5647b-d4c9f               1/1     Running   0          59d
reportcreationservice-5c48c6b4df-cb5fv         1/1     Running   0          59d
reverse-proxy-69f5b4d855-jdhg2                 1/1     Running   0          59d
ruleengineservice-5bbb6ddfd4-zv99r             1/1     Running   0          59d
settingsui-6849c4c946-sfj4r                    1/1     Running   0          59d
snomedqueryservice-5cf86455d9-jm8jr            1/1     Running   0          59d
tika-5776fb956-tfkjt                           1/1     Running   0          59d
unitconversionservice-68bb5f5c96-9wnlv         1/1     Running   0          59d


15 Dec 2022 09:48:42 -----------------------------------------------------------------------------------------------------------------------------------------------------------

Command Run : kubectl set image deployment/chest-pain-fe chest-pain-fe=gokarna.azurecr.io/chest-pain-fe-z004n44u:latest -n ai-pc-product

15 Dec 2022 09:48:42 -----------------------------------------------------------------------------------------------------------------------------------------------------------

Command Run : kubectl delete pod chest-pain-fe-5f5fd449df-6zxgz -n ai-pc-product

15 Dec 2022 09:48:53 -----------------------------------------------------------------------------------------------------------------------------------------------------------

pod "chest-pain-fe-5f5fd449df-6zxgz" deleted


15 Dec 2022 09:48:53 -----------------------------------------------------------------------------------------------------------------------------------------------------------

NAME                                           READY   STATUS    RESTARTS   AGE
amp-manager-5b987cb97-lr7kg                    1/1     Running   0          59d
auditlogservice-5f4d6fbb9d-dx5f7               1/1     Running   0          59d
authservice-88f9fd758-jjhfd                    1/1     Running   0          58d
cad-fe-d4476f687-l2r9z                         1/1     Running   0          59d
cadbackendservice-7fd4d7888c-666br             1/1     Running   0          20h
cadconcordanceservice-557d99d97f-f2z4k         1/1     Running   0          59d
cadriskcalculatorservice-56d6946d7d-2qrkh      1/1     Running   0          59d
chest-pain-fe-5f5fd449df-jf4g4                 1/1     Running   0          12s
configurationservice-5459457fc6-lnq2h          1/1     Running   0          59d
csvreaderservice-5f694dc8db-t9f9g              1/1     Running   0          59d
dicommetadata-74fb96f86f-9pqgm                 1/1     Running   0          59d
doc-import-54bf99db6-xrrg9                     1/1     Running   0          58d
error-reporting-device-75c754b79f-qggfq        1/1     Running   0          58d
export-orchestrator-597cbcccf7-s4snn           1/1     Running   0          58d
fhir-78f89876d4-g9glk                          1/1     Running   0          59d
fhir-document-parser-device-67755f977f-bhtm5   1/1     Running   0          59d
fhir-export-device-67b6fd978c-n9snp            1/1     Running   0          58d
fhir-import-7767fc8db8-4tr9x                   1/1     Running   0          58d
filesystem-export-device-5bd7c9ccd-g5w7g       1/1     Running   0          58d
imageaccessservice-775ddb6cfd-dht2s            1/1     Running   0          59d
import-orchestrator-6b95cf8fdf-w5qhv           1/1     Running   0          58d
launchpage-5cf87bbf4c-zq9z4                    1/1     Running   0          39h
launchpageservice-684cd686c9-s68px             1/1     Running   0          7d21h
licenseservice-bdd94577b-hcdmh                 1/1     Running   0          58d
logger-5695b4657c-f56kx                        1/1     Running   0          59d
loginpage-5d8c7bcffb-ldxtq                     1/1     Running   0          59d
nlpaccessservice-5758cc4845-7ssjp              1/1     Running   0          59d
nlpfhirrenderer-77f4d48f96-x95nq               1/1     Running   0          59d
pacs-connector-7dc5c6799c-fq2rm                1/1     Running   0          58d
patientdeleteservice-559d74b5bf-sdgsj          1/1     Running   0          26d
postgres-c5cbf997f-9wztv                       1/1     Running   0          59d
rabbitmq-859b96c59d-85grj                      1/1     Running   0          59d
report-type-converter-7f6f784d75-r2l82         1/1     Running   0          58d
reportconverter-5d8cf5647b-d4c9f               1/1     Running   0          59d
reportcreationservice-5c48c6b4df-cb5fv         1/1     Running   0          59d
reverse-proxy-69f5b4d855-jdhg2                 1/1     Running   0          59d
ruleengineservice-5bbb6ddfd4-zv99r             1/1     Running   0          59d
settingsui-6849c4c946-sfj4r                    1/1     Running   0          59d
snomedqueryservice-5cf86455d9-jm8jr            1/1     Running   0          59d
tika-5776fb956-tfkjt                           1/1     Running   0          59d
unitconversionservice-68bb5f5c96-9wnlv         1/1     Running   0          59d


15 Dec 2022 09:48:53 -----------------------------------------------------------------------------------------------------------------------------------------------------------

Deployment Successful!

15 Dec 2022 09:49:04 -----------------------------------------------------------------------------------------------------------------------------------------------------------

Opening Chrome..

15 Dec 2022 09:49:08 -----------------------------------------------------------------------------------------------------------------------------------------------------------

Navigating to https://inblrghma3879ln/

15 Dec 2022 09:49:10 -----------------------------------------------------------------------------------------------------------------------------------------------------------

Username clinical.admin Entered

15 Dec 2022 09:49:10 -----------------------------------------------------------------------------------------------------------------------------------------------------------

Password ******* Entered

15 Dec 2022 09:49:10 -----------------------------------------------------------------------------------------------------------------------------------------------------------

Login Success to https://inblrghma3879ln/ as clinical.admin

15 Dec 2022 09:54:42 -----------------------------------------------------------------------------------------------------------------------------------------------------------

Build started

15 Dec 2022 09:54:43 -----------------------------------------------------------------------------------------------------------------------------------------------------------

Command run /c cd /d "D:\Repos\CDSS Collaboration\App.FE.ChestPain"& ng build --prod  >> "D:\Projects\Deployment.Assistant\Deployment.Assistant\bin\Debug\Logs\Build-Deploy-15-Dec-2022-09-47-13.log" 2>&1
Your global Angular CLI version (14.2.7) is greater than your local version (10.1.3). The local Angular CLI version is used.

To disable this warning use "ng config -g cli.warnings.versionMismatch false".
[33mWarning:[0m Entry point '@ids/common.ui.base-services.fhir' contains deep imports into 'D:/Repos/CDSS Collaboration/App.FE.ChestPain/node_modules/rxjs/internal/operators', 'D:/Repos/CDSS Collaboration/App.FE.ChestPain/node_modules/rxjs/internal/operators/take'. This is probably not a problem, but may cause the compilation of entry points to be out of order.
Generating ES5 bundles for differential loading...
ES5 bundle generation complete.

chunk {3} polyfills-es5.4453d2fafecf9cae155f.js (polyfills-es5) 264 kB [initial] [rendered]
chunk {2} polyfills-es2015.7bf442c9581008ef4e7f.js (polyfills) 171 kB [initial] [rendered]
chunk {0} runtime-es2015.66c79b9d36e7169e27b0.js (runtime) 1.45 kB [entry] [rendered]
chunk {0} runtime-es5.66c79b9d36e7169e27b0.js (runtime) 1.45 kB [entry] [rendered]
chunk {1} main-es2015.b9ba70d619513bebbd18.js (main) 1.47 MB [initial] [rendered]
chunk {1} main-es5.b9ba70d619513bebbd18.js (main) 1.58 MB [initial] [rendered]
chunk {4} styles.5081b2ecf63062d2a84f.css (styles) 147 kB [initial] [rendered]
chunk {scripts} scripts.402eee9195a7220d216a.js (scripts) 2.62 MB [entry] [rendered]
Date: 2022-12-15T04:25:49.381Z - Hash: bb216d809a21b8262d85 - Time: 59288ms

WARNING in D:\Repos\CDSS Collaboration\App.FE.ChestPain\source\app\models\lab-test-model.ts is part of the TypeScript compilation but it's unused.
Add only entry points to the 'files' or 'include' properties in your tsconfig.

WARNING in D:\Repos\CDSS Collaboration\App.FE.ChestPain\source\app\models\patientnotification.model.ts is part of the TypeScript compilation but it's unused.
Add only entry points to the 'files' or 'include' properties in your tsconfig.

WARNING in D:\Repos\CDSS Collaboration\App.FE.ChestPain\source\app\models\procedure-row-item.ts is part of the TypeScript compilation but it's unused.
Add only entry points to the 'files' or 'include' properties in your tsconfig.

WARNING in D:\Repos\CDSS Collaboration\App.FE.ChestPain\source\app\models\report-viewer-model.ts is part of the TypeScript compilation but it's unused.
Add only entry points to the 'files' or 'include' properties in your tsconfig.

WARNING in D:\Repos\CDSS Collaboration\App.FE.ChestPain\source\app\services\app.config.service.ts is part of the TypeScript compilation but it's unused.
Add only entry points to the 'files' or 'include' properties in your tsconfig.

WARNING in D:\Repos\CDSS Collaboration\App.FE.ChestPain\source\app\services\interfaces\lab-tests.interface.ts is part of the TypeScript compilation but it's unused.
Add only entry points to the 'files' or 'include' properties in your tsconfig.

WARNING in D:\Repos\CDSS Collaboration\App.FE.ChestPain\source\app\shared\models\cad.interface.ts is part of the TypeScript compilation but it's unused.
Add only entry points to the 'files' or 'include' properties in your tsconfig.

WARNING in D:\Repos\CDSS Collaboration\App.FE.ChestPain\source\environments\environment.local.ts is part of the TypeScript compilation but it's unused.
Add only entry points to the 'files' or 'include' properties in your tsconfig.

WARNING in D:\Repos\CDSS Collaboration\App.FE.ChestPain\source\environments\environment.prod.ts is part of the TypeScript compilation but it's unused.
Add only entry points to the 'files' or 'include' properties in your tsconfig.

WARNING in D:\Repos\CDSS Collaboration\App.FE.ChestPain\source\translateExtenders\customTranslateHttpLoader.ts is part of the TypeScript compilation but it's unused.
Add only entry points to the 'files' or 'include' properties in your tsconfig.

WARNING in D:\Repos\CDSS Collaboration\App.FE.ChestPain\source\app\app.module.ts depends on '@ids/common.ui.base-services.auth-handler'. CommonJS or AMD dependencies can cause optimization bailouts.
For more info see: https://angular.io/guide/build#configuring-commonjs-dependencies

WARNING in D:\Repos\CDSS Collaboration\App.FE.ChestPain\source\app\risk-assessment\risk-assessment-detail\risk-assessment-detail.component.ts depends on 'chart.js'. CommonJS or AMD dependencies can cause optimization bailouts.
For more info see: https://angular.io/guide/build#configuring-commonjs-dependencies

15 Dec 2022 09:55:50 -----------------------------------------------------------------------------------------------------------------------------------------------------------

Build Success!

15 Dec 2022 09:55:50 -----------------------------------------------------------------------------------------------------------------------------------------------------------

Copying D:\Repos\CDSS Collaboration\App.FE.ChestPain\nginx.conf to D:\Repos\CDSS Collaboration\App.FE.ChestPain\dist\nginx.conf

15 Dec 2022 09:55:50 -----------------------------------------------------------------------------------------------------------------------------------------------------------

Successfully copied D:\Repos\CDSS Collaboration\App.FE.ChestPain\nginx.conf to D:\Repos\CDSS Collaboration\App.FE.ChestPain\dist\nginx.conf

15 Dec 2022 09:55:50 -----------------------------------------------------------------------------------------------------------------------------------------------------------

Copying D:\Repos\CDSS Collaboration\App.FE.ChestPain\Dockerfile to D:\Repos\CDSS Collaboration\App.FE.ChestPain\dist\Dockerfile

15 Dec 2022 09:55:50 -----------------------------------------------------------------------------------------------------------------------------------------------------------

Successfully copied D:\Repos\CDSS Collaboration\App.FE.ChestPain\Dockerfile to D:\Repos\CDSS Collaboration\App.FE.ChestPain\dist\Dockerfile

15 Dec 2022 09:55:50 -----------------------------------------------------------------------------------------------------------------------------------------------------------

Building Docker Image

15 Dec 2022 09:55:50 -----------------------------------------------------------------------------------------------------------------------------------------------------------

Command Run /c cd /d D:\Repos\CDSS Collaboration\App.FE.ChestPain\dist & docker build . -t chest-pain-fe-z004n44u:latest >> "D:\Projects\Deployment.Assistant\Deployment.Assistant\bin\Debug\Logs\Build-Deploy-15-Dec-2022-09-47-13.log" 2>&1
#1 [internal] load build definition from Dockerfile
#1 sha256:c99a0962d68098a7b5ed19491b6099b78ea01e58dd384e607861d1c4b1e3bc81
#1 DONE 0.0s

#1 [internal] load build definition from Dockerfile
#1 sha256:c99a0962d68098a7b5ed19491b6099b78ea01e58dd384e607861d1c4b1e3bc81
#1 transferring dockerfile: 32B done
#1 DONE 0.0s

#2 [internal] load .dockerignore
#2 sha256:14576e56ec8e055cb1a8c76afc9d346f3a736af6e5b6e5af2b908d3e3edf5cb2
#2 transferring context: 2B done
#2 DONE 0.0s

#3 [internal] load metadata for docker.io/library/nginx:alpine
#3 sha256:b001d263a254f0e4960d52c837d5764774ef80ad3878c61304052afb6e0e9af2
#3 DONE 2.4s

#4 [1/4] FROM docker.io/library/nginx:alpine@sha256:dd8a054d7ef030e94a6449783605d6c306c1f69c10c2fa06b66a030e0d1db793
#4 sha256:69bb3b0d124b71e42fa4e8f3891bd71b0a7ee3c87accab313a257c9b97a38a34
#4 DONE 0.0s

#6 [internal] load build context
#6 sha256:5e70c3eb800c9acff5e19358979664b2de93b036ee7b2dd19794366edd198726
#6 transferring context: 7.46MB 0.4s done
#6 DONE 0.5s

#5 [2/4] RUN rm -rf /usr/share/nginx/html/*
#5 sha256:6b5e129493dbc860ceff6e79c1e65572ba6ef739c546cd324b59fc99d4367303
#5 CACHED

#7 [3/4] COPY fechestPain/ /usr/share/nginx/html/
#7 sha256:754be444b2069075bd2ef6504c8cd8199c21aeef6b9d21e271f7c25e43a77162
#7 DONE 0.2s

#8 [4/4] COPY nginx.conf /etc/nginx/nginx.conf
#8 sha256:c4a742b1d01cb88088d03b76ab5c1a6e411c4b53ddbc0beed318e01bdf858274
#8 DONE 0.1s

#9 exporting to image
#9 sha256:e8c613e07b0b7ff33893b694f7759a10d42e180f2b4dc349fb57dc6b71dcab00
#9 exporting layers
#9 exporting layers 0.4s done
#9 writing image sha256:da46ce6fbe9f8128a449c4cf8a3181655087d04ddf975fac40dbf29a601a0c3c
#9 writing image sha256:da46ce6fbe9f8128a449c4cf8a3181655087d04ddf975fac40dbf29a601a0c3c done
#9 naming to docker.io/library/chest-pain-fe-z004n44u:latest done
#9 DONE 0.4s

Use 'docker scan' to run Snyk tests against images to find vulnerabilities and learn how to fix them

15 Dec 2022 09:55:56 -----------------------------------------------------------------------------------------------------------------------------------------------------------

Docker Build Successful for chest-pain-fe-z004n44u:latest

15 Dec 2022 09:55:56 -----------------------------------------------------------------------------------------------------------------------------------------------------------

Tagging Docker Image

15 Dec 2022 09:55:56 -----------------------------------------------------------------------------------------------------------------------------------------------------------

Command Run /c cd /d D:\Repos\CDSS Collaboration\App.FE.ChestPain\dist & docker tag chest-pain-fe-z004n44u:latest gokarna.azurecr.io/chest-pain-fe-z004n44u:latest >> "D:\Projects\Deployment.Assistant\Deployment.Assistant\bin\Debug\Logs\Build-Deploy-15-Dec-2022-09-47-13.log" 2>&1

15 Dec 2022 09:55:56 -----------------------------------------------------------------------------------------------------------------------------------------------------------

Docker Tag Successful to gokarna.azurecr.io/chest-pain-fe-z004n44u:latest

15 Dec 2022 09:55:57 -----------------------------------------------------------------------------------------------------------------------------------------------------------

Pushing Docker Image

15 Dec 2022 09:55:57 -----------------------------------------------------------------------------------------------------------------------------------------------------------

Command Run /c cd /d D:\Repos\CDSS Collaboration\App.FE.ChestPain\dist & docker push gokarna.azurecr.io/chest-pain-fe-z004n44u:latest >> "D:\Projects\Deployment.Assistant\Deployment.Assistant\bin\Debug\Logs\Build-Deploy-15-Dec-2022-09-47-13.log" 2>&1
The push refers to repository [gokarna.azurecr.io/chest-pain-fe-z004n44u]
730a08aa50ca: Preparing
557ba00f418b: Preparing
9364ab082f1c: Preparing
9e173cdce044: Preparing
f2d47996fdfa: Preparing
c23f26e962bd: Preparing
0511ab7e6edc: Preparing
ec7e4a91c33b: Preparing
1fee4bd55a85: Preparing
ded7a220bb05: Preparing
c23f26e962bd: Waiting
0511ab7e6edc: Waiting
ec7e4a91c33b: Waiting
1fee4bd55a85: Waiting
ded7a220bb05: Waiting
f2d47996fdfa: Layer already exists
9364ab082f1c: Layer already exists
9e173cdce044: Layer already exists
ec7e4a91c33b: Layer already exists
c23f26e962bd: Layer already exists
0511ab7e6edc: Layer already exists
ded7a220bb05: Layer already exists
1fee4bd55a85: Layer already exists
730a08aa50ca: Pushed
557ba00f418b: Pushed
latest: digest: sha256:423eaf7d0759ff0473e9e1ed98265cff3267cc46cd574e2c763f67f3f6566d7a size: 2407

15 Dec 2022 09:56:10 -----------------------------------------------------------------------------------------------------------------------------------------------------------

Docker Push Successful to gokarna.azurecr.io/chest-pain-fe-z004n44u:latest

15 Dec 2022 09:56:10 -----------------------------------------------------------------------------------------------------------------------------------------------------------

Connecting to inblrghma3879ln

15 Dec 2022 09:56:10 -----------------------------------------------------------------------------------------------------------------------------------------------------------

Successfully connected to inblrghma3879ln

15 Dec 2022 09:56:10 -----------------------------------------------------------------------------------------------------------------------------------------------------------

Command Run : kubectl get pods -n ai-pc-product

15 Dec 2022 09:56:11 -----------------------------------------------------------------------------------------------------------------------------------------------------------

NAME                                           READY   STATUS    RESTARTS   AGE
amp-manager-5b987cb97-lr7kg                    1/1     Running   0          59d
auditlogservice-5f4d6fbb9d-dx5f7               1/1     Running   0          59d
authservice-88f9fd758-jjhfd                    1/1     Running   0          58d
cad-fe-d4476f687-l2r9z                         1/1     Running   0          59d
cadbackendservice-7fd4d7888c-666br             1/1     Running   0          20h
cadconcordanceservice-557d99d97f-f2z4k         1/1     Running   0          59d
cadriskcalculatorservice-56d6946d7d-2qrkh      1/1     Running   0          59d
chest-pain-fe-5f5fd449df-jf4g4                 1/1     Running   0          7m29s
configurationservice-5459457fc6-lnq2h          1/1     Running   0          59d
csvreaderservice-5f694dc8db-t9f9g              1/1     Running   0          59d
dicommetadata-74fb96f86f-9pqgm                 1/1     Running   0          59d
doc-import-54bf99db6-xrrg9                     1/1     Running   0          58d
error-reporting-device-75c754b79f-qggfq        1/1     Running   0          58d
export-orchestrator-597cbcccf7-s4snn           1/1     Running   0          58d
fhir-78f89876d4-g9glk                          1/1     Running   0          59d
fhir-document-parser-device-67755f977f-bhtm5   1/1     Running   0          59d
fhir-export-device-67b6fd978c-n9snp            1/1     Running   0          58d
fhir-import-7767fc8db8-4tr9x                   1/1     Running   0          58d
filesystem-export-device-5bd7c9ccd-g5w7g       1/1     Running   0          58d
imageaccessservice-775ddb6cfd-dht2s            1/1     Running   0          59d
import-orchestrator-6b95cf8fdf-w5qhv           1/1     Running   0          58d
launchpage-5cf87bbf4c-zq9z4                    1/1     Running   0          39h
launchpageservice-684cd686c9-s68px             1/1     Running   0          7d21h
licenseservice-bdd94577b-hcdmh                 1/1     Running   0          58d
logger-5695b4657c-f56kx                        1/1     Running   0          59d
loginpage-5d8c7bcffb-ldxtq                     1/1     Running   0          59d
nlpaccessservice-5758cc4845-7ssjp              1/1     Running   0          59d
nlpfhirrenderer-77f4d48f96-x95nq               1/1     Running   0          59d
pacs-connector-7dc5c6799c-fq2rm                1/1     Running   0          58d
patientdeleteservice-559d74b5bf-sdgsj          1/1     Running   0          26d
postgres-c5cbf997f-9wztv                       1/1     Running   0          59d
rabbitmq-859b96c59d-85grj                      1/1     Running   0          59d
report-type-converter-7f6f784d75-r2l82         1/1     Running   0          58d
reportconverter-5d8cf5647b-d4c9f               1/1     Running   0          59d
reportcreationservice-5c48c6b4df-cb5fv         1/1     Running   0          59d
reverse-proxy-69f5b4d855-jdhg2                 1/1     Running   0          59d
ruleengineservice-5bbb6ddfd4-zv99r             1/1     Running   0          59d
settingsui-6849c4c946-sfj4r                    1/1     Running   0          59d
snomedqueryservice-5cf86455d9-jm8jr            1/1     Running   0          59d
tika-5776fb956-tfkjt                           1/1     Running   0          59d
unitconversionservice-68bb5f5c96-9wnlv         1/1     Running   0          59d


15 Dec 2022 09:56:11 -----------------------------------------------------------------------------------------------------------------------------------------------------------

Command Run : kubectl set image deployment/chest-pain-fe chest-pain-fe=gokarna.azurecr.io/chest-pain-fe-z004n44u:latest -n ai-pc-product

15 Dec 2022 09:56:11 -----------------------------------------------------------------------------------------------------------------------------------------------------------

Command Run : kubectl delete pod chest-pain-fe-5f5fd449df-jf4g4 -n ai-pc-product

15 Dec 2022 09:56:13 -----------------------------------------------------------------------------------------------------------------------------------------------------------

pod "chest-pain-fe-5f5fd449df-jf4g4" deleted


15 Dec 2022 09:56:13 -----------------------------------------------------------------------------------------------------------------------------------------------------------

NAME                                           READY   STATUS              RESTARTS   AGE
amp-manager-5b987cb97-lr7kg                    1/1     Running             0          59d
auditlogservice-5f4d6fbb9d-dx5f7               1/1     Running             0          59d
authservice-88f9fd758-jjhfd                    1/1     Running             0          58d
cad-fe-d4476f687-l2r9z                         1/1     Running             0          59d
cadbackendservice-7fd4d7888c-666br             1/1     Running             0          20h
cadconcordanceservice-557d99d97f-f2z4k         1/1     Running             0          59d
cadriskcalculatorservice-56d6946d7d-2qrkh      1/1     Running             0          59d
chest-pain-fe-5f5fd449df-qrkb2                 0/1     ContainerCreating   0          2s
configurationservice-5459457fc6-lnq2h          1/1     Running             0          59d
csvreaderservice-5f694dc8db-t9f9g              1/1     Running             0          59d
dicommetadata-74fb96f86f-9pqgm                 1/1     Running             0          59d
doc-import-54bf99db6-xrrg9                     1/1     Running             0          58d
error-reporting-device-75c754b79f-qggfq        1/1     Running             0          58d
export-orchestrator-597cbcccf7-s4snn           1/1     Running             0          58d
fhir-78f89876d4-g9glk                          1/1     Running             0          59d
fhir-document-parser-device-67755f977f-bhtm5   1/1     Running             0          59d
fhir-export-device-67b6fd978c-n9snp            1/1     Running             0          58d
fhir-import-7767fc8db8-4tr9x                   1/1     Running             0          58d
filesystem-export-device-5bd7c9ccd-g5w7g       1/1     Running             0          58d
imageaccessservice-775ddb6cfd-dht2s            1/1     Running             0          59d
import-orchestrator-6b95cf8fdf-w5qhv           1/1     Running             0          58d
launchpage-5cf87bbf4c-zq9z4                    1/1     Running             0          39h
launchpageservice-684cd686c9-s68px             1/1     Running             0          7d21h
licenseservice-bdd94577b-hcdmh                 1/1     Running             0          58d
logger-5695b4657c-f56kx                        1/1     Running             0          59d
loginpage-5d8c7bcffb-ldxtq                     1/1     Running             0          59d
nlpaccessservice-5758cc4845-7ssjp              1/1     Running             0          59d
nlpfhirrenderer-77f4d48f96-x95nq               1/1     Running             0          59d
pacs-connector-7dc5c6799c-fq2rm                1/1     Running             0          58d
patientdeleteservice-559d74b5bf-sdgsj          1/1     Running             0          26d
postgres-c5cbf997f-9wztv                       1/1     Running             0          59d
rabbitmq-859b96c59d-85grj                      1/1     Running             0          59d
report-type-converter-7f6f784d75-r2l82         1/1     Running             0          58d
reportconverter-5d8cf5647b-d4c9f               1/1     Running             0          59d
reportcreationservice-5c48c6b4df-cb5fv         1/1     Running             0          59d
reverse-proxy-69f5b4d855-jdhg2                 1/1     Running             0          59d
ruleengineservice-5bbb6ddfd4-zv99r             1/1     Running             0          59d
settingsui-6849c4c946-sfj4r                    1/1     Running             0          59d
snomedqueryservice-5cf86455d9-jm8jr            1/1     Running             0          59d
tika-5776fb956-tfkjt                           1/1     Running             0          59d
unitconversionservice-68bb5f5c96-9wnlv         1/1     Running             0          59d


15 Dec 2022 09:56:13 -----------------------------------------------------------------------------------------------------------------------------------------------------------

Deployment Successful!

15 Dec 2022 12:21:37 -----------------------------------------------------------------------------------------------------------------------------------------------------------

Opening Chrome..

15 Dec 2022 12:21:41 -----------------------------------------------------------------------------------------------------------------------------------------------------------

Navigating to https://inblrghma3879ln/

15 Dec 2022 12:21:42 -----------------------------------------------------------------------------------------------------------------------------------------------------------

Username clinical.admin Entered

15 Dec 2022 12:21:42 -----------------------------------------------------------------------------------------------------------------------------------------------------------

Password ******* Entered

15 Dec 2022 12:21:42 -----------------------------------------------------------------------------------------------------------------------------------------------------------

Login Success to https://inblrghma3879ln/ as clinical.admin

15 Dec 2022 13:08:38 -----------------------------------------------------------------------------------------------------------------------------------------------------------

Opening Chrome..

15 Dec 2022 13:08:41 -----------------------------------------------------------------------------------------------------------------------------------------------------------

Navigating to https://inblrghman079ln.rd001.onehc.net/

15 Dec 2022 13:08:42 -----------------------------------------------------------------------------------------------------------------------------------------------------------

Username clinical.admin Entered

15 Dec 2022 13:08:42 -----------------------------------------------------------------------------------------------------------------------------------------------------------

Password ******* Entered

15 Dec 2022 13:08:43 -----------------------------------------------------------------------------------------------------------------------------------------------------------

Login Success to https://inblrghman079ln.rd001.onehc.net/ as clinical.admin
