
9 Jan 2023 07:04:31 -----------------------------------------------------------------------------------------------------------------------------------------------------------

Opening Chrome..

9 Jan 2023 07:04:33 -----------------------------------------------------------------------------------------------------------------------------------------------------------

Navigating to https://inblrghman079ln.rd001.onehc.net/

9 Jan 2023 07:04:35 -----------------------------------------------------------------------------------------------------------------------------------------------------------

Username clinical.admin Entered

9 Jan 2023 07:04:36 -----------------------------------------------------------------------------------------------------------------------------------------------------------

Password ******* Entered

9 Jan 2023 07:04:36 -----------------------------------------------------------------------------------------------------------------------------------------------------------

Login Success to https://inblrghman079ln.rd001.onehc.net/ as clinical.admin

9 Jan 2023 08:12:28 -----------------------------------------------------------------------------------------------------------------------------------------------------------

Opening Chrome..

9 Jan 2023 08:12:30 -----------------------------------------------------------------------------------------------------------------------------------------------------------

Navigating to https://inblrghman079ln.rd001.onehc.net/

9 Jan 2023 08:12:32 -----------------------------------------------------------------------------------------------------------------------------------------------------------

Username clinical.admin Entered

9 Jan 2023 08:12:32 -----------------------------------------------------------------------------------------------------------------------------------------------------------

Password ******* Entered

9 Jan 2023 08:12:32 -----------------------------------------------------------------------------------------------------------------------------------------------------------

Login Success to https://inblrghman079ln.rd001.onehc.net/ as clinical.admin
