
14 Dec 2022 11:07:47 -----------------------------------------------------------------------------------------------------------------------------------------------------------

Opening Chrome..

14 Dec 2022 11:07:49 -----------------------------------------------------------------------------------------------------------------------------------------------------------

Navigating to https://inblrghman079ln.rd001.onehc.net/

14 Dec 2022 11:07:55 -----------------------------------------------------------------------------------------------------------------------------------------------------------

Username clinical.admin Entered

14 Dec 2022 11:07:55 -----------------------------------------------------------------------------------------------------------------------------------------------------------

Password ******* Entered

14 Dec 2022 11:07:55 -----------------------------------------------------------------------------------------------------------------------------------------------------------

Login Success to https://inblrghman079ln.rd001.onehc.net/ as clinical.admin

14 Dec 2022 16:03:57 -----------------------------------------------------------------------------------------------------------------------------------------------------------

Opening Chrome..

14 Dec 2022 16:04:00 -----------------------------------------------------------------------------------------------------------------------------------------------------------

Navigating to https://inblrghvsan10ln/

14 Dec 2022 16:04:07 -----------------------------------------------------------------------------------------------------------------------------------------------------------

Username clinical.admin Entered

14 Dec 2022 16:04:07 -----------------------------------------------------------------------------------------------------------------------------------------------------------

Password ******* Entered

14 Dec 2022 16:04:07 -----------------------------------------------------------------------------------------------------------------------------------------------------------

Login Success to https://inblrghvsan10ln/ as clinical.admin
