
7 Dec 2022 10:06:27 -----------------------------------------------------------------------------------------------------------------------------------------------------------

Build started

7 Dec 2022 10:06:27 -----------------------------------------------------------------------------------------------------------------------------------------------------------

Command run /c cd /d "D:\Old\New\Repos\CDSS Collaboration\Apps.FE.LaunchPage"& ng build --prod  >> "D:\Projects\Deployment.Assistant\Deployment.Assistant\bin\Debug\Logs\Build-Deploy-7-Dec-2022-10-06-09.log" 2>&1
Your global Angular CLI version (14.2.7) is greater than your local version (10.1.3). The local Angular CLI version is used.

To disable this warning use "ng config -g cli.warnings.versionMismatch false".

chunk {} runtime.acf0dec4155e77772545.js (runtime) 1.45 kB [entry] [rendered]
chunk {1} main.4587b563666d12db18c3.js (main) 823 kB [initial] [rendered]
chunk {2} polyfills.9e3547e0b5c91fd3670a.js (polyfills) 179 kB [initial] [rendered]
chunk {3} polyfills-es5.b59f21ac53e4482564d7.js (polyfills-es5) 262 kB [initial] [rendered]
chunk {4} styles.c53f982f07a44d56f956.css (styles) 153 kB [initial] [rendered]
chunk {scripts} scripts.62c4fd509cd4aa85352d.js (scripts) 2.41 MB [entry] [rendered]
Date: 2022-12-07T04:37:13.193Z - Hash: 790095c53e7686b365ff - Time: 36184ms

WARNING in D:\Old\New\Repos\CDSS Collaboration\Apps.FE.LaunchPage\source\app\app.module.ts depends on '@ids/common.ui.base-services.auth-handler'. CommonJS or AMD dependencies can cause optimization bailouts.
For more info see: https://angular.io/guide/build#configuring-commonjs-dependencies

WARNING in D:\Old\New\Repos\CDSS Collaboration\Apps.FE.LaunchPage\node_modules\ngx-virtual-scroller\__ivy_ngcc__\fesm2015\ngx-virtual-scroller.js depends on '@tweenjs/tween.js'. CommonJS or AMD dependencies can cause optimization bailouts.
For more info see: https://angular.io/guide/build#configuring-commonjs-dependencies

7 Dec 2022 10:07:14 -----------------------------------------------------------------------------------------------------------------------------------------------------------

Build Success!

7 Dec 2022 10:07:14 -----------------------------------------------------------------------------------------------------------------------------------------------------------

Copying D:\Old\New\Repos\CDSS Collaboration\Apps.FE.LaunchPage\nginx.conf to D:\Old\New\Repos\CDSS Collaboration\Apps.FE.LaunchPage\dist\nginx.conf

7 Dec 2022 10:07:14 -----------------------------------------------------------------------------------------------------------------------------------------------------------

Successfully copied D:\Old\New\Repos\CDSS Collaboration\Apps.FE.LaunchPage\nginx.conf to D:\Old\New\Repos\CDSS Collaboration\Apps.FE.LaunchPage\dist\nginx.conf

7 Dec 2022 10:07:14 -----------------------------------------------------------------------------------------------------------------------------------------------------------

Copying D:\Old\New\Repos\CDSS Collaboration\Apps.FE.LaunchPage\Dockerfile to D:\Old\New\Repos\CDSS Collaboration\Apps.FE.LaunchPage\dist\Dockerfile

7 Dec 2022 10:07:14 -----------------------------------------------------------------------------------------------------------------------------------------------------------

Successfully copied D:\Old\New\Repos\CDSS Collaboration\Apps.FE.LaunchPage\Dockerfile to D:\Old\New\Repos\CDSS Collaboration\Apps.FE.LaunchPage\dist\Dockerfile

7 Dec 2022 10:07:14 -----------------------------------------------------------------------------------------------------------------------------------------------------------

Building Docker Image

7 Dec 2022 10:07:14 -----------------------------------------------------------------------------------------------------------------------------------------------------------

Command Run /c cd /d D:\Old\New\Repos\CDSS Collaboration\Apps.FE.LaunchPage\dist & docker build . -t launchpage-z004n44u:latest >> "D:\Projects\Deployment.Assistant\Deployment.Assistant\bin\Debug\Logs\Build-Deploy-7-Dec-2022-10-06-09.log" 2>&1
#1 [internal] load build definition from Dockerfile
#1 sha256:da69d3f478cf83586d9af21cbd6cda91d0ac367edbbf3630d7510f875c961eab
#1 transferring dockerfile: 1.10kB 0.0s done
#1 DONE 0.1s

#2 [internal] load .dockerignore
#2 sha256:fb2f46562645f3fdc014463eaef238e4fa806d189a9743352d74695b5eaab17e
#2 transferring context: 2B done
#2 DONE 0.0s

#3 [internal] load metadata for docker.io/library/nginx:latest
#3 sha256:06c466a4eb6821b81bd3e48610e5f38dab858b1e9acb01d6e2f6b11c8fabe6bc
#3 DONE 4.8s

#4 [ 1/14] FROM docker.io/library/nginx:latest@sha256:ab589a3c466e347b1c0573be23356676df90cd7ce2dbf6ec332a5f0a8b5e59db
#4 sha256:cc860b37ef1b0c377d19caa6d7fa21a01c0c26736029cf1194821cee2b2e4287
#4 resolve docker.io/library/nginx:latest@sha256:ab589a3c466e347b1c0573be23356676df90cd7ce2dbf6ec332a5f0a8b5e59db 0.0s done
#4 DONE 0.0s

#6 [internal] load build context
#6 sha256:a3538a34c390523f4800b4756e4e82d1876100a1d96627614d53926bd6d69d4d
#6 transferring context: 4.33MB 0.2s
#6 transferring context: 16.65MB 1.3s done
#6 DONE 1.3s

#17 [13/14] RUN chown -R AIPCNonRootUser:AIPCNonRootUser /etc/nginx
#17 sha256:2e40de94f40e7c31277c3d8b225d90d503ec1165c1dd8960c6b8f4304885ea6a
#17 CACHED

#16 [12/14] RUN chown AIPCNonRootUser /usr/share/nginx/html/
#16 sha256:39b18a08d73e8ba13c9f92a46d52029521dfff6bd28d63e592a67b69d19b21f6
#16 CACHED

#12 [ 8/14] RUN touch /var/run/nginx.pid
#12 sha256:d9f50655e7662c8a6ea54b51b6ddaa04f226b7966deb2f561710623d45c4f8e9
#12 CACHED

#5 [ 2/14] WORKDIR /usr/share/nginx/html
#5 sha256:32aeade892bbe136cf5f74458e7f1b52495640addff6345df146cc769d4d860a
#5 CACHED

#10 [ 6/14] RUN chown -R AIPCNonRootUser:AIPCNonRootUser /var/cache/nginx
#10 sha256:3715f92379a87e7bfc68934cf16aaeec31f6386d82f2d41b23a3339feeb4bf3e
#10 CACHED

#11 [ 7/14] RUN chmod 770 /var/cache/nginx
#11 sha256:0778c4ba7c8dd47ed950b88e94b3517bf5a7611f9ce1b6ab15460086f758e16f
#11 CACHED

#14 [10/14] RUN chmod 770 /var/run/nginx.pid
#14 sha256:c481ac26f438679df6bc03664e9772b89f444eca8a765cdac45bbda6839da7a5
#14 CACHED

#7 [ 3/14] COPY launch-page/ .
#7 sha256:594e528409f2670b7f0f0cdbe85228b7df04606d2b1ec7c12fcca9a0d58cedde
#7 CACHED

#13 [ 9/14] RUN chown -R AIPCNonRootUser:AIPCNonRootUser /var/run/nginx.pid
#13 sha256:d3dab61cc705fddf2135dd35dbecc43e225e5a2da4678a36caddfce68b7bccd1
#13 CACHED

#8 [ 4/14] COPY nginx.conf /etc/nginx/nginx.conf
#8 sha256:a81d83a9c31f7d71d943897fedcda709f82a923a7d5bfdca6cdfa7966bc61cdb
#8 CACHED

#9 [ 5/14] RUN groupadd --gid 1000 AIPCNonRootUser && useradd --uid 1000 --gid 1000 --home-dir /usr/share/AIPCNonRootUser --no-create-home AIPCNonRootUser
#9 sha256:ee41cf9c612bdce5582f85873c1750721341e9a3becd23234a564b77113019fa
#9 CACHED

#15 [11/14] RUN mkdir -p /usr/share/nginx/html/
#15 sha256:f91a24e690fcc229fbc65355f8ebf373f2a17dfb7fc7e493021a661fcbaa42b1
#15 CACHED

#18 [14/14] RUN chmod 770 /etc/nginx
#18 sha256:99fd067410dcfad3b0c40fec6fdf610f2d6950b3199758a0d729d3536dda5721
#18 CACHED

#19 exporting to image
#19 sha256:e8c613e07b0b7ff33893b694f7759a10d42e180f2b4dc349fb57dc6b71dcab00
#19 exporting layers done
#19 writing image sha256:f49474c8c0f59a9990be575e2786e703821ee57c3a1688860ef41ed15be7eb98
#19 writing image sha256:f49474c8c0f59a9990be575e2786e703821ee57c3a1688860ef41ed15be7eb98 done
#19 naming to docker.io/library/launchpage-z004n44u:latest done
#19 DONE 0.1s

Use 'docker scan' to run Snyk tests against images to find vulnerabilities and learn how to fix them

7 Dec 2022 10:07:23 -----------------------------------------------------------------------------------------------------------------------------------------------------------

Docker Build Successful for launchpage-z004n44u:latest

7 Dec 2022 10:07:23 -----------------------------------------------------------------------------------------------------------------------------------------------------------

Tagging Docker Image

7 Dec 2022 10:07:23 -----------------------------------------------------------------------------------------------------------------------------------------------------------

Command Run /c cd /d D:\Old\New\Repos\CDSS Collaboration\Apps.FE.LaunchPage\dist & docker tag launchpage-z004n44u:latest gokarna.azurecr.io/launchpage-z004n44u:latest >> "D:\Projects\Deployment.Assistant\Deployment.Assistant\bin\Debug\Logs\Build-Deploy-7-Dec-2022-10-06-09.log" 2>&1

7 Dec 2022 10:07:23 -----------------------------------------------------------------------------------------------------------------------------------------------------------

Docker Tag Successful to gokarna.azurecr.io/launchpage-z004n44u:latest

7 Dec 2022 10:07:23 -----------------------------------------------------------------------------------------------------------------------------------------------------------

Pushing Docker Image

7 Dec 2022 10:07:23 -----------------------------------------------------------------------------------------------------------------------------------------------------------

Command Run /c cd /d D:\Old\New\Repos\CDSS Collaboration\Apps.FE.LaunchPage\dist & docker push gokarna.azurecr.io/launchpage-z004n44u:latest >> "D:\Projects\Deployment.Assistant\Deployment.Assistant\bin\Debug\Logs\Build-Deploy-7-Dec-2022-10-06-09.log" 2>&1
The push refers to repository [gokarna.azurecr.io/launchpage-z004n44u]
fcba2f39e2be: Preparing
5e2d19659273: Preparing
cab996c7a1d2: Preparing
1f890bb42439: Preparing
7ee37a32056e: Preparing
5e61649e7b15: Preparing
4de65d87b105: Preparing
227614b98ac9: Preparing
2b1f81b374c1: Preparing
11f0bf7ff194: Preparing
b8c9cfb49152: Preparing
e5095a44a8cc: Preparing
5f70bf18a086: Preparing
7b72d5d921cb: Preparing
aa3739f310f5: Preparing
6906edffc609: Preparing
f88642d922a1: Preparing
2842e5d66803: Preparing
b5ebffba54d3: Preparing
2b1f81b374c1: Waiting
227614b98ac9: Waiting
11f0bf7ff194: Waiting
b8c9cfb49152: Waiting
e5095a44a8cc: Waiting
5f70bf18a086: Waiting
7b72d5d921cb: Waiting
aa3739f310f5: Waiting
b5ebffba54d3: Waiting
6906edffc609: Waiting
2842e5d66803: Waiting
f88642d922a1: Waiting
5e61649e7b15: Waiting
4de65d87b105: Waiting
cab996c7a1d2: Layer already exists
1f890bb42439: Layer already exists
5e2d19659273: Layer already exists
fcba2f39e2be: Layer already exists
7ee37a32056e: Layer already exists
227614b98ac9: Layer already exists
4de65d87b105: Layer already exists
5e61649e7b15: Layer already exists
2b1f81b374c1: Layer already exists
11f0bf7ff194: Layer already exists
e5095a44a8cc: Layer already exists
7b72d5d921cb: Layer already exists
b8c9cfb49152: Layer already exists
aa3739f310f5: Layer already exists
f88642d922a1: Layer already exists
6906edffc609: Layer already exists
b5ebffba54d3: Layer already exists
2842e5d66803: Layer already exists
5f70bf18a086: Layer already exists
latest: digest: sha256:627f9b9d534f084cc87e85bbe8441f7169a2dbe9c5e1dd92f6072ad61475eb77 size: 4266

7 Dec 2022 10:07:27 -----------------------------------------------------------------------------------------------------------------------------------------------------------

Docker Push Successful to gokarna.azurecr.io/launchpage-z004n44u:latest

7 Dec 2022 10:07:27 -----------------------------------------------------------------------------------------------------------------------------------------------------------

Connecting to inblrghma3879ln

7 Dec 2022 10:07:28 -----------------------------------------------------------------------------------------------------------------------------------------------------------

Successfully connected to inblrghma3879ln

7 Dec 2022 10:07:28 -----------------------------------------------------------------------------------------------------------------------------------------------------------

Command Run : kubectl get pods -n ai-pc-product

7 Dec 2022 10:07:29 -----------------------------------------------------------------------------------------------------------------------------------------------------------

NAME                                           READY   STATUS    RESTARTS   AGE
amp-manager-5b987cb97-lr7kg                    1/1     Running   0          51d
auditlogservice-5f4d6fbb9d-dx5f7               1/1     Running   0          51d
authservice-88f9fd758-jjhfd                    1/1     Running   0          50d
cad-fe-d4476f687-l2r9z                         1/1     Running   0          51d
cadbackendservice-7fd4d7888c-vmhtn             1/1     Running   0          2d2h
cadconcordanceservice-557d99d97f-f2z4k         1/1     Running   0          51d
cadriskcalculatorservice-56d6946d7d-2qrkh      1/1     Running   0          51d
chest-pain-fe-7b6df85c7-hmfpp                  1/1     Running   0          154m
configurationservice-5459457fc6-lnq2h          1/1     Running   0          51d
csvreaderservice-5f694dc8db-t9f9g              1/1     Running   0          51d
dicommetadata-74fb96f86f-9pqgm                 1/1     Running   0          51d
doc-import-54bf99db6-xrrg9                     1/1     Running   0          50d
error-reporting-device-75c754b79f-qggfq        1/1     Running   0          50d
export-orchestrator-597cbcccf7-s4snn           1/1     Running   0          50d
fhir-78f89876d4-g9glk                          1/1     Running   0          51d
fhir-document-parser-device-67755f977f-bhtm5   1/1     Running   0          51d
fhir-export-device-67b6fd978c-n9snp            1/1     Running   0          50d
fhir-import-7767fc8db8-4tr9x                   1/1     Running   0          50d
filesystem-export-device-5bd7c9ccd-g5w7g       1/1     Running   0          50d
imageaccessservice-775ddb6cfd-dht2s            1/1     Running   0          51d
import-orchestrator-6b95cf8fdf-w5qhv           1/1     Running   0          50d
launchpage-5cc54bd746-2989q                    1/1     Running   0          152m
launchpageservice-6fd95678cf-7mddr             1/1     Running   0          3d14h
licenseservice-bdd94577b-hcdmh                 1/1     Running   0          50d
logger-5695b4657c-f56kx                        1/1     Running   0          51d
loginpage-5d8c7bcffb-ldxtq                     1/1     Running   0          51d
nlpaccessservice-5758cc4845-7ssjp              1/1     Running   0          51d
nlpfhirrenderer-77f4d48f96-x95nq               1/1     Running   0          51d
pacs-connector-7dc5c6799c-fq2rm                1/1     Running   0          50d
patientdeleteservice-559d74b5bf-sdgsj          1/1     Running   0          18d
postgres-c5cbf997f-9wztv                       1/1     Running   0          51d
rabbitmq-859b96c59d-85grj                      1/1     Running   0          51d
report-type-converter-7f6f784d75-r2l82         1/1     Running   0          50d
reportconverter-5d8cf5647b-d4c9f               1/1     Running   0          51d
reportcreationservice-5c48c6b4df-cb5fv         1/1     Running   0          51d
reverse-proxy-69f5b4d855-jdhg2                 1/1     Running   0          51d
ruleengineservice-5bbb6ddfd4-zv99r             1/1     Running   0          51d
settingsui-6849c4c946-sfj4r                    1/1     Running   0          51d
snomedqueryservice-5cf86455d9-jm8jr            1/1     Running   0          51d
tika-5776fb956-tfkjt                           1/1     Running   0          51d
unitconversionservice-68bb5f5c96-9wnlv         1/1     Running   0          51d


7 Dec 2022 10:07:29 -----------------------------------------------------------------------------------------------------------------------------------------------------------

Command Run : kubectl set image deployment/launchpage launchpage=gokarna.azurecr.io/launchpage-z004n44u:latest -n ai-pc-product

7 Dec 2022 10:07:29 -----------------------------------------------------------------------------------------------------------------------------------------------------------

deployment.apps/launchpage image updated


7 Dec 2022 10:07:29 -----------------------------------------------------------------------------------------------------------------------------------------------------------

Command Run : kubectl delete pod launchpage-5cc54bd746-2989q -n ai-pc-product

7 Dec 2022 10:08:12 -----------------------------------------------------------------------------------------------------------------------------------------------------------

pod "launchpage-5cc54bd746-2989q" deleted


7 Dec 2022 10:08:12 -----------------------------------------------------------------------------------------------------------------------------------------------------------

NAME                                           READY   STATUS    RESTARTS   AGE
amp-manager-5b987cb97-lr7kg                    1/1     Running   0          51d
auditlogservice-5f4d6fbb9d-dx5f7               1/1     Running   0          51d
authservice-88f9fd758-jjhfd                    1/1     Running   0          50d
cad-fe-d4476f687-l2r9z                         1/1     Running   0          51d
cadbackendservice-7fd4d7888c-vmhtn             1/1     Running   0          2d2h
cadconcordanceservice-557d99d97f-f2z4k         1/1     Running   0          51d
cadriskcalculatorservice-56d6946d7d-2qrkh      1/1     Running   0          51d
chest-pain-fe-5f5fd449df-w6brp                 1/1     Running   0          41s
configurationservice-5459457fc6-lnq2h          1/1     Running   0          51d
csvreaderservice-5f694dc8db-t9f9g              1/1     Running   0          51d
dicommetadata-74fb96f86f-9pqgm                 1/1     Running   0          51d
doc-import-54bf99db6-xrrg9                     1/1     Running   0          50d
error-reporting-device-75c754b79f-qggfq        1/1     Running   0          50d
export-orchestrator-597cbcccf7-s4snn           1/1     Running   0          50d
fhir-78f89876d4-g9glk                          1/1     Running   0          51d
fhir-document-parser-device-67755f977f-bhtm5   1/1     Running   0          51d
fhir-export-device-67b6fd978c-n9snp            1/1     Running   0          50d
fhir-import-7767fc8db8-4tr9x                   1/1     Running   0          50d
filesystem-export-device-5bd7c9ccd-g5w7g       1/1     Running   0          50d
imageaccessservice-775ddb6cfd-dht2s            1/1     Running   0          51d
import-orchestrator-6b95cf8fdf-w5qhv           1/1     Running   0          50d
launchpage-5cf87bbf4c-mdfmr                    1/1     Running   0          43s
launchpageservice-6fd95678cf-7mddr             1/1     Running   0          3d14h
licenseservice-bdd94577b-hcdmh                 1/1     Running   0          50d
logger-5695b4657c-f56kx                        1/1     Running   0          51d
loginpage-5d8c7bcffb-ldxtq                     1/1     Running   0          51d
nlpaccessservice-5758cc4845-7ssjp              1/1     Running   0          51d
nlpfhirrenderer-77f4d48f96-x95nq               1/1     Running   0          51d
pacs-connector-7dc5c6799c-fq2rm                1/1     Running   0          50d
patientdeleteservice-559d74b5bf-sdgsj          1/1     Running   0          18d
postgres-c5cbf997f-9wztv                       1/1     Running   0          51d
rabbitmq-859b96c59d-85grj                      1/1     Running   0          51d
report-type-converter-7f6f784d75-r2l82         1/1     Running   0          50d
reportconverter-5d8cf5647b-d4c9f               1/1     Running   0          51d
reportcreationservice-5c48c6b4df-cb5fv         1/1     Running   0          51d
reverse-proxy-69f5b4d855-jdhg2                 1/1     Running   0          51d
ruleengineservice-5bbb6ddfd4-zv99r             1/1     Running   0          51d
settingsui-6849c4c946-sfj4r                    1/1     Running   0          51d
snomedqueryservice-5cf86455d9-jm8jr            1/1     Running   0          51d
tika-5776fb956-tfkjt                           1/1     Running   0          51d
unitconversionservice-68bb5f5c96-9wnlv         1/1     Running   0          51d


7 Dec 2022 10:08:12 -----------------------------------------------------------------------------------------------------------------------------------------------------------

Deployment Successful!

7 Dec 2022 10:08:14 -----------------------------------------------------------------------------------------------------------------------------------------------------------

Opening Chrome..

7 Dec 2022 10:08:17 -----------------------------------------------------------------------------------------------------------------------------------------------------------

Navigating to https://inblrghma3879ln/

7 Dec 2022 10:08:22 -----------------------------------------------------------------------------------------------------------------------------------------------------------

Username clinical.admin Entered

7 Dec 2022 10:08:22 -----------------------------------------------------------------------------------------------------------------------------------------------------------

Password ******* Entered

7 Dec 2022 10:08:22 -----------------------------------------------------------------------------------------------------------------------------------------------------------

Login Success to https://inblrghma3879ln/ as clinical.admin
