
19 Dec 2022 08:43:16 -----------------------------------------------------------------------------------------------------------------------------------------------------------

Opening Chrome..

19 Dec 2022 08:43:20 -----------------------------------------------------------------------------------------------------------------------------------------------------------

Navigating to https://inblrghman079ln.rd001.onehc.net/

19 Dec 2022 08:43:32 -----------------------------------------------------------------------------------------------------------------------------------------------------------

Username clinical.admin Entered

19 Dec 2022 08:43:32 -----------------------------------------------------------------------------------------------------------------------------------------------------------

Password ******* Entered

19 Dec 2022 08:43:33 -----------------------------------------------------------------------------------------------------------------------------------------------------------

Login Success to https://inblrghman079ln.rd001.onehc.net/ as clinical.admin

19 Dec 2022 09:26:49 -----------------------------------------------------------------------------------------------------------------------------------------------------------

Opening Chrome..

19 Dec 2022 09:26:50 -----------------------------------------------------------------------------------------------------------------------------------------------------------

Navigating to https://inblrghma3879ln/

19 Dec 2022 09:26:59 -----------------------------------------------------------------------------------------------------------------------------------------------------------

Username clinical.admin Entered

19 Dec 2022 09:26:59 -----------------------------------------------------------------------------------------------------------------------------------------------------------

Password ******* Entered

19 Dec 2022 09:26:59 -----------------------------------------------------------------------------------------------------------------------------------------------------------

Login Success to https://inblrghma3879ln/ as clinical.admin

19 Dec 2022 10:23:26 -----------------------------------------------------------------------------------------------------------------------------------------------------------

Opening Chrome..

19 Dec 2022 10:23:30 -----------------------------------------------------------------------------------------------------------------------------------------------------------

Navigating to https://inblrghma3879ln/

19 Dec 2022 10:23:41 -----------------------------------------------------------------------------------------------------------------------------------------------------------

Username clinical.admin Entered

19 Dec 2022 10:23:41 -----------------------------------------------------------------------------------------------------------------------------------------------------------

Password ******* Entered

19 Dec 2022 10:23:41 -----------------------------------------------------------------------------------------------------------------------------------------------------------

Login Success to https://inblrghma3879ln/ as clinical.admin
