
9 Jan 2023 08:52:40 -----------------------------------------------------------------------------------------------------------------------------------------------------------

Opening Chrome..

9 Jan 2023 08:52:42 -----------------------------------------------------------------------------------------------------------------------------------------------------------

Navigating to https://inblrghma3879ln/

9 Jan 2023 08:52:45 -----------------------------------------------------------------------------------------------------------------------------------------------------------

Username clinical.admin Entered

9 Jan 2023 08:52:45 -----------------------------------------------------------------------------------------------------------------------------------------------------------

Password ******* Entered

9 Jan 2023 08:52:46 -----------------------------------------------------------------------------------------------------------------------------------------------------------

Login Success to https://inblrghma3879ln/ as clinical.admin

9 Jan 2023 08:57:51 -----------------------------------------------------------------------------------------------------------------------------------------------------------

Build started

9 Jan 2023 08:57:51 -----------------------------------------------------------------------------------------------------------------------------------------------------------

Command run /c cd /d "D:\Repos\Compare\Apps.FE.LaunchPage"& ng build --prod  >> "D:\Projects\Deployment.Assistant\Deployment.Assistant\bin\Debug\Logs\Build-Deploy-9-Jan-2023-08-52-38.log" 2>&1
Your global Angular CLI version (14.2.7) is greater than your local version (10.1.3). The local Angular CLI version is used.

To disable this warning use "ng config -g cli.warnings.versionMismatch false".

chunk {} runtime.acf0dec4155e77772545.js (runtime) 1.45 kB [entry] [rendered]
chunk {1} main.f3f3d2b96b7cd59d57a8.js (main) 781 kB [initial] [rendered]
chunk {2} polyfills.29c51e94830fd57b2d05.js (polyfills) 179 kB [initial] [rendered]
chunk {3} polyfills-es5.d6f801260341d3b50649.js (polyfills-es5) 262 kB [initial] [rendered]
chunk {4} styles.c53f982f07a44d56f956.css (styles) 153 kB [initial] [rendered]
chunk {scripts} scripts.62c4fd509cd4aa85352d.js (scripts) 2.41 MB [entry] [rendered]
Date: 2023-01-09T03:28:37.043Z - Hash: 88e4725423d13d51637f - Time: 37146ms

WARNING in D:\Repos\Compare\Apps.FE.LaunchPage\source\app\app.module.ts depends on '@ids/common.ui.base-services.auth-handler'. CommonJS or AMD dependencies can cause optimization bailouts.
For more info see: https://angular.io/guide/build#configuring-commonjs-dependencies

WARNING in D:\Repos\Compare\Apps.FE.LaunchPage\node_modules\ngx-virtual-scroller\__ivy_ngcc__\fesm2015\ngx-virtual-scroller.js depends on '@tweenjs/tween.js'. CommonJS or AMD dependencies can cause optimization bailouts.
For more info see: https://angular.io/guide/build#configuring-commonjs-dependencies

9 Jan 2023 08:58:38 -----------------------------------------------------------------------------------------------------------------------------------------------------------

Build Success!

9 Jan 2023 08:58:38 -----------------------------------------------------------------------------------------------------------------------------------------------------------

Copying D:\Repos\Compare\Apps.FE.LaunchPage\nginx.conf to D:\Repos\Compare\Apps.FE.LaunchPage\dist\nginx.conf

9 Jan 2023 08:58:38 -----------------------------------------------------------------------------------------------------------------------------------------------------------

Successfully copied D:\Repos\Compare\Apps.FE.LaunchPage\nginx.conf to D:\Repos\Compare\Apps.FE.LaunchPage\dist\nginx.conf

9 Jan 2023 08:58:38 -----------------------------------------------------------------------------------------------------------------------------------------------------------

Copying D:\Repos\Compare\Apps.FE.LaunchPage\Dockerfile to D:\Repos\Compare\Apps.FE.LaunchPage\dist\Dockerfile

9 Jan 2023 08:58:38 -----------------------------------------------------------------------------------------------------------------------------------------------------------

Successfully copied D:\Repos\Compare\Apps.FE.LaunchPage\Dockerfile to D:\Repos\Compare\Apps.FE.LaunchPage\dist\Dockerfile

9 Jan 2023 08:58:38 -----------------------------------------------------------------------------------------------------------------------------------------------------------

Building Docker Image

9 Jan 2023 08:58:38 -----------------------------------------------------------------------------------------------------------------------------------------------------------

Command Run /c cd /d D:\Repos\Compare\Apps.FE.LaunchPage\dist & docker build . -t launchpage-z004n44u:latest >> "D:\Projects\Deployment.Assistant\Deployment.Assistant\bin\Debug\Logs\Build-Deploy-9-Jan-2023-08-52-38.log" 2>&1
error during connect: This error may indicate that the docker daemon is not running.: Post "http://%2F%2F.%2Fpipe%2Fdocker_engine/v1.24/build?buildargs=%7B%7D&cachefrom=%5B%5D&cgroupparent=&cpuperiod=0&cpuquota=0&cpusetcpus=&cpusetmems=&cpushares=0&dockerfile=Dockerfile&labels=%7B%7D&memory=0&memswap=0&networkmode=default&rm=1&shmsize=0&t=launchpage-z004n44u%3Alatest&target=&ulimits=null&version=1": open //./pipe/docker_engine: The system cannot find the file specified.

9 Jan 2023 08:58:46 -----------------------------------------------------------------------------------------------------------------------------------------------------------

Docker Build Failed for launchpage-z004n44u:latest

9 Jan 2023 08:58:46 -----------------------------------------------------------------------------------------------------------------------------------------------------------

Docker is not running on your machine!

Start Docker and restart the process again

9 Jan 2023 09:07:17 -----------------------------------------------------------------------------------------------------------------------------------------------------------

Build started

9 Jan 2023 09:07:17 -----------------------------------------------------------------------------------------------------------------------------------------------------------

Command run /c cd /d "D:\Repos\Compare\Apps.FE.LaunchPage"& ng build --prod  >> "D:\Projects\Deployment.Assistant\Deployment.Assistant\bin\Debug\Logs\Build-Deploy-9-Jan-2023-08-52-38.log" 2>&1
Your global Angular CLI version (14.2.7) is greater than your local version (10.1.3). The local Angular CLI version is used.

To disable this warning use "ng config -g cli.warnings.versionMismatch false".

chunk {} runtime.acf0dec4155e77772545.js (runtime) 1.45 kB [entry] [rendered]
chunk {1} main.9941d01e0c1973c4cca8.js (main) 781 kB [initial] [rendered]
chunk {2} polyfills.29c51e94830fd57b2d05.js (polyfills) 179 kB [initial] [rendered]
chunk {3} polyfills-es5.d6f801260341d3b50649.js (polyfills-es5) 262 kB [initial] [rendered]
chunk {4} styles.c53f982f07a44d56f956.css (styles) 153 kB [initial] [rendered]
chunk {scripts} scripts.62c4fd509cd4aa85352d.js (scripts) 2.41 MB [entry] [rendered]
Date: 2023-01-09T03:37:53.561Z - Hash: fb83fa9d70cbe3754761 - Time: 30487ms

WARNING in D:\Repos\Compare\Apps.FE.LaunchPage\source\app\app.module.ts depends on '@ids/common.ui.base-services.auth-handler'. CommonJS or AMD dependencies can cause optimization bailouts.
For more info see: https://angular.io/guide/build#configuring-commonjs-dependencies

WARNING in D:\Repos\Compare\Apps.FE.LaunchPage\node_modules\ngx-virtual-scroller\__ivy_ngcc__\fesm2015\ngx-virtual-scroller.js depends on '@tweenjs/tween.js'. CommonJS or AMD dependencies can cause optimization bailouts.
For more info see: https://angular.io/guide/build#configuring-commonjs-dependencies

9 Jan 2023 09:07:54 -----------------------------------------------------------------------------------------------------------------------------------------------------------

Build Success!

9 Jan 2023 09:07:54 -----------------------------------------------------------------------------------------------------------------------------------------------------------

Copying D:\Repos\Compare\Apps.FE.LaunchPage\nginx.conf to D:\Repos\Compare\Apps.FE.LaunchPage\dist\nginx.conf

9 Jan 2023 09:07:54 -----------------------------------------------------------------------------------------------------------------------------------------------------------

Successfully copied D:\Repos\Compare\Apps.FE.LaunchPage\nginx.conf to D:\Repos\Compare\Apps.FE.LaunchPage\dist\nginx.conf

9 Jan 2023 09:07:54 -----------------------------------------------------------------------------------------------------------------------------------------------------------

Copying D:\Repos\Compare\Apps.FE.LaunchPage\Dockerfile to D:\Repos\Compare\Apps.FE.LaunchPage\dist\Dockerfile

9 Jan 2023 09:07:54 -----------------------------------------------------------------------------------------------------------------------------------------------------------

Successfully copied D:\Repos\Compare\Apps.FE.LaunchPage\Dockerfile to D:\Repos\Compare\Apps.FE.LaunchPage\dist\Dockerfile

9 Jan 2023 09:07:54 -----------------------------------------------------------------------------------------------------------------------------------------------------------

Building Docker Image

9 Jan 2023 09:07:54 -----------------------------------------------------------------------------------------------------------------------------------------------------------

Command Run /c cd /d D:\Repos\Compare\Apps.FE.LaunchPage\dist & docker build . -t launchpage-z004n44u:latest >> "D:\Projects\Deployment.Assistant\Deployment.Assistant\bin\Debug\Logs\Build-Deploy-9-Jan-2023-08-52-38.log" 2>&1
#1 [internal] load build definition from Dockerfile
#1 sha256:8bea9fe19cf6ce54a7c99e2ea8a89fb5d8b1c1c9c3801032b03713652d6056aa
#1 transferring dockerfile: 1.10kB done
#1 DONE 0.0s

#2 [internal] load .dockerignore
#2 sha256:e3e3690ce5f28c55f9f957bd07ad27c646f73c64ee0b981fe20003dbf5232c9c
#2 transferring context: 2B done
#2 DONE 0.0s

#3 [internal] load metadata for docker.io/library/nginx:latest
#3 sha256:06c466a4eb6821b81bd3e48610e5f38dab858b1e9acb01d6e2f6b11c8fabe6bc
#3 DONE 4.4s

#4 [ 1/14] FROM docker.io/library/nginx:latest@sha256:0047b729188a15da49380d9506d65959cce6d40291ccfb4e039f5dc7efd33286
#4 sha256:e7bed6aad7b09384eb5e7b7d3e639dafd578232c7fddeff5c60a35fd9c7f8488
#4 DONE 0.0s

#6 [internal] load build context
#6 sha256:8008fc647bd7dba65769e9192aa59c7a9296abe9b811c6f971cb179bd2b86f6f
#6 transferring context: 9.89MB 0.6s
#6 transferring context: 28.67MB 1.4s done
#6 DONE 1.4s

#5 [ 2/14] WORKDIR /usr/share/nginx/html
#5 sha256:977fd11ad066f17453839ddaf396516d5ca43c79c768c95bdf95a39d38091104
#5 CACHED

#7 [ 3/14] COPY launch-page/ .
#7 sha256:4cf9cab8c47a219125dc6d7208f179409e8d4900ca23f4fab962de23c0b701e1
#7 DONE 0.1s

#8 [ 4/14] COPY nginx.conf /etc/nginx/nginx.conf
#8 sha256:f78cee2c0f988f536b703db564bb314072bdc27fe02703e4b3610d178049d1d0
#8 DONE 0.1s

#9 [ 5/14] RUN groupadd --gid 1000 AIPCNonRootUser && useradd --uid 1000 --gid 1000 --home-dir /usr/share/AIPCNonRootUser --no-create-home AIPCNonRootUser
#9 sha256:fa676de1e54fac362af05c575cc7890dfff8d5c7fbbbef9a1a3711d34ca2815f
#9 DONE 0.5s

#10 [ 6/14] RUN chown -R AIPCNonRootUser:AIPCNonRootUser /var/cache/nginx
#10 sha256:5f673590d6bee744053ddfda15fe43898927fc43e3e77abd698b3f19ab6425f3
#10 DONE 0.5s

#11 [ 7/14] RUN chmod 770 /var/cache/nginx
#11 sha256:f74a3d091caf46255370bf30223939e8745a5e0bf72bd05487ce7b672937177c
#11 DONE 0.6s

#12 [ 8/14] RUN touch /var/run/nginx.pid
#12 sha256:2fed3387cc56ce958be6f67696f658c5278551ebcb87a47e01c9e4791e3c27ae
#12 DONE 0.6s

#13 [ 9/14] RUN chown -R AIPCNonRootUser:AIPCNonRootUser /var/run/nginx.pid
#13 sha256:11fc136ecc51c27fb3f83241d9e69710e7b43abda371b7380471dadae20747c7
#13 DONE 0.6s

#14 [10/14] RUN chmod 770 /var/run/nginx.pid
#14 sha256:3197dfad99cf4a5f861b01fcf2e3c6f6db99d2c13bd0301aac8bbc4973171cdf
#14 DONE 0.6s

#15 [11/14] RUN mkdir -p /usr/share/nginx/html/
#15 sha256:533ad1844fd8867555948f008d59446db9198fac8c1edfb64c97ec100b4472f4
#15 DONE 0.5s

#16 [12/14] RUN chown AIPCNonRootUser /usr/share/nginx/html/
#16 sha256:298f35dd79f719049a4a0e7286afd86dd850508e900c97ff060096033427e853
#16 DONE 0.5s

#17 [13/14] RUN chown -R AIPCNonRootUser:AIPCNonRootUser /etc/nginx
#17 sha256:773e2f01579009d15324d91b86570e5e35627492a6c858c7640842f99a1d653e
#17 DONE 0.6s

#18 [14/14] RUN chmod 770 /etc/nginx
#18 sha256:db03aa5bc7ae776dfece1bcec96601af11d3db032d46da382393ddea1aabc85d
#18 DONE 0.6s

#19 exporting to image
#19 sha256:e8c613e07b0b7ff33893b694f7759a10d42e180f2b4dc349fb57dc6b71dcab00
#19 exporting layers
#19 exporting layers 0.4s done
#19 writing image sha256:564aa48631afe69d082533ed392d425bd3d5f04dee962241371ddd01b1f013b3 done
#19 naming to docker.io/library/launchpage-z004n44u:latest done
#19 DONE 0.4s

Use 'docker scan' to run Snyk tests against images to find vulnerabilities and learn how to fix them

9 Jan 2023 09:08:08 -----------------------------------------------------------------------------------------------------------------------------------------------------------

Docker Build Successful for launchpage-z004n44u:latest

9 Jan 2023 09:08:08 -----------------------------------------------------------------------------------------------------------------------------------------------------------

Tagging Docker Image

9 Jan 2023 09:08:08 -----------------------------------------------------------------------------------------------------------------------------------------------------------

Command Run /c cd /d D:\Repos\Compare\Apps.FE.LaunchPage\dist & docker tag launchpage-z004n44u:latest gokarna.azurecr.io/launchpage-z004n44u:latest >> "D:\Projects\Deployment.Assistant\Deployment.Assistant\bin\Debug\Logs\Build-Deploy-9-Jan-2023-08-52-38.log" 2>&1

9 Jan 2023 09:08:08 -----------------------------------------------------------------------------------------------------------------------------------------------------------

Docker Tag Successful to gokarna.azurecr.io/launchpage-z004n44u:latest

9 Jan 2023 09:08:08 -----------------------------------------------------------------------------------------------------------------------------------------------------------

Pushing Docker Image

9 Jan 2023 09:08:08 -----------------------------------------------------------------------------------------------------------------------------------------------------------

Command Run /c cd /d D:\Repos\Compare\Apps.FE.LaunchPage\dist & docker push gokarna.azurecr.io/launchpage-z004n44u:latest >> "D:\Projects\Deployment.Assistant\Deployment.Assistant\bin\Debug\Logs\Build-Deploy-9-Jan-2023-08-52-38.log" 2>&1
The push refers to repository [gokarna.azurecr.io/launchpage-z004n44u]
02df5b2e329b: Preparing
bbd966946fb6: Preparing
9cf8e61dc261: Preparing
5cbfa6871e36: Preparing
e6930d924924: Preparing
75e70aa8bfb0: Preparing
c5745a8a3ff5: Preparing
dea5d44c5d77: Preparing
011d32bea556: Preparing
20c60174f83f: Preparing
bcf111ee3548: Preparing
386ca01fa757: Preparing
5f70bf18a086: Preparing
c72d75f45e5b: Preparing
9a0ef04f57f5: Preparing
d13aea24d2cb: Preparing
2b3eec357807: Preparing
2dadbc36c170: Preparing
8a70d251b653: Preparing
75e70aa8bfb0: Waiting
c5745a8a3ff5: Waiting
9a0ef04f57f5: Waiting
d13aea24d2cb: Waiting
2b3eec357807: Waiting
2dadbc36c170: Waiting
c72d75f45e5b: Waiting
8a70d251b653: Waiting
dea5d44c5d77: Waiting
011d32bea556: Waiting
20c60174f83f: Waiting
bcf111ee3548: Waiting
386ca01fa757: Waiting
5f70bf18a086: Waiting
02df5b2e329b: Pushed
5cbfa6871e36: Pushed
e6930d924924: Pushed
bbd966946fb6: Pushed
9cf8e61dc261: Pushed
dea5d44c5d77: Pushed
75e70aa8bfb0: Pushed
c5745a8a3ff5: Pushed
011d32bea556: Pushed
20c60174f83f: Pushed
5f70bf18a086: Layer already exists
c72d75f45e5b: Layer already exists
9a0ef04f57f5: Layer already exists
d13aea24d2cb: Layer already exists
2b3eec357807: Layer already exists
2dadbc36c170: Layer already exists
8a70d251b653: Layer already exists
bcf111ee3548: Pushed
386ca01fa757: Pushed
latest: digest: sha256:bc6c0c2197b4fe2e12bc34ace4ca82ecac5d5a98cfdee730b2703da1c64296b4 size: 4266

9 Jan 2023 09:08:32 -----------------------------------------------------------------------------------------------------------------------------------------------------------

Docker Push Successful to gokarna.azurecr.io/launchpage-z004n44u:latest

9 Jan 2023 09:08:32 -----------------------------------------------------------------------------------------------------------------------------------------------------------

Connecting to inblrghma3879ln

9 Jan 2023 09:08:33 -----------------------------------------------------------------------------------------------------------------------------------------------------------

Successfully connected to inblrghma3879ln

9 Jan 2023 09:08:33 -----------------------------------------------------------------------------------------------------------------------------------------------------------

Command Run : kubectl get pods -n ai-pc-product

9 Jan 2023 09:08:34 -----------------------------------------------------------------------------------------------------------------------------------------------------------

NAME                                           READY   STATUS    RESTARTS   AGE
amp-manager-5b987cb97-76xxg                    1/1     Running   1          18d
auditlogservice-5f4d6fbb9d-4tswt               1/1     Running   0          18d
authservice-88f9fd758-vvp5w                    1/1     Running   0          18d
cad-fe-d4476f687-4vn9b                         1/1     Running   0          18d
cadbackendservice-664c7b6f9f-9gdhv             1/1     Running   0          16m
cadconcordanceservice-557d99d97f-mgffs         1/1     Running   0          18d
cadriskcalculatorservice-56d6946d7d-t7fj5      1/1     Running   0          18d
chest-pain-fe-5f5fd449df-cnpqm                 1/1     Running   0          25h
configurationservice-5459457fc6-qdmv8          1/1     Running   0          18d
csvreaderservice-5f694dc8db-kfhbs              1/1     Running   0          18d
dicommetadata-74fb96f86f-tf6nv                 1/1     Running   0          18d
doc-import-54bf99db6-gtbgs                     1/1     Running   0          18d
error-reporting-device-75c754b79f-k8px2        1/1     Running   0          18d
export-orchestrator-597cbcccf7-vsldx           1/1     Running   0          18d
fhir-78f89876d4-kxmmn                          1/1     Running   0          18d
fhir-document-parser-device-67755f977f-qkcvq   1/1     Running   0          18d
fhir-export-device-67b6fd978c-gpgqs            1/1     Running   0          18d
fhir-import-7767fc8db8-x8xf9                   1/1     Running   0          18d
filesystem-export-device-5bd7c9ccd-nllwd       1/1     Running   0          18d
imageaccessservice-775ddb6cfd-fkgt7            1/1     Running   0          18d
import-orchestrator-6b95cf8fdf-j74jr           1/1     Running   0          18d
launchpage-5cf87bbf4c-rqkv6                    1/1     Running   0          21h
launchpageservice-6bd995c85c-9nz29             1/1     Running   0          16d
licenseservice-bdd94577b-dmzfh                 1/1     Running   0          18d
logger-5695b4657c-klh5x                        1/1     Running   0          18d
loginpage-5d8c7bcffb-9666d                     1/1     Running   0          18d
nlpaccessservice-5758cc4845-gr4jp              1/1     Running   0          18d
nlpfhirrenderer-77f4d48f96-xfpcv               1/1     Running   0          18d
pacs-connector-7dc5c6799c-26zsw                1/1     Running   0          18d
patientdeleteservice-559d74b5bf-tpj4d          1/1     Running   0          18d
postgres-c5cbf997f-5c2th                       1/1     Running   0          18d
rabbitmq-859b96c59d-pqfbg                      1/1     Running   0          18d
report-type-converter-7f6f784d75-ln8nn         1/1     Running   0          18d
reportconverter-5d8cf5647b-vc4jm               1/1     Running   0          18d
reportcreationservice-684fdd7b7d-726zw         1/1     Running   0          33h
reverse-proxy-69f5b4d855-88ncp                 1/1     Running   0          18d
ruleengineservice-5bbb6ddfd4-kkc65             1/1     Running   0          18d
settingsui-6849c4c946-nq9wk                    1/1     Running   0          18d
snomedqueryservice-5cf86455d9-xjhcd            1/1     Running   0          18d
tika-5776fb956-r4rmb                           1/1     Running   0          18d
unitconversionservice-68bb5f5c96-kkdd4         1/1     Running   0          18d


9 Jan 2023 09:08:34 -----------------------------------------------------------------------------------------------------------------------------------------------------------

Command Run : kubectl set image deployment/launchpage launchpage=gokarna.azurecr.io/launchpage-z004n44u:latest -n ai-pc-product

9 Jan 2023 09:08:34 -----------------------------------------------------------------------------------------------------------------------------------------------------------

Command Run : kubectl delete pod launchpage-5cf87bbf4c-rqkv6 -n ai-pc-product

9 Jan 2023 09:09:06 -----------------------------------------------------------------------------------------------------------------------------------------------------------

pod "launchpage-5cf87bbf4c-rqkv6" deleted


9 Jan 2023 09:09:07 -----------------------------------------------------------------------------------------------------------------------------------------------------------

NAME                                           READY   STATUS    RESTARTS   AGE
amp-manager-5b987cb97-76xxg                    1/1     Running   1          18d
auditlogservice-5f4d6fbb9d-4tswt               1/1     Running   0          18d
authservice-88f9fd758-vvp5w                    1/1     Running   0          18d
cad-fe-d4476f687-4vn9b                         1/1     Running   0          18d
cadbackendservice-664c7b6f9f-9gdhv             1/1     Running   0          16m
cadconcordanceservice-557d99d97f-mgffs         1/1     Running   0          18d
cadriskcalculatorservice-56d6946d7d-t7fj5      1/1     Running   0          18d
chest-pain-fe-5f5fd449df-cnpqm                 1/1     Running   0          25h
configurationservice-5459457fc6-qdmv8          1/1     Running   0          18d
csvreaderservice-5f694dc8db-kfhbs              1/1     Running   0          18d
dicommetadata-74fb96f86f-tf6nv                 1/1     Running   0          18d
doc-import-54bf99db6-gtbgs                     1/1     Running   0          18d
error-reporting-device-75c754b79f-k8px2        1/1     Running   0          18d
export-orchestrator-597cbcccf7-vsldx           1/1     Running   0          18d
fhir-78f89876d4-kxmmn                          1/1     Running   0          18d
fhir-document-parser-device-67755f977f-qkcvq   1/1     Running   0          18d
fhir-export-device-67b6fd978c-gpgqs            1/1     Running   0          18d
fhir-import-7767fc8db8-x8xf9                   1/1     Running   0          18d
filesystem-export-device-5bd7c9ccd-nllwd       1/1     Running   0          18d
imageaccessservice-775ddb6cfd-fkgt7            1/1     Running   0          18d
import-orchestrator-6b95cf8fdf-j74jr           1/1     Running   0          18d
launchpage-5cf87bbf4c-rm7fc                    1/1     Running   0          32s
launchpageservice-6bd995c85c-9nz29             1/1     Running   0          16d
licenseservice-bdd94577b-dmzfh                 1/1     Running   0          18d
logger-5695b4657c-klh5x                        1/1     Running   0          18d
loginpage-5d8c7bcffb-9666d                     1/1     Running   0          18d
nlpaccessservice-5758cc4845-gr4jp              1/1     Running   0          18d
nlpfhirrenderer-77f4d48f96-xfpcv               1/1     Running   0          18d
pacs-connector-7dc5c6799c-26zsw                1/1     Running   0          18d
patientdeleteservice-559d74b5bf-tpj4d          1/1     Running   0          18d
postgres-c5cbf997f-5c2th                       1/1     Running   0          18d
rabbitmq-859b96c59d-pqfbg                      1/1     Running   0          18d
report-type-converter-7f6f784d75-ln8nn         1/1     Running   0          18d
reportconverter-5d8cf5647b-vc4jm               1/1     Running   0          18d
reportcreationservice-684fdd7b7d-726zw         1/1     Running   0          33h
reverse-proxy-69f5b4d855-88ncp                 1/1     Running   0          18d
ruleengineservice-5bbb6ddfd4-kkc65             1/1     Running   0          18d
settingsui-6849c4c946-nq9wk                    1/1     Running   0          18d
snomedqueryservice-5cf86455d9-xjhcd            1/1     Running   0          18d
tika-5776fb956-r4rmb                           1/1     Running   0          18d
unitconversionservice-68bb5f5c96-kkdd4         1/1     Running   0          18d


9 Jan 2023 09:09:07 -----------------------------------------------------------------------------------------------------------------------------------------------------------

Deployment Successful!

9 Jan 2023 09:11:02 -----------------------------------------------------------------------------------------------------------------------------------------------------------

Opening Chrome..

9 Jan 2023 09:11:04 -----------------------------------------------------------------------------------------------------------------------------------------------------------

Navigating to https://inblrghma3879ln/

9 Jan 2023 09:11:06 -----------------------------------------------------------------------------------------------------------------------------------------------------------

Username clinical.admin Entered

9 Jan 2023 09:11:06 -----------------------------------------------------------------------------------------------------------------------------------------------------------

Password ******* Entered

9 Jan 2023 09:11:06 -----------------------------------------------------------------------------------------------------------------------------------------------------------

Login Success to https://inblrghma3879ln/ as clinical.admin

9 Jan 2023 09:15:02 -----------------------------------------------------------------------------------------------------------------------------------------------------------

Build started

9 Jan 2023 09:15:02 -----------------------------------------------------------------------------------------------------------------------------------------------------------

Command run /c cd /d "D:\Repos\Compare\Apps.FE.LaunchPage"& ng build --prod  >> "D:\Projects\Deployment.Assistant\Deployment.Assistant\bin\Debug\Logs\Build-Deploy-9-Jan-2023-08-52-38.log" 2>&1
Your global Angular CLI version (14.2.7) is greater than your local version (10.1.3). The local Angular CLI version is used.

To disable this warning use "ng config -g cli.warnings.versionMismatch false".

chunk {} runtime.acf0dec4155e77772545.js (runtime) 1.45 kB [entry] [rendered]
chunk {1} main.c4719beeeab6b610f339.js (main) 781 kB [initial] [rendered]
chunk {2} polyfills.29c51e94830fd57b2d05.js (polyfills) 179 kB [initial] [rendered]
chunk {3} polyfills-es5.d6f801260341d3b50649.js (polyfills-es5) 262 kB [initial] [rendered]
chunk {4} styles.c53f982f07a44d56f956.css (styles) 153 kB [initial] [rendered]
chunk {scripts} scripts.62c4fd509cd4aa85352d.js (scripts) 2.41 MB [entry] [rendered]
Date: 2023-01-09T03:45:36.528Z - Hash: 078baad7bba5fa49662f - Time: 28413ms

WARNING in D:\Repos\Compare\Apps.FE.LaunchPage\source\app\app.module.ts depends on '@ids/common.ui.base-services.auth-handler'. CommonJS or AMD dependencies can cause optimization bailouts.
For more info see: https://angular.io/guide/build#configuring-commonjs-dependencies

WARNING in D:\Repos\Compare\Apps.FE.LaunchPage\node_modules\ngx-virtual-scroller\__ivy_ngcc__\fesm2015\ngx-virtual-scroller.js depends on '@tweenjs/tween.js'. CommonJS or AMD dependencies can cause optimization bailouts.
For more info see: https://angular.io/guide/build#configuring-commonjs-dependencies

9 Jan 2023 09:15:37 -----------------------------------------------------------------------------------------------------------------------------------------------------------

Build Success!

9 Jan 2023 09:15:37 -----------------------------------------------------------------------------------------------------------------------------------------------------------

Copying D:\Repos\Compare\Apps.FE.LaunchPage\nginx.conf to D:\Repos\Compare\Apps.FE.LaunchPage\dist\nginx.conf

9 Jan 2023 09:15:37 -----------------------------------------------------------------------------------------------------------------------------------------------------------

Successfully copied D:\Repos\Compare\Apps.FE.LaunchPage\nginx.conf to D:\Repos\Compare\Apps.FE.LaunchPage\dist\nginx.conf

9 Jan 2023 09:15:37 -----------------------------------------------------------------------------------------------------------------------------------------------------------

Copying D:\Repos\Compare\Apps.FE.LaunchPage\Dockerfile to D:\Repos\Compare\Apps.FE.LaunchPage\dist\Dockerfile

9 Jan 2023 09:15:37 -----------------------------------------------------------------------------------------------------------------------------------------------------------

Successfully copied D:\Repos\Compare\Apps.FE.LaunchPage\Dockerfile to D:\Repos\Compare\Apps.FE.LaunchPage\dist\Dockerfile

9 Jan 2023 09:15:37 -----------------------------------------------------------------------------------------------------------------------------------------------------------

Building Docker Image

9 Jan 2023 09:15:37 -----------------------------------------------------------------------------------------------------------------------------------------------------------

Command Run /c cd /d D:\Repos\Compare\Apps.FE.LaunchPage\dist & docker build . -t launchpage-z004n44u:latest >> "D:\Projects\Deployment.Assistant\Deployment.Assistant\bin\Debug\Logs\Build-Deploy-9-Jan-2023-08-52-38.log" 2>&1
#1 [internal] load build definition from Dockerfile
#1 sha256:749eed43a59922183c9bfeed96e94b889e7a9382a3e391c00f3abb67a9882655
#1 transferring dockerfile: 32B done
#1 DONE 0.0s

#2 [internal] load .dockerignore
#2 sha256:79c9aafcb3d27ac9f63657b797637acd27837e27cd803247bfe3dc6e9f4669d1
#2 transferring context: 2B done
#2 DONE 0.0s

#3 [internal] load metadata for docker.io/library/nginx:latest
#3 sha256:06c466a4eb6821b81bd3e48610e5f38dab858b1e9acb01d6e2f6b11c8fabe6bc
#3 DONE 3.6s

#4 [ 1/14] FROM docker.io/library/nginx:latest@sha256:0047b729188a15da49380d9506d65959cce6d40291ccfb4e039f5dc7efd33286
#4 sha256:e7bed6aad7b09384eb5e7b7d3e639dafd578232c7fddeff5c60a35fd9c7f8488
#4 DONE 0.0s

#6 [internal] load build context
#6 sha256:1a9701a0ae3bfff931dc7454feddbf25ca9724420464e431bd13c92468be1269
#6 transferring context: 5.11MB 0.4s done
#6 DONE 0.4s

#5 [ 2/14] WORKDIR /usr/share/nginx/html
#5 sha256:977fd11ad066f17453839ddaf396516d5ca43c79c768c95bdf95a39d38091104
#5 CACHED

#7 [ 3/14] COPY launch-page/ .
#7 sha256:7685bd6b0e8deb848acaf11ac2524d8091c37ce51f0fc2e86349e90c3826c482
#7 DONE 0.1s

#8 [ 4/14] COPY nginx.conf /etc/nginx/nginx.conf
#8 sha256:82bd6702be890eb168f0fd5bc425a4913e545946459dd4052ad1606d226bdecf
#8 DONE 0.1s

#9 [ 5/14] RUN groupadd --gid 1000 AIPCNonRootUser && useradd --uid 1000 --gid 1000 --home-dir /usr/share/AIPCNonRootUser --no-create-home AIPCNonRootUser
#9 sha256:e478c4485f52dc2139520fe69a2838d6ba6a6fced664907e68ac08fc54ae4f65
#9 DONE 0.4s

#10 [ 6/14] RUN chown -R AIPCNonRootUser:AIPCNonRootUser /var/cache/nginx
#10 sha256:c6fc88bcffd398b667b3aef0661e6de5847729b817b52bceda19a291a75a9b71
#10 DONE 0.5s

#11 [ 7/14] RUN chmod 770 /var/cache/nginx
#11 sha256:44ed0c1823fe670b2f855f4aa5063db0a0c52ef7ac5456bd24cd7a10b97396e6
#11 DONE 0.6s

#12 [ 8/14] RUN touch /var/run/nginx.pid
#12 sha256:d33716bdc3afbfa6cc5e2ba60272916423116b828f5c42d92e7152c71bb7bb4f
#12 DONE 0.5s

#13 [ 9/14] RUN chown -R AIPCNonRootUser:AIPCNonRootUser /var/run/nginx.pid
#13 sha256:173e1d44bf30c44fcc7846ca105dde59d7518d4de28c7e95f664f5d5e7fbcb20
#13 DONE 0.5s

#14 [10/14] RUN chmod 770 /var/run/nginx.pid
#14 sha256:f1304cccd61273fb8e8ba0b05714b583048c551801c8342e757069912efb9447
#14 DONE 0.5s

#15 [11/14] RUN mkdir -p /usr/share/nginx/html/
#15 sha256:0627e4338754bf171bb65199e8436bbbef59add355c6e22c5c2c6f961e0b4e51
#15 DONE 0.5s

#16 [12/14] RUN chown AIPCNonRootUser /usr/share/nginx/html/
#16 sha256:6ab9b025294fc4bf29be48c6fc695ac21ce82c8495330432b2b1e38ff443030d
#16 DONE 0.6s

#17 [13/14] RUN chown -R AIPCNonRootUser:AIPCNonRootUser /etc/nginx
#17 sha256:e1c1dd95da425a9bc120123a09d4026ca17bd4dba366337d4fc838d4c4a4fdf1
#17 DONE 0.6s

#18 [14/14] RUN chmod 770 /etc/nginx
#18 sha256:e868828d43bfe98b924a73ee18b21bb9cfec65d9f50ba908607ef74eb01b5ff4
#18 DONE 0.6s

#19 exporting to image
#19 sha256:e8c613e07b0b7ff33893b694f7759a10d42e180f2b4dc349fb57dc6b71dcab00
#19 exporting layers
#19 exporting layers 0.4s done
#19 writing image sha256:108f16808cce89a723a3f3c51491a9ca4e3fdbb0fd9ea4d93741a201b59dc72d done
#19 naming to docker.io/library/launchpage-z004n44u:latest done
#19 DONE 0.4s

Use 'docker scan' to run Snyk tests against images to find vulnerabilities and learn how to fix them

9 Jan 2023 09:15:48 -----------------------------------------------------------------------------------------------------------------------------------------------------------

Docker Build Successful for launchpage-z004n44u:latest

9 Jan 2023 09:15:48 -----------------------------------------------------------------------------------------------------------------------------------------------------------

Tagging Docker Image

9 Jan 2023 09:15:48 -----------------------------------------------------------------------------------------------------------------------------------------------------------

Command Run /c cd /d D:\Repos\Compare\Apps.FE.LaunchPage\dist & docker tag launchpage-z004n44u:latest gokarna.azurecr.io/launchpage-z004n44u:latest >> "D:\Projects\Deployment.Assistant\Deployment.Assistant\bin\Debug\Logs\Build-Deploy-9-Jan-2023-08-52-38.log" 2>&1

9 Jan 2023 09:15:48 -----------------------------------------------------------------------------------------------------------------------------------------------------------

Docker Tag Successful to gokarna.azurecr.io/launchpage-z004n44u:latest

9 Jan 2023 09:15:48 -----------------------------------------------------------------------------------------------------------------------------------------------------------

Pushing Docker Image

9 Jan 2023 09:15:48 -----------------------------------------------------------------------------------------------------------------------------------------------------------

Command Run /c cd /d D:\Repos\Compare\Apps.FE.LaunchPage\dist & docker push gokarna.azurecr.io/launchpage-z004n44u:latest >> "D:\Projects\Deployment.Assistant\Deployment.Assistant\bin\Debug\Logs\Build-Deploy-9-Jan-2023-08-52-38.log" 2>&1
The push refers to repository [gokarna.azurecr.io/launchpage-z004n44u]
d49042ff851e: Preparing
d0bc5cc467d8: Preparing
1e8187c3fc8c: Preparing
74e5a6a6d002: Preparing
e2b5274b8b61: Preparing
4cfc21cbe89f: Preparing
447365043967: Preparing
03ee3c631f51: Preparing
e2eed54c51ef: Preparing
4f5c813d3ec6: Preparing
523969ece633: Preparing
66c21ebd6af7: Preparing
5f70bf18a086: Preparing
c72d75f45e5b: Preparing
9a0ef04f57f5: Preparing
d13aea24d2cb: Preparing
2b3eec357807: Preparing
2dadbc36c170: Preparing
8a70d251b653: Preparing
447365043967: Waiting
c72d75f45e5b: Waiting
9a0ef04f57f5: Waiting
d13aea24d2cb: Waiting
2b3eec357807: Waiting
2dadbc36c170: Waiting
03ee3c631f51: Waiting
8a70d251b653: Waiting
e2eed54c51ef: Waiting
4f5c813d3ec6: Waiting
4cfc21cbe89f: Waiting
5f70bf18a086: Waiting
66c21ebd6af7: Waiting
e2b5274b8b61: Pushed
74e5a6a6d002: Pushed
d49042ff851e: Pushed
d0bc5cc467d8: Pushed
1e8187c3fc8c: Pushed
447365043967: Pushed
03ee3c631f51: Pushed
e2eed54c51ef: Pushed
4cfc21cbe89f: Pushed
4f5c813d3ec6: Pushed
5f70bf18a086: Layer already exists
9a0ef04f57f5: Layer already exists
c72d75f45e5b: Layer already exists
2b3eec357807: Layer already exists
2dadbc36c170: Layer already exists
8a70d251b653: Layer already exists
d13aea24d2cb: Layer already exists
523969ece633: Pushed
66c21ebd6af7: Pushed
latest: digest: sha256:83d0f98dd2f4568393610681fdd095fd8a1ba101cb3e8581bc203a9752569b33 size: 4266

9 Jan 2023 09:16:03 -----------------------------------------------------------------------------------------------------------------------------------------------------------

Docker Push Successful to gokarna.azurecr.io/launchpage-z004n44u:latest

9 Jan 2023 09:16:03 -----------------------------------------------------------------------------------------------------------------------------------------------------------

Connecting to inblrghma3879ln

9 Jan 2023 09:16:04 -----------------------------------------------------------------------------------------------------------------------------------------------------------

Successfully connected to inblrghma3879ln

9 Jan 2023 09:16:04 -----------------------------------------------------------------------------------------------------------------------------------------------------------

Command Run : kubectl get pods -n ai-pc-product

9 Jan 2023 09:16:04 -----------------------------------------------------------------------------------------------------------------------------------------------------------

NAME                                           READY   STATUS    RESTARTS   AGE
amp-manager-5b987cb97-76xxg                    1/1     Running   1          18d
auditlogservice-5f4d6fbb9d-4tswt               1/1     Running   0          18d
authservice-88f9fd758-vvp5w                    1/1     Running   0          18d
cad-fe-d4476f687-4vn9b                         1/1     Running   0          18d
cadbackendservice-664c7b6f9f-9gdhv             1/1     Running   0          23m
cadconcordanceservice-557d99d97f-mgffs         1/1     Running   0          18d
cadriskcalculatorservice-56d6946d7d-t7fj5      1/1     Running   0          18d
chest-pain-fe-5f5fd449df-cnpqm                 1/1     Running   0          26h
configurationservice-5459457fc6-qdmv8          1/1     Running   0          18d
csvreaderservice-5f694dc8db-kfhbs              1/1     Running   0          18d
dicommetadata-74fb96f86f-tf6nv                 1/1     Running   0          18d
doc-import-54bf99db6-gtbgs                     1/1     Running   0          18d
error-reporting-device-75c754b79f-k8px2        1/1     Running   0          18d
export-orchestrator-597cbcccf7-vsldx           1/1     Running   0          18d
fhir-78f89876d4-kxmmn                          1/1     Running   0          18d
fhir-document-parser-device-67755f977f-qkcvq   1/1     Running   0          18d
fhir-export-device-67b6fd978c-gpgqs            1/1     Running   0          18d
fhir-import-7767fc8db8-x8xf9                   1/1     Running   0          18d
filesystem-export-device-5bd7c9ccd-nllwd       1/1     Running   0          18d
imageaccessservice-775ddb6cfd-fkgt7            1/1     Running   0          18d
import-orchestrator-6b95cf8fdf-j74jr           1/1     Running   0          18d
launchpage-5cf87bbf4c-rm7fc                    1/1     Running   0          7m30s
launchpageservice-6bd995c85c-9nz29             1/1     Running   0          16d
licenseservice-bdd94577b-dmzfh                 1/1     Running   0          18d
logger-5695b4657c-klh5x                        1/1     Running   0          18d
loginpage-5d8c7bcffb-9666d                     1/1     Running   0          18d
nlpaccessservice-5758cc4845-gr4jp              1/1     Running   0          18d
nlpfhirrenderer-77f4d48f96-xfpcv               1/1     Running   0          18d
pacs-connector-7dc5c6799c-26zsw                1/1     Running   0          18d
patientdeleteservice-559d74b5bf-tpj4d          1/1     Running   0          18d
postgres-c5cbf997f-5c2th                       1/1     Running   0          18d
rabbitmq-859b96c59d-pqfbg                      1/1     Running   0          18d
report-type-converter-7f6f784d75-ln8nn         1/1     Running   0          18d
reportconverter-5d8cf5647b-vc4jm               1/1     Running   0          18d
reportcreationservice-684fdd7b7d-726zw         1/1     Running   0          33h
reverse-proxy-69f5b4d855-88ncp                 1/1     Running   0          18d
ruleengineservice-5bbb6ddfd4-kkc65             1/1     Running   0          18d
settingsui-6849c4c946-nq9wk                    1/1     Running   0          18d
snomedqueryservice-5cf86455d9-xjhcd            1/1     Running   0          18d
tika-5776fb956-r4rmb                           1/1     Running   0          18d
unitconversionservice-68bb5f5c96-kkdd4         1/1     Running   0          18d


9 Jan 2023 09:16:04 -----------------------------------------------------------------------------------------------------------------------------------------------------------

Command Run : kubectl set image deployment/launchpage launchpage=gokarna.azurecr.io/launchpage-z004n44u:latest -n ai-pc-product

9 Jan 2023 09:16:05 -----------------------------------------------------------------------------------------------------------------------------------------------------------

Command Run : kubectl delete pod launchpage-5cf87bbf4c-rm7fc -n ai-pc-product

9 Jan 2023 09:16:36 -----------------------------------------------------------------------------------------------------------------------------------------------------------

pod "launchpage-5cf87bbf4c-rm7fc" deleted


9 Jan 2023 09:16:37 -----------------------------------------------------------------------------------------------------------------------------------------------------------

NAME                                           READY   STATUS    RESTARTS   AGE
amp-manager-5b987cb97-76xxg                    1/1     Running   1          18d
auditlogservice-5f4d6fbb9d-4tswt               1/1     Running   0          18d
authservice-88f9fd758-vvp5w                    1/1     Running   0          18d
cad-fe-d4476f687-4vn9b                         1/1     Running   0          18d
cadbackendservice-664c7b6f9f-9gdhv             1/1     Running   0          24m
cadconcordanceservice-557d99d97f-mgffs         1/1     Running   0          18d
cadriskcalculatorservice-56d6946d7d-t7fj5      1/1     Running   0          18d
chest-pain-fe-5f5fd449df-cnpqm                 1/1     Running   0          26h
configurationservice-5459457fc6-qdmv8          1/1     Running   0          18d
csvreaderservice-5f694dc8db-kfhbs              1/1     Running   0          18d
dicommetadata-74fb96f86f-tf6nv                 1/1     Running   0          18d
doc-import-54bf99db6-gtbgs                     1/1     Running   0          18d
error-reporting-device-75c754b79f-k8px2        1/1     Running   0          18d
export-orchestrator-597cbcccf7-vsldx           1/1     Running   0          18d
fhir-78f89876d4-kxmmn                          1/1     Running   0          18d
fhir-document-parser-device-67755f977f-qkcvq   1/1     Running   0          18d
fhir-export-device-67b6fd978c-gpgqs            1/1     Running   0          18d
fhir-import-7767fc8db8-x8xf9                   1/1     Running   0          18d
filesystem-export-device-5bd7c9ccd-nllwd       1/1     Running   0          18d
imageaccessservice-775ddb6cfd-fkgt7            1/1     Running   0          18d
import-orchestrator-6b95cf8fdf-j74jr           1/1     Running   0          18d
launchpage-5cf87bbf4c-rjx8j                    1/1     Running   0          31s
launchpageservice-6bd995c85c-9nz29             1/1     Running   0          16d
licenseservice-bdd94577b-dmzfh                 1/1     Running   0          18d
logger-5695b4657c-klh5x                        1/1     Running   0          18d
loginpage-5d8c7bcffb-9666d                     1/1     Running   0          18d
nlpaccessservice-5758cc4845-gr4jp              1/1     Running   0          18d
nlpfhirrenderer-77f4d48f96-xfpcv               1/1     Running   0          18d
pacs-connector-7dc5c6799c-26zsw                1/1     Running   0          18d
patientdeleteservice-559d74b5bf-tpj4d          1/1     Running   0          18d
postgres-c5cbf997f-5c2th                       1/1     Running   0          18d
rabbitmq-859b96c59d-pqfbg                      1/1     Running   0          18d
report-type-converter-7f6f784d75-ln8nn         1/1     Running   0          18d
reportconverter-5d8cf5647b-vc4jm               1/1     Running   0          18d
reportcreationservice-684fdd7b7d-726zw         1/1     Running   0          33h
reverse-proxy-69f5b4d855-88ncp                 1/1     Running   0          18d
ruleengineservice-5bbb6ddfd4-kkc65             1/1     Running   0          18d
settingsui-6849c4c946-nq9wk                    1/1     Running   0          18d
snomedqueryservice-5cf86455d9-xjhcd            1/1     Running   0          18d
tika-5776fb956-r4rmb                           1/1     Running   0          18d
unitconversionservice-68bb5f5c96-kkdd4         1/1     Running   0          18d


9 Jan 2023 09:16:37 -----------------------------------------------------------------------------------------------------------------------------------------------------------

Deployment Successful!

9 Jan 2023 09:18:10 -----------------------------------------------------------------------------------------------------------------------------------------------------------

Build started

9 Jan 2023 09:18:10 -----------------------------------------------------------------------------------------------------------------------------------------------------------

Command run /c cd /d "D:\Repos\Compare\Apps.FE.LaunchPage"& ng build --prod  >> "D:\Projects\Deployment.Assistant\Deployment.Assistant\bin\Debug\Logs\Build-Deploy-9-Jan-2023-08-52-38.log" 2>&1
Your global Angular CLI version (14.2.7) is greater than your local version (10.1.3). The local Angular CLI version is used.

To disable this warning use "ng config -g cli.warnings.versionMismatch false".

chunk {} runtime.acf0dec4155e77772545.js (runtime) 1.45 kB [entry] [rendered]
chunk {1} main.4b8739b6257e2f27c230.js (main) 781 kB [initial] [rendered]
chunk {2} polyfills.29c51e94830fd57b2d05.js (polyfills) 179 kB [initial] [rendered]
chunk {3} polyfills-es5.d6f801260341d3b50649.js (polyfills-es5) 262 kB [initial] [rendered]
chunk {4} styles.c53f982f07a44d56f956.css (styles) 153 kB [initial] [rendered]
chunk {scripts} scripts.62c4fd509cd4aa85352d.js (scripts) 2.41 MB [entry] [rendered]
Date: 2023-01-09T03:48:46.768Z - Hash: 62f817c2e65c45d00a4b - Time: 30108ms

WARNING in D:\Repos\Compare\Apps.FE.LaunchPage\source\app\app.module.ts depends on '@ids/common.ui.base-services.auth-handler'. CommonJS or AMD dependencies can cause optimization bailouts.
For more info see: https://angular.io/guide/build#configuring-commonjs-dependencies

WARNING in D:\Repos\Compare\Apps.FE.LaunchPage\node_modules\ngx-virtual-scroller\__ivy_ngcc__\fesm2015\ngx-virtual-scroller.js depends on '@tweenjs/tween.js'. CommonJS or AMD dependencies can cause optimization bailouts.
For more info see: https://angular.io/guide/build#configuring-commonjs-dependencies

9 Jan 2023 09:18:47 -----------------------------------------------------------------------------------------------------------------------------------------------------------

Build Success!

9 Jan 2023 09:18:47 -----------------------------------------------------------------------------------------------------------------------------------------------------------

Copying D:\Repos\Compare\Apps.FE.LaunchPage\nginx.conf to D:\Repos\Compare\Apps.FE.LaunchPage\dist\nginx.conf

9 Jan 2023 09:18:47 -----------------------------------------------------------------------------------------------------------------------------------------------------------

Successfully copied D:\Repos\Compare\Apps.FE.LaunchPage\nginx.conf to D:\Repos\Compare\Apps.FE.LaunchPage\dist\nginx.conf

9 Jan 2023 09:18:47 -----------------------------------------------------------------------------------------------------------------------------------------------------------

Copying D:\Repos\Compare\Apps.FE.LaunchPage\Dockerfile to D:\Repos\Compare\Apps.FE.LaunchPage\dist\Dockerfile

9 Jan 2023 09:18:47 -----------------------------------------------------------------------------------------------------------------------------------------------------------

Successfully copied D:\Repos\Compare\Apps.FE.LaunchPage\Dockerfile to D:\Repos\Compare\Apps.FE.LaunchPage\dist\Dockerfile

9 Jan 2023 09:18:47 -----------------------------------------------------------------------------------------------------------------------------------------------------------

Building Docker Image

9 Jan 2023 09:18:47 -----------------------------------------------------------------------------------------------------------------------------------------------------------

Command Run /c cd /d D:\Repos\Compare\Apps.FE.LaunchPage\dist & docker build . -t launchpage-z004n44u:latest >> "D:\Projects\Deployment.Assistant\Deployment.Assistant\bin\Debug\Logs\Build-Deploy-9-Jan-2023-08-52-38.log" 2>&1
#1 [internal] load build definition from Dockerfile
#1 sha256:d2668ae18ab984de8b3cc403fe772b02ce8b23c30ad14845af2a7d924d31996f
#1 transferring dockerfile: 32B done
#1 DONE 0.0s

#2 [internal] load .dockerignore
#2 sha256:fca54ecbdee87d1785d4a73b20b7091d053e2d80dec8b2e41b7620a1888f53f3
#2 transferring context: 2B done
#2 DONE 0.0s

#3 [internal] load metadata for docker.io/library/nginx:latest
#3 sha256:06c466a4eb6821b81bd3e48610e5f38dab858b1e9acb01d6e2f6b11c8fabe6bc
#3 DONE 1.8s

#4 [ 1/14] FROM docker.io/library/nginx:latest@sha256:0047b729188a15da49380d9506d65959cce6d40291ccfb4e039f5dc7efd33286
#4 sha256:e7bed6aad7b09384eb5e7b7d3e639dafd578232c7fddeff5c60a35fd9c7f8488
#4 DONE 0.0s

#6 [internal] load build context
#6 sha256:301cb75ca32c44e729ea5202ecdec243440ae720cf844fb88971135be19b8578
#6 transferring context: 5.11MB 0.4s done
#6 DONE 0.4s

#5 [ 2/14] WORKDIR /usr/share/nginx/html
#5 sha256:977fd11ad066f17453839ddaf396516d5ca43c79c768c95bdf95a39d38091104
#5 CACHED

#7 [ 3/14] COPY launch-page/ .
#7 sha256:599fbb3058380f598a799cc8bd1c02241dfafa588c151a8f7bfa25193ac6efe8
#7 DONE 0.1s

#8 [ 4/14] COPY nginx.conf /etc/nginx/nginx.conf
#8 sha256:ee592ab0f12106bbb488ca9f4045b20d2b309bed51f0002374e4078424065f63
#8 DONE 0.1s

#9 [ 5/14] RUN groupadd --gid 1000 AIPCNonRootUser && useradd --uid 1000 --gid 1000 --home-dir /usr/share/AIPCNonRootUser --no-create-home AIPCNonRootUser
#9 sha256:41ee58752179c2816404b95512b0a3698c10e37244f76b46c14f074b9a2ccf2a
#9 DONE 0.4s

#10 [ 6/14] RUN chown -R AIPCNonRootUser:AIPCNonRootUser /var/cache/nginx
#10 sha256:89767e874906f72dbb1356ca1d58e9ec06b886b21ffcc5a52e31fe744340ee09
#10 DONE 0.5s

#11 [ 7/14] RUN chmod 770 /var/cache/nginx
#11 sha256:5e0786a768796e6c5352563b73726307a8fc5ba85e973b4c2b746fc5e2178bd6
#11 DONE 0.6s

#12 [ 8/14] RUN touch /var/run/nginx.pid
#12 sha256:388ef48c0c25fc667bed815aa5278e484f219287bbd54ebe90cf5c492078e3df
#12 DONE 0.5s

#13 [ 9/14] RUN chown -R AIPCNonRootUser:AIPCNonRootUser /var/run/nginx.pid
#13 sha256:0762590177e2799aecc3e5ef044984b476d1b603ff9fe349675cc70ef1d19034
#13 DONE 0.5s

#14 [10/14] RUN chmod 770 /var/run/nginx.pid
#14 sha256:e333aaa57cd53073cbf60072d65f80676b3e55679b8349586f23fd1b3c05ed02
#14 DONE 0.7s

#15 [11/14] RUN mkdir -p /usr/share/nginx/html/
#15 sha256:837a80f11e3b5a44b655705da8c8329f4c714f76ec79ee770feadb0542798cc4
#15 DONE 0.6s

#16 [12/14] RUN chown AIPCNonRootUser /usr/share/nginx/html/
#16 sha256:056b5570741e1e953f76b1323b66c9c4fb5a14c716201419e39e940a4651523b
#16 DONE 0.6s

#17 [13/14] RUN chown -R AIPCNonRootUser:AIPCNonRootUser /etc/nginx
#17 sha256:3d81563e637be6a70c0e149f363d2f0830c41975aa2871efff440bdf37b72258
#17 DONE 0.6s

#18 [14/14] RUN chmod 770 /etc/nginx
#18 sha256:fa4023eb6e94fe8f898d8473c923c2d95e86a85669d1ddb4d605d4e69e28b795
#18 DONE 0.5s

#19 exporting to image
#19 sha256:e8c613e07b0b7ff33893b694f7759a10d42e180f2b4dc349fb57dc6b71dcab00
#19 exporting layers
#19 exporting layers 0.4s done
#19 writing image sha256:86d2777a7d070516ee002133d4f3e1880df95b6396bfb354d8934a379b0c6a2a done
#19 naming to docker.io/library/launchpage-z004n44u:latest done
#19 DONE 0.4s

Use 'docker scan' to run Snyk tests against images to find vulnerabilities and learn how to fix them

9 Jan 2023 09:18:57 -----------------------------------------------------------------------------------------------------------------------------------------------------------

Docker Build Successful for launchpage-z004n44u:latest

9 Jan 2023 09:18:57 -----------------------------------------------------------------------------------------------------------------------------------------------------------

Tagging Docker Image

9 Jan 2023 09:18:57 -----------------------------------------------------------------------------------------------------------------------------------------------------------

Command Run /c cd /d D:\Repos\Compare\Apps.FE.LaunchPage\dist & docker tag launchpage-z004n44u:latest gokarna.azurecr.io/launchpage-z004n44u:latest >> "D:\Projects\Deployment.Assistant\Deployment.Assistant\bin\Debug\Logs\Build-Deploy-9-Jan-2023-08-52-38.log" 2>&1

9 Jan 2023 09:18:57 -----------------------------------------------------------------------------------------------------------------------------------------------------------

Docker Tag Successful to gokarna.azurecr.io/launchpage-z004n44u:latest

9 Jan 2023 09:18:57 -----------------------------------------------------------------------------------------------------------------------------------------------------------

Pushing Docker Image

9 Jan 2023 09:18:57 -----------------------------------------------------------------------------------------------------------------------------------------------------------

Command Run /c cd /d D:\Repos\Compare\Apps.FE.LaunchPage\dist & docker push gokarna.azurecr.io/launchpage-z004n44u:latest >> "D:\Projects\Deployment.Assistant\Deployment.Assistant\bin\Debug\Logs\Build-Deploy-9-Jan-2023-08-52-38.log" 2>&1
The push refers to repository [gokarna.azurecr.io/launchpage-z004n44u]
23b77523de54: Preparing
e5ba31b69e2d: Preparing
171df329f4b9: Preparing
15449c36ce59: Preparing
92f3a09eac04: Preparing
fa3762eefe65: Preparing
53d4f51373c8: Preparing
2ce21a4973c4: Preparing
55f89ccc54c3: Preparing
2d4a96047c77: Preparing
6083e02ac21f: Preparing
5499132ac303: Preparing
5f70bf18a086: Preparing
c72d75f45e5b: Preparing
9a0ef04f57f5: Preparing
d13aea24d2cb: Preparing
2b3eec357807: Preparing
2dadbc36c170: Preparing
8a70d251b653: Preparing
53d4f51373c8: Waiting
9a0ef04f57f5: Waiting
d13aea24d2cb: Waiting
2b3eec357807: Waiting
2dadbc36c170: Waiting
c72d75f45e5b: Waiting
8a70d251b653: Waiting
55f89ccc54c3: Waiting
2d4a96047c77: Waiting
2ce21a4973c4: Waiting
6083e02ac21f: Waiting
5499132ac303: Waiting
5f70bf18a086: Waiting
fa3762eefe65: Waiting
92f3a09eac04: Pushed
15449c36ce59: Pushed
23b77523de54: Pushed
171df329f4b9: Pushed
e5ba31b69e2d: Pushed
53d4f51373c8: Pushed
55f89ccc54c3: Pushed
2ce21a4973c4: Pushed
2d4a96047c77: Pushed
fa3762eefe65: Pushed
c72d75f45e5b: Layer already exists
5f70bf18a086: Layer already exists
9a0ef04f57f5: Layer already exists
d13aea24d2cb: Layer already exists
2b3eec357807: Layer already exists
2dadbc36c170: Layer already exists
8a70d251b653: Layer already exists
6083e02ac21f: Pushed
5499132ac303: Pushed
latest: digest: sha256:0073fe56c290f5f937e119fbe723dad2d58aaaac893bcf4a953a6bd54a4c1ae5 size: 4266

9 Jan 2023 09:19:21 -----------------------------------------------------------------------------------------------------------------------------------------------------------

Docker Push Successful to gokarna.azurecr.io/launchpage-z004n44u:latest

9 Jan 2023 09:19:21 -----------------------------------------------------------------------------------------------------------------------------------------------------------

Connecting to inblrghma3879ln

9 Jan 2023 09:19:22 -----------------------------------------------------------------------------------------------------------------------------------------------------------

Successfully connected to inblrghma3879ln

9 Jan 2023 09:19:22 -----------------------------------------------------------------------------------------------------------------------------------------------------------

Command Run : kubectl get pods -n ai-pc-product

9 Jan 2023 09:19:23 -----------------------------------------------------------------------------------------------------------------------------------------------------------

NAME                                           READY   STATUS    RESTARTS   AGE
amp-manager-5b987cb97-76xxg                    1/1     Running   1          18d
auditlogservice-5f4d6fbb9d-4tswt               1/1     Running   0          18d
authservice-88f9fd758-vvp5w                    1/1     Running   0          18d
cad-fe-d4476f687-4vn9b                         1/1     Running   0          18d
cadbackendservice-664c7b6f9f-9gdhv             1/1     Running   0          26m
cadconcordanceservice-557d99d97f-mgffs         1/1     Running   0          18d
cadriskcalculatorservice-56d6946d7d-t7fj5      1/1     Running   0          18d
chest-pain-fe-5f5fd449df-cnpqm                 1/1     Running   0          26h
configurationservice-5459457fc6-qdmv8          1/1     Running   0          18d
csvreaderservice-5f694dc8db-kfhbs              1/1     Running   0          18d
dicommetadata-74fb96f86f-tf6nv                 1/1     Running   0          18d
doc-import-54bf99db6-gtbgs                     1/1     Running   0          18d
error-reporting-device-75c754b79f-k8px2        1/1     Running   0          18d
export-orchestrator-597cbcccf7-vsldx           1/1     Running   0          18d
fhir-78f89876d4-kxmmn                          1/1     Running   0          18d
fhir-document-parser-device-67755f977f-qkcvq   1/1     Running   0          18d
fhir-export-device-67b6fd978c-gpgqs            1/1     Running   0          18d
fhir-import-7767fc8db8-x8xf9                   1/1     Running   0          18d
filesystem-export-device-5bd7c9ccd-nllwd       1/1     Running   0          18d
imageaccessservice-775ddb6cfd-fkgt7            1/1     Running   0          18d
import-orchestrator-6b95cf8fdf-j74jr           1/1     Running   0          18d
launchpage-5cf87bbf4c-rjx8j                    1/1     Running   0          3m17s
launchpageservice-6bd995c85c-9nz29             1/1     Running   0          16d
licenseservice-bdd94577b-dmzfh                 1/1     Running   0          18d
logger-5695b4657c-klh5x                        1/1     Running   0          18d
loginpage-5d8c7bcffb-9666d                     1/1     Running   0          18d
nlpaccessservice-5758cc4845-gr4jp              1/1     Running   0          18d
nlpfhirrenderer-77f4d48f96-xfpcv               1/1     Running   0          18d
pacs-connector-7dc5c6799c-26zsw                1/1     Running   0          18d
patientdeleteservice-559d74b5bf-tpj4d          1/1     Running   0          18d
postgres-c5cbf997f-5c2th                       1/1     Running   0          18d
rabbitmq-859b96c59d-pqfbg                      1/1     Running   0          18d
report-type-converter-7f6f784d75-ln8nn         1/1     Running   0          18d
reportconverter-5d8cf5647b-vc4jm               1/1     Running   0          18d
reportcreationservice-684fdd7b7d-726zw         1/1     Running   0          33h
reverse-proxy-69f5b4d855-88ncp                 1/1     Running   0          18d
ruleengineservice-5bbb6ddfd4-kkc65             1/1     Running   0          18d
settingsui-6849c4c946-nq9wk                    1/1     Running   0          18d
snomedqueryservice-5cf86455d9-xjhcd            1/1     Running   0          18d
tika-5776fb956-r4rmb                           1/1     Running   0          18d
unitconversionservice-68bb5f5c96-kkdd4         1/1     Running   0          18d


9 Jan 2023 09:19:23 -----------------------------------------------------------------------------------------------------------------------------------------------------------

Command Run : kubectl set image deployment/launchpage launchpage=gokarna.azurecr.io/launchpage-z004n44u:latest -n ai-pc-product

9 Jan 2023 09:19:23 -----------------------------------------------------------------------------------------------------------------------------------------------------------

Command Run : kubectl delete pod launchpage-5cf87bbf4c-rjx8j -n ai-pc-product

9 Jan 2023 09:19:58 -----------------------------------------------------------------------------------------------------------------------------------------------------------

pod "launchpage-5cf87bbf4c-rjx8j" deleted


9 Jan 2023 09:19:58 -----------------------------------------------------------------------------------------------------------------------------------------------------------

NAME                                           READY   STATUS    RESTARTS   AGE
amp-manager-5b987cb97-76xxg                    1/1     Running   1          18d
auditlogservice-5f4d6fbb9d-4tswt               1/1     Running   0          18d
authservice-88f9fd758-vvp5w                    1/1     Running   0          18d
cad-fe-d4476f687-4vn9b                         1/1     Running   0          18d
cadbackendservice-664c7b6f9f-9gdhv             1/1     Running   0          27m
cadconcordanceservice-557d99d97f-mgffs         1/1     Running   0          18d
cadriskcalculatorservice-56d6946d7d-t7fj5      1/1     Running   0          18d
chest-pain-fe-5f5fd449df-cnpqm                 1/1     Running   0          26h
configurationservice-5459457fc6-qdmv8          1/1     Running   0          18d
csvreaderservice-5f694dc8db-kfhbs              1/1     Running   0          18d
dicommetadata-74fb96f86f-tf6nv                 1/1     Running   0          18d
doc-import-54bf99db6-gtbgs                     1/1     Running   0          18d
error-reporting-device-75c754b79f-k8px2        1/1     Running   0          18d
export-orchestrator-597cbcccf7-vsldx           1/1     Running   0          18d
fhir-78f89876d4-kxmmn                          1/1     Running   0          18d
fhir-document-parser-device-67755f977f-qkcvq   1/1     Running   0          18d
fhir-export-device-67b6fd978c-gpgqs            1/1     Running   0          18d
fhir-import-7767fc8db8-x8xf9                   1/1     Running   0          18d
filesystem-export-device-5bd7c9ccd-nllwd       1/1     Running   0          18d
imageaccessservice-775ddb6cfd-fkgt7            1/1     Running   0          18d
import-orchestrator-6b95cf8fdf-j74jr           1/1     Running   0          18d
launchpage-5cf87bbf4c-4tqg9                    1/1     Running   0          35s
launchpageservice-6bd995c85c-9nz29             1/1     Running   0          16d
licenseservice-bdd94577b-dmzfh                 1/1     Running   0          18d
logger-5695b4657c-klh5x                        1/1     Running   0          18d
loginpage-5d8c7bcffb-9666d                     1/1     Running   0          18d
nlpaccessservice-5758cc4845-gr4jp              1/1     Running   0          18d
nlpfhirrenderer-77f4d48f96-xfpcv               1/1     Running   0          18d
pacs-connector-7dc5c6799c-26zsw                1/1     Running   0          18d
patientdeleteservice-559d74b5bf-tpj4d          1/1     Running   0          18d
postgres-c5cbf997f-5c2th                       1/1     Running   0          18d
rabbitmq-859b96c59d-pqfbg                      1/1     Running   0          18d
report-type-converter-7f6f784d75-ln8nn         1/1     Running   0          18d
reportconverter-5d8cf5647b-vc4jm               1/1     Running   0          18d
reportcreationservice-684fdd7b7d-726zw         1/1     Running   0          33h
reverse-proxy-69f5b4d855-88ncp                 1/1     Running   0          18d
ruleengineservice-5bbb6ddfd4-kkc65             1/1     Running   0          18d
settingsui-6849c4c946-nq9wk                    1/1     Running   0          18d
snomedqueryservice-5cf86455d9-xjhcd            1/1     Running   0          18d
tika-5776fb956-r4rmb                           1/1     Running   0          18d
unitconversionservice-68bb5f5c96-kkdd4         1/1     Running   0          18d


9 Jan 2023 09:19:58 -----------------------------------------------------------------------------------------------------------------------------------------------------------

Deployment Successful!

9 Jan 2023 09:22:47 -----------------------------------------------------------------------------------------------------------------------------------------------------------

Build started

9 Jan 2023 09:22:47 -----------------------------------------------------------------------------------------------------------------------------------------------------------

Command run /c cd /d "D:\Repos\CDSS Collaboration\App.FE.ChestPain"& ng build --prod  >> "D:\Projects\Deployment.Assistant\Deployment.Assistant\bin\Debug\Logs\Build-Deploy-9-Jan-2023-08-52-38.log" 2>&1
Your global Angular CLI version (14.2.7) is greater than your local version (10.1.3). The local Angular CLI version is used.

To disable this warning use "ng config -g cli.warnings.versionMismatch false".
[33mWarning:[0m Entry point '@ids/common.ui.base-services.fhir' contains deep imports into 'D:/Repos/CDSS Collaboration/App.FE.ChestPain/node_modules/rxjs/internal/operators', 'D:/Repos/CDSS Collaboration/App.FE.ChestPain/node_modules/rxjs/internal/operators/take'. This is probably not a problem, but may cause the compilation of entry points to be out of order.
Generating ES5 bundles for differential loading...
ES5 bundle generation complete.

chunk {2} polyfills-es2015.7bf442c9581008ef4e7f.js (polyfills) 171 kB [initial] [rendered]
chunk {3} polyfills-es5.4453d2fafecf9cae155f.js (polyfills-es5) 264 kB [initial] [rendered]
chunk {0} runtime-es2015.66c79b9d36e7169e27b0.js (runtime) 1.45 kB [entry] [rendered]
chunk {0} runtime-es5.66c79b9d36e7169e27b0.js (runtime) 1.45 kB [entry] [rendered]
chunk {1} main-es2015.cbc41d04bf2834bc30b5.js (main) 1.49 MB [initial] [rendered]
chunk {1} main-es5.cbc41d04bf2834bc30b5.js (main) 1.59 MB [initial] [rendered]
chunk {4} styles.5081b2ecf63062d2a84f.css (styles) 147 kB [initial] [rendered]
chunk {scripts} scripts.402eee9195a7220d216a.js (scripts) 2.62 MB [entry] [rendered]
Date: 2023-01-09T03:54:16.650Z - Hash: 2a53a9f938fc2127fc27 - Time: 82634ms

WARNING in D:\Repos\CDSS Collaboration\App.FE.ChestPain\source\app\models\data-completeness.model.ts is part of the TypeScript compilation but it's unused.
Add only entry points to the 'files' or 'include' properties in your tsconfig.

WARNING in D:\Repos\CDSS Collaboration\App.FE.ChestPain\source\app\models\lab-test-model.ts is part of the TypeScript compilation but it's unused.
Add only entry points to the 'files' or 'include' properties in your tsconfig.

WARNING in D:\Repos\CDSS Collaboration\App.FE.ChestPain\source\app\models\patientnotification.model.ts is part of the TypeScript compilation but it's unused.
Add only entry points to the 'files' or 'include' properties in your tsconfig.

WARNING in D:\Repos\CDSS Collaboration\App.FE.ChestPain\source\app\models\procedure-row-item.ts is part of the TypeScript compilation but it's unused.
Add only entry points to the 'files' or 'include' properties in your tsconfig.

WARNING in D:\Repos\CDSS Collaboration\App.FE.ChestPain\source\app\models\report-viewer-model.ts is part of the TypeScript compilation but it's unused.
Add only entry points to the 'files' or 'include' properties in your tsconfig.

WARNING in D:\Repos\CDSS Collaboration\App.FE.ChestPain\source\app\services\app.config.service.ts is part of the TypeScript compilation but it's unused.
Add only entry points to the 'files' or 'include' properties in your tsconfig.

WARNING in D:\Repos\CDSS Collaboration\App.FE.ChestPain\source\app\services\interfaces\lab-tests.interface.ts is part of the TypeScript compilation but it's unused.
Add only entry points to the 'files' or 'include' properties in your tsconfig.

WARNING in D:\Repos\CDSS Collaboration\App.FE.ChestPain\source\app\shared\ecg-input-text\ecg-input-text.module.ts is part of the TypeScript compilation but it's unused.
Add only entry points to the 'files' or 'include' properties in your tsconfig.

WARNING in D:\Repos\CDSS Collaboration\App.FE.ChestPain\source\app\shared\models\cad.interface.ts is part of the TypeScript compilation but it's unused.
Add only entry points to the 'files' or 'include' properties in your tsconfig.

WARNING in D:\Repos\CDSS Collaboration\App.FE.ChestPain\source\environments\environment.local.ts is part of the TypeScript compilation but it's unused.
Add only entry points to the 'files' or 'include' properties in your tsconfig.

WARNING in D:\Repos\CDSS Collaboration\App.FE.ChestPain\source\environments\environment.prod.ts is part of the TypeScript compilation but it's unused.
Add only entry points to the 'files' or 'include' properties in your tsconfig.

WARNING in D:\Repos\CDSS Collaboration\App.FE.ChestPain\source\translateExtenders\customTranslateHttpLoader.ts is part of the TypeScript compilation but it's unused.
Add only entry points to the 'files' or 'include' properties in your tsconfig.

WARNING in D:\Repos\CDSS Collaboration\App.FE.ChestPain\source\app\app.module.ts depends on '@ids/common.ui.base-services.auth-handler'. CommonJS or AMD dependencies can cause optimization bailouts.
For more info see: https://angular.io/guide/build#configuring-commonjs-dependencies

WARNING in D:\Repos\CDSS Collaboration\App.FE.ChestPain\source\app\risk-assessment\risk-assessment-detail\risk-assessment-detail.component.ts depends on 'chart.js'. CommonJS or AMD dependencies can cause optimization bailouts.
For more info see: https://angular.io/guide/build#configuring-commonjs-dependencies

9 Jan 2023 09:24:17 -----------------------------------------------------------------------------------------------------------------------------------------------------------

Build Success!

9 Jan 2023 09:24:17 -----------------------------------------------------------------------------------------------------------------------------------------------------------

Copying D:\Repos\CDSS Collaboration\App.FE.ChestPain\nginx.conf to D:\Repos\CDSS Collaboration\App.FE.ChestPain\dist\nginx.conf

9 Jan 2023 09:24:17 -----------------------------------------------------------------------------------------------------------------------------------------------------------

Successfully copied D:\Repos\CDSS Collaboration\App.FE.ChestPain\nginx.conf to D:\Repos\CDSS Collaboration\App.FE.ChestPain\dist\nginx.conf

9 Jan 2023 09:24:17 -----------------------------------------------------------------------------------------------------------------------------------------------------------

Copying D:\Repos\CDSS Collaboration\App.FE.ChestPain\Dockerfile to D:\Repos\CDSS Collaboration\App.FE.ChestPain\dist\Dockerfile

9 Jan 2023 09:24:17 -----------------------------------------------------------------------------------------------------------------------------------------------------------

Successfully copied D:\Repos\CDSS Collaboration\App.FE.ChestPain\Dockerfile to D:\Repos\CDSS Collaboration\App.FE.ChestPain\dist\Dockerfile

9 Jan 2023 09:24:17 -----------------------------------------------------------------------------------------------------------------------------------------------------------

Building Docker Image

9 Jan 2023 09:24:17 -----------------------------------------------------------------------------------------------------------------------------------------------------------

Command Run /c cd /d D:\Repos\CDSS Collaboration\App.FE.ChestPain\dist & docker build . -t chest-pain-fe-z004n44u:latest >> "D:\Projects\Deployment.Assistant\Deployment.Assistant\bin\Debug\Logs\Build-Deploy-9-Jan-2023-08-52-38.log" 2>&1
#1 [internal] load build definition from Dockerfile
#1 sha256:2de70e5bf56cac13d0e69ef78a1ed86214eaa5c44371d86f14891363988bd9d4
#1 transferring dockerfile: 461B 0.0s done
#1 DONE 0.0s

#2 [internal] load .dockerignore
#2 sha256:68b246fa49444bfeb06efaf69f9ca526243b9dd658a1d0c13c9347714bc09b07
#2 transferring context: 2B done
#2 DONE 0.0s

#3 [internal] load metadata for docker.io/library/nginx:alpine
#3 sha256:b001d263a254f0e4960d52c837d5764774ef80ad3878c61304052afb6e0e9af2
#3 DONE 3.9s

#4 [1/4] FROM docker.io/library/nginx:alpine@sha256:dd8a054d7ef030e94a6449783605d6c306c1f69c10c2fa06b66a030e0d1db793
#4 sha256:69bb3b0d124b71e42fa4e8f3891bd71b0a7ee3c87accab313a257c9b97a38a34
#4 DONE 0.0s

#6 [internal] load build context
#6 sha256:6b01756a308a69c00e77a3045b5a0db1d4d0383785dc9dc9e620e1773d1da54a
#6 transferring context: 12.53MB 1.1s
#6 transferring context: 33.31MB 2.4s done
#6 DONE 2.4s

#5 [2/4] RUN rm -rf /usr/share/nginx/html/*
#5 sha256:6b5e129493dbc860ceff6e79c1e65572ba6ef739c546cd324b59fc99d4367303
#5 CACHED

#7 [3/4] COPY fechestPain/ /usr/share/nginx/html/
#7 sha256:ffb464f8e75c760cdf97e320e427d02c11ad7003fa700e8a9a27be0d93d03b99
#7 DONE 0.2s

#8 [4/4] COPY nginx.conf /etc/nginx/nginx.conf
#8 sha256:ffcd467662c37089687f9228d0250a28dfada78ec17ca0b4cbee66dec9290d83
#8 DONE 0.1s

#9 exporting to image
#9 sha256:e8c613e07b0b7ff33893b694f7759a10d42e180f2b4dc349fb57dc6b71dcab00
#9 exporting layers
#9 exporting layers 0.2s done
#9 writing image sha256:f69ba26a75151c274e11c0891cb513adf99670e74820a587a2f28866e46d42bb done
#9 naming to docker.io/library/chest-pain-fe-z004n44u:latest done
#9 DONE 0.3s

Use 'docker scan' to run Snyk tests against images to find vulnerabilities and learn how to fix them

9 Jan 2023 09:24:26 -----------------------------------------------------------------------------------------------------------------------------------------------------------

Docker Build Successful for chest-pain-fe-z004n44u:latest

9 Jan 2023 09:24:26 -----------------------------------------------------------------------------------------------------------------------------------------------------------

Tagging Docker Image

9 Jan 2023 09:24:26 -----------------------------------------------------------------------------------------------------------------------------------------------------------

Command Run /c cd /d D:\Repos\CDSS Collaboration\App.FE.ChestPain\dist & docker tag chest-pain-fe-z004n44u:latest gokarna.azurecr.io/chest-pain-fe-z004n44u:latest >> "D:\Projects\Deployment.Assistant\Deployment.Assistant\bin\Debug\Logs\Build-Deploy-9-Jan-2023-08-52-38.log" 2>&1

9 Jan 2023 09:24:26 -----------------------------------------------------------------------------------------------------------------------------------------------------------

Docker Tag Successful to gokarna.azurecr.io/chest-pain-fe-z004n44u:latest

9 Jan 2023 09:24:26 -----------------------------------------------------------------------------------------------------------------------------------------------------------

Pushing Docker Image

9 Jan 2023 09:24:26 -----------------------------------------------------------------------------------------------------------------------------------------------------------

Command Run /c cd /d D:\Repos\CDSS Collaboration\App.FE.ChestPain\dist & docker push gokarna.azurecr.io/chest-pain-fe-z004n44u:latest >> "D:\Projects\Deployment.Assistant\Deployment.Assistant\bin\Debug\Logs\Build-Deploy-9-Jan-2023-08-52-38.log" 2>&1
The push refers to repository [gokarna.azurecr.io/chest-pain-fe-z004n44u]
056dab33bae7: Preparing
2152e3fa0136: Preparing
9364ab082f1c: Preparing
9e173cdce044: Preparing
f2d47996fdfa: Preparing
c23f26e962bd: Preparing
0511ab7e6edc: Preparing
ec7e4a91c33b: Preparing
1fee4bd55a85: Preparing
ded7a220bb05: Preparing
0511ab7e6edc: Waiting
ec7e4a91c33b: Waiting
c23f26e962bd: Waiting
1fee4bd55a85: Waiting
ded7a220bb05: Waiting
9364ab082f1c: Layer already exists
9e173cdce044: Layer already exists
f2d47996fdfa: Layer already exists
c23f26e962bd: Layer already exists
ec7e4a91c33b: Layer already exists
0511ab7e6edc: Layer already exists
1fee4bd55a85: Layer already exists
ded7a220bb05: Layer already exists
056dab33bae7: Pushed
2152e3fa0136: Pushed
latest: digest: sha256:fdc876d68b160900e474f790feb7cf023c6c2818d98d8ff289a2ea7d2d8a87ce size: 2407

9 Jan 2023 09:24:45 -----------------------------------------------------------------------------------------------------------------------------------------------------------

Docker Push Successful to gokarna.azurecr.io/chest-pain-fe-z004n44u:latest

9 Jan 2023 09:24:45 -----------------------------------------------------------------------------------------------------------------------------------------------------------

Connecting to inblrghma3879ln

9 Jan 2023 09:24:46 -----------------------------------------------------------------------------------------------------------------------------------------------------------

Successfully connected to inblrghma3879ln

9 Jan 2023 09:24:46 -----------------------------------------------------------------------------------------------------------------------------------------------------------

Command Run : kubectl get pods -n ai-pc-product

9 Jan 2023 09:24:46 -----------------------------------------------------------------------------------------------------------------------------------------------------------

NAME                                           READY   STATUS    RESTARTS   AGE
amp-manager-5b987cb97-76xxg                    1/1     Running   1          18d
auditlogservice-5f4d6fbb9d-4tswt               1/1     Running   0          18d
authservice-88f9fd758-vvp5w                    1/1     Running   0          18d
cad-fe-d4476f687-4vn9b                         1/1     Running   0          18d
cadbackendservice-664c7b6f9f-9gdhv             1/1     Running   0          32m
cadconcordanceservice-557d99d97f-mgffs         1/1     Running   0          18d
cadriskcalculatorservice-56d6946d7d-t7fj5      1/1     Running   0          18d
chest-pain-fe-5f5fd449df-cnpqm                 1/1     Running   0          26h
configurationservice-5459457fc6-qdmv8          1/1     Running   0          18d
csvreaderservice-5f694dc8db-kfhbs              1/1     Running   0          18d
dicommetadata-74fb96f86f-tf6nv                 1/1     Running   0          18d
doc-import-54bf99db6-gtbgs                     1/1     Running   0          18d
error-reporting-device-75c754b79f-k8px2        1/1     Running   0          18d
export-orchestrator-597cbcccf7-vsldx           1/1     Running   0          18d
fhir-78f89876d4-kxmmn                          1/1     Running   0          18d
fhir-document-parser-device-67755f977f-qkcvq   1/1     Running   0          18d
fhir-export-device-67b6fd978c-gpgqs            1/1     Running   0          18d
fhir-import-7767fc8db8-x8xf9                   1/1     Running   0          18d
filesystem-export-device-5bd7c9ccd-nllwd       1/1     Running   0          18d
imageaccessservice-775ddb6cfd-fkgt7            1/1     Running   0          18d
import-orchestrator-6b95cf8fdf-j74jr           1/1     Running   0          18d
launchpage-5cf87bbf4c-4tqg9                    1/1     Running   0          5m23s
launchpageservice-6bd995c85c-9nz29             1/1     Running   0          16d
licenseservice-bdd94577b-dmzfh                 1/1     Running   0          18d
logger-5695b4657c-klh5x                        1/1     Running   0          18d
loginpage-5d8c7bcffb-9666d                     1/1     Running   0          18d
nlpaccessservice-5758cc4845-gr4jp              1/1     Running   0          18d
nlpfhirrenderer-77f4d48f96-xfpcv               1/1     Running   0          18d
pacs-connector-7dc5c6799c-26zsw                1/1     Running   0          18d
patientdeleteservice-559d74b5bf-tpj4d          1/1     Running   0          18d
postgres-c5cbf997f-5c2th                       1/1     Running   0          18d
rabbitmq-859b96c59d-pqfbg                      1/1     Running   0          18d
report-type-converter-7f6f784d75-ln8nn         1/1     Running   0          18d
reportconverter-5d8cf5647b-vc4jm               1/1     Running   0          18d
reportcreationservice-684fdd7b7d-726zw         1/1     Running   0          33h
reverse-proxy-69f5b4d855-88ncp                 1/1     Running   0          18d
ruleengineservice-5bbb6ddfd4-kkc65             1/1     Running   0          18d
settingsui-6849c4c946-nq9wk                    1/1     Running   0          18d
snomedqueryservice-5cf86455d9-xjhcd            1/1     Running   0          18d
tika-5776fb956-r4rmb                           1/1     Running   0          18d
unitconversionservice-68bb5f5c96-kkdd4         1/1     Running   0          18d


9 Jan 2023 09:24:46 -----------------------------------------------------------------------------------------------------------------------------------------------------------

Command Run : kubectl set image deployment/chest-pain-fe chest-pain-fe=gokarna.azurecr.io/chest-pain-fe-z004n44u:latest -n ai-pc-product

9 Jan 2023 09:24:47 -----------------------------------------------------------------------------------------------------------------------------------------------------------

Command Run : kubectl delete pod chest-pain-fe-5f5fd449df-cnpqm -n ai-pc-product

9 Jan 2023 09:24:49 -----------------------------------------------------------------------------------------------------------------------------------------------------------

pod "chest-pain-fe-5f5fd449df-cnpqm" deleted


9 Jan 2023 09:24:49 -----------------------------------------------------------------------------------------------------------------------------------------------------------

NAME                                           READY   STATUS              RESTARTS   AGE
amp-manager-5b987cb97-76xxg                    1/1     Running             1          18d
auditlogservice-5f4d6fbb9d-4tswt               1/1     Running             0          18d
authservice-88f9fd758-vvp5w                    1/1     Running             0          18d
cad-fe-d4476f687-4vn9b                         1/1     Running             0          18d
cadbackendservice-664c7b6f9f-9gdhv             1/1     Running             0          32m
cadconcordanceservice-557d99d97f-mgffs         1/1     Running             0          18d
cadriskcalculatorservice-56d6946d7d-t7fj5      1/1     Running             0          18d
chest-pain-fe-5f5fd449df-b4vn7                 0/1     ContainerCreating   0          2s
configurationservice-5459457fc6-qdmv8          1/1     Running             0          18d
csvreaderservice-5f694dc8db-kfhbs              1/1     Running             0          18d
dicommetadata-74fb96f86f-tf6nv                 1/1     Running             0          18d
doc-import-54bf99db6-gtbgs                     1/1     Running             0          18d
error-reporting-device-75c754b79f-k8px2        1/1     Running             0          18d
export-orchestrator-597cbcccf7-vsldx           1/1     Running             0          18d
fhir-78f89876d4-kxmmn                          1/1     Running             0          18d
fhir-document-parser-device-67755f977f-qkcvq   1/1     Running             0          18d
fhir-export-device-67b6fd978c-gpgqs            1/1     Running             0          18d
fhir-import-7767fc8db8-x8xf9                   1/1     Running             0          18d
filesystem-export-device-5bd7c9ccd-nllwd       1/1     Running             0          18d
imageaccessservice-775ddb6cfd-fkgt7            1/1     Running             0          18d
import-orchestrator-6b95cf8fdf-j74jr           1/1     Running             0          18d
launchpage-5cf87bbf4c-4tqg9                    1/1     Running             0          5m26s
launchpageservice-6bd995c85c-9nz29             1/1     Running             0          16d
licenseservice-bdd94577b-dmzfh                 1/1     Running             0          18d
logger-5695b4657c-klh5x                        1/1     Running             0          18d
loginpage-5d8c7bcffb-9666d                     1/1     Running             0          18d
nlpaccessservice-5758cc4845-gr4jp              1/1     Running             0          18d
nlpfhirrenderer-77f4d48f96-xfpcv               1/1     Running             0          18d
pacs-connector-7dc5c6799c-26zsw                1/1     Running             0          18d
patientdeleteservice-559d74b5bf-tpj4d          1/1     Running             0          18d
postgres-c5cbf997f-5c2th                       1/1     Running             0          18d
rabbitmq-859b96c59d-pqfbg                      1/1     Running             0          18d
report-type-converter-7f6f784d75-ln8nn         1/1     Running             0          18d
reportconverter-5d8cf5647b-vc4jm               1/1     Running             0          18d
reportcreationservice-684fdd7b7d-726zw         1/1     Running             0          33h
reverse-proxy-69f5b4d855-88ncp                 1/1     Running             0          18d
ruleengineservice-5bbb6ddfd4-kkc65             1/1     Running             0          18d
settingsui-6849c4c946-nq9wk                    1/1     Running             0          18d
snomedqueryservice-5cf86455d9-xjhcd            1/1     Running             0          18d
tika-5776fb956-r4rmb                           1/1     Running             0          18d
unitconversionservice-68bb5f5c96-kkdd4         1/1     Running             0          18d


9 Jan 2023 09:24:49 -----------------------------------------------------------------------------------------------------------------------------------------------------------

Deployment Successful!
