
7 Jan 2023 23:35:40 -----------------------------------------------------------------------------------------------------------------------------------------------------------

Opening Chrome..

7 Jan 2023 23:35:41 -----------------------------------------------------------------------------------------------------------------------------------------------------------

Navigating to https://inblrghman079ln.rd001.onehc.net/

7 Jan 2023 23:35:46 -----------------------------------------------------------------------------------------------------------------------------------------------------------

Username clinical.admin Entered

7 Jan 2023 23:35:46 -----------------------------------------------------------------------------------------------------------------------------------------------------------

Password ******* Entered

7 Jan 2023 23:35:46 -----------------------------------------------------------------------------------------------------------------------------------------------------------

Login Success to https://inblrghman079ln.rd001.onehc.net/ as clinical.admin

7 Jan 2023 23:54:46 -----------------------------------------------------------------------------------------------------------------------------------------------------------

Opening Chrome..

7 Jan 2023 23:54:48 -----------------------------------------------------------------------------------------------------------------------------------------------------------

Navigating to https://inblrghma3879ln/

7 Jan 2023 23:54:53 -----------------------------------------------------------------------------------------------------------------------------------------------------------

Username clinical.admin Entered

7 Jan 2023 23:54:53 -----------------------------------------------------------------------------------------------------------------------------------------------------------

Password ******* Entered

7 Jan 2023 23:54:53 -----------------------------------------------------------------------------------------------------------------------------------------------------------

Login Success to https://inblrghma3879ln/ as clinical.admin
