
03/12/2022 19:38:37 -----------------------------------------------------------------------------------------------------------------------------------------------------------

Build started

03/12/2022 19:38:37 -----------------------------------------------------------------------------------------------------------------------------------------------------------

Command run /c cd /d "D:\Old\New\Repos\CDSS Collaboration\Apps.FE.LaunchPage"& ng build --prod  >> "D:\Projects\Deployment.Assistant\Deployment.Assistant\bin\Debug\Build-Deploy.log" 2>&1
Your global Angular CLI version (14.2.7) is greater than your local version (10.1.3). The local Angular CLI version is used.

To disable this warning use "ng config -g cli.warnings.versionMismatch false".

chunk {} runtime.acf0dec4155e77772545.js (runtime) 1.45 kB [entry] [rendered]
chunk {1} main.da87c0e86e9ae9be18b0.js (main) 822 kB [initial] [rendered]
chunk {2} polyfills.9e3547e0b5c91fd3670a.js (polyfills) 179 kB [initial] [rendered]
chunk {3} polyfills-es5.b59f21ac53e4482564d7.js (polyfills-es5) 262 kB [initial] [rendered]
chunk {4} styles.c53f982f07a44d56f956.css (styles) 153 kB [initial] [rendered]
chunk {scripts} scripts.62c4fd509cd4aa85352d.js (scripts) 2.41 MB [entry] [rendered]
Date: 2022-12-03T14:09:07.345Z - Hash: b50aa2beac663bc9c094 - Time: 23373ms

WARNING in D:\Old\New\Repos\CDSS Collaboration\Apps.FE.LaunchPage\source\app\app.module.ts depends on '@ids/common.ui.base-services.auth-handler'. CommonJS or AMD dependencies can cause optimization bailouts.
For more info see: https://angular.io/guide/build#configuring-commonjs-dependencies

WARNING in D:\Old\New\Repos\CDSS Collaboration\Apps.FE.LaunchPage\node_modules\ngx-virtual-scroller\__ivy_ngcc__\fesm2015\ngx-virtual-scroller.js depends on '@tweenjs/tween.js'. CommonJS or AMD dependencies can cause optimization bailouts.
For more info see: https://angular.io/guide/build#configuring-commonjs-dependencies

03/12/2022 19:39:07 -----------------------------------------------------------------------------------------------------------------------------------------------------------

Build Success!

03/12/2022 19:39:07 -----------------------------------------------------------------------------------------------------------------------------------------------------------

Copying D:\Old\New\Repos\CDSS Collaboration\Apps.FE.LaunchPage\nginx.conf to D:\Old\New\Repos\CDSS Collaboration\Apps.FE.LaunchPage\dist\nginx.conf

03/12/2022 19:39:07 -----------------------------------------------------------------------------------------------------------------------------------------------------------

Successfully copied D:\Old\New\Repos\CDSS Collaboration\Apps.FE.LaunchPage\nginx.conf to D:\Old\New\Repos\CDSS Collaboration\Apps.FE.LaunchPage\dist\nginx.conf

03/12/2022 19:39:07 -----------------------------------------------------------------------------------------------------------------------------------------------------------

Copying D:\Old\New\Repos\CDSS Collaboration\Apps.FE.LaunchPage\Dockerfile to D:\Old\New\Repos\CDSS Collaboration\Apps.FE.LaunchPage\dist\Dockerfile

03/12/2022 19:39:07 -----------------------------------------------------------------------------------------------------------------------------------------------------------

Successfully copied D:\Old\New\Repos\CDSS Collaboration\Apps.FE.LaunchPage\Dockerfile to D:\Old\New\Repos\CDSS Collaboration\Apps.FE.LaunchPage\dist\Dockerfile

03/12/2022 19:39:07 -----------------------------------------------------------------------------------------------------------------------------------------------------------

Building Docker Image

03/12/2022 19:39:07 -----------------------------------------------------------------------------------------------------------------------------------------------------------

Command Run /c cd /d D:\Old\New\Repos\CDSS Collaboration\Apps.FE.LaunchPage\dist & docker build . -t launchpage-z004n44u:latest >> "D:\Projects\Deployment.Assistant\Deployment.Assistant\bin\Debug\Build-Deploy.log" 2>&1
#1 [internal] load build definition from Dockerfile
#1 sha256:76bf4267bdd4936c4cfae30e86987932280435910ce0be2d39b25be2b1a84bf9
#1 transferring dockerfile: 32B done
#1 DONE 0.0s

#2 [internal] load .dockerignore
#2 sha256:ee1e66ce2f881d92ed9001d96e551e4c79cbaf95a3d75997ac661460c6a822cb
#2 transferring context: 2B done
#2 DONE 0.0s

#3 [internal] load metadata for docker.io/library/nginx:latest
#3 sha256:06c466a4eb6821b81bd3e48610e5f38dab858b1e9acb01d6e2f6b11c8fabe6bc
#3 DONE 2.3s

#4 [ 1/14] FROM docker.io/library/nginx:latest@sha256:e209ac2f37c70c1e0e9873a5f7231e91dcd83fdf1178d8ed36c2ec09974210ba
#4 sha256:8aa683cd09411c5606989c886f5f16d8c405a7f93f5b0b5f5f7d53e9509ec639
#4 DONE 0.0s

#6 [internal] load build context
#6 sha256:bc4f17ef6eb6a052deb06b45d8dfbd1c1634f725477d06b66a8e445ac6a90980
#6 transferring context: 5.11MB 0.8s done
#6 DONE 0.8s

#7 [ 3/14] COPY launch-page/ .
#7 sha256:34f8ae83d0a83033ac8a535d36bd55675c84bde8d156395d9a7ee14314f18b70
#7 CACHED

#13 [ 9/14] RUN chown -R AIPCNonRootUser:AIPCNonRootUser /var/run/nginx.pid
#13 sha256:9ae7d3095e303ff12d95a9d307d82a19f7150e9a9f6cd4037321d12039c82ad2
#13 CACHED

#15 [11/14] RUN mkdir -p /usr/share/nginx/html/
#15 sha256:4e65be4cfbb9065f314116466bf97db19ca25d50bb34562613b2399dbed9c250
#15 CACHED

#16 [12/14] RUN chown AIPCNonRootUser /usr/share/nginx/html/
#16 sha256:178f045cf40264d916ca6681ffcce2975f2c59aca19ee6130f2ebc576c49395c
#16 CACHED

#14 [10/14] RUN chmod 770 /var/run/nginx.pid
#14 sha256:ce7d19cb0eb2de2b6c65c8e640ea465a690d44e9a2f3a2ef2db467aea40e77fe
#14 CACHED

#10 [ 6/14] RUN chown -R AIPCNonRootUser:AIPCNonRootUser /var/cache/nginx
#10 sha256:ebb05bd1fa8b9311d4e31a0b4ca6388c07de37780295aec4997e084e215dd1ba
#10 CACHED

#12 [ 8/14] RUN touch /var/run/nginx.pid
#12 sha256:e241672451b352d5e066d983d5975fcaacccee23c4b58139ac5620eea3c07d20
#12 CACHED

#8 [ 4/14] COPY nginx.conf /etc/nginx/nginx.conf
#8 sha256:f1034a42a2d1068814e24263bf5fe1c8d8a45300386c25ee7df2abc84db557ba
#8 CACHED

#9 [ 5/14] RUN groupadd --gid 1000 AIPCNonRootUser && useradd --uid 1000 --gid 1000 --home-dir /usr/share/AIPCNonRootUser --no-create-home AIPCNonRootUser
#9 sha256:e60f66b36e266e2a07e5308dda3b71d46b08bce68930e39f012ffda48a73f701
#9 CACHED

#17 [13/14] RUN chown -R AIPCNonRootUser:AIPCNonRootUser /etc/nginx
#17 sha256:bd9ac41289ceb0d6f3cb050b835b9600bdf5ba0ccc606023b59239e41f478fd5
#17 CACHED

#11 [ 7/14] RUN chmod 770 /var/cache/nginx
#11 sha256:0ac2d6ee2af1cc0f443007b3d4d2e7c43c6a98c939d1d01a5cf9ce77eb51b1dd
#11 CACHED

#5 [ 2/14] WORKDIR /usr/share/nginx/html
#5 sha256:4f2e06bfe84c8717158c05e788b105873dbb0a64d84ddfa779493d097b9b1060
#5 CACHED

#18 [14/14] RUN chmod 770 /etc/nginx
#18 sha256:8a5cd6a5d54c0c1448b432c32c721dd73d56c17b88597cbf6b3249201a1c376d
#18 CACHED

#19 exporting to image
#19 sha256:e8c613e07b0b7ff33893b694f7759a10d42e180f2b4dc349fb57dc6b71dcab00
#19 exporting layers done
#19 writing image sha256:4ecdbd81d56674ef971b1579bc65dab93fc557c61e85092efabbe0aa1ea058eb done
#19 naming to docker.io/library/launchpage-z004n44u:latest done
#19 DONE 0.1s

Use 'docker scan' to run Snyk tests against images to find vulnerabilities and learn how to fix them

03/12/2022 19:39:12 -----------------------------------------------------------------------------------------------------------------------------------------------------------

Docker Build Successful for launchpage-z004n44u:latest

03/12/2022 19:39:12 -----------------------------------------------------------------------------------------------------------------------------------------------------------

Tagging Docker Image

03/12/2022 19:39:12 -----------------------------------------------------------------------------------------------------------------------------------------------------------

Command Run /c cd /d D:\Old\New\Repos\CDSS Collaboration\Apps.FE.LaunchPage\dist & docker tag launchpage-z004n44u:latest gokarna.azurecr.io/launchpage-z004n44u:latest >> "D:\Projects\Deployment.Assistant\Deployment.Assistant\bin\Debug\Build-Deploy.log" 2>&1

03/12/2022 19:39:12 -----------------------------------------------------------------------------------------------------------------------------------------------------------

Docker Tag Successful to gokarna.azurecr.io/launchpage-z004n44u:latest

03/12/2022 19:39:12 -----------------------------------------------------------------------------------------------------------------------------------------------------------

Pushing Docker Image

03/12/2022 19:39:12 -----------------------------------------------------------------------------------------------------------------------------------------------------------

Command Run /c cd /d D:\Old\New\Repos\CDSS Collaboration\Apps.FE.LaunchPage\dist & docker push gokarna.azurecr.io/launchpage-z004n44u:latest >> "D:\Projects\Deployment.Assistant\Deployment.Assistant\bin\Debug\Build-Deploy.log" 2>&1
The push refers to repository [gokarna.azurecr.io/launchpage-z004n44u]
e998c78094cc: Preparing
d9b830da5392: Preparing
d9c6bb8cd686: Preparing
ad6cd5fbbb89: Preparing
de45c9720662: Preparing
a62996e38601: Preparing
ebbd2a3a2b7b: Preparing
5c93bd5d0344: Preparing
0ef423a2df57: Preparing
3891ca1fdbd7: Preparing
a420a65f5ff1: Preparing
95d01dff6ea3: Preparing
5f70bf18a086: Preparing
6cffb086835a: Preparing
e2d75d87993c: Preparing
5a5bafd53f76: Preparing
f86e88a471f4: Preparing
f7ed3797e296: Preparing
ec4a38999118: Preparing
3891ca1fdbd7: Waiting
a420a65f5ff1: Waiting
95d01dff6ea3: Waiting
5f70bf18a086: Waiting
a62996e38601: Waiting
6cffb086835a: Waiting
e2d75d87993c: Waiting
ebbd2a3a2b7b: Waiting
5a5bafd53f76: Waiting
5c93bd5d0344: Waiting
f86e88a471f4: Waiting
0ef423a2df57: Waiting
de45c9720662: Layer already exists
ad6cd5fbbb89: Layer already exists
d9b830da5392: Layer already exists
d9c6bb8cd686: Layer already exists
e998c78094cc: Layer already exists
3891ca1fdbd7: Layer already exists
ebbd2a3a2b7b: Layer already exists
95d01dff6ea3: Layer already exists
a420a65f5ff1: Layer already exists
5c93bd5d0344: Layer already exists
6cffb086835a: Layer already exists
5f70bf18a086: Layer already exists
a62996e38601: Layer already exists
e2d75d87993c: Layer already exists
5a5bafd53f76: Layer already exists
0ef423a2df57: Layer already exists
f7ed3797e296: Layer already exists
ec4a38999118: Layer already exists
f86e88a471f4: Layer already exists
latest: digest: sha256:b728c55b04db02a5696312816d5079b440c262a34bb2132a0023ff0d95bdc48b size: 4266

03/12/2022 19:39:17 -----------------------------------------------------------------------------------------------------------------------------------------------------------

Docker Push Successful to gokarna.azurecr.io/launchpage-z004n44u:latest

03/12/2022 19:39:17 -----------------------------------------------------------------------------------------------------------------------------------------------------------

Connecting to inblrghma3879ln

03/12/2022 19:39:18 -----------------------------------------------------------------------------------------------------------------------------------------------------------

Successfully connected to inblrghma3879ln

03/12/2022 19:39:18 -----------------------------------------------------------------------------------------------------------------------------------------------------------

Command Run : kubectl get pods -n ai-pc-product

03/12/2022 19:39:19 -----------------------------------------------------------------------------------------------------------------------------------------------------------

NAME                                           READY   STATUS    RESTARTS   AGE
amp-manager-5b987cb97-lr7kg                    1/1     Running   0          47d
auditlogservice-5f4d6fbb9d-dx5f7               1/1     Running   0          48d
authservice-88f9fd758-jjhfd                    1/1     Running   0          47d
cad-fe-d4476f687-l2r9z                         1/1     Running   0          47d
cadbackendservice-7f7c5fd457-cxrgr             1/1     Running   0          8m48s
cadconcordanceservice-557d99d97f-f2z4k         1/1     Running   0          47d
cadriskcalculatorservice-56d6946d7d-2qrkh      1/1     Running   0          47d
chest-pain-fe-5f5fd449df-ljln7                 1/1     Running   0          44m
configurationservice-5459457fc6-lnq2h          1/1     Running   0          48d
csvreaderservice-5f694dc8db-t9f9g              1/1     Running   0          47d
dicommetadata-74fb96f86f-9pqgm                 1/1     Running   0          47d
doc-import-54bf99db6-xrrg9                     1/1     Running   0          47d
error-reporting-device-75c754b79f-qggfq        1/1     Running   0          47d
export-orchestrator-597cbcccf7-s4snn           1/1     Running   0          47d
fhir-78f89876d4-g9glk                          1/1     Running   0          47d
fhir-document-parser-device-67755f977f-bhtm5   1/1     Running   0          47d
fhir-export-device-67b6fd978c-n9snp            1/1     Running   0          47d
fhir-import-7767fc8db8-4tr9x                   1/1     Running   0          47d
filesystem-export-device-5bd7c9ccd-g5w7g       1/1     Running   0          47d
imageaccessservice-775ddb6cfd-dht2s            1/1     Running   0          47d
import-orchestrator-6b95cf8fdf-w5qhv           1/1     Running   0          47d
launchpage-5cf87bbf4c-62jph                    1/1     Running   0          94s
launchpageservice-6fd95678cf-7wznz             1/1     Running   0          3m11s
licenseservice-bdd94577b-hcdmh                 1/1     Running   0          47d
logger-5695b4657c-f56kx                        1/1     Running   0          48d
loginpage-5d8c7bcffb-ldxtq                     1/1     Running   0          47d
nlpaccessservice-5758cc4845-7ssjp              1/1     Running   0          47d
nlpfhirrenderer-77f4d48f96-x95nq               1/1     Running   0          47d
pacs-connector-7dc5c6799c-fq2rm                1/1     Running   0          47d
patientdeleteservice-559d74b5bf-sdgsj          1/1     Running   0          15d
postgres-c5cbf997f-9wztv                       1/1     Running   0          47d
rabbitmq-859b96c59d-85grj                      1/1     Running   0          47d
report-type-converter-7f6f784d75-r2l82         1/1     Running   0          47d
reportconverter-5d8cf5647b-d4c9f               1/1     Running   0          47d
reportcreationservice-5c48c6b4df-cb5fv         1/1     Running   0          47d
reverse-proxy-69f5b4d855-jdhg2                 1/1     Running   0          47d
ruleengineservice-5bbb6ddfd4-zv99r             1/1     Running   0          47d
settingsui-6849c4c946-sfj4r                    1/1     Running   0          48d
snomedqueryservice-5cf86455d9-jm8jr            1/1     Running   0          47d
tika-5776fb956-tfkjt                           1/1     Running   0          47d
unitconversionservice-68bb5f5c96-9wnlv         1/1     Running   0          47d


03/12/2022 19:39:19 -----------------------------------------------------------------------------------------------------------------------------------------------------------

Command Run : kubectl set image deployment/launchpage launchpage=gokarna.azurecr.io/launchpage-z004n44u:latest -n ai-pc-product

03/12/2022 19:39:19 -----------------------------------------------------------------------------------------------------------------------------------------------------------

Command Run : kubectl delete pod launchpage-5cf87bbf4c-62jph -n ai-pc-product
