
03/12/2022 19:32:22 -----------------------------------------------------------------------------------------------------------------------------------------------------------

Build started for project IDS.Services.BE.LaunchPage

03/12/2022 19:32:22 -----------------------------------------------------------------------------------------------------------------------------------------------------------

Command run /c dotnet publish "D:\Old\New\Repos\CDSS Collaboration\Services.BE.LaunchPage\Source\IDS.Services.BE.LaunchPage\IDS.Services.BE.LaunchPage.csproj" -o "D:\Projects\Deployment.Assistant\Deployment.Assistant\bin\Debug\ASP-Output"  >> "D:\Projects\Deployment.Assistant\Deployment.Assistant\bin\Debug\Build-Deploy.log" 2>&1
Microsoft (R) Build Engine version 16.11.3+5d7fe36cf for .NET
Copyright (C) Microsoft Corporation. All rights reserved.

  Determining projects to restore...
  All projects are up-to-date for restore.
  IDS.Services.BE.LaunchPage.CodeSystem -> D:\Old\New\Repos\CDSS Collaboration\Services.BE.LaunchPage\Source\bin\Debug\IDS.Services.BE.LaunchPage.CodeSystem.dll
  IDS.Services.BE.LaunchPage.Common -> D:\Old\New\Repos\CDSS Collaboration\Services.BE.LaunchPage\Source\bin\Debug\IDS.Services.BE.LaunchPage.Common.dll
  IDS.Services.BE.LaunchPage.DataAccess -> D:\Old\New\Repos\CDSS Collaboration\Services.BE.LaunchPage\Source\bin\Debug\IDS.Services.BE.LaunchPage.DataAccess.dll
  IDS.Services.BE.LaunchPage.Fhir -> D:\Old\New\Repos\CDSS Collaboration\Services.BE.LaunchPage\Source\bin\Debug\IDS.Services.BE.LaunchPage.Fhir.dll
D:\Old\New\Repos\CDSS Collaboration\Services.BE.LaunchPage\Source\IDS.Services.BE.LaunchPage.Fhir.Core\DependencyProvider.cs(31,17): warning CS0618: 'FhirClient.PreferredFormat' is obsolete: 'Use the FhirClient.Settings property or the settings argument in the constructor instead' [D:\Old\New\Repos\CDSS Collaboration\Services.BE.LaunchPage\Source\IDS.Services.BE.LaunchPage.Fhir.Core\IDS.Services.BE.LaunchPage.Fhir.Core.csproj]
  IDS.Services.BE.LaunchPage.Fhir.Core -> D:\Old\New\Repos\CDSS Collaboration\Services.BE.LaunchPage\Source\bin\Debug\IDS.Services.BE.LaunchPage.Fhir.Core.dll
  IDS.Services.BE.LaunchPage.DataAccess.Core -> D:\Old\New\Repos\CDSS Collaboration\Services.BE.LaunchPage\Source\bin\Debug\IDS.Services.BE.LaunchPage.DataAccess.Core.dll
D:\Old\New\Repos\CDSS Collaboration\Services.BE.LaunchPage\Source\IDS.Services.BE.LaunchPage\Controllers\PatientController.cs(75,27): warning CS1998: This async method lacks 'await' operators and will run synchronously. Consider using the 'await' operator to await non-blocking API calls, or 'await Task.Run(...)' to do CPU-bound work on a background thread. [D:\Old\New\Repos\CDSS Collaboration\Services.BE.LaunchPage\Source\IDS.Services.BE.LaunchPage\IDS.Services.BE.LaunchPage.csproj]
D:\Old\New\Repos\CDSS Collaboration\Services.BE.LaunchPage\Source\IDS.Services.BE.LaunchPage\Helpers\AuditHelper.cs(39,27): warning CS1998: This async method lacks 'await' operators and will run synchronously. Consider using the 'await' operator to await non-blocking API calls, or 'await Task.Run(...)' to do CPU-bound work on a background thread. [D:\Old\New\Repos\CDSS Collaboration\Services.BE.LaunchPage\Source\IDS.Services.BE.LaunchPage\IDS.Services.BE.LaunchPage.csproj]
D:\Old\New\Repos\CDSS Collaboration\Services.BE.LaunchPage\Source\IDS.Services.BE.LaunchPage\Controllers\PatientHistoryController.cs(429,17): warning CS0219: The variable 'i' is assigned but its value is never used [D:\Old\New\Repos\CDSS Collaboration\Services.BE.LaunchPage\Source\IDS.Services.BE.LaunchPage\IDS.Services.BE.LaunchPage.csproj]
D:\Old\New\Repos\CDSS Collaboration\Services.BE.LaunchPage\Source\IDS.Services.BE.LaunchPage\Controllers\PatientController.cs(28,29): warning CS0169: The field 'PatientController.httpContext' is never used [D:\Old\New\Repos\CDSS Collaboration\Services.BE.LaunchPage\Source\IDS.Services.BE.LaunchPage\IDS.Services.BE.LaunchPage.csproj]
D:\Old\New\Repos\CDSS Collaboration\Services.BE.LaunchPage\Source\IDS.Services.BE.LaunchPage\Startup.cs(77,49): warning ASP0000: Calling 'BuildServiceProvider' from application code results in an additional copy of singleton services being created. Consider alternatives such as dependency injecting services as parameters to 'Configure'. [D:\Old\New\Repos\CDSS Collaboration\Services.BE.LaunchPage\Source\IDS.Services.BE.LaunchPage\IDS.Services.BE.LaunchPage.csproj]
  IDS.Services.BE.LaunchPage -> D:\Old\New\Repos\CDSS Collaboration\Services.BE.LaunchPage\Source\bin\Debug\IDS.Services.BE.LaunchPage.dll
  IDS.Services.BE.LaunchPage -> D:\Projects\Deployment.Assistant\Deployment.Assistant\bin\Debug\ASP-Output\

03/12/2022 19:32:30 -----------------------------------------------------------------------------------------------------------------------------------------------------------

Build Success!

03/12/2022 19:32:30 -----------------------------------------------------------------------------------------------------------------------------------------------------------

Replacing COPY ./launchpageservice . with COPY . .

03/12/2022 19:32:30 -----------------------------------------------------------------------------------------------------------------------------------------------------------

Copying D:\Old\New\Repos\CDSS Collaboration\Services.BE.LaunchPage\Source\Dockerfile to D:\Projects\Deployment.Assistant\Deployment.Assistant\bin\Debug\ASP-Output\Dockerfile

03/12/2022 19:32:30 -----------------------------------------------------------------------------------------------------------------------------------------------------------

Building Docker Image

03/12/2022 19:32:30 -----------------------------------------------------------------------------------------------------------------------------------------------------------

Command Run /c cd /d D:\Projects\Deployment.Assistant\Deployment.Assistant\bin\Debug\ASP-Output & docker build . -t launchpageservice-z004n44u:latest >> "D:\Projects\Deployment.Assistant\Deployment.Assistant\bin\Debug\Build-Deploy.log" 2>&1
#1 [internal] load build definition from Dockerfile
#1 sha256:e4aa0f93fb800b1a8b907be7c63d67efab5dbb5e174e3da42850be09142a244d
#1 transferring dockerfile: 535B done
#1 DONE 0.0s

#2 [internal] load .dockerignore
#2 sha256:d0bab33c3333ff79124d67a3831dacd524822735716c521fd262b58e81cb79d3
#2 transferring context: 2B done
#2 DONE 0.0s

#3 [internal] load metadata for mcr.microsoft.com/dotnet/core/aspnet:3.1
#3 sha256:6ed55082f004e08158b7de81c6d78949cd5140b3f2899e0f69981d4ae515675f
#3 DONE 0.5s

#4 [1/4] FROM mcr.microsoft.com/dotnet/core/aspnet:3.1@sha256:42d4d3b9f5a2d4f1bbde5c07558c5a94ecc07bd3732b5e9fb049fe480efe655d
#4 sha256:b412a80721fcd20a9004527367ed3b644f917b695d58d7802e2c67f317a1413b
#4 DONE 0.0s

#6 [internal] load build context
#6 sha256:2aced4638c301ea02b32f945e9d43d1941fd1fae2a5845ca5d6d934374c6b3ce
#6 transferring context: 20.86MB 2.5s done
#6 DONE 2.5s

#5 [2/4] WORKDIR /app
#5 sha256:3eff73019b28c4fabe166208ea67144a220f9f1167ba375dd5506a56785dad88
#5 CACHED

#7 [3/4] COPY . .
#7 sha256:63c7a2cb9ee03153b91a767e6cccb1d73836a9b8bb7e4aad1d3940e85d1144a6
#7 DONE 0.2s

#8 [4/4] RUN groupadd --gid 1000 LaunchBEServiceUser && useradd --uid 1000 --gid 1000 --home-dir /usr/share/LaunchBEServiceUser --no-create-home LaunchBEServiceUser
#8 sha256:927f18b811ad7c7d4889ebd977c78a960b8a25d30177a54653d482e10cda706c
#8 DONE 0.7s

#9 exporting to image
#9 sha256:e8c613e07b0b7ff33893b694f7759a10d42e180f2b4dc349fb57dc6b71dcab00
#9 exporting layers
#9 exporting layers 0.2s done
#9 writing image sha256:385db49e932f560dd738c8680315ab6d6d9e172479bef412aeea779989b6b0e8 done
#9 naming to docker.io/library/launchpageservice-z004n44u:latest done
#9 DONE 0.2s

Use 'docker scan' to run Snyk tests against images to find vulnerabilities and learn how to fix them

03/12/2022 19:32:36 -----------------------------------------------------------------------------------------------------------------------------------------------------------

Docker Build Successful for launchpageservice-z004n44u:latest

03/12/2022 19:32:36 -----------------------------------------------------------------------------------------------------------------------------------------------------------

Tagging Docker Image

03/12/2022 19:32:36 -----------------------------------------------------------------------------------------------------------------------------------------------------------

Command Run /c cd /d D:\Projects\Deployment.Assistant\Deployment.Assistant\bin\Debug\ASP-Output & docker tag launchpageservice-z004n44u:latest gokarna.azurecr.io/launchpageservice-z004n44u:latest >> "D:\Projects\Deployment.Assistant\Deployment.Assistant\bin\Debug\Build-Deploy.log" 2>&1

03/12/2022 19:32:36 -----------------------------------------------------------------------------------------------------------------------------------------------------------

Docker Tag Successful to gokarna.azurecr.io/launchpageservice-z004n44u:latest

03/12/2022 19:32:36 -----------------------------------------------------------------------------------------------------------------------------------------------------------

Pushing Docker Image

03/12/2022 19:32:36 -----------------------------------------------------------------------------------------------------------------------------------------------------------

Command Run /c cd /d D:\Projects\Deployment.Assistant\Deployment.Assistant\bin\Debug\ASP-Output & docker push gokarna.azurecr.io/launchpageservice-z004n44u:latest >> "D:\Projects\Deployment.Assistant\Deployment.Assistant\bin\Debug\Build-Deploy.log" 2>&1
The push refers to repository [gokarna.azurecr.io/launchpageservice-z004n44u]
0137c9f1c0a1: Preparing
e232ac88a2f8: Preparing
53efdbd8ea33: Preparing
9aaeba8ffab3: Preparing
b7ebcd96e6bc: Preparing
b16dc428152e: Preparing
ab38a8497ed4: Preparing
dbaf71c29b55: Preparing
b16dc428152e: Waiting
ab38a8497ed4: Waiting
dbaf71c29b55: Waiting
53efdbd8ea33: Mounted from cadbackendservice-z004n44u
9aaeba8ffab3: Mounted from cadbackendservice-z004n44u
b7ebcd96e6bc: Mounted from cadbackendservice-z004n44u
0137c9f1c0a1: Pushed
ab38a8497ed4: Mounted from cadbackendservice-z004n44u
b16dc428152e: Mounted from cadbackendservice-z004n44u
dbaf71c29b55: Mounted from cadbackendservice-z004n44u
e232ac88a2f8: Pushed
latest: digest: sha256:8abb6edee72694291091b6d5f3d924d273c4808d4961126977c4d683de6f2fe8 size: 2001

03/12/2022 19:32:44 -----------------------------------------------------------------------------------------------------------------------------------------------------------

Docker Push Successful to gokarna.azurecr.io/launchpageservice-z004n44u:latest

03/12/2022 19:32:44 -----------------------------------------------------------------------------------------------------------------------------------------------------------

Connecting to inblrghma3879ln

03/12/2022 19:32:45 -----------------------------------------------------------------------------------------------------------------------------------------------------------

Successfully connected to inblrghma3879ln

03/12/2022 19:32:45 -----------------------------------------------------------------------------------------------------------------------------------------------------------

Command Run : kubectl get pods -n ai-pc-product

03/12/2022 19:32:46 -----------------------------------------------------------------------------------------------------------------------------------------------------------

NAME                                           READY   STATUS    RESTARTS   AGE
amp-manager-5b987cb97-lr7kg                    1/1     Running   0          47d
auditlogservice-5f4d6fbb9d-dx5f7               1/1     Running   0          48d
authservice-88f9fd758-jjhfd                    1/1     Running   0          47d
cad-fe-d4476f687-l2r9z                         1/1     Running   0          47d
cadbackendservice-7f7c5fd457-cxrgr             1/1     Running   0          2m16s
cadconcordanceservice-557d99d97f-f2z4k         1/1     Running   0          47d
cadriskcalculatorservice-56d6946d7d-2qrkh      1/1     Running   0          47d
chest-pain-fe-5f5fd449df-ljln7                 1/1     Running   0          37m
configurationservice-5459457fc6-lnq2h          1/1     Running   0          48d
csvreaderservice-5f694dc8db-t9f9g              1/1     Running   0          47d
dicommetadata-74fb96f86f-9pqgm                 1/1     Running   0          47d
doc-import-54bf99db6-xrrg9                     1/1     Running   0          47d
error-reporting-device-75c754b79f-qggfq        1/1     Running   0          47d
export-orchestrator-597cbcccf7-s4snn           1/1     Running   0          47d
fhir-78f89876d4-g9glk                          1/1     Running   0          47d
fhir-document-parser-device-67755f977f-bhtm5   1/1     Running   0          47d
fhir-export-device-67b6fd978c-n9snp            1/1     Running   0          47d
fhir-import-7767fc8db8-4tr9x                   1/1     Running   0          47d
filesystem-export-device-5bd7c9ccd-g5w7g       1/1     Running   0          47d
imageaccessservice-775ddb6cfd-dht2s            1/1     Running   0          47d
import-orchestrator-6b95cf8fdf-w5qhv           1/1     Running   0          47d
launchpage-5cf87bbf4c-5rgng                    1/1     Running   0          42m
launchpageservice-684cd686c9-slvgw             1/1     Running   0          49m
licenseservice-bdd94577b-hcdmh                 1/1     Running   0          47d
logger-5695b4657c-f56kx                        1/1     Running   0          48d
loginpage-5d8c7bcffb-ldxtq                     1/1     Running   0          47d
nlpaccessservice-5758cc4845-7ssjp              1/1     Running   0          47d
nlpfhirrenderer-77f4d48f96-x95nq               1/1     Running   0          47d
pacs-connector-7dc5c6799c-fq2rm                1/1     Running   0          47d
patientdeleteservice-559d74b5bf-sdgsj          1/1     Running   0          15d
postgres-c5cbf997f-9wztv                       1/1     Running   0          47d
rabbitmq-859b96c59d-85grj                      1/1     Running   0          47d
report-type-converter-7f6f784d75-r2l82         1/1     Running   0          47d
reportconverter-5d8cf5647b-d4c9f               1/1     Running   0          47d
reportcreationservice-5c48c6b4df-cb5fv         1/1     Running   0          47d
reverse-proxy-69f5b4d855-jdhg2                 1/1     Running   0          47d
ruleengineservice-5bbb6ddfd4-zv99r             1/1     Running   0          47d
settingsui-6849c4c946-sfj4r                    1/1     Running   0          48d
snomedqueryservice-5cf86455d9-jm8jr            1/1     Running   0          47d
tika-5776fb956-tfkjt                           1/1     Running   0          47d
unitconversionservice-68bb5f5c96-9wnlv         1/1     Running   0          47d


03/12/2022 19:32:46 -----------------------------------------------------------------------------------------------------------------------------------------------------------

Command Run : kubectl set image deployment/launchpageservice launchpageservice=gokarna.azurecr.io/launchpageservice-z004n44u:latest -n ai-pc-product

03/12/2022 19:32:47 -----------------------------------------------------------------------------------------------------------------------------------------------------------

deployment.apps/launchpageservice image updated


03/12/2022 19:32:47 -----------------------------------------------------------------------------------------------------------------------------------------------------------

Command Run : kubectl delete pod launchpageservice-684cd686c9-slvgw -n ai-pc-product

03/12/2022 19:32:58 -----------------------------------------------------------------------------------------------------------------------------------------------------------

pod "launchpageservice-684cd686c9-slvgw" deleted


03/12/2022 19:32:58 -----------------------------------------------------------------------------------------------------------------------------------------------------------

Deployment Successful!
